Loading agnews dataset...
Loading text content...
../data/agnews/
agnews
text
label matrix shape: torch.Size([3200, 4])
done.
Loading topic content...
../data/agnews/
agnews
topic
done.
Loading entity content...
../data/agnews/
agnews
entity
done.
Building graph...
Num of edges: 326219
train, vali, test:  160 1000 2000
Transfer to be transductive.


No. 1 test.

30
30
[torch.Size([512, 6]), torch.Size([6]), torch.Size([512]), torch.Size([5126, 512]), torch.Size([4962, 512]), torch.Size([4378, 512]), torch.Size([512, 1]), torch.Size([512, 1]), torch.Size([512, 1]), torch.Size([512, 1]), torch.Size([512, 1]), torch.Size([512, 1]), torch.Size([100, 1]), torch.Size([50, 512]), torch.Size([50]), torch.Size([100, 1]), torch.Size([50, 512]), torch.Size([50]), torch.Size([100, 1]), torch.Size([50, 512]), torch.Size([50]), torch.Size([100, 1]), torch.Size([50, 6]), torch.Size([50]), torch.Size([100, 1]), torch.Size([50, 6]), torch.Size([50]), torch.Size([100, 1]), torch.Size([50, 6]), torch.Size([50])]
Epoch: 0001 | loss: 1.9320 Ac:  22.50 P:  12.1 R:  22.5 F1:  13.4 | loss: 1.6331 Ac:  25.00 P:   6.2 R:  25.0 F1:  10.0 | time: 1.2162s
                                                                  | loss: 1.6341 Ac:  25.00 P:   6.2 R:  25.0 F1:  10.0 | time: 0.0357s
Epoch: 0002 | loss: 1.7910 Ac:  25.00 P:  24.8 R:  25.0 F1:  19.3 | loss: 1.5515 Ac:  25.20 P:  18.8 R:  25.2 F1:  10.8 | time: 0.0801s
                                                                  | loss: 1.5530 Ac:  25.20 P:  16.7 R:  25.2 F1:  10.5 | time: 0.0255s
Epoch: 0003 | loss: 1.6681 Ac:  33.12 P:  36.6 R:  33.1 F1:  29.5 | loss: 1.5022 Ac:  32.00 P:  40.6 R:  32.0 F1:  21.8 | time: 0.0844s
                                                                  | loss: 1.5039 Ac:  31.00 P:  27.9 R:  31.0 F1:  20.7 | time: 0.0279s
Epoch: 0004 | loss: 1.5865 Ac:  23.12 P:  23.6 R:  23.1 F1:  22.2 | loss: 1.4667 Ac:  26.70 P:  35.5 R:  26.7 F1:  14.1 | time: 0.0744s
                                                                  | loss: 1.4686 Ac:  26.60 P:  34.5 R:  26.6 F1:  13.8 | time: 0.0300s
Epoch: 0005 | loss: 1.6007 Ac:  25.62 P:  23.9 R:  25.6 F1:  22.7 | loss: 1.4399 Ac:  28.30 P:  30.1 R:  28.3 F1:  16.2 | time: 0.0735s
                                                                  | loss: 1.4418 Ac:  28.55 P:  29.6 R:  28.5 F1:  16.7 | time: 0.0241s
Epoch: 0006 | loss: 1.5258 Ac:  30.63 P:  30.9 R:  30.6 F1:  30.0 | loss: 1.4184 Ac:  29.50 P:  28.7 R:  29.5 F1:  18.2 | time: 0.0710s
                                                                  | loss: 1.4205 Ac:  30.30 P:  29.4 R:  30.3 F1:  19.5 | time: 0.0240s
Epoch: 0007 | loss: 1.5113 Ac:  41.25 P:  42.0 R:  41.2 F1:  39.9 | loss: 1.3985 Ac:  30.40 P:  28.9 R:  30.4 F1:  19.6 | time: 0.0679s
                                                                  | loss: 1.4007 Ac:  31.10 P:  29.4 R:  31.1 F1:  20.6 | time: 0.0241s
Epoch: 0008 | loss: 1.4443 Ac:  29.38 P:  32.1 R:  29.4 F1:  29.6 | loss: 1.3802 Ac:  30.40 P:  28.6 R:  30.4 F1:  19.7 | time: 0.0718s
                                                                  | loss: 1.3828 Ac:  31.30 P:  29.3 R:  31.3 F1:  20.9 | time: 0.0241s
Epoch: 0009 | loss: 1.4279 Ac:  38.12 P:  39.0 R:  38.1 F1:  38.4 | loss: 1.3553 Ac:  31.90 P:  49.5 R:  31.9 F1:  23.2 | time: 0.0678s
                                                                  | loss: 1.3602 Ac:  32.15 P:  50.5 R:  32.1 F1:  23.1 | time: 0.0243s
Epoch: 0010 | loss: 1.3948 Ac:  41.25 P:  40.8 R:  41.2 F1:  40.4 | loss: 1.3333 Ac:  45.40 P:  64.4 R:  45.4 F1:  46.0 | time: 0.0740s
                                                                  | loss: 1.3402 Ac:  43.10 P:  62.1 R:  43.1 F1:  44.0 | time: 0.0242s
Epoch: 0011 | loss: 1.3509 Ac:  36.88 P:  41.1 R:  36.9 F1:  37.2 | loss: 1.3150 Ac:  48.70 P:  60.2 R:  48.7 F1:  49.6 | time: 0.0747s
                                                                  | loss: 1.3230 Ac:  47.85 P:  58.8 R:  47.9 F1:  48.6 | time: 0.0249s
Epoch: 0012 | loss: 1.3778 Ac:  36.88 P:  39.1 R:  36.9 F1:  36.1 | loss: 1.2990 Ac:  52.00 P:  58.8 R:  52.0 F1:  52.5 | time: 0.0790s
                                                                  | loss: 1.3064 Ac:  52.60 P:  58.8 R:  52.6 F1:  52.6 | time: 0.0256s
Epoch: 0013 | loss: 1.4004 Ac:  30.63 P:  31.6 R:  30.6 F1:  29.7 | loss: 1.2739 Ac:  57.70 P:  62.4 R:  57.7 F1:  57.7 | time: 0.0747s
                                                                  | loss: 1.2803 Ac:  56.30 P:  61.9 R:  56.3 F1:  56.2 | time: 0.0245s
Epoch: 0014 | loss: 1.3745 Ac:  36.88 P:  34.9 R:  36.9 F1:  33.8 | loss: 1.2549 Ac:  58.20 P:  62.4 R:  58.2 F1:  58.4 | time: 0.0770s
                                                                  | loss: 1.2611 Ac:  57.20 P:  62.2 R:  57.2 F1:  57.2 | time: 0.0246s
Epoch: 0015 | loss: 1.2543 Ac:  47.50 P:  54.0 R:  47.5 F1:  47.4 | loss: 1.2368 Ac:  60.50 P:  63.5 R:  60.5 F1:  60.7 | time: 0.0742s
                                                                  | loss: 1.2430 Ac:  59.10 P:  63.1 R:  59.1 F1:  59.1 | time: 0.0247s
Epoch: 0016 | loss: 1.3048 Ac:  44.38 P:  44.4 R:  44.4 F1:  43.9 | loss: 1.2188 Ac:  60.80 P:  63.5 R:  60.8 F1:  61.2 | time: 0.0790s
                                                                  | loss: 1.2249 Ac:  60.60 P:  64.0 R:  60.6 F1:  60.8 | time: 0.0247s
Epoch: 0017 | loss: 1.1863 Ac:  56.88 P:  56.7 R:  56.9 F1:  56.1 | loss: 1.2008 Ac:  61.40 P:  64.1 R:  61.4 F1:  62.0 | time: 0.0785s
                                                                  | loss: 1.2068 Ac:  60.70 P:  64.2 R:  60.7 F1:  61.3 | time: 0.0244s
Epoch: 0018 | loss: 1.2267 Ac:  49.38 P:  49.6 R:  49.4 F1:  48.9 | loss: 1.1820 Ac:  62.20 P:  65.2 R:  62.2 F1:  63.0 | time: 0.0755s
                                                                  | loss: 1.1878 Ac:  61.00 P:  64.6 R:  61.0 F1:  61.9 | time: 0.0244s
Epoch: 0019 | loss: 1.1515 Ac:  55.62 P:  58.2 R:  55.6 F1:  55.7 | loss: 1.1650 Ac:  61.60 P:  65.3 R:  61.6 F1:  62.7 | time: 0.0749s
                                                                  | loss: 1.1707 Ac:  61.50 P:  65.6 R:  61.5 F1:  62.6 | time: 0.0242s
Epoch: 0020 | loss: 1.1758 Ac:  56.25 P:  59.2 R:  56.2 F1:  55.9 | loss: 1.1466 Ac:  60.90 P:  66.0 R:  60.9 F1:  62.3 | time: 0.0723s
                                                                  | loss: 1.1519 Ac:  61.10 P:  66.7 R:  61.1 F1:  62.6 | time: 0.0250s
Epoch: 0021 | loss: 1.1332 Ac:  52.50 P:  51.9 R:  52.5 F1:  50.4 | loss: 1.1293 Ac:  58.50 P:  67.3 R:  58.5 F1:  60.4 | time: 0.0712s
                                                                  | loss: 1.1345 Ac:  59.50 P:  68.3 R:  59.5 F1:  61.4 | time: 0.0268s
Epoch: 0022 | loss: 1.1861 Ac:  49.38 P:  50.6 R:  49.4 F1:  49.6 | loss: 1.1156 Ac:  59.10 P:  68.9 R:  59.1 F1:  61.0 | time: 0.0737s
                                                                  | loss: 1.1218 Ac:  58.60 P:  68.6 R:  58.6 F1:  60.6 | time: 0.0245s
Epoch: 0023 | loss: 1.0847 Ac:  61.88 P:  63.0 R:  61.9 F1:  61.9 | loss: 1.1023 Ac:  58.90 P:  70.2 R:  58.9 F1:  60.6 | time: 0.0704s
                                                                  | loss: 1.1084 Ac:  57.50 P:  69.1 R:  57.5 F1:  59.4 | time: 0.0244s
Epoch: 0024 | loss: 1.0771 Ac:  59.38 P:  62.3 R:  59.4 F1:  59.0 | loss: 1.0918 Ac:  58.00 P:  70.9 R:  58.0 F1:  59.2 | time: 0.0676s
                                                                  | loss: 1.0969 Ac:  57.00 P:  70.8 R:  57.0 F1:  58.4 | time: 0.0241s
Epoch: 0025 | loss: 1.0013 Ac:  66.88 P:  68.4 R:  66.9 F1:  67.0 | loss: 1.0763 Ac:  60.60 P:  70.6 R:  60.6 F1:  61.3 | time: 0.0669s
                                                                  | loss: 1.0802 Ac:  59.30 P:  71.3 R:  59.3 F1:  60.3 | time: 0.0241s
Epoch: 0026 | loss: 0.9534 Ac:  66.25 P:  67.0 R:  66.2 F1:  66.4 | loss: 1.0602 Ac:  63.00 P:  70.4 R:  63.0 F1:  63.5 | time: 0.0695s
                                                                  | loss: 1.0635 Ac:  62.10 P:  71.0 R:  62.1 F1:  62.9 | time: 0.0242s
Epoch: 0027 | loss: 1.0502 Ac:  60.62 P:  65.6 R:  60.6 F1:  61.1 | loss: 1.0436 Ac:  65.10 P:  69.6 R:  65.1 F1:  65.5 | time: 0.0781s
                                                                  | loss: 1.0469 Ac:  66.05 P:  71.3 R:  66.0 F1:  66.7 | time: 0.0254s
Epoch: 0028 | loss: 0.9846 Ac:  64.38 P:  68.3 R:  64.4 F1:  64.0 | loss: 1.0279 Ac:  65.60 P:  68.3 R:  65.6 F1:  65.8 | time: 0.0826s
                                                                  | loss: 1.0311 Ac:  68.00 P:  70.7 R:  68.0 F1:  68.4 | time: 0.0336s
Epoch: 0029 | loss: 0.9616 Ac:  65.62 P:  66.2 R:  65.6 F1:  65.3 | loss: 1.0128 Ac:  67.20 P:  67.9 R:  67.2 F1:  66.9 | time: 0.0835s
                                                                  | loss: 1.0158 Ac:  69.40 P:  70.2 R:  69.4 F1:  69.3 | time: 0.0337s
Epoch: 0030 | loss: 1.0590 Ac:  55.62 P:  55.2 R:  55.6 F1:  54.5 | loss: 0.9983 Ac:  68.70 P:  68.3 R:  68.7 F1:  68.1 | time: 0.0774s
                                                                  | loss: 1.0014 Ac:  70.55 P:  70.2 R:  70.5 F1:  70.1 | time: 0.0293s
Epoch: 0031 | loss: 0.9409 Ac:  65.62 P:  65.4 R:  65.6 F1:  65.3 | loss: 0.9856 Ac:  69.70 P:  68.7 R:  69.7 F1:  68.7 | time: 0.0893s
                                                                  | loss: 0.9887 Ac:  70.75 P:  69.9 R:  70.8 F1:  70.0 | time: 0.0266s
Epoch: 0032 | loss: 0.8876 Ac:  68.75 P:  69.7 R:  68.8 F1:  68.9 | loss: 0.9742 Ac:  70.50 P:  69.3 R:  70.5 F1:  69.1 | time: 0.0846s
                                                                  | loss: 0.9773 Ac:  71.50 P:  70.5 R:  71.5 F1:  70.4 | time: 0.0344s
Epoch: 0033 | loss: 0.9158 Ac:  67.50 P:  66.8 R:  67.5 F1:  66.1 | loss: 0.9638 Ac:  71.40 P:  70.2 R:  71.4 F1:  69.5 | time: 0.0879s
                                                                  | loss: 0.9669 Ac:  72.05 P:  71.0 R:  72.0 F1:  70.7 | time: 0.0259s
Epoch: 0034 | loss: 0.8199 Ac:  71.25 P:  70.8 R:  71.2 F1:  71.0 | loss: 0.9540 Ac:  71.40 P:  70.4 R:  71.4 F1:  69.2 | time: 0.0755s
                                                                  | loss: 0.9570 Ac:  71.85 P:  70.8 R:  71.9 F1:  70.2 | time: 0.0242s
Epoch: 0035 | loss: 0.9248 Ac:  61.88 P:  63.7 R:  61.9 F1:  59.2 | loss: 0.9449 Ac:  71.20 P:  70.3 R:  71.2 F1:  68.9 | time: 0.0712s
                                                                  | loss: 0.9477 Ac:  72.15 P:  71.2 R:  72.1 F1:  70.4 | time: 0.0242s
Epoch: 0036 | loss: 0.8077 Ac:  73.12 P:  72.2 R:  73.1 F1:  72.2 | loss: 0.9357 Ac:  71.10 P:  70.1 R:  71.1 F1:  68.8 | time: 0.0687s
                                                                  | loss: 0.9383 Ac:  72.45 P:  71.5 R:  72.4 F1:  70.6 | time: 0.0241s
Epoch: 0037 | loss: 0.8229 Ac:  73.75 P:  73.0 R:  73.8 F1:  72.1 | loss: 0.9268 Ac:  71.30 P:  70.3 R:  71.3 F1:  68.9 | time: 0.0666s
                                                                  | loss: 0.9293 Ac:  72.70 P:  71.8 R:  72.7 F1:  70.8 | time: 0.0241s
Epoch: 0038 | loss: 0.7295 Ac:  78.75 P:  79.5 R:  78.8 F1:  78.1 | loss: 0.9181 Ac:  71.00 P:  69.7 R:  71.0 F1:  68.7 | time: 0.0666s
                                                                  | loss: 0.9204 Ac:  72.60 P:  71.6 R:  72.6 F1:  70.9 | time: 0.0241s
Epoch: 0039 | loss: 0.7307 Ac:  76.25 P:  78.1 R:  76.2 F1:  76.2 | loss: 0.9100 Ac:  71.20 P:  70.0 R:  71.2 F1:  69.1 | time: 0.0665s
                                                                  | loss: 0.9121 Ac:  72.45 P:  71.5 R:  72.5 F1:  71.0 | time: 0.0270s
Epoch: 0040 | loss: 0.7372 Ac:  78.75 P:  79.9 R:  78.7 F1:  78.6 | loss: 0.9022 Ac:  71.30 P:  70.2 R:  71.3 F1:  69.4 | time: 0.0692s
                                                                  | loss: 0.9041 Ac:  72.90 P:  72.0 R:  72.9 F1:  71.7 | time: 0.0241s
Epoch: 0041 | loss: 0.7182 Ac:  78.12 P:  79.1 R:  78.1 F1:  78.3 | loss: 0.8951 Ac:  71.50 P:  70.5 R:  71.5 F1:  69.9 | time: 0.0663s
                                                                  | loss: 0.8966 Ac:  72.75 P:  71.9 R:  72.8 F1:  71.7 | time: 0.0240s
Epoch: 0042 | loss: 0.6883 Ac:  81.25 P:  81.3 R:  81.2 F1:  80.7 | loss: 0.8878 Ac:  71.60 P:  70.6 R:  71.6 F1:  70.3 | time: 0.0787s
                                                                  | loss: 0.8888 Ac:  72.70 P:  71.9 R:  72.7 F1:  71.8 | time: 0.0243s
Epoch: 0043 | loss: 0.6694 Ac:  81.88 P:  82.0 R:  81.9 F1:  81.9 | loss: 0.8806 Ac:  70.90 P:  69.7 R:  70.9 F1:  69.7 | time: 0.0749s
                                                                  | loss: 0.8810 Ac:  72.35 P:  71.5 R:  72.4 F1:  71.5 | time: 0.0247s
Epoch: 0044 | loss: 0.6544 Ac:  77.50 P:  77.4 R:  77.5 F1:  77.4 | loss: 0.8741 Ac:  70.60 P:  69.4 R:  70.6 F1:  69.6 | time: 0.0689s
                                                                  | loss: 0.8738 Ac:  72.20 P:  71.4 R:  72.2 F1:  71.5 | time: 0.0249s
Epoch: 0045 | loss: 0.6497 Ac:  80.00 P:  80.2 R:  80.0 F1:  79.9 | loss: 0.8683 Ac:  70.50 P:  69.5 R:  70.5 F1:  69.6 | time: 0.0713s
                                                                  | loss: 0.8672 Ac:  71.85 P:  71.1 R:  71.9 F1:  71.2 | time: 0.0241s
Epoch: 0046 | loss: 0.7003 Ac:  80.62 P:  81.6 R:  80.6 F1:  80.6 | loss: 0.8633 Ac:  70.50 P:  69.7 R:  70.5 F1:  69.8 | time: 0.0690s
                                                                  | loss: 0.8613 Ac:  71.30 P:  70.7 R:  71.3 F1:  70.8 | time: 0.0288s
Epoch: 0047 | loss: 0.6133 Ac:  82.50 P:  82.6 R:  82.5 F1:  82.4 | loss: 0.8583 Ac:  70.50 P:  69.7 R:  70.5 F1:  69.8 | time: 0.0715s
                                                                  | loss: 0.8555 Ac:  71.35 P:  70.8 R:  71.4 F1:  70.9 | time: 0.0245s
Epoch: 0048 | loss: 0.5966 Ac:  86.88 P:  86.8 R:  86.9 F1:  86.8 | loss: 0.8536 Ac:  70.30 P:  69.4 R:  70.3 F1:  69.5 | time: 0.0669s
                                                                  | loss: 0.8497 Ac:  71.30 P:  70.6 R:  71.3 F1:  70.7 | time: 0.0247s
Epoch: 0049 | loss: 0.6232 Ac:  81.25 P:  81.0 R:  81.2 F1:  80.8 | loss: 0.8492 Ac:  70.10 P:  69.0 R:  70.1 F1:  69.2 | time: 0.0673s
                                                                  | loss: 0.8444 Ac:  71.20 P:  70.4 R:  71.2 F1:  70.6 | time: 0.0247s
Epoch: 0050 | loss: 0.5688 Ac:  83.12 P:  83.3 R:  83.1 F1:  82.8 | loss: 0.8445 Ac:  70.20 P:  68.9 R:  70.2 F1:  69.2 | time: 0.0705s
                                                                  | loss: 0.8390 Ac:  71.40 P:  70.4 R:  71.4 F1:  70.7 | time: 0.0244s
Epoch: 0051 | loss: 0.5732 Ac:  85.00 P:  84.9 R:  85.0 F1:  84.8 | loss: 0.8398 Ac:  70.30 P:  68.9 R:  70.3 F1:  69.1 | time: 0.0730s
                                                                  | loss: 0.8335 Ac:  71.50 P:  70.4 R:  71.5 F1:  70.7 | time: 0.0244s
Epoch: 0052 | loss: 0.5889 Ac:  83.75 P:  84.3 R:  83.8 F1:  83.7 | loss: 0.8353 Ac:  70.20 P:  68.6 R:  70.2 F1:  68.8 | time: 0.0706s
                                                                  | loss: 0.8283 Ac:  71.50 P:  70.3 R:  71.5 F1:  70.6 | time: 0.0242s
Epoch: 0053 | loss: 0.4920 Ac:  87.50 P:  87.5 R:  87.5 F1:  87.4 | loss: 0.8306 Ac:  70.20 P:  68.6 R:  70.2 F1:  68.7 | time: 0.0673s
                                                                  | loss: 0.8231 Ac:  71.60 P:  70.3 R:  71.6 F1:  70.6 | time: 0.0243s
Epoch: 0054 | loss: 0.5472 Ac:  83.12 P:  83.1 R:  83.1 F1:  82.9 | loss: 0.8261 Ac:  70.00 P:  68.3 R:  70.0 F1:  68.4 | time: 0.0675s
                                                                  | loss: 0.8181 Ac:  71.75 P:  70.5 R:  71.8 F1:  70.7 | time: 0.0243s
Epoch: 0055 | loss: 0.5422 Ac:  84.38 P:  84.4 R:  84.4 F1:  84.2 | loss: 0.8217 Ac:  69.90 P:  68.2 R:  69.9 F1:  68.4 | time: 0.0693s
                                                                  | loss: 0.8134 Ac:  71.95 P:  70.6 R:  72.0 F1:  70.9 | time: 0.0243s
Epoch: 0056 | loss: 0.4643 Ac:  83.75 P:  84.4 R:  83.8 F1:  83.3 | loss: 0.8173 Ac:  70.40 P:  68.8 R:  70.4 F1:  69.0 | time: 0.0730s
                                                                  | loss: 0.8088 Ac:  72.20 P:  70.9 R:  72.2 F1:  71.1 | time: 0.0243s
Epoch: 0057 | loss: 0.5663 Ac:  85.00 P:  85.9 R:  85.0 F1:  84.5 | loss: 0.8138 Ac:  70.50 P:  68.9 R:  70.5 F1:  69.1 | time: 0.0673s
                                                                  | loss: 0.8051 Ac:  72.00 P:  70.7 R:  72.0 F1:  71.0 | time: 0.0243s
Epoch: 0058 | loss: 0.5064 Ac:  88.12 P:  88.1 R:  88.1 F1:  88.0 | loss: 0.8104 Ac:  70.60 P:  69.0 R:  70.6 F1:  69.3 | time: 0.0717s
                                                                  | loss: 0.8015 Ac:  72.00 P:  70.7 R:  72.0 F1:  71.0 | time: 0.0242s
Epoch: 0059 | loss: 0.4432 Ac:  88.12 P:  88.5 R:  88.1 F1:  88.1 | loss: 0.8074 Ac:  70.40 P:  68.8 R:  70.4 F1:  69.0 | time: 0.0706s
                                                                  | loss: 0.7984 Ac:  72.15 P:  70.9 R:  72.2 F1:  71.1 | time: 0.0242s
Epoch: 0060 | loss: 0.4513 Ac:  90.00 P:  90.3 R:  90.0 F1:  89.7 | loss: 0.8042 Ac:  70.30 P:  68.8 R:  70.3 F1:  69.0 | time: 0.0671s
                                                                  | loss: 0.7954 Ac:  72.20 P:  71.1 R:  72.2 F1:  71.3 | time: 0.0245s
Epoch: 0061 | loss: 0.3960 Ac:  94.38 P:  94.5 R:  94.4 F1:  94.4 | loss: 0.8015 Ac:  70.80 P:  69.4 R:  70.8 F1:  69.6 | time: 0.0672s
                                                                  | loss: 0.7929 Ac:  72.40 P:  71.5 R:  72.4 F1:  71.7 | time: 0.0243s
Epoch: 0062 | loss: 0.4254 Ac:  88.12 P:  88.2 R:  88.1 F1:  88.2 | loss: 0.7997 Ac:  70.70 P:  69.4 R:  70.7 F1:  69.5 | time: 0.0683s
                                                                  | loss: 0.7911 Ac:  72.35 P:  71.5 R:  72.4 F1:  71.6 | time: 0.0244s
Epoch: 0063 | loss: 0.4539 Ac:  86.88 P:  87.2 R:  86.9 F1:  86.9 | loss: 0.7980 Ac:  70.50 P:  69.3 R:  70.5 F1:  69.5 | time: 0.0703s
                                                                  | loss: 0.7894 Ac:  72.30 P:  71.5 R:  72.3 F1:  71.7 | time: 0.0245s
Epoch: 0064 | loss: 0.3936 Ac:  91.25 P:  91.8 R:  91.2 F1:  91.2 | loss: 0.7971 Ac:  70.40 P:  69.3 R:  70.4 F1:  69.6 | time: 0.0666s
                                                                  | loss: 0.7874 Ac:  72.10 P:  71.6 R:  72.1 F1:  71.6 | time: 0.0242s
Epoch: 0065 | loss: 0.3812 Ac:  91.88 P:  92.9 R:  91.9 F1:  91.8 | loss: 0.7965 Ac:  70.00 P:  69.1 R:  70.0 F1:  69.3 | time: 0.0672s
                                                                  | loss: 0.7858 Ac:  71.70 P:  71.3 R:  71.7 F1:  71.4 | time: 0.0243s
Epoch: 0066 | loss: 0.3852 Ac:  88.75 P:  89.0 R:  88.8 F1:  88.8 | loss: 0.7962 Ac:  70.10 P:  69.3 R:  70.1 F1:  69.4 | time: 0.0670s
                                                                  | loss: 0.7838 Ac:  71.60 P:  71.2 R:  71.6 F1:  71.3 | time: 0.0241s
Epoch: 0067 | loss: 0.3523 Ac:  90.00 P:  90.7 R:  90.0 F1:  90.1 | loss: 0.7957 Ac:  70.00 P:  69.1 R:  70.0 F1:  69.3 | time: 0.0667s
                                                                  | loss: 0.7815 Ac:  71.40 P:  70.9 R:  71.4 F1:  71.0 | time: 0.0242s
Epoch: 0068 | loss: 0.2900 Ac:  92.50 P:  92.5 R:  92.5 F1:  92.5 | loss: 0.7957 Ac:  70.00 P:  69.0 R:  70.0 F1:  69.2 | time: 0.0714s
                                                                  | loss: 0.7804 Ac:  71.55 P:  71.0 R:  71.5 F1:  71.1 | time: 0.0242s
Epoch: 0069 | loss: 0.3541 Ac:  91.25 P:  91.3 R:  91.3 F1:  91.1 | loss: 0.7955 Ac:  69.80 P:  68.8 R:  69.8 F1:  69.0 | time: 0.0688s
                                                                  | loss: 0.7795 Ac:  71.40 P:  70.7 R:  71.4 F1:  70.9 | time: 0.0242s
Epoch: 0070 | loss: 0.3509 Ac:  88.75 P:  88.8 R:  88.8 F1:  88.7 | loss: 0.7971 Ac:  70.00 P:  69.0 R:  70.0 F1:  69.2 | time: 0.0667s
                                                                  | loss: 0.7798 Ac:  71.45 P:  70.7 R:  71.5 F1:  71.0 | time: 0.0241s
Epoch: 0071 | loss: 0.2936 Ac:  91.88 P:  92.3 R:  91.9 F1:  91.8 | loss: 0.8017 Ac:  70.10 P:  69.1 R:  70.1 F1:  69.3 | time: 0.0669s
                                                                  | loss: 0.7820 Ac:  71.20 P:  70.6 R:  71.2 F1:  70.8 | time: 0.0244s
Epoch: 0072 | loss: 0.3261 Ac:  88.75 P:  88.7 R:  88.8 F1:  88.6 | loss: 0.8055 Ac:  70.80 P:  69.9 R:  70.8 F1:  70.0 | time: 0.0673s
                                                                  | loss: 0.7854 Ac:  71.00 P:  70.6 R:  71.0 F1:  70.7 | time: 0.0242s
Epoch: 0073 | loss: 0.3549 Ac:  90.00 P:  90.0 R:  90.0 F1:  90.0 | loss: 0.8080 Ac:  70.70 P:  69.8 R:  70.7 F1:  69.9 | time: 0.0677s
                                                                  | loss: 0.7883 Ac:  70.80 P:  70.4 R:  70.8 F1:  70.4 | time: 0.0244s
Epoch: 0074 | loss: 0.2871 Ac:  93.12 P:  93.2 R:  93.1 F1:  93.1 | loss: 0.8105 Ac:  70.10 P:  69.3 R:  70.1 F1:  69.3 | time: 0.0680s
                                                                  | loss: 0.7911 Ac:  71.25 P:  70.8 R:  71.2 F1:  70.9 | time: 0.0246s
Epoch: 0075 | loss: 0.3441 Ac:  88.12 P:  88.8 R:  88.1 F1:  88.1 | loss: 0.8109 Ac:  70.40 P:  69.5 R:  70.4 F1:  69.6 | time: 0.0680s
                                                                  | loss: 0.7897 Ac:  71.45 P:  70.8 R:  71.5 F1:  71.0 | time: 0.0245s
Epoch: 0076 | loss: 0.3862 Ac:  88.75 P:  88.8 R:  88.8 F1:  88.8 | loss: 0.8109 Ac:  71.40 P:  70.2 R:  71.4 F1:  70.3 | time: 0.0679s
                                                                  | loss: 0.7878 Ac:  72.00 P:  71.0 R:  72.0 F1:  71.3 | time: 0.0249s
Epoch: 0077 | loss: 0.2648 Ac:  94.38 P:  94.4 R:  94.4 F1:  94.3 | loss: 0.8126 Ac:  71.60 P:  70.2 R:  71.6 F1:  70.3 | time: 0.0671s
                                                                  | loss: 0.7879 Ac:  71.80 P:  70.6 R:  71.8 F1:  70.9 | time: 0.0257s
Epoch: 0078 | loss: 0.2736 Ac:  92.50 P:  92.8 R:  92.5 F1:  92.5 | loss: 0.8136 Ac:  70.90 P:  69.2 R:  70.9 F1:  69.4 | time: 0.0699s
                                                                  | loss: 0.7882 Ac:  71.90 P:  70.7 R:  71.9 F1:  71.0 | time: 0.0255s
Epoch: 0079 | loss: 0.2889 Ac:  90.62 P:  90.9 R:  90.6 F1:  90.6 | loss: 0.8165 Ac:  71.20 P:  69.6 R:  71.2 F1:  69.8 | time: 0.0669s
                                                                  | loss: 0.7891 Ac:  72.10 P:  70.9 R:  72.1 F1:  71.3 | time: 0.0256s
Epoch: 0080 | loss: 0.2742 Ac:  90.00 P:  90.5 R:  90.0 F1:  89.8 | loss: 0.8210 Ac:  71.30 P:  69.8 R:  71.3 F1:  70.0 | time: 0.0704s
                                                                  | loss: 0.7912 Ac:  72.40 P:  71.3 R:  72.4 F1:  71.6 | time: 0.0258s
Epoch: 0081 | loss: 0.2653 Ac:  90.00 P:  90.7 R:  90.0 F1:  90.1 | loss: 0.8299 Ac:  71.30 P:  70.0 R:  71.3 F1:  70.3 | time: 0.0671s
                                                                  | loss: 0.7959 Ac:  72.25 P:  71.2 R:  72.2 F1:  71.6 | time: 0.0248s
Epoch: 0082 | loss: 0.2832 Ac:  90.62 P:  91.0 R:  90.6 F1:  90.7 | loss: 0.8434 Ac:  70.50 P:  69.5 R:  70.5 F1:  69.7 | time: 0.0676s
                                                                  | loss: 0.8074 Ac:  72.10 P:  71.5 R:  72.1 F1:  71.7 | time: 0.0242s
Epoch: 0083 | loss: 0.2259 Ac:  95.00 P:  95.1 R:  95.0 F1:  95.0 | loss: 0.8582 Ac:  69.60 P:  68.9 R:  69.6 F1:  69.0 | time: 0.0694s
                                                                  | loss: 0.8225 Ac:  71.60 P:  71.4 R:  71.6 F1:  71.4 | time: 0.0242s
Epoch: 0084 | loss: 0.1860 Ac:  93.12 P:  93.3 R:  93.1 F1:  93.1 | loss: 0.8694 Ac:  69.70 P:  69.5 R:  69.7 F1:  69.3 | time: 0.0690s
                                                                  | loss: 0.8335 Ac:  70.90 P:  71.0 R:  70.9 F1:  70.8 | time: 0.0242s
Epoch: 0085 | loss: 0.2196 Ac:  94.38 P:  94.6 R:  94.4 F1:  94.4 | loss: 0.8824 Ac:  69.40 P:  69.4 R:  69.4 F1:  69.1 | time: 0.0698s
                                                                  | loss: 0.8456 Ac:  70.40 P:  70.7 R:  70.4 F1:  70.3 | time: 0.0243s
Epoch: 0086 | loss: 0.2165 Ac:  91.88 P:  92.0 R:  91.9 F1:  91.8 | loss: 0.8945 Ac:  69.50 P:  69.7 R:  69.5 F1:  69.2 | time: 0.0680s
                                                                  | loss: 0.8564 Ac:  70.15 P:  70.6 R:  70.2 F1:  70.1 | time: 0.0243s
Epoch: 0087 | loss: 0.3305 Ac:  89.38 P:  89.6 R:  89.4 F1:  89.4 | loss: 0.8981 Ac:  69.50 P:  69.7 R:  69.5 F1:  69.2 | time: 0.0671s
                                                                  | loss: 0.8596 Ac:  70.20 P:  70.7 R:  70.2 F1:  70.1 | time: 0.0243s
Epoch: 0088 | loss: 0.2009 Ac:  95.62 P:  95.7 R:  95.6 F1:  95.6 | loss: 0.8989 Ac:  69.40 P:  69.7 R:  69.4 F1:  69.2 | time: 0.0678s
                                                                  | loss: 0.8604 Ac:  70.25 P:  70.7 R:  70.3 F1:  70.2 | time: 0.0243s
Epoch: 0089 | loss: 0.2494 Ac:  94.38 P:  94.4 R:  94.4 F1:  94.4 | loss: 0.8910 Ac:  69.40 P:  69.4 R:  69.4 F1:  69.1 | time: 0.0679s
                                                                  | loss: 0.8525 Ac:  70.65 P:  70.9 R:  70.6 F1:  70.5 | time: 0.0243s
Epoch: 0090 | loss: 0.2653 Ac:  91.88 P:  92.2 R:  91.9 F1:  92.0 | loss: 0.8819 Ac:  69.90 P:  69.7 R:  69.9 F1:  69.5 | time: 0.0712s
                                                                  | loss: 0.8431 Ac:  71.00 P:  70.9 R:  71.0 F1:  70.8 | time: 0.0242s
Epoch: 0091 | loss: 0.2560 Ac:  91.88 P:  92.0 R:  91.9 F1:  91.9 | loss: 0.8736 Ac:  70.30 P:  69.8 R:  70.3 F1:  69.8 | time: 0.0697s
                                                                  | loss: 0.8351 Ac:  71.30 P:  70.9 R:  71.3 F1:  71.0 | time: 0.0245s
Epoch: 0092 | loss: 0.2036 Ac:  96.25 P:  96.3 R:  96.2 F1:  96.2 | loss: 0.8684 Ac:  70.20 P:  69.1 R:  70.2 F1:  69.4 | time: 0.0688s
                                                                  | loss: 0.8303 Ac:  71.60 P:  70.9 R:  71.6 F1:  71.2 | time: 0.0249s
Epoch: 0093 | loss: 0.2269 Ac:  93.75 P:  94.2 R:  93.8 F1:  93.8 | loss: 0.8654 Ac:  70.10 P:  68.7 R:  70.1 F1:  69.1 | time: 0.0687s
                                                                  | loss: 0.8273 Ac:  71.75 P:  70.8 R:  71.8 F1:  71.2 | time: 0.0255s
Epoch: 0094 | loss: 0.2088 Ac:  93.12 P:  93.2 R:  93.1 F1:  93.1 | loss: 0.8642 Ac:  69.80 P:  68.3 R:  69.8 F1:  68.6 | time: 0.0668s
                                                                  | loss: 0.8259 Ac:  71.55 P:  70.5 R:  71.5 F1:  70.9 | time: 0.0257s
Epoch: 0095 | loss: 0.2308 Ac:  94.38 P:  94.7 R:  94.4 F1:  94.3 | loss: 0.8651 Ac:  70.00 P:  68.4 R:  70.0 F1:  68.8 | time: 0.0669s
                                                                  | loss: 0.8264 Ac:  71.55 P:  70.4 R:  71.5 F1:  70.8 | time: 0.0254s
Epoch: 0096 | loss: 0.2095 Ac:  94.38 P:  94.6 R:  94.4 F1:  94.3 | loss: 0.8680 Ac:  70.00 P:  68.4 R:  70.0 F1:  68.8 | time: 0.0671s
                                                                  | loss: 0.8287 Ac:  71.65 P:  70.5 R:  71.7 F1:  70.8 | time: 0.0248s
Epoch: 0097 | loss: 0.1861 Ac:  96.88 P:  96.9 R:  96.9 F1:  96.9 | loss: 0.8709 Ac:  69.90 P:  68.3 R:  69.9 F1:  68.7 | time: 0.0676s
                                                                  | loss: 0.8313 Ac:  71.55 P:  70.4 R:  71.5 F1:  70.7 | time: 0.0241s
Epoch: 0098 | loss: 0.2142 Ac:  93.12 P:  93.4 R:  93.1 F1:  93.0 | loss: 0.8743 Ac:  69.80 P:  68.2 R:  69.8 F1:  68.5 | time: 0.0688s
                                                                  | loss: 0.8340 Ac:  71.60 P:  70.4 R:  71.6 F1:  70.8 | time: 0.0241s
Epoch: 0099 | loss: 0.1600 Ac:  95.62 P:  95.6 R:  95.6 F1:  95.6 | loss: 0.8784 Ac:  69.90 P:  68.3 R:  69.9 F1:  68.7 | time: 0.0686s
                                                                  | loss: 0.8374 Ac:  71.75 P:  70.5 R:  71.8 F1:  70.9 | time: 0.0240s
Epoch: 0100 | loss: 0.1780 Ac:  94.38 P:  94.7 R:  94.4 F1:  94.4 | loss: 0.8797 Ac:  69.80 P:  68.2 R:  69.8 F1:  68.6 | time: 0.0701s
                                                                  | loss: 0.8384 Ac:  71.75 P:  70.5 R:  71.8 F1:  70.9 | time: 0.0243s
Epoch: 0101 | loss: 0.1805 Ac:  97.50 P:  97.6 R:  97.5 F1:  97.5 | loss: 0.8806 Ac:  69.80 P:  68.2 R:  69.8 F1:  68.7 | time: 0.0670s
                                                                  | loss: 0.8392 Ac:  71.50 P:  70.4 R:  71.5 F1:  70.7 | time: 0.0242s
Epoch: 0102 | loss: 0.2212 Ac:  93.75 P:  94.2 R:  93.8 F1:  93.7 | loss: 0.8816 Ac:  70.50 P:  69.3 R:  70.5 F1:  69.6 | time: 0.0669s
                                                                  | loss: 0.8410 Ac:  71.20 P:  70.2 R:  71.2 F1:  70.5 | time: 0.0257s
Epoch: 0103 | loss: 0.1543 Ac:  96.25 P:  96.6 R:  96.2 F1:  96.3 | loss: 0.8846 Ac:  70.50 P:  69.4 R:  70.5 F1:  69.7 | time: 0.0784s
                                                                  | loss: 0.8449 Ac:  70.80 P:  70.1 R:  70.8 F1:  70.4 | time: 0.0245s
Epoch: 0104 | loss: 0.1924 Ac:  95.00 P:  95.1 R:  95.0 F1:  95.0 | loss: 0.8894 Ac:  70.20 P:  69.4 R:  70.2 F1:  69.6 | time: 0.0669s
                                                                  | loss: 0.8493 Ac:  70.75 P:  70.3 R:  70.8 F1:  70.4 | time: 0.0242s
Epoch: 0105 | loss: 0.1236 Ac:  98.75 P:  98.8 R:  98.8 F1:  98.7 | loss: 0.8955 Ac:  69.70 P:  69.2 R:  69.7 F1:  69.2 | time: 0.0683s
                                                                  | loss: 0.8546 Ac:  70.60 P:  70.3 R:  70.6 F1:  70.4 | time: 0.0242s
Epoch: 0106 | loss: 0.1799 Ac:  95.62 P:  95.7 R:  95.6 F1:  95.6 | loss: 0.9038 Ac:  70.20 P:  70.0 R:  70.2 F1:  69.9 | time: 0.0719s
                                                                  | loss: 0.8617 Ac:  70.20 P:  70.2 R:  70.2 F1:  70.2 | time: 0.0241s
Epoch: 0107 | loss: 0.1482 Ac:  95.62 P:  95.8 R:  95.6 F1:  95.6 | loss: 0.9108 Ac:  69.40 P:  69.6 R:  69.4 F1:  69.2 | time: 0.0667s
                                                                  | loss: 0.8682 Ac:  69.70 P:  70.0 R:  69.7 F1:  69.8 | time: 0.0245s
Epoch: 0108 | loss: 0.1463 Ac:  95.00 P:  95.0 R:  95.0 F1:  95.0 | loss: 0.9175 Ac:  69.50 P:  70.0 R:  69.5 F1:  69.5 | time: 0.0710s
                                                                  | loss: 0.8738 Ac:  69.55 P:  70.1 R:  69.5 F1:  69.7 | time: 0.0245s
Epoch: 0109 | loss: 0.1943 Ac:  92.50 P:  92.6 R:  92.5 F1:  92.5 | loss: 0.9228 Ac:  68.70 P:  69.6 R:  68.7 F1:  68.8 | time: 0.0705s
                                                                  | loss: 0.8779 Ac:  69.30 P:  70.1 R:  69.3 F1:  69.5 | time: 0.0243s
Epoch: 0110 | loss: 0.1293 Ac:  98.12 P:  98.2 R:  98.1 F1:  98.1 | loss: 0.9253 Ac:  68.60 P:  69.6 R:  68.6 F1:  68.7 | time: 0.0703s
                                                                  | loss: 0.8798 Ac:  69.55 P:  70.4 R:  69.5 F1:  69.8 | time: 0.0246s
Epoch: 0111 | loss: 0.1424 Ac:  95.62 P:  95.9 R:  95.6 F1:  95.6 | loss: 0.9271 Ac:  68.90 P:  69.9 R:  68.9 F1:  69.0 | time: 0.0704s
                                                                  | loss: 0.8808 Ac:  69.55 P:  70.3 R:  69.5 F1:  69.7 | time: 0.0246s
Epoch: 0112 | loss: 0.1144 Ac:  98.75 P:  98.8 R:  98.8 F1:  98.7 | loss: 0.9297 Ac:  68.90 P:  69.6 R:  68.9 F1:  68.9 | time: 0.0701s
                                                                  | loss: 0.8823 Ac:  69.75 P:  70.4 R:  69.8 F1:  69.9 | time: 0.0241s
Epoch: 0113 | loss: 0.2017 Ac:  93.75 P:  93.7 R:  93.8 F1:  93.7 | loss: 0.9297 Ac:  69.20 P:  69.4 R:  69.2 F1:  69.0 | time: 0.0718s
                                                                  | loss: 0.8816 Ac:  69.85 P:  70.2 R:  69.8 F1:  69.9 | time: 0.0242s
Epoch: 0114 | loss: 0.1110 Ac:  98.12 P:  98.2 R:  98.1 F1:  98.1 | loss: 0.9303 Ac:  69.60 P:  69.4 R:  69.6 F1:  69.3 | time: 0.0668s
                                                                  | loss: 0.8814 Ac:  70.00 P:  70.1 R:  70.0 F1:  69.9 | time: 0.0242s
Epoch: 0115 | loss: 0.1548 Ac:  96.25 P:  96.3 R:  96.2 F1:  96.2 | loss: 0.9327 Ac:  69.70 P:  69.0 R:  69.7 F1:  69.1 | time: 0.0673s
                                                                  | loss: 0.8824 Ac:  70.10 P:  69.7 R:  70.1 F1:  69.8 | time: 0.0243s
Epoch: 0116 | loss: 0.1413 Ac:  96.25 P:  96.4 R:  96.2 F1:  96.2 | loss: 0.9395 Ac:  69.50 P:  68.5 R:  69.5 F1:  68.7 | time: 0.0669s
                                                                  | loss: 0.8871 Ac:  70.60 P:  69.8 R:  70.6 F1:  70.1 | time: 0.0242s
Epoch: 0117 | loss: 0.1135 Ac:  96.88 P:  97.0 R:  96.9 F1:  96.9 | loss: 0.9480 Ac:  69.20 P:  68.0 R:  69.2 F1:  68.3 | time: 0.0705s
                                                                  | loss: 0.8937 Ac:  70.95 P:  69.9 R:  71.0 F1:  70.2 | time: 0.0244s
Epoch: 0118 | loss: 0.1449 Ac:  95.00 P:  95.2 R:  95.0 F1:  94.9 | loss: 0.9565 Ac:  69.60 P:  68.3 R:  69.6 F1:  68.6 | time: 0.0696s
                                                                  | loss: 0.9004 Ac:  71.30 P:  70.2 R:  71.3 F1:  70.5 | time: 0.0246s
Epoch: 0119 | loss: 0.1175 Ac:  97.50 P:  97.5 R:  97.5 F1:  97.5 | loss: 0.9630 Ac:  69.10 P:  67.7 R:  69.1 F1:  68.0 | time: 0.0703s
                                                                  | loss: 0.9058 Ac:  71.45 P:  70.3 R:  71.5 F1:  70.6 | time: 0.0241s
Epoch: 0120 | loss: 0.1113 Ac:  98.75 P:  98.8 R:  98.8 F1:  98.7 | loss: 0.9679 Ac:  69.50 P:  68.2 R:  69.5 F1:  68.4 | time: 0.0666s
                                                                  | loss: 0.9099 Ac:  71.40 P:  70.2 R:  71.4 F1:  70.5 | time: 0.0241s
Epoch: 0121 | loss: 0.0932 Ac:  98.75 P:  98.8 R:  98.8 F1:  98.7 | loss: 0.9736 Ac:  69.50 P:  68.2 R:  69.5 F1:  68.4 | time: 0.0694s
                                                                  | loss: 0.9146 Ac:  71.35 P:  70.2 R:  71.4 F1:  70.5 | time: 0.0241s
Epoch: 0122 | loss: 0.1294 Ac:  96.88 P:  97.1 R:  96.9 F1:  96.9 | loss: 0.9771 Ac:  69.40 P:  68.1 R:  69.4 F1:  68.3 | time: 0.0700s
                                                                  | loss: 0.9177 Ac:  71.30 P:  70.2 R:  71.3 F1:  70.4 | time: 0.0243s
Epoch: 0123 | loss: 0.1395 Ac:  96.25 P:  96.3 R:  96.2 F1:  96.2 | loss: 0.9805 Ac:  68.90 P:  67.7 R:  68.9 F1:  67.9 | time: 0.0693s
                                                                  | loss: 0.9209 Ac:  71.50 P:  70.4 R:  71.5 F1:  70.6 | time: 0.0244s
Epoch: 0124 | loss: 0.0941 Ac:  98.75 P:  98.8 R:  98.8 F1:  98.7 | loss: 0.9843 Ac:  68.90 P:  67.8 R:  68.9 F1:  67.9 | time: 0.0693s
                                                                  | loss: 0.9247 Ac:  71.40 P:  70.4 R:  71.4 F1:  70.6 | time: 0.0245s
Epoch: 0125 | loss: 0.0697 Ac:  99.38 P:  99.4 R:  99.4 F1:  99.4 | loss: 0.9874 Ac:  68.20 P:  67.1 R:  68.2 F1:  67.2 | time: 0.0673s
                                                                  | loss: 0.9280 Ac:  71.15 P:  70.2 R:  71.2 F1:  70.3 | time: 0.0241s
Epoch: 0126 | loss: 0.1319 Ac:  96.88 P:  96.9 R:  96.9 F1:  96.9 | loss: 0.9910 Ac:  68.00 P:  66.9 R:  68.0 F1:  67.0 | time: 0.0709s
                                                                  | loss: 0.9315 Ac:  70.90 P:  70.0 R:  70.9 F1:  70.1 | time: 0.0243s
Epoch: 0127 | loss: 0.1127 Ac:  98.12 P:  98.2 R:  98.1 F1:  98.1 | loss: 0.9938 Ac:  68.00 P:  66.9 R:  68.0 F1:  67.0 | time: 0.0716s
                                                                  | loss: 0.9348 Ac:  70.80 P:  69.9 R:  70.8 F1:  70.0 | time: 0.0241s
Epoch: 0128 | loss: 0.1229 Ac:  96.88 P:  97.0 R:  96.9 F1:  96.9 | loss: 0.9968 Ac:  68.10 P:  67.1 R:  68.1 F1:  67.1 | time: 0.0699s
                                                                  | loss: 0.9383 Ac:  70.80 P:  69.9 R:  70.8 F1:  70.0 | time: 0.0243s
Epoch: 0129 | loss: 0.1364 Ac:  96.25 P:  96.3 R:  96.2 F1:  96.3 | loss: 0.9979 Ac:  67.80 P:  66.7 R:  67.8 F1:  66.7 | time: 0.0691s
                                                                  | loss: 0.9399 Ac:  70.75 P:  69.8 R:  70.7 F1:  69.9 | time: 0.0242s
Epoch: 0130 | loss: 0.1301 Ac:  96.88 P:  97.0 R:  96.9 F1:  96.9 | loss: 0.9980 Ac:  67.80 P:  66.7 R:  67.8 F1:  66.7 | time: 0.0669s
                                                                  | loss: 0.9406 Ac:  70.85 P:  69.9 R:  70.8 F1:  70.0 | time: 0.0241s
Epoch: 0131 | loss: 0.1133 Ac:  96.88 P:  97.0 R:  96.9 F1:  96.8 | loss: 0.9979 Ac:  67.90 P:  66.7 R:  67.9 F1:  66.8 | time: 0.0665s
                                                                  | loss: 0.9412 Ac:  70.75 P:  69.7 R:  70.8 F1:  69.9 | time: 0.0241s
Epoch: 0132 | loss: 0.1001 Ac:  98.12 P:  98.2 R:  98.1 F1:  98.1 | loss: 0.9968 Ac:  68.10 P:  67.0 R:  68.1 F1:  67.1 | time: 0.0704s
                                                                  | loss: 0.9407 Ac:  70.85 P:  69.8 R:  70.9 F1:  70.0 | time: 0.0241s
Epoch: 0133 | loss: 0.1241 Ac:  96.88 P:  96.9 R:  96.9 F1:  96.9 | loss: 0.9939 Ac:  68.30 P:  67.0 R:  68.3 F1:  67.2 | time: 0.0669s
                                                                  | loss: 0.9387 Ac:  71.05 P:  70.0 R:  71.0 F1:  70.2 | time: 0.0243s
Epoch: 0134 | loss: 0.0909 Ac:  98.75 P:  98.8 R:  98.8 F1:  98.7 | loss: 0.9908 Ac:  68.70 P:  67.4 R:  68.7 F1:  67.7 | time: 0.0664s
                                                                  | loss: 0.9365 Ac:  71.35 P:  70.3 R:  71.4 F1:  70.6 | time: 0.0241s
Epoch: 0135 | loss: 0.0996 Ac:  98.12 P:  98.2 R:  98.1 F1:  98.1 | loss: 0.9891 Ac:  68.90 P:  67.6 R:  68.9 F1:  67.9 | time: 0.0672s
                                                                  | loss: 0.9353 Ac:  71.30 P:  70.3 R:  71.3 F1:  70.6 | time: 0.0244s
Epoch: 0136 | loss: 0.0813 Ac:  98.12 P:  98.2 R:  98.1 F1:  98.1 | loss: 0.9872 Ac:  68.80 P:  67.6 R:  68.8 F1:  67.9 | time: 0.0668s
                                                                  | loss: 0.9342 Ac:  71.05 P:  70.1 R:  71.0 F1:  70.4 | time: 0.0242s
Epoch: 0137 | loss: 0.1093 Ac:  97.50 P:  97.5 R:  97.5 F1:  97.5 | loss: 0.9855 Ac:  68.60 P:  67.4 R:  68.6 F1:  67.7 | time: 0.0670s
                                                                  | loss: 0.9332 Ac:  70.95 P:  70.1 R:  71.0 F1:  70.4 | time: 0.0242s
Epoch: 0138 | loss: 0.1129 Ac:  96.25 P:  96.5 R:  96.2 F1:  96.3 | loss: 0.9839 Ac:  68.80 P:  67.8 R:  68.8 F1:  68.0 | time: 0.0690s
                                                                  | loss: 0.9326 Ac:  70.60 P:  69.8 R:  70.6 F1:  70.1 | time: 0.0241s
Epoch: 0139 | loss: 0.1117 Ac:  96.88 P:  96.9 R:  96.9 F1:  96.9 | loss: 0.9825 Ac:  68.80 P:  68.1 R:  68.8 F1:  68.2 | time: 0.0697s
                                                                  | loss: 0.9325 Ac:  70.10 P:  69.5 R:  70.1 F1:  69.7 | time: 0.0240s
Epoch: 0140 | loss: 0.0970 Ac:  95.62 P:  95.7 R:  95.6 F1:  95.6 | loss: 0.9811 Ac:  68.50 P:  68.0 R:  68.5 F1:  68.0 | time: 0.0669s
                                                                  | loss: 0.9325 Ac:  69.60 P:  69.3 R:  69.6 F1:  69.3 | time: 0.0242s
Epoch: 0141 | loss: 0.0824 Ac:  97.50 P:  97.5 R:  97.5 F1:  97.5 | loss: 0.9801 Ac:  68.50 P:  68.1 R:  68.5 F1:  68.0 | time: 0.0687s
                                                                  | loss: 0.9331 Ac:  69.50 P:  69.3 R:  69.5 F1:  69.2 | time: 0.0246s
Epoch: 0142 | loss: 0.1219 Ac:  96.25 P:  96.5 R:  96.2 F1:  96.2 | loss: 0.9791 Ac:  68.50 P:  68.1 R:  68.5 F1:  68.0 | time: 0.0680s
                                                                  | loss: 0.9335 Ac:  69.40 P:  69.3 R:  69.4 F1:  69.2 | time: 0.0242s
Epoch: 0143 | loss: 0.0965 Ac:  97.50 P:  97.5 R:  97.5 F1:  97.5 | loss: 0.9792 Ac:  68.40 P:  68.2 R:  68.4 F1:  68.0 | time: 0.0667s
                                                                  | loss: 0.9348 Ac:  69.15 P:  69.3 R:  69.2 F1:  69.0 | time: 0.0241s
Epoch: 0144 | loss: 0.1017 Ac:  98.12 P:  98.2 R:  98.1 F1:  98.1 | loss: 0.9810 Ac:  68.10 P:  68.0 R:  68.1 F1:  67.7 | time: 0.0663s
                                                                  | loss: 0.9372 Ac:  69.15 P:  69.4 R:  69.2 F1:  69.1 | time: 0.0240s
Epoch: 0145 | loss: 0.0957 Ac:  98.75 P:  98.8 R:  98.8 F1:  98.7 | loss: 0.9834 Ac:  68.50 P:  68.3 R:  68.5 F1:  68.1 | time: 0.0713s
                                                                  | loss: 0.9394 Ac:  69.00 P:  69.2 R:  69.0 F1:  68.9 | time: 0.0241s
Epoch: 0146 | loss: 0.1481 Ac:  94.38 P:  94.5 R:  94.4 F1:  94.4 | loss: 0.9852 Ac:  68.30 P:  68.1 R:  68.3 F1:  67.9 | time: 0.0679s
                                                                  | loss: 0.9405 Ac:  69.05 P:  69.2 R:  69.0 F1:  68.9 | time: 0.0242s
Epoch: 0147 | loss: 0.1317 Ac:  96.88 P:  97.0 R:  96.9 F1:  96.9 | loss: 0.9862 Ac:  68.40 P:  68.1 R:  68.4 F1:  67.9 | time: 0.0680s
                                                                  | loss: 0.9411 Ac:  69.20 P:  69.2 R:  69.2 F1:  69.0 | time: 0.0242s
Epoch: 0148 | loss: 0.0981 Ac:  97.50 P:  97.5 R:  97.5 F1:  97.5 | loss: 0.9869 Ac:  68.20 P:  67.9 R:  68.2 F1:  67.8 | time: 0.0686s
                                                                  | loss: 0.9418 Ac:  69.30 P:  69.3 R:  69.3 F1:  69.1 | time: 0.0242s
Epoch: 0149 | loss: 0.0737 Ac:  99.38 P:  99.4 R:  99.4 F1:  99.4 | loss: 0.9880 Ac:  68.40 P:  68.2 R:  68.4 F1:  68.0 | time: 0.0708s
                                                                  | loss: 0.9423 Ac:  69.40 P:  69.3 R:  69.4 F1:  69.2 | time: 0.0242s
Epoch: 0150 | loss: 0.1254 Ac:  94.38 P:  94.4 R:  94.4 F1:  94.3 | loss: 0.9878 Ac:  68.50 P:  68.2 R:  68.5 F1:  68.1 | time: 0.0704s
                                                                  | loss: 0.9417 Ac:  69.35 P:  69.3 R:  69.3 F1:  69.2 | time: 0.0241s
Epoch: 0151 | loss: 0.1070 Ac:  96.25 P:  96.4 R:  96.2 F1:  96.2 | loss: 0.9880 Ac:  68.70 P:  68.3 R:  68.7 F1:  68.3 | time: 0.0694s
                                                                  | loss: 0.9417 Ac:  69.45 P:  69.4 R:  69.5 F1:  69.3 | time: 0.0242s
Epoch: 0152 | loss: 0.1302 Ac:  96.88 P:  97.1 R:  96.9 F1:  96.8 | loss: 0.9886 Ac:  68.80 P:  68.4 R:  68.8 F1:  68.4 | time: 0.0672s
                                                                  | loss: 0.9418 Ac:  69.45 P:  69.3 R:  69.5 F1:  69.2 | time: 0.0242s
Epoch: 0153 | loss: 0.0722 Ac:  98.75 P:  98.8 R:  98.8 F1:  98.7 | loss: 0.9902 Ac:  68.90 P:  68.5 R:  68.9 F1:  68.5 | time: 0.0662s
                                                                  | loss: 0.9426 Ac:  69.80 P:  69.6 R:  69.8 F1:  69.6 | time: 0.0244s
Epoch: 0154 | loss: 0.1040 Ac:  96.25 P:  96.3 R:  96.2 F1:  96.3 | loss: 0.9925 Ac:  69.00 P:  68.6 R:  69.0 F1:  68.5 | time: 0.0664s
                                                                  | loss: 0.9445 Ac:  70.05 P:  69.7 R:  70.0 F1:  69.7 | time: 0.0244s
Epoch: 0155 | loss: 0.0868 Ac:  98.12 P:  98.2 R:  98.1 F1:  98.1 | loss: 0.9951 Ac:  69.00 P:  68.5 R:  69.0 F1:  68.5 | time: 0.0695s
                                                                  | loss: 0.9462 Ac:  70.25 P:  69.8 R:  70.3 F1:  69.9 | time: 0.0242s
Epoch: 0156 | loss: 0.1029 Ac:  97.50 P:  97.5 R:  97.5 F1:  97.5 | loss: 0.9978 Ac:  68.80 P:  68.3 R:  68.8 F1:  68.3 | time: 0.0697s
                                                                  | loss: 0.9483 Ac:  70.35 P:  69.8 R:  70.3 F1:  69.9 | time: 0.0241s
Epoch: 0157 | loss: 0.0572 Ac:  99.38 P:  99.4 R:  99.4 F1:  99.4 | loss: 1.0006 Ac:  68.80 P:  68.2 R:  68.8 F1:  68.3 | time: 0.0666s
                                                                  | loss: 0.9505 Ac:  70.45 P:  69.9 R:  70.5 F1:  70.0 | time: 0.0241s
Epoch: 0158 | loss: 0.1342 Ac:  96.88 P:  97.1 R:  96.9 F1:  96.9 | loss: 1.0027 Ac:  68.50 P:  67.9 R:  68.5 F1:  67.9 | time: 0.0667s
                                                                  | loss: 0.9526 Ac:  70.45 P:  69.9 R:  70.4 F1:  70.0 | time: 0.0240s
Epoch: 0159 | loss: 0.0724 Ac:  98.75 P:  98.8 R:  98.8 F1:  98.7 | loss: 1.0039 Ac:  68.40 P:  67.7 R:  68.4 F1:  67.7 | time: 0.0684s
                                                                  | loss: 0.9539 Ac:  70.30 P:  69.6 R:  70.3 F1:  69.8 | time: 0.0240s
Epoch: 0160 | loss: 0.1263 Ac:  96.88 P:  97.1 R:  96.9 F1:  96.9 | loss: 1.0073 Ac:  68.50 P:  67.8 R:  68.5 F1:  67.8 | time: 0.0694s
                                                                  | loss: 0.9565 Ac:  70.30 P:  69.6 R:  70.3 F1:  69.7 | time: 0.0241s
Epoch: 0161 | loss: 0.0766 Ac:  98.12 P:  98.2 R:  98.1 F1:  98.1 | loss: 1.0113 Ac:  68.40 P:  67.8 R:  68.4 F1:  67.8 | time: 0.0705s
                                                                  | loss: 0.9595 Ac:  70.10 P:  69.4 R:  70.1 F1:  69.5 | time: 0.0242s
Epoch: 0162 | loss: 0.1217 Ac:  98.12 P:  98.2 R:  98.1 F1:  98.1 | loss: 1.0142 Ac:  68.20 P:  67.6 R:  68.2 F1:  67.5 | time: 0.0685s
                                                                  | loss: 0.9618 Ac:  69.85 P:  69.2 R:  69.8 F1:  69.3 | time: 0.0242s
Epoch: 0163 | loss: 0.1135 Ac:  96.88 P:  96.9 R:  96.9 F1:  96.8 | loss: 1.0149 Ac:  68.30 P:  67.7 R:  68.3 F1:  67.6 | time: 0.0663s
                                                                  | loss: 0.9626 Ac:  69.70 P:  69.2 R:  69.7 F1:  69.2 | time: 0.0243s
Epoch: 0164 | loss: 0.1124 Ac:  97.50 P:  97.6 R:  97.5 F1:  97.5 | loss: 1.0163 Ac:  68.40 P:  67.9 R:  68.4 F1:  67.8 | time: 0.0698s
                                                                  | loss: 0.9640 Ac:  69.85 P:  69.4 R:  69.8 F1:  69.3 | time: 0.0241s
Epoch: 0165 | loss: 0.0967 Ac:  96.88 P:  97.0 R:  96.9 F1:  96.9 | loss: 1.0158 Ac:  68.40 P:  68.1 R:  68.4 F1:  67.9 | time: 0.0682s
                                                                  | loss: 0.9639 Ac:  69.55 P:  69.2 R:  69.5 F1:  69.1 | time: 0.0245s
Epoch: 0166 | loss: 0.0635 Ac:  98.12 P:  98.2 R:  98.1 F1:  98.1 | loss: 1.0146 Ac:  68.40 P:  68.4 R:  68.4 F1:  68.0 | time: 0.0675s
                                                                  | loss: 0.9629 Ac:  69.30 P:  69.1 R:  69.3 F1:  68.9 | time: 0.0245s
Epoch: 0167 | loss: 0.0837 Ac:  98.75 P:  98.8 R:  98.8 F1:  98.7 | loss: 1.0166 Ac:  68.20 P:  68.4 R:  68.2 F1:  67.8 | time: 0.0684s
                                                                  | loss: 0.9640 Ac:  68.90 P:  68.8 R:  68.9 F1:  68.6 | time: 0.0242s
Epoch: 0168 | loss: 0.1098 Ac:  97.50 P:  97.6 R:  97.5 F1:  97.5 | loss: 1.0165 Ac:  68.30 P:  68.5 R:  68.3 F1:  68.0 | time: 0.0675s
                                                                  | loss: 0.9636 Ac:  68.85 P:  68.9 R:  68.9 F1:  68.6 | time: 0.0240s
Epoch: 0169 | loss: 0.0643 Ac:  98.12 P:  98.1 R:  98.1 F1:  98.1 | loss: 1.0141 Ac:  68.10 P:  68.4 R:  68.1 F1:  67.8 | time: 0.0669s
                                                                  | loss: 0.9621 Ac:  68.85 P:  68.9 R:  68.8 F1:  68.6 | time: 0.0241s
Epoch: 0170 | loss: 0.0868 Ac:  96.88 P:  96.9 R:  96.9 F1:  96.9 | loss: 1.0128 Ac:  68.00 P:  68.3 R:  68.0 F1:  67.8 | time: 0.0691s
                                                                  | loss: 0.9618 Ac:  68.95 P:  69.2 R:  69.0 F1:  68.8 | time: 0.0240s
Epoch: 0171 | loss: 0.0755 Ac:  98.12 P:  98.2 R:  98.1 F1:  98.1 | loss: 1.0097 Ac:  68.10 P:  68.5 R:  68.1 F1:  67.9 | time: 0.0663s
                                                                  | loss: 0.9602 Ac:  69.05 P:  69.3 R:  69.1 F1:  68.9 | time: 0.0240s
Epoch: 0172 | loss: 0.1133 Ac:  96.88 P:  96.9 R:  96.9 F1:  96.9 | loss: 1.0063 Ac:  68.20 P:  68.6 R:  68.2 F1:  68.0 | time: 0.0720s
                                                                  | loss: 0.9582 Ac:  68.95 P:  69.2 R:  69.0 F1:  68.8 | time: 0.0241s
Epoch: 0173 | loss: 0.0993 Ac:  97.50 P:  97.6 R:  97.5 F1:  97.5 | loss: 1.0038 Ac:  68.10 P:  68.5 R:  68.1 F1:  67.9 | time: 0.0676s
                                                                  | loss: 0.9568 Ac:  68.80 P:  69.1 R:  68.8 F1:  68.7 | time: 0.0241s
Epoch: 0174 | loss: 0.0633 Ac:  99.38 P:  99.4 R:  99.4 F1:  99.4 | loss: 1.0016 Ac:  67.60 P:  67.9 R:  67.6 F1:  67.4 | time: 0.0677s
                                                                  | loss: 0.9554 Ac:  68.65 P:  68.9 R:  68.6 F1:  68.5 | time: 0.0244s
Epoch: 0175 | loss: 0.0779 Ac:  98.12 P:  98.2 R:  98.1 F1:  98.1 | loss: 1.0000 Ac:  67.70 P:  67.9 R:  67.7 F1:  67.5 | time: 0.0668s
                                                                  | loss: 0.9547 Ac:  68.85 P:  69.1 R:  68.8 F1:  68.8 | time: 0.0241s
Epoch: 0176 | loss: 0.0917 Ac:  97.50 P:  97.6 R:  97.5 F1:  97.5 | loss: 1.0008 Ac:  67.60 P:  67.7 R:  67.6 F1:  67.3 | time: 0.0701s
                                                                  | loss: 0.9562 Ac:  68.75 P:  69.0 R:  68.8 F1:  68.7 | time: 0.0241s
Epoch: 0177 | loss: 0.0509 Ac:  98.75 P:  98.8 R:  98.8 F1:  98.8 | loss: 1.0019 Ac:  67.60 P:  67.8 R:  67.6 F1:  67.4 | time: 0.0699s
                                                                  | loss: 0.9580 Ac:  68.65 P:  69.0 R:  68.6 F1:  68.6 | time: 0.0240s
Epoch: 0178 | loss: 0.0565 Ac:  99.38 P:  99.4 R:  99.4 F1:  99.4 | loss: 1.0034 Ac:  67.70 P:  67.9 R:  67.7 F1:  67.4 | time: 0.0697s
                                                                  | loss: 0.9601 Ac:  68.45 P:  68.9 R:  68.4 F1:  68.4 | time: 0.0241s
Epoch: 0179 | loss: 0.1043 Ac:  95.00 P:  95.4 R:  95.0 F1:  94.9 | loss: 1.0041 Ac:  67.50 P:  67.6 R:  67.5 F1:  67.2 | time: 0.0691s
                                                                  | loss: 0.9611 Ac:  68.65 P:  69.1 R:  68.6 F1:  68.6 | time: 0.0241s
Epoch: 0180 | loss: 0.0692 Ac:  98.75 P:  98.8 R:  98.8 F1:  98.7 | loss: 1.0058 Ac:  67.20 P:  67.2 R:  67.2 F1:  66.9 | time: 0.0697s
                                                                  | loss: 0.9629 Ac:  68.50 P:  68.9 R:  68.5 F1:  68.5 | time: 0.0241s
Epoch: 0181 | loss: 0.0495 Ac:  98.75 P:  98.8 R:  98.8 F1:  98.8 | loss: 1.0076 Ac:  67.20 P:  67.2 R:  67.2 F1:  66.9 | time: 0.0679s
                                                                  | loss: 0.9652 Ac:  68.35 P:  68.8 R:  68.3 F1:  68.3 | time: 0.0241s
Epoch: 0182 | loss: 0.0750 Ac:  99.38 P:  99.4 R:  99.4 F1:  99.4 | loss: 1.0089 Ac:  67.10 P:  67.1 R:  67.1 F1:  66.8 | time: 0.0668s
                                                                  | loss: 0.9669 Ac:  68.35 P:  68.8 R:  68.3 F1:  68.4 | time: 0.0241s
Epoch: 0183 | loss: 0.1052 Ac:  97.50 P:  97.6 R:  97.5 F1:  97.5 | loss: 1.0104 Ac:  67.20 P:  67.1 R:  67.2 F1:  66.9 | time: 0.0684s
                                                                  | loss: 0.9690 Ac:  68.40 P:  68.9 R:  68.4 F1:  68.4 | time: 0.0241s
Epoch: 0184 | loss: 0.0579 Ac:  99.38 P:  99.4 R:  99.4 F1:  99.4 | loss: 1.0115 Ac:  67.10 P:  67.0 R:  67.1 F1:  66.8 | time: 0.0697s
                                                                  | loss: 0.9706 Ac:  68.15 P:  68.5 R:  68.2 F1:  68.2 | time: 0.0241s
Epoch: 0185 | loss: 0.0796 Ac:  98.75 P:  98.8 R:  98.8 F1:  98.7 | loss: 1.0126 Ac:  67.00 P:  67.0 R:  67.0 F1:  66.7 | time: 0.0696s
                                                                  | loss: 0.9721 Ac:  68.05 P:  68.5 R:  68.1 F1:  68.1 | time: 0.0242s
Epoch: 0186 | loss: 0.0722 Ac:  98.12 P:  98.1 R:  98.1 F1:  98.1 | loss: 1.0141 Ac:  67.00 P:  67.0 R:  67.0 F1:  66.7 | time: 0.0693s
                                                                  | loss: 0.9741 Ac:  68.10 P:  68.6 R:  68.1 F1:  68.2 | time: 0.0241s
Epoch: 0187 | loss: 0.0933 Ac:  96.88 P:  96.9 R:  96.9 F1:  96.9 | loss: 1.0156 Ac:  67.20 P:  67.1 R:  67.2 F1:  66.9 | time: 0.0673s
                                                                  | loss: 0.9761 Ac:  68.20 P:  68.7 R:  68.2 F1:  68.3 | time: 0.0245s
Epoch: 0188 | loss: 0.0521 Ac:  99.38 P:  99.4 R:  99.4 F1:  99.4 | loss: 1.0173 Ac:  67.20 P:  67.1 R:  67.2 F1:  66.9 | time: 0.0706s
                                                                  | loss: 0.9783 Ac:  68.15 P:  68.7 R:  68.2 F1:  68.3 | time: 0.0247s
Epoch: 0189 | loss: 0.0487 Ac: 100.00 P: 100.0 R: 100.0 F1: 100.0 | loss: 1.0191 Ac:  67.20 P:  67.1 R:  67.2 F1:  66.9 | time: 0.0702s
                                                                  | loss: 0.9805 Ac:  68.20 P:  68.8 R:  68.2 F1:  68.3 | time: 0.0246s
Epoch: 0190 | loss: 0.0563 Ac:  98.75 P:  98.8 R:  98.8 F1:  98.7 | loss: 1.0203 Ac:  66.90 P:  66.7 R:  66.9 F1:  66.6 | time: 0.0683s
                                                                  | loss: 0.9821 Ac:  68.30 P:  68.8 R:  68.3 F1:  68.4 | time: 0.0247s
Epoch: 0191 | loss: 0.0893 Ac:  96.88 P:  96.9 R:  96.9 F1:  96.9 | loss: 1.0218 Ac:  67.00 P:  66.9 R:  67.0 F1:  66.8 | time: 0.0674s
                                                                  | loss: 0.9841 Ac:  68.35 P:  68.9 R:  68.3 F1:  68.5 | time: 0.0241s
Epoch: 0192 | loss: 0.0771 Ac:  98.75 P:  98.8 R:  98.8 F1:  98.7 | loss: 1.0233 Ac:  67.00 P:  66.9 R:  67.0 F1:  66.8 | time: 0.0698s
                                                                  | loss: 0.9858 Ac:  68.45 P:  69.0 R:  68.5 F1:  68.6 | time: 0.0245s
Epoch: 0193 | loss: 0.0812 Ac:  96.88 P:  97.1 R:  96.9 F1:  96.9 | loss: 1.0261 Ac:  67.10 P:  67.0 R:  67.1 F1:  66.9 | time: 0.0687s
                                                                  | loss: 0.9884 Ac:  68.15 P:  68.9 R:  68.2 F1:  68.4 | time: 0.0242s
Epoch: 0194 | loss: 0.0604 Ac:  99.38 P:  99.4 R:  99.4 F1:  99.4 | loss: 1.0297 Ac:  67.00 P:  67.0 R:  67.0 F1:  66.8 | time: 0.0704s
                                                                  | loss: 0.9914 Ac:  68.20 P:  69.0 R:  68.2 F1:  68.5 | time: 0.0241s
Epoch: 0195 | loss: 0.0956 Ac:  96.25 P:  96.4 R:  96.2 F1:  96.3 | loss: 1.0328 Ac:  67.20 P:  67.1 R:  67.2 F1:  67.0 | time: 0.0698s
                                                                  | loss: 0.9937 Ac:  68.45 P:  69.2 R:  68.5 F1:  68.7 | time: 0.0242s
Epoch: 0196 | loss: 0.0580 Ac:  99.38 P:  99.4 R:  99.4 F1:  99.4 | loss: 1.0364 Ac:  67.00 P:  66.9 R:  67.0 F1:  66.8 | time: 0.0719s
                                                                  | loss: 0.9964 Ac:  68.55 P:  69.2 R:  68.5 F1:  68.7 | time: 0.0247s
Epoch: 0197 | loss: 0.0616 Ac:  98.75 P:  98.8 R:  98.8 F1:  98.7 | loss: 1.0407 Ac:  66.90 P:  66.7 R:  66.9 F1:  66.6 | time: 0.0723s
                                                                  | loss: 0.9997 Ac:  68.35 P:  68.7 R:  68.3 F1:  68.4 | time: 0.0240s
Epoch: 0198 | loss: 0.1128 Ac:  96.88 P:  96.9 R:  96.9 F1:  96.9 | loss: 1.0453 Ac:  67.40 P:  67.0 R:  67.4 F1:  67.0 | time: 0.0702s
                                                                  | loss: 1.0031 Ac:  68.35 P:  68.4 R:  68.3 F1:  68.3 | time: 0.0241s
Epoch: 0199 | loss: 0.0905 Ac:  97.50 P:  97.5 R:  97.5 F1:  97.5 | loss: 1.0496 Ac:  67.20 P:  66.7 R:  67.2 F1:  66.7 | time: 0.0677s
                                                                  | loss: 1.0065 Ac:  68.60 P:  68.5 R:  68.6 F1:  68.4 | time: 0.0242s
Epoch: 0200 | loss: 0.0911 Ac:  97.50 P:  97.6 R:  97.5 F1:  97.5 | loss: 1.0564 Ac:  67.70 P:  67.2 R:  67.7 F1:  67.2 | time: 0.0699s
                                                                  | loss: 1.0117 Ac:  69.10 P:  68.8 R:  69.1 F1:  68.7 | time: 0.0245s
Epoch: 0201 | loss: 0.0480 Ac:  98.75 P:  98.8 R:  98.8 F1:  98.7 | loss: 1.0633 Ac:  67.60 P:  67.0 R:  67.6 F1:  66.9 | time: 0.0676s
                                                                  | loss: 1.0172 Ac:  69.10 P:  68.7 R:  69.1 F1:  68.7 | time: 0.0241s
Epoch: 0202 | loss: 0.0881 Ac:  98.12 P:  98.3 R:  98.1 F1:  98.1 | loss: 1.0706 Ac:  67.40 P:  66.8 R:  67.4 F1:  66.6 | time: 0.0666s
                                                                  | loss: 1.0232 Ac:  69.15 P:  68.7 R:  69.2 F1:  68.6 | time: 0.0241s
Epoch: 0203 | loss: 0.0596 Ac:  98.75 P:  98.8 R:  98.8 F1:  98.7 | loss: 1.0755 Ac:  67.20 P:  66.5 R:  67.2 F1:  66.4 | time: 0.0664s
                                                                  | loss: 1.0273 Ac:  69.10 P:  68.6 R:  69.1 F1:  68.6 | time: 0.0241s
Epoch: 0204 | loss: 0.0796 Ac:  97.50 P:  97.6 R:  97.5 F1:  97.5 | loss: 1.0811 Ac:  67.30 P:  66.7 R:  67.3 F1:  66.5 | time: 0.0667s
                                                                  | loss: 1.0321 Ac:  69.25 P:  68.7 R:  69.2 F1:  68.7 | time: 0.0241s
Epoch: 0205 | loss: 0.0665 Ac:  97.50 P:  97.6 R:  97.5 F1:  97.5 | loss: 1.0865 Ac:  67.40 P:  67.0 R:  67.4 F1:  66.7 | time: 0.0686s
                                                                  | loss: 1.0368 Ac:  69.15 P:  68.6 R:  69.2 F1:  68.5 | time: 0.0240s
Epoch: 0206 | loss: 0.0881 Ac:  96.88 P:  96.9 R:  96.9 F1:  96.9 | loss: 1.0889 Ac:  67.50 P:  67.2 R:  67.5 F1:  66.8 | time: 0.0697s
                                                                  | loss: 1.0388 Ac:  69.05 P:  68.6 R:  69.0 F1:  68.5 | time: 0.0241s
Epoch: 0207 | loss: 0.0637 Ac:  98.12 P:  98.2 R:  98.1 F1:  98.1 | loss: 1.0869 Ac:  67.40 P:  67.2 R:  67.4 F1:  66.7 | time: 0.0707s
                                                                  | loss: 1.0366 Ac:  69.05 P:  68.7 R:  69.0 F1:  68.6 | time: 0.0241s
Epoch: 0208 | loss: 0.0685 Ac:  98.12 P:  98.1 R:  98.1 F1:  98.1 | loss: 1.0813 Ac:  67.40 P:  67.1 R:  67.4 F1:  66.8 | time: 0.0716s
                                                                  | loss: 1.0312 Ac:  68.75 P:  68.5 R:  68.8 F1:  68.3 | time: 0.0241s
Epoch: 0209 | loss: 0.0604 Ac:  98.12 P:  98.2 R:  98.1 F1:  98.1 | loss: 1.0753 Ac:  67.60 P:  67.4 R:  67.6 F1:  67.1 | time: 0.0714s
                                                                  | loss: 1.0257 Ac:  68.60 P:  68.5 R:  68.6 F1:  68.3 | time: 0.0241s
Epoch: 0210 | loss: 0.1005 Ac:  96.25 P:  96.3 R:  96.2 F1:  96.2 | loss: 1.0704 Ac:  67.50 P:  67.4 R:  67.5 F1:  67.0 | time: 0.0681s
                                                                  | loss: 1.0210 Ac:  68.40 P:  68.3 R:  68.4 F1:  68.1 | time: 0.0244s
Epoch: 0211 | loss: 0.0594 Ac:  97.50 P:  97.5 R:  97.5 F1:  97.5 | loss: 1.0656 Ac:  67.50 P:  67.4 R:  67.5 F1:  67.1 | time: 0.0664s
                                                                  | loss: 1.0165 Ac:  68.65 P:  68.6 R:  68.7 F1:  68.4 | time: 0.0244s
Epoch: 0212 | loss: 0.0752 Ac:  97.50 P:  97.6 R:  97.5 F1:  97.5 | loss: 1.0628 Ac:  67.50 P:  67.3 R:  67.5 F1:  67.1 | time: 0.0712s
                                                                  | loss: 1.0136 Ac:  68.50 P:  68.5 R:  68.5 F1:  68.3 | time: 0.0247s
Epoch: 0213 | loss: 0.0533 Ac:  98.75 P:  98.8 R:  98.8 F1:  98.7 | loss: 1.0610 Ac:  67.70 P:  67.5 R:  67.7 F1:  67.3 | time: 0.0706s
                                                                  | loss: 1.0117 Ac:  68.40 P:  68.4 R:  68.4 F1:  68.2 | time: 0.0242s
Epoch: 0214 | loss: 0.0361 Ac:  99.38 P:  99.4 R:  99.4 F1:  99.4 | loss: 1.0597 Ac:  67.40 P:  67.2 R:  67.4 F1:  67.0 | time: 0.0706s
                                                                  | loss: 1.0104 Ac:  68.35 P:  68.5 R:  68.3 F1:  68.3 | time: 0.0242s
Epoch: 0215 | loss: 0.0590 Ac:  98.12 P:  98.1 R:  98.1 F1:  98.1 | loss: 1.0596 Ac:  67.70 P:  67.6 R:  67.7 F1:  67.4 | time: 0.0698s
                                                                  | loss: 1.0102 Ac:  68.55 P:  68.8 R:  68.5 F1:  68.5 | time: 0.0240s
Epoch: 0216 | loss: 0.0370 Ac: 100.00 P: 100.0 R: 100.0 F1: 100.0 | loss: 1.0590 Ac:  67.60 P:  67.6 R:  67.6 F1:  67.3 | time: 0.0698s
                                                                  | loss: 1.0096 Ac:  68.40 P:  68.6 R:  68.4 F1:  68.3 | time: 0.0246s
Epoch: 0217 | loss: 0.0818 Ac:  98.12 P:  98.2 R:  98.1 F1:  98.1 | loss: 1.0585 Ac:  67.60 P:  67.6 R:  67.6 F1:  67.3 | time: 0.0702s
                                                                  | loss: 1.0089 Ac:  68.40 P:  68.7 R:  68.4 F1:  68.4 | time: 0.0254s
Epoch: 0218 | loss: 0.0872 Ac:  98.75 P:  98.8 R:  98.8 F1:  98.8 | loss: 1.0570 Ac:  67.90 P:  67.9 R:  67.9 F1:  67.6 | time: 0.0693s
                                                                  | loss: 1.0074 Ac:  68.20 P:  68.4 R:  68.2 F1:  68.1 | time: 0.0241s
Epoch: 0219 | loss: 0.0729 Ac:  99.38 P:  99.4 R:  99.4 F1:  99.4 | loss: 1.0564 Ac:  67.80 P:  67.7 R:  67.8 F1:  67.5 | time: 0.0698s
                                                                  | loss: 1.0066 Ac:  68.20 P:  68.3 R:  68.2 F1:  68.1 | time: 0.0241s
Epoch: 0220 | loss: 0.0673 Ac:  98.75 P:  98.8 R:  98.8 F1:  98.7 | loss: 1.0566 Ac:  67.80 P:  67.7 R:  67.8 F1:  67.5 | time: 0.0699s
                                                                  | loss: 1.0065 Ac:  68.05 P:  68.2 R:  68.0 F1:  67.9 | time: 0.0242s
Epoch: 0221 | loss: 0.0607 Ac:  98.12 P:  98.2 R:  98.1 F1:  98.1 | loss: 1.0571 Ac:  67.70 P:  67.6 R:  67.7 F1:  67.4 | time: 0.0696s
                                                                  | loss: 1.0065 Ac:  68.10 P:  68.3 R:  68.1 F1:  68.0 | time: 0.0244s
Epoch: 0222 | loss: 0.0705 Ac:  98.12 P:  98.2 R:  98.1 F1:  98.1 | loss: 1.0583 Ac:  68.00 P:  68.0 R:  68.0 F1:  67.7 | time: 0.0727s
                                                                  | loss: 1.0072 Ac:  68.10 P:  68.3 R:  68.1 F1:  68.0 | time: 0.0240s
Epoch: 0223 | loss: 0.0503 Ac:  98.75 P:  98.8 R:  98.8 F1:  98.8 | loss: 1.0600 Ac:  67.70 P:  67.7 R:  67.7 F1:  67.4 | time: 0.0700s
                                                                  | loss: 1.0086 Ac:  67.95 P:  68.2 R:  68.0 F1:  67.9 | time: 0.0243s
Epoch: 0224 | loss: 0.0557 Ac:  99.38 P:  99.4 R:  99.4 F1:  99.4 | loss: 1.0620 Ac:  67.60 P:  67.6 R:  67.6 F1:  67.3 | time: 0.0697s
                                                                  | loss: 1.0105 Ac:  68.00 P:  68.3 R:  68.0 F1:  67.9 | time: 0.0245s
Epoch: 0225 | loss: 0.0682 Ac:  98.75 P:  98.8 R:  98.8 F1:  98.7 | loss: 1.0634 Ac:  67.50 P:  67.5 R:  67.5 F1:  67.2 | time: 0.0700s
                                                                  | loss: 1.0120 Ac:  68.00 P:  68.3 R:  68.0 F1:  67.9 | time: 0.0247s
Epoch: 0226 | loss: 0.0875 Ac:  96.88 P:  97.2 R:  96.9 F1:  96.9 | loss: 1.0693 Ac:  67.80 P:  67.9 R:  67.8 F1:  67.5 | time: 0.0700s
                                                                  | loss: 1.0172 Ac:  67.75 P:  68.1 R:  67.8 F1:  67.7 | time: 0.0240s
Epoch: 0227 | loss: 0.0413 Ac:  99.38 P:  99.4 R:  99.4 F1:  99.4 | loss: 1.0743 Ac:  67.50 P:  67.6 R:  67.5 F1:  67.2 | time: 0.0691s
                                                                  | loss: 1.0218 Ac:  67.65 P:  67.9 R:  67.7 F1:  67.5 | time: 0.0241s
Epoch: 0228 | loss: 0.0484 Ac:  98.75 P:  98.8 R:  98.8 F1:  98.7 | loss: 1.0800 Ac:  67.00 P:  67.1 R:  67.0 F1:  66.6 | time: 0.0697s
                                                                  | loss: 1.0269 Ac:  67.40 P:  67.8 R:  67.4 F1:  67.3 | time: 0.0240s
Epoch: 0229 | loss: 0.0684 Ac:  98.75 P:  98.8 R:  98.8 F1:  98.7 | loss: 1.0845 Ac:  66.80 P:  66.9 R:  66.8 F1:  66.4 | time: 0.0663s
                                                                  | loss: 1.0317 Ac:  67.40 P:  67.8 R:  67.4 F1:  67.2 | time: 0.0241s
Epoch: 0230 | loss: 0.0504 Ac:  98.12 P:  98.1 R:  98.1 F1:  98.1 | loss: 1.0876 Ac:  66.40 P:  66.6 R:  66.4 F1:  66.0 | time: 0.0722s
                                                                  | loss: 1.0354 Ac:  67.35 P:  67.8 R:  67.3 F1:  67.2 | time: 0.0241s
Epoch: 0231 | loss: 0.0423 Ac:  99.38 P:  99.4 R:  99.4 F1:  99.4 | loss: 1.0903 Ac:  66.50 P:  66.7 R:  66.5 F1:  66.1 | time: 0.0706s
                                                                  | loss: 1.0382 Ac:  67.15 P:  67.6 R:  67.2 F1:  67.0 | time: 0.0241s
Epoch: 0232 | loss: 0.0522 Ac:  99.38 P:  99.4 R:  99.4 F1:  99.4 | loss: 1.0937 Ac:  66.40 P:  66.7 R:  66.4 F1:  66.1 | time: 0.0719s
                                                                  | loss: 1.0416 Ac:  67.10 P:  67.7 R:  67.1 F1:  67.0 | time: 0.0241s
Epoch: 0233 | loss: 0.0973 Ac:  96.88 P:  97.0 R:  96.9 F1:  96.9 | loss: 1.0962 Ac:  66.30 P:  66.6 R:  66.3 F1:  66.0 | time: 0.0698s
                                                                  | loss: 1.0436 Ac:  66.95 P:  67.5 R:  67.0 F1:  66.8 | time: 0.0241s
Epoch: 0234 | loss: 0.0484 Ac:  98.75 P:  98.8 R:  98.8 F1:  98.7 | loss: 1.0978 Ac:  66.30 P:  66.7 R:  66.3 F1:  66.0 | time: 0.0692s
                                                                  | loss: 1.0451 Ac:  66.95 P:  67.5 R:  67.0 F1:  66.8 | time: 0.0240s
Epoch: 0235 | loss: 0.0270 Ac:  99.38 P:  99.4 R:  99.4 F1:  99.4 | loss: 1.0999 Ac:  66.30 P:  66.7 R:  66.3 F1:  66.0 | time: 0.0683s
                                                                  | loss: 1.0469 Ac:  67.00 P:  67.6 R:  67.0 F1:  66.9 | time: 0.0243s
Epoch: 0236 | loss: 0.0526 Ac:  98.75 P:  98.8 R:  98.8 F1:  98.7 | loss: 1.1016 Ac:  66.20 P:  66.5 R:  66.2 F1:  65.9 | time: 0.0693s
                                                                  | loss: 1.0485 Ac:  66.95 P:  67.6 R:  67.0 F1:  66.8 | time: 0.0244s
Epoch: 0237 | loss: 0.0579 Ac:  98.12 P:  98.2 R:  98.1 F1:  98.1 | loss: 1.1030 Ac:  66.20 P:  66.6 R:  66.2 F1:  65.9 | time: 0.0701s
                                                                  | loss: 1.0497 Ac:  67.00 P:  67.5 R:  67.0 F1:  66.9 | time: 0.0241s
Epoch: 0238 | loss: 0.0745 Ac:  96.25 P:  96.5 R:  96.2 F1:  96.3 | loss: 1.1030 Ac:  66.20 P:  66.4 R:  66.2 F1:  65.8 | time: 0.0703s
                                                                  | loss: 1.0490 Ac:  67.00 P:  67.4 R:  67.0 F1:  66.8 | time: 0.0241s
Epoch: 0239 | loss: 0.0663 Ac:  98.12 P:  98.2 R:  98.1 F1:  98.1 | loss: 1.1045 Ac:  66.70 P:  66.9 R:  66.7 F1:  66.3 | time: 0.0692s
                                                                  | loss: 1.0498 Ac:  67.20 P:  67.5 R:  67.2 F1:  67.0 | time: 0.0242s
Epoch: 0240 | loss: 0.0416 Ac:  98.75 P:  98.8 R:  98.8 F1:  98.7 | loss: 1.1063 Ac:  66.80 P:  66.8 R:  66.8 F1:  66.4 | time: 0.0729s
                                                                  | loss: 1.0513 Ac:  67.70 P:  67.8 R:  67.7 F1:  67.4 | time: 0.0243s
Epoch: 0241 | loss: 0.0516 Ac:  98.75 P:  98.8 R:  98.8 F1:  98.7 | loss: 1.1071 Ac:  67.10 P:  66.9 R:  67.1 F1:  66.6 | time: 0.0709s
                                                                  | loss: 1.0518 Ac:  67.90 P:  67.9 R:  67.9 F1:  67.6 | time: 0.0248s
Epoch: 0242 | loss: 0.0538 Ac:  97.50 P:  97.6 R:  97.5 F1:  97.5 | loss: 1.1097 Ac:  67.30 P:  67.1 R:  67.3 F1:  66.8 | time: 0.0702s
                                                                  | loss: 1.0540 Ac:  68.15 P:  67.9 R:  68.2 F1:  67.8 | time: 0.0246s
Epoch: 0243 | loss: 0.0937 Ac:  95.62 P:  95.7 R:  95.6 F1:  95.6 | loss: 1.1113 Ac:  67.20 P:  66.9 R:  67.2 F1:  66.7 | time: 0.0733s
                                                                  | loss: 1.0549 Ac:  68.10 P:  67.9 R:  68.1 F1:  67.7 | time: 0.0245s
Epoch: 0244 | loss: 0.0681 Ac:  97.50 P:  97.6 R:  97.5 F1:  97.5 | loss: 1.1114 Ac:  67.30 P:  67.1 R:  67.3 F1:  66.8 | time: 0.0713s
                                                                  | loss: 1.0547 Ac:  67.90 P:  67.8 R:  67.9 F1:  67.6 | time: 0.0329s
Epoch: 0245 | loss: 0.0766 Ac:  98.12 P:  98.2 R:  98.1 F1:  98.1 | loss: 1.1103 Ac:  67.40 P:  67.2 R:  67.4 F1:  66.9 | time: 0.0788s
                                                                  | loss: 1.0541 Ac:  67.95 P:  67.9 R:  68.0 F1:  67.7 | time: 0.0304s
Epoch: 0246 | loss: 0.0609 Ac:  98.12 P:  98.2 R:  98.1 F1:  98.1 | loss: 1.1092 Ac:  67.10 P:  67.1 R:  67.1 F1:  66.8 | time: 0.0795s
                                                                  | loss: 1.0543 Ac:  67.65 P:  67.8 R:  67.7 F1:  67.4 | time: 0.0335s
Epoch: 0247 | loss: 0.0559 Ac:  98.75 P:  98.8 R:  98.8 F1:  98.7 | loss: 1.1085 Ac:  66.90 P:  66.9 R:  66.9 F1:  66.6 | time: 0.0718s
                                                                  | loss: 1.0546 Ac:  67.45 P:  67.7 R:  67.5 F1:  67.3 | time: 0.0275s
Epoch: 0248 | loss: 0.0561 Ac:  98.75 P:  98.8 R:  98.8 F1:  98.7 | loss: 1.1081 Ac:  66.90 P:  66.9 R:  66.9 F1:  66.6 | time: 0.0750s
                                                                  | loss: 1.0550 Ac:  67.35 P:  67.7 R:  67.3 F1:  67.2 | time: 0.0305s
Epoch: 0249 | loss: 0.0739 Ac:  98.12 P:  98.2 R:  98.1 F1:  98.1 | loss: 1.1062 Ac:  67.00 P:  67.0 R:  67.0 F1:  66.7 | time: 0.0806s
                                                                  | loss: 1.0541 Ac:  67.40 P:  67.7 R:  67.4 F1:  67.3 | time: 0.0319s
Epoch: 0250 | loss: 0.0629 Ac:  98.75 P:  98.8 R:  98.8 F1:  98.7 | loss: 1.1029 Ac:  67.20 P:  67.2 R:  67.2 F1:  66.9 | time: 0.0727s
                                                                  | loss: 1.0523 Ac:  67.40 P:  67.7 R:  67.4 F1:  67.3 | time: 0.0320s
Epoch: 0251 | loss: 0.0418 Ac:  99.38 P:  99.4 R:  99.4 F1:  99.4 | loss: 1.0993 Ac:  67.20 P:  67.2 R:  67.2 F1:  66.9 | time: 0.0767s
                                                                  | loss: 1.0502 Ac:  67.50 P:  67.8 R:  67.5 F1:  67.4 | time: 0.0255s
Epoch: 0252 | loss: 0.0813 Ac:  96.88 P:  96.9 R:  96.9 F1:  96.9 | loss: 1.0966 Ac:  67.30 P:  67.5 R:  67.3 F1:  67.1 | time: 0.0726s
                                                                  | loss: 1.0487 Ac:  67.45 P:  67.8 R:  67.5 F1:  67.4 | time: 0.0274s
Epoch: 0253 | loss: 0.0669 Ac:  97.50 P:  97.5 R:  97.5 F1:  97.5 | loss: 1.0944 Ac:  67.10 P:  67.2 R:  67.1 F1:  66.9 | time: 0.0690s
                                                                  | loss: 1.0474 Ac:  67.50 P:  67.8 R:  67.5 F1:  67.5 | time: 0.0253s
Epoch: 0254 | loss: 0.0441 Ac:  98.75 P:  98.8 R:  98.8 F1:  98.7 | loss: 1.0941 Ac:  67.30 P:  67.4 R:  67.3 F1:  67.1 | time: 0.0737s
                                                                  | loss: 1.0476 Ac:  67.25 P:  67.7 R:  67.3 F1:  67.3 | time: 0.0266s
Epoch: 0255 | loss: 0.0676 Ac:  98.75 P:  98.8 R:  98.8 F1:  98.7 | loss: 1.0939 Ac:  67.50 P:  67.6 R:  67.5 F1:  67.3 | time: 0.0749s
                                                                  | loss: 1.0476 Ac:  67.20 P:  67.7 R:  67.2 F1:  67.2 | time: 0.0251s
Epoch: 0256 | loss: 0.0763 Ac:  97.50 P:  97.6 R:  97.5 F1:  97.5 | loss: 1.0916 Ac:  67.40 P:  67.5 R:  67.4 F1:  67.2 | time: 0.0701s
                                                                  | loss: 1.0461 Ac:  67.20 P:  67.7 R:  67.2 F1:  67.3 | time: 0.0249s
Epoch: 0257 | loss: 0.0599 Ac:  98.12 P:  98.1 R:  98.1 F1:  98.1 | loss: 1.0894 Ac:  67.30 P:  67.4 R:  67.3 F1:  67.1 | time: 0.0741s
                                                                  | loss: 1.0442 Ac:  67.55 P:  67.9 R:  67.5 F1:  67.6 | time: 0.0241s
Epoch: 0258 | loss: 0.0881 Ac:  97.50 P:  97.5 R:  97.5 F1:  97.5 | loss: 1.0883 Ac:  67.10 P:  67.0 R:  67.1 F1:  66.8 | time: 0.0721s
                                                                  | loss: 1.0432 Ac:  67.70 P:  68.0 R:  67.7 F1:  67.7 | time: 0.0260s
Epoch: 0259 | loss: 0.0916 Ac:  96.25 P:  96.3 R:  96.2 F1:  96.3 | loss: 1.0872 Ac:  67.00 P:  66.8 R:  67.0 F1:  66.7 | time: 0.0721s
                                                                  | loss: 1.0423 Ac:  67.75 P:  68.0 R:  67.8 F1:  67.8 | time: 0.0245s
Epoch: 0260 | loss: 0.0480 Ac:  98.75 P:  98.8 R:  98.8 F1:  98.7 | loss: 1.0866 Ac:  66.80 P:  66.6 R:  66.8 F1:  66.5 | time: 0.0732s
                                                                  | loss: 1.0419 Ac:  67.80 P:  68.2 R:  67.8 F1:  67.8 | time: 0.0244s
Epoch: 0261 | loss: 0.1004 Ac:  96.88 P:  96.9 R:  96.9 F1:  96.9 | loss: 1.0859 Ac:  66.60 P:  66.5 R:  66.6 F1:  66.3 | time: 0.0713s
                                                                  | loss: 1.0416 Ac:  67.95 P:  68.4 R:  68.0 F1:  68.0 | time: 0.0285s
Epoch: 0262 | loss: 0.0885 Ac:  96.88 P:  97.1 R:  96.9 F1:  96.9 | loss: 1.0863 Ac:  66.50 P:  66.4 R:  66.5 F1:  66.2 | time: 0.0732s
                                                                  | loss: 1.0418 Ac:  67.70 P:  68.4 R:  67.7 F1:  67.9 | time: 0.0266s
Epoch: 0263 | loss: 0.0579 Ac:  98.75 P:  98.8 R:  98.8 F1:  98.7 | loss: 1.0871 Ac:  67.00 P:  67.1 R:  67.0 F1:  66.8 | time: 0.0737s
                                                                  | loss: 1.0422 Ac:  67.65 P:  68.5 R:  67.7 F1:  67.9 | time: 0.0269s
Epoch: 0264 | loss: 0.0881 Ac:  98.75 P:  98.8 R:  98.8 F1:  98.7 | loss: 1.0888 Ac:  66.70 P:  67.1 R:  66.7 F1:  66.6 | time: 0.0706s
                                                                  | loss: 1.0435 Ac:  67.10 P:  68.1 R:  67.1 F1:  67.4 | time: 0.0241s
Epoch: 0265 | loss: 0.0587 Ac:  96.88 P:  96.9 R:  96.9 F1:  96.9 | loss: 1.0905 Ac:  66.70 P:  67.3 R:  66.7 F1:  66.7 | time: 0.0713s
                                                                  | loss: 1.0448 Ac:  66.85 P:  68.1 R:  66.8 F1:  67.2 | time: 0.0252s
Epoch: 0266 | loss: 0.0387 Ac:  99.38 P:  99.4 R:  99.4 F1:  99.4 | loss: 1.0917 Ac:  66.50 P:  67.2 R:  66.5 F1:  66.5 | time: 0.0731s
                                                                  | loss: 1.0458 Ac:  66.60 P:  67.9 R:  66.6 F1:  67.0 | time: 0.0246s
Epoch: 0267 | loss: 0.0331 Ac:  99.38 P:  99.4 R:  99.4 F1:  99.4 | loss: 1.0920 Ac:  66.60 P:  67.3 R:  66.6 F1:  66.6 | time: 0.0720s
                                                                  | loss: 1.0460 Ac:  66.55 P:  67.9 R:  66.5 F1:  66.9 | time: 0.0322s
Epoch: 0268 | loss: 0.0209 Ac: 100.00 P: 100.0 R: 100.0 F1: 100.0 | loss: 1.0922 Ac:  66.50 P:  67.2 R:  66.5 F1:  66.5 | time: 0.0702s
                                                                  | loss: 1.0462 Ac:  66.45 P:  67.8 R:  66.5 F1:  66.8 | time: 0.0242s
Epoch: 0269 | loss: 0.0774 Ac:  98.12 P:  98.2 R:  98.1 F1:  98.1 | loss: 1.0923 Ac:  66.40 P:  67.1 R:  66.4 F1:  66.4 | time: 0.0751s
                                                                  | loss: 1.0463 Ac:  66.35 P:  67.7 R:  66.3 F1:  66.7 | time: 0.0241s
Epoch: 0270 | loss: 0.1186 Ac:  96.88 P:  96.9 R:  96.9 F1:  96.9 | loss: 1.0917 Ac:  66.70 P:  67.3 R:  66.7 F1:  66.6 | time: 0.0754s
                                                                  | loss: 1.0455 Ac:  66.55 P:  67.8 R:  66.5 F1:  66.8 | time: 0.0290s
Epoch: 0271 | loss: 0.0688 Ac:  98.12 P:  98.1 R:  98.1 F1:  98.1 | loss: 1.0906 Ac:  67.10 P:  67.6 R:  67.1 F1:  67.0 | time: 0.0761s
                                                                  | loss: 1.0441 Ac:  66.70 P:  67.8 R:  66.7 F1:  66.9 | time: 0.0277s
Epoch: 0272 | loss: 0.0508 Ac:  97.50 P:  97.5 R:  97.5 F1:  97.5 | loss: 1.0891 Ac:  67.00 P:  67.3 R:  67.0 F1:  66.8 | time: 0.0760s
                                                                  | loss: 1.0423 Ac:  67.30 P:  68.1 R:  67.3 F1:  67.4 | time: 0.0273s
Epoch: 0273 | loss: 0.0700 Ac:  96.88 P:  97.0 R:  96.9 F1:  96.9 | loss: 1.0874 Ac:  67.40 P:  67.5 R:  67.4 F1:  67.2 | time: 0.0778s
                                                                  | loss: 1.0405 Ac:  67.45 P:  67.9 R:  67.5 F1:  67.4 | time: 0.0247s
Epoch: 0274 | loss: 0.0877 Ac:  97.50 P:  97.6 R:  97.5 F1:  97.5 | loss: 1.0859 Ac:  67.30 P:  67.3 R:  67.3 F1:  67.0 | time: 0.0738s
                                                                  | loss: 1.0393 Ac:  67.65 P:  68.0 R:  67.7 F1:  67.6 | time: 0.0246s
Epoch: 0275 | loss: 0.0491 Ac:  98.75 P:  98.8 R:  98.8 F1:  98.7 | loss: 1.0840 Ac:  67.40 P:  67.3 R:  67.4 F1:  67.1 | time: 0.0711s
                                                                  | loss: 1.0379 Ac:  67.70 P:  68.0 R:  67.7 F1:  67.6 | time: 0.0241s
Epoch: 0276 | loss: 0.0558 Ac:  98.12 P:  98.2 R:  98.1 F1:  98.1 | loss: 1.0818 Ac:  67.30 P:  67.2 R:  67.3 F1:  67.0 | time: 0.0713s
                                                                  | loss: 1.0358 Ac:  67.80 P:  68.0 R:  67.8 F1:  67.7 | time: 0.0242s
Epoch: 0277 | loss: 0.0328 Ac:  99.38 P:  99.4 R:  99.4 F1:  99.4 | loss: 1.0803 Ac:  67.60 P:  67.4 R:  67.6 F1:  67.3 | time: 0.0725s
                                                                  | loss: 1.0344 Ac:  68.50 P:  68.5 R:  68.5 F1:  68.3 | time: 0.0241s
Epoch: 0278 | loss: 0.0466 Ac:  98.12 P:  98.1 R:  98.1 F1:  98.1 | loss: 1.0796 Ac:  67.80 P:  67.4 R:  67.8 F1:  67.4 | time: 0.0727s
                                                                  | loss: 1.0336 Ac:  68.60 P:  68.4 R:  68.6 F1:  68.4 | time: 0.0246s
Epoch: 0279 | loss: 0.0571 Ac:  98.12 P:  98.2 R:  98.1 F1:  98.1 | loss: 1.0813 Ac:  68.00 P:  67.5 R:  68.0 F1:  67.5 | time: 0.0704s
                                                                  | loss: 1.0345 Ac:  68.60 P:  68.3 R:  68.6 F1:  68.3 | time: 0.0258s
Epoch: 0280 | loss: 0.0676 Ac:  97.50 P:  97.5 R:  97.5 F1:  97.5 | loss: 1.0840 Ac:  67.90 P:  67.4 R:  67.9 F1:  67.4 | time: 0.0712s
                                                                  | loss: 1.0363 Ac:  68.70 P:  68.3 R:  68.7 F1:  68.4 | time: 0.0242s
Epoch: 0281 | loss: 0.0650 Ac:  97.50 P:  97.5 R:  97.5 F1:  97.5 | loss: 1.0867 Ac:  68.10 P:  67.5 R:  68.1 F1:  67.5 | time: 0.0729s
                                                                  | loss: 1.0382 Ac:  68.70 P:  68.2 R:  68.7 F1:  68.3 | time: 0.0240s
Epoch: 0282 | loss: 0.0678 Ac:  97.50 P:  97.6 R:  97.5 F1:  97.5 | loss: 1.0899 Ac:  68.10 P:  67.6 R:  68.1 F1:  67.6 | time: 0.0671s
                                                                  | loss: 1.0406 Ac:  68.60 P:  68.1 R:  68.6 F1:  68.2 | time: 0.0240s
Epoch: 0283 | loss: 0.0959 Ac:  97.50 P:  97.5 R:  97.5 F1:  97.5 | loss: 1.0937 Ac:  68.00 P:  67.5 R:  68.0 F1:  67.5 | time: 0.0698s
                                                                  | loss: 1.0434 Ac:  68.55 P:  68.0 R:  68.5 F1:  68.1 | time: 0.0248s
Epoch: 0284 | loss: 0.0300 Ac: 100.00 P: 100.0 R: 100.0 F1: 100.0 | loss: 1.0977 Ac:  68.00 P:  67.5 R:  68.0 F1:  67.4 | time: 0.0670s
                                                                  | loss: 1.0466 Ac:  68.30 P:  67.9 R:  68.3 F1:  67.9 | time: 0.0248s
Epoch: 0285 | loss: 0.0524 Ac:  98.12 P:  98.2 R:  98.1 F1:  98.1 | loss: 1.1018 Ac:  67.80 P:  67.3 R:  67.8 F1:  67.2 | time: 0.0680s
                                                                  | loss: 1.0496 Ac:  68.10 P:  67.6 R:  68.1 F1:  67.7 | time: 0.0241s
Epoch: 0286 | loss: 0.0848 Ac:  96.88 P:  97.0 R:  96.9 F1:  96.9 | loss: 1.1055 Ac:  67.50 P:  66.9 R:  67.5 F1:  66.8 | time: 0.0706s
                                                                  | loss: 1.0525 Ac:  68.25 P:  67.7 R:  68.2 F1:  67.7 | time: 0.0240s
Epoch: 0287 | loss: 0.0405 Ac:  99.38 P:  99.4 R:  99.4 F1:  99.4 | loss: 1.1092 Ac:  67.60 P:  67.0 R:  67.6 F1:  66.9 | time: 0.0713s
                                                                  | loss: 1.0554 Ac:  68.15 P:  67.6 R:  68.2 F1:  67.6 | time: 0.0247s
Epoch: 0288 | loss: 0.0537 Ac:  98.75 P:  98.8 R:  98.8 F1:  98.7 | loss: 1.1125 Ac:  67.20 P:  66.7 R:  67.2 F1:  66.5 | time: 0.0667s
                                                                  | loss: 1.0581 Ac:  67.90 P:  67.4 R:  67.9 F1:  67.4 | time: 0.0248s
Epoch: 0289 | loss: 0.0326 Ac:  99.38 P:  99.4 R:  99.4 F1:  99.4 | loss: 1.1153 Ac:  67.20 P:  66.7 R:  67.2 F1:  66.5 | time: 0.0746s
                                                                  | loss: 1.0604 Ac:  67.95 P:  67.4 R:  68.0 F1:  67.4 | time: 0.0265s
Epoch: 0290 | loss: 0.0275 Ac:  99.38 P:  99.4 R:  99.4 F1:  99.4 | loss: 1.1188 Ac:  67.00 P:  66.4 R:  67.0 F1:  66.3 | time: 0.0682s
                                                                  | loss: 1.0633 Ac:  67.95 P:  67.4 R:  68.0 F1:  67.4 | time: 0.0240s
Epoch: 0291 | loss: 0.0607 Ac:  98.12 P:  98.2 R:  98.1 F1:  98.1 | loss: 1.1221 Ac:  67.10 P:  66.6 R:  67.1 F1:  66.4 | time: 0.0686s
                                                                  | loss: 1.0661 Ac:  68.05 P:  67.5 R:  68.0 F1:  67.5 | time: 0.0248s
Epoch: 0292 | loss: 0.0645 Ac:  98.12 P:  98.1 R:  98.1 F1:  98.1 | loss: 1.1249 Ac:  67.00 P:  66.5 R:  67.0 F1:  66.3 | time: 0.0689s
                                                                  | loss: 1.0685 Ac:  67.90 P:  67.4 R:  67.9 F1:  67.4 | time: 0.0242s
Epoch: 0293 | loss: 0.0877 Ac:  96.88 P:  96.9 R:  96.9 F1:  96.9 | loss: 1.1282 Ac:  67.10 P:  66.6 R:  67.1 F1:  66.4 | time: 0.0721s
                                                                  | loss: 1.0716 Ac:  67.75 P:  67.3 R:  67.8 F1:  67.2 | time: 0.0254s
Epoch: 0294 | loss: 0.0437 Ac:  98.75 P:  98.8 R:  98.8 F1:  98.8 | loss: 1.1299 Ac:  67.10 P:  66.7 R:  67.1 F1:  66.4 | time: 0.0752s
                                                                  | loss: 1.0733 Ac:  67.70 P:  67.3 R:  67.7 F1:  67.2 | time: 0.0264s
Epoch: 0295 | loss: 0.0497 Ac:  99.38 P:  99.4 R:  99.4 F1:  99.4 | loss: 1.1312 Ac:  67.10 P:  66.7 R:  67.1 F1:  66.4 | time: 0.0750s
                                                                  | loss: 1.0749 Ac:  67.70 P:  67.3 R:  67.7 F1:  67.2 | time: 0.0244s
Epoch: 0296 | loss: 0.0495 Ac:  98.75 P:  98.8 R:  98.8 F1:  98.7 | loss: 1.1317 Ac:  67.20 P:  66.8 R:  67.2 F1:  66.5 | time: 0.0673s
                                                                  | loss: 1.0759 Ac:  67.75 P:  67.4 R:  67.8 F1:  67.3 | time: 0.0240s
Epoch: 0297 | loss: 0.0370 Ac: 100.00 P: 100.0 R: 100.0 F1: 100.0 | loss: 1.1319 Ac:  67.20 P:  66.8 R:  67.2 F1:  66.5 | time: 0.0713s
                                                                  | loss: 1.0766 Ac:  67.80 P:  67.4 R:  67.8 F1:  67.3 | time: 0.0241s
Epoch: 0298 | loss: 0.0616 Ac:  97.50 P:  97.6 R:  97.5 F1:  97.5 | loss: 1.1301 Ac:  67.00 P:  66.7 R:  67.0 F1:  66.4 | time: 0.0724s
                                                                  | loss: 1.0761 Ac:  67.85 P:  67.5 R:  67.8 F1:  67.4 | time: 0.0246s
Epoch: 0299 | loss: 0.0629 Ac:  96.88 P:  97.0 R:  96.9 F1:  96.8 | loss: 1.1269 Ac:  67.00 P:  66.7 R:  67.0 F1:  66.4 | time: 0.0670s
                                                                  | loss: 1.0742 Ac:  67.85 P:  67.6 R:  67.8 F1:  67.5 | time: 0.0245s
Epoch: 0300 | loss: 0.0550 Ac:  98.12 P:  98.1 R:  98.1 F1:  98.1 | loss: 1.1217 Ac:  67.40 P:  67.1 R:  67.4 F1:  66.9 | time: 0.0672s
                                                                  | loss: 1.0708 Ac:  67.95 P:  67.7 R:  68.0 F1:  67.6 | time: 0.0241s
Optimization Finished!
Total time elapsed: 59.6292s
The best result is: ACC: 72.7000 F1: 0.7177, where epoch is 42




0:	vali:  71.60000	test:  ACC: 72.7000 F1: 0.7177, epoch=42
