Loading gossipcop_style dataset...
Loading text content...
../data/gossipcop_style/
gossipcop_style
text
label matrix shape: torch.Size([6000, 2])
done.
Loading topic content...
../data/gossipcop_style/
gossipcop_style
topic
done.
Loading entity content...
../data/gossipcop_style/
gossipcop_style
entity
done.
Building graph...
Num of edges: 4011852
train, vali, test:  2000 2000 2000
Transfer to be transductive.


No. 1 test.

6
6
[torch.Size([512]), torch.Size([512, 4]), torch.Size([4]), torch.Size([7033, 512]), torch.Size([7033, 512]), torch.Size([4779, 512])]
Epoch: 0001 | loss: 1.6563 Ac:  48.50 P:  48.5 R:  48.6 F1:  48.0 | loss: 1.2410 Ac:  51.15 P:  51.2 R:  51.1 F1:  50.2 | time: 1.4237s
                                                                  | loss: 1.2413 Ac:  51.10 P:  51.1 R:  51.0 F1:  50.1 | time: 0.0771s
Epoch: 0002 | loss: 1.2593 Ac:  50.00 P:  50.1 R:  50.1 F1:  49.8 | loss: 1.0198 Ac:  51.90 P:  52.3 R:  52.0 F1:  50.1 | time: 0.2018s
                                                                  | loss: 1.0203 Ac:  52.35 P:  52.8 R:  52.4 F1:  51.0 | time: 0.0844s
Epoch: 0003 | loss: 1.0466 Ac:  49.65 P:  49.6 R:  49.6 F1:  49.6 | loss: 0.8927 Ac:  51.65 P:  53.1 R:  51.8 F1:  45.8 | time: 0.1914s
                                                                  | loss: 0.8935 Ac:  50.40 P:  51.0 R:  50.6 F1:  44.3 | time: 0.0780s
Epoch: 0004 | loss: 0.9180 Ac:  51.20 P:  51.2 R:  51.1 F1:  50.8 | loss: 0.8164 Ac:  52.45 P:  55.0 R:  52.6 F1:  46.0 | time: 0.1921s
                                                                  | loss: 0.8172 Ac:  51.15 P:  52.7 R:  51.3 F1:  44.1 | time: 0.0805s
Epoch: 0005 | loss: 0.8388 Ac:  52.00 P:  52.0 R:  51.9 F1:  51.8 | loss: 0.7695 Ac:  53.85 P:  55.5 R:  54.0 F1:  50.4 | time: 0.1885s
                                                                  | loss: 0.7703 Ac:  53.45 P:  54.8 R:  53.6 F1:  50.3 | time: 0.0717s
Epoch: 0006 | loss: 0.7946 Ac:  52.20 P:  52.2 R:  52.1 F1:  51.9 | loss: 0.7402 Ac:  56.05 P:  56.1 R:  56.1 F1:  56.0 | time: 0.2040s
                                                                  | loss: 0.7408 Ac:  56.30 P:  56.3 R:  56.3 F1:  56.3 | time: 0.0762s
Epoch: 0007 | loss: 0.7587 Ac:  54.10 P:  54.2 R:  54.1 F1:  54.0 | loss: 0.7212 Ac:  57.65 P:  58.1 R:  57.6 F1:  57.0 | time: 0.1916s
                                                                  | loss: 0.7217 Ac:  58.05 P:  58.6 R:  58.0 F1:  57.2 | time: 0.0775s
Epoch: 0008 | loss: 0.7600 Ac:  50.25 P:  50.3 R:  50.3 F1:  50.2 | loss: 0.7088 Ac:  57.90 P:  59.0 R:  57.8 F1:  56.4 | time: 0.2023s
                                                                  | loss: 0.7093 Ac:  58.00 P:  59.4 R:  57.9 F1:  56.2 | time: 0.0785s
Epoch: 0009 | loss: 0.7193 Ac:  54.70 P:  55.0 R:  54.8 F1:  54.2 | loss: 0.7003 Ac:  60.40 P:  60.6 R:  60.4 F1:  60.3 | time: 0.1978s
                                                                  | loss: 0.7009 Ac:  60.00 P:  60.1 R:  60.0 F1:  59.9 | time: 0.0785s
Epoch: 0010 | loss: 0.7169 Ac:  55.10 P:  55.2 R:  55.1 F1:  55.0 | loss: 0.6952 Ac:  58.10 P:  62.3 R:  58.2 F1:  54.4 | time: 0.2086s
                                                                  | loss: 0.6959 Ac:  58.00 P:  62.0 R:  58.1 F1:  54.4 | time: 0.0903s
Epoch: 0011 | loss: 0.7150 Ac:  56.45 P:  56.5 R:  56.5 F1:  56.4 | loss: 0.6922 Ac:  54.45 P:  64.2 R:  54.6 F1:  45.3 | time: 0.2058s
                                                                  | loss: 0.6930 Ac:  54.75 P:  64.5 R:  55.0 F1:  45.9 | time: 0.0842s
Epoch: 0012 | loss: 0.7147 Ac:  53.75 P:  53.8 R:  53.7 F1:  53.5 | loss: 0.6869 Ac:  58.60 P:  64.4 R:  58.7 F1:  54.1 | time: 0.1960s
                                                                  | loss: 0.6877 Ac:  59.00 P:  65.5 R:  59.2 F1:  54.4 | time: 0.0792s
Epoch: 0013 | loss: 0.7077 Ac:  55.10 P:  55.1 R:  55.0 F1:  54.8 | loss: 0.6815 Ac:  63.30 P:  63.3 R:  63.3 F1:  63.3 | time: 0.2039s
                                                                  | loss: 0.6821 Ac:  63.05 P:  63.1 R:  63.0 F1:  63.0 | time: 0.0827s
Epoch: 0014 | loss: 0.6909 Ac:  56.50 P:  56.5 R:  56.5 F1:  56.5 | loss: 0.6794 Ac:  57.80 P:  62.8 R:  57.7 F1:  53.0 | time: 0.1999s
                                                                  | loss: 0.6798 Ac:  57.65 P:  62.9 R:  57.5 F1:  52.6 | time: 0.0753s
Epoch: 0015 | loss: 0.6868 Ac:  57.90 P:  58.5 R:  58.0 F1:  57.3 | loss: 0.6766 Ac:  58.55 P:  62.2 R:  58.4 F1:  55.0 | time: 0.1918s
                                                                  | loss: 0.6770 Ac:  59.20 P:  64.0 R:  59.1 F1:  55.2 | time: 0.0769s
Epoch: 0016 | loss: 0.6900 Ac:  57.50 P:  57.9 R:  57.6 F1:  57.1 | loss: 0.6732 Ac:  64.45 P:  64.6 R:  64.4 F1:  64.3 | time: 0.2021s
                                                                  | loss: 0.6738 Ac:  65.00 P:  65.2 R:  65.0 F1:  64.8 | time: 0.0741s
Epoch: 0017 | loss: 0.6762 Ac:  58.60 P:  58.7 R:  58.6 F1:  58.6 | loss: 0.6724 Ac:  64.30 P:  67.1 R:  64.4 F1:  62.9 | time: 0.1978s
                                                                  | loss: 0.6732 Ac:  64.20 P:  66.6 R:  64.3 F1:  62.9 | time: 0.0757s
Epoch: 0018 | loss: 0.6837 Ac:  57.40 P:  57.4 R:  57.4 F1:  57.4 | loss: 0.6727 Ac:  61.35 P:  67.8 R:  61.5 F1:  57.6 | time: 0.1904s
                                                                  | loss: 0.6736 Ac:  60.80 P:  67.0 R:  60.9 F1:  57.0 | time: 0.0741s
Epoch: 0019 | loss: 0.6688 Ac:  60.20 P:  60.6 R:  60.1 F1:  59.6 | loss: 0.6690 Ac:  64.65 P:  68.3 R:  64.7 F1:  62.9 | time: 0.1879s
                                                                  | loss: 0.6698 Ac:  63.85 P:  67.5 R:  64.0 F1:  62.0 | time: 0.0736s
Epoch: 0020 | loss: 0.6595 Ac:  61.35 P:  61.4 R:  61.3 F1:  61.3 | loss: 0.6648 Ac:  66.85 P:  67.2 R:  66.9 F1:  66.7 | time: 0.1904s
                                                                  | loss: 0.6655 Ac:  65.80 P:  66.0 R:  65.8 F1:  65.7 | time: 0.0776s
Epoch: 0021 | loss: 0.6607 Ac:  61.45 P:  61.4 R:  61.4 F1:  61.4 | loss: 0.6626 Ac:  64.55 P:  65.5 R:  64.5 F1:  64.0 | time: 0.2025s
                                                                  | loss: 0.6632 Ac:  65.45 P:  66.7 R:  65.4 F1:  64.7 | time: 0.0779s
Epoch: 0022 | loss: 0.6466 Ac:  62.65 P:  62.8 R:  62.7 F1:  62.6 | loss: 0.6617 Ac:  61.85 P:  64.4 R:  61.8 F1:  60.0 | time: 0.2062s
                                                                  | loss: 0.6622 Ac:  62.50 P:  65.6 R:  62.4 F1:  60.4 | time: 0.0773s
Epoch: 0023 | loss: 0.6564 Ac:  60.95 P:  61.3 R:  61.0 F1:  60.8 | loss: 0.6595 Ac:  62.85 P:  64.7 R:  62.8 F1:  61.5 | time: 0.1908s
                                                                  | loss: 0.6600 Ac:  64.00 P:  66.5 R:  63.9 F1:  62.5 | time: 0.0754s
Epoch: 0024 | loss: 0.6586 Ac:  61.30 P:  61.6 R:  61.4 F1:  61.1 | loss: 0.6566 Ac:  65.70 P:  66.0 R:  65.7 F1:  65.5 | time: 0.1942s
                                                                  | loss: 0.6573 Ac:  66.40 P:  66.8 R:  66.4 F1:  66.1 | time: 0.0751s
Epoch: 0025 | loss: 0.6434 Ac:  61.20 P:  61.3 R:  61.2 F1:  61.2 | loss: 0.6550 Ac:  66.95 P:  67.3 R:  67.0 F1:  66.8 | time: 0.1944s
                                                                  | loss: 0.6558 Ac:  66.55 P:  66.7 R:  66.6 F1:  66.5 | time: 0.0769s
Epoch: 0026 | loss: 0.6293 Ac:  64.05 P:  64.1 R:  64.1 F1:  64.0 | loss: 0.6549 Ac:  66.70 P:  68.9 R:  66.8 F1:  65.8 | time: 0.1960s
                                                                  | loss: 0.6559 Ac:  66.20 P:  68.1 R:  66.3 F1:  65.4 | time: 0.0748s
Epoch: 0027 | loss: 0.6265 Ac:  64.65 P:  64.9 R:  64.6 F1:  64.5 | loss: 0.6532 Ac:  66.65 P:  68.8 R:  66.7 F1:  65.7 | time: 0.1941s
                                                                  | loss: 0.6542 Ac:  66.25 P:  68.1 R:  66.3 F1:  65.4 | time: 0.0750s
Epoch: 0028 | loss: 0.6151 Ac:  65.50 P:  65.7 R:  65.4 F1:  65.3 | loss: 0.6498 Ac:  67.55 P:  68.2 R:  67.6 F1:  67.3 | time: 0.1936s
                                                                  | loss: 0.6508 Ac:  67.15 P:  67.5 R:  67.2 F1:  67.0 | time: 0.0746s
Epoch: 0029 | loss: 0.6101 Ac:  67.10 P:  67.1 R:  67.1 F1:  67.1 | loss: 0.6472 Ac:  66.85 P:  66.9 R:  66.8 F1:  66.8 | time: 0.1984s
                                                                  | loss: 0.6481 Ac:  66.90 P:  67.0 R:  66.9 F1:  66.9 | time: 0.0766s
Epoch: 0030 | loss: 0.6038 Ac:  68.05 P:  68.1 R:  68.1 F1:  68.0 | loss: 0.6457 Ac:  66.15 P:  66.4 R:  66.1 F1:  66.0 | time: 0.1935s
                                                                  | loss: 0.6465 Ac:  66.80 P:  67.3 R:  66.8 F1:  66.5 | time: 0.0747s
Epoch: 0031 | loss: 0.6137 Ac:  65.60 P:  66.0 R:  65.7 F1:  65.4 | loss: 0.6436 Ac:  66.80 P:  66.9 R:  66.8 F1:  66.8 | time: 0.1920s
                                                                  | loss: 0.6445 Ac:  67.00 P:  67.2 R:  67.0 F1:  66.9 | time: 0.0750s
Epoch: 0032 | loss: 0.5964 Ac:  69.05 P:  69.1 R:  69.1 F1:  69.0 | loss: 0.6418 Ac:  67.60 P:  67.7 R:  67.6 F1:  67.6 | time: 0.1907s
                                                                  | loss: 0.6428 Ac:  67.40 P:  67.4 R:  67.4 F1:  67.4 | time: 0.0762s
Epoch: 0033 | loss: 0.5914 Ac:  70.15 P:  70.4 R:  70.2 F1:  70.1 | loss: 0.6418 Ac:  67.40 P:  68.5 R:  67.4 F1:  66.9 | time: 0.1929s
                                                                  | loss: 0.6430 Ac:  67.35 P:  68.4 R:  67.4 F1:  66.9 | time: 0.0906s
Epoch: 0034 | loss: 0.5875 Ac:  69.75 P:  70.0 R:  69.7 F1:  69.6 | loss: 0.6407 Ac:  67.55 P:  69.0 R:  67.6 F1:  67.0 | time: 0.1952s
                                                                  | loss: 0.6419 Ac:  67.25 P:  68.6 R:  67.3 F1:  66.7 | time: 0.0868s
Epoch: 0035 | loss: 0.5697 Ac:  72.15 P:  72.8 R:  72.1 F1:  71.9 | loss: 0.6371 Ac:  67.50 P:  67.8 R:  67.5 F1:  67.4 | time: 0.1949s
                                                                  | loss: 0.6383 Ac:  67.35 P:  67.5 R:  67.4 F1:  67.3 | time: 0.0763s
Epoch: 0036 | loss: 0.5691 Ac:  72.05 P:  72.1 R:  72.0 F1:  72.0 | loss: 0.6353 Ac:  66.80 P:  66.9 R:  66.8 F1:  66.8 | time: 0.2046s
                                                                  | loss: 0.6363 Ac:  67.10 P:  67.4 R:  67.1 F1:  66.9 | time: 0.0785s
Epoch: 0037 | loss: 0.5705 Ac:  72.05 P:  72.2 R:  72.1 F1:  72.0 | loss: 0.6345 Ac:  65.95 P:  66.5 R:  65.9 F1:  65.6 | time: 0.1996s
                                                                  | loss: 0.6356 Ac:  67.10 P:  67.9 R:  67.0 F1:  66.7 | time: 0.0785s
Epoch: 0038 | loss: 0.5627 Ac:  72.55 P:  72.8 R:  72.6 F1:  72.5 | loss: 0.6322 Ac:  66.60 P:  66.7 R:  66.6 F1:  66.5 | time: 0.1988s
                                                                  | loss: 0.6334 Ac:  67.25 P:  67.7 R:  67.2 F1:  67.0 | time: 0.0743s
Epoch: 0039 | loss: 0.5606 Ac:  71.30 P:  71.7 R:  71.4 F1:  71.2 | loss: 0.6306 Ac:  68.35 P:  68.7 R:  68.4 F1:  68.2 | time: 0.1911s
                                                                  | loss: 0.6320 Ac:  68.05 P:  68.2 R:  68.1 F1:  68.0 | time: 0.0814s
Epoch: 0040 | loss: 0.5576 Ac:  72.95 P:  73.2 R:  72.9 F1:  72.9 | loss: 0.6303 Ac:  67.70 P:  68.6 R:  67.7 F1:  67.4 | time: 0.1990s
                                                                  | loss: 0.6317 Ac:  68.50 P:  69.2 R:  68.5 F1:  68.2 | time: 0.0781s
Epoch: 0041 | loss: 0.5437 Ac:  75.95 P:  76.3 R:  75.9 F1:  75.9 | loss: 0.6283 Ac:  67.90 P:  68.6 R:  67.9 F1:  67.6 | time: 0.2011s
                                                                  | loss: 0.6298 Ac:  68.30 P:  68.8 R:  68.3 F1:  68.1 | time: 0.0791s
Epoch: 0042 | loss: 0.5407 Ac:  76.15 P:  76.6 R:  76.1 F1:  76.0 | loss: 0.6255 Ac:  68.35 P:  68.4 R:  68.4 F1:  68.3 | time: 0.2051s
                                                                  | loss: 0.6270 Ac:  68.40 P:  68.4 R:  68.4 F1:  68.4 | time: 0.0754s
Epoch: 0043 | loss: 0.5347 Ac:  75.85 P:  76.1 R:  75.9 F1:  75.8 | loss: 0.6240 Ac:  68.50 P:  68.6 R:  68.5 F1:  68.5 | time: 0.2033s
                                                                  | loss: 0.6256 Ac:  68.55 P:  68.6 R:  68.6 F1:  68.5 | time: 0.0856s
Epoch: 0044 | loss: 0.5344 Ac:  75.75 P:  75.8 R:  75.8 F1:  75.7 | loss: 0.6225 Ac:  68.65 P:  68.7 R:  68.7 F1:  68.6 | time: 0.2017s
                                                                  | loss: 0.6242 Ac:  68.45 P:  68.5 R:  68.5 F1:  68.4 | time: 0.0775s
Epoch: 0045 | loss: 0.5264 Ac:  77.10 P:  77.1 R:  77.1 F1:  77.1 | loss: 0.6214 Ac:  68.75 P:  69.0 R:  68.8 F1:  68.7 | time: 0.1968s
                                                                  | loss: 0.6231 Ac:  68.55 P:  68.7 R:  68.6 F1:  68.5 | time: 0.0776s
Epoch: 0046 | loss: 0.5238 Ac:  78.05 P:  78.1 R:  78.0 F1:  78.0 | loss: 0.6198 Ac:  68.95 P:  69.1 R:  69.0 F1:  68.9 | time: 0.1943s
                                                                  | loss: 0.6216 Ac:  68.50 P:  68.6 R:  68.5 F1:  68.5 | time: 0.0733s
Epoch: 0047 | loss: 0.5172 Ac:  78.20 P:  78.2 R:  78.2 F1:  78.2 | loss: 0.6181 Ac:  68.80 P:  68.9 R:  68.8 F1:  68.8 | time: 0.1906s
                                                                  | loss: 0.6199 Ac:  68.70 P:  68.7 R:  68.7 F1:  68.7 | time: 0.0742s
Epoch: 0048 | loss: 0.5143 Ac:  78.80 P:  78.8 R:  78.8 F1:  78.8 | loss: 0.6166 Ac:  68.90 P:  69.0 R:  68.9 F1:  68.9 | time: 0.1903s
                                                                  | loss: 0.6186 Ac:  68.95 P:  69.0 R:  69.0 F1:  68.9 | time: 0.0741s
Epoch: 0049 | loss: 0.5078 Ac:  78.75 P:  78.7 R:  78.8 F1:  78.7 | loss: 0.6153 Ac:  68.80 P:  68.9 R:  68.8 F1:  68.8 | time: 0.1994s
                                                                  | loss: 0.6173 Ac:  69.00 P:  69.0 R:  69.0 F1:  69.0 | time: 0.0727s
Epoch: 0050 | loss: 0.5005 Ac:  79.55 P:  79.6 R:  79.5 F1:  79.5 | loss: 0.6139 Ac:  68.95 P:  69.1 R:  69.0 F1:  68.9 | time: 0.1930s
                                                                  | loss: 0.6159 Ac:  69.15 P:  69.2 R:  69.2 F1:  69.1 | time: 0.0729s
Epoch: 0051 | loss: 0.4969 Ac:  79.60 P:  79.6 R:  79.6 F1:  79.6 | loss: 0.6132 Ac:  69.20 P:  69.6 R:  69.2 F1:  69.1 | time: 0.1990s
                                                                  | loss: 0.6153 Ac:  69.20 P:  69.5 R:  69.2 F1:  69.1 | time: 0.0764s
Epoch: 0052 | loss: 0.4945 Ac:  80.45 P:  80.5 R:  80.5 F1:  80.4 | loss: 0.6134 Ac:  68.55 P:  69.5 R:  68.6 F1:  68.2 | time: 0.1933s
                                                                  | loss: 0.6157 Ac:  69.05 P:  69.7 R:  69.1 F1:  68.8 | time: 0.0730s
Epoch: 0053 | loss: 0.4926 Ac:  79.45 P:  79.7 R:  79.4 F1:  79.4 | loss: 0.6112 Ac:  68.80 P:  69.5 R:  68.8 F1:  68.6 | time: 0.1921s
                                                                  | loss: 0.6135 Ac:  69.40 P:  69.9 R:  69.4 F1:  69.2 | time: 0.0734s
Epoch: 0054 | loss: 0.4894 Ac:  79.90 P:  80.0 R:  79.9 F1:  79.9 | loss: 0.6088 Ac:  69.15 P:  69.4 R:  69.2 F1:  69.1 | time: 0.1880s
                                                                  | loss: 0.6112 Ac:  69.30 P:  69.4 R:  69.3 F1:  69.3 | time: 0.0738s
Epoch: 0055 | loss: 0.4875 Ac:  80.65 P:  80.8 R:  80.6 F1:  80.6 | loss: 0.6074 Ac:  68.80 P:  68.8 R:  68.8 F1:  68.8 | time: 0.1878s
                                                                  | loss: 0.6099 Ac:  68.70 P:  68.8 R:  68.7 F1:  68.7 | time: 0.0762s
Epoch: 0056 | loss: 0.4780 Ac:  82.05 P:  82.1 R:  82.1 F1:  82.0 | loss: 0.6065 Ac:  68.45 P:  68.5 R:  68.4 F1:  68.4 | time: 0.1962s
                                                                  | loss: 0.6091 Ac:  69.05 P:  69.2 R:  69.0 F1:  69.0 | time: 0.0752s
Epoch: 0057 | loss: 0.4731 Ac:  80.60 P:  80.7 R:  80.6 F1:  80.6 | loss: 0.6048 Ac:  69.25 P:  69.3 R:  69.3 F1:  69.2 | time: 0.1911s
                                                                  | loss: 0.6074 Ac:  69.75 P:  69.8 R:  69.8 F1:  69.7 | time: 0.0791s
Epoch: 0058 | loss: 0.4764 Ac:  80.65 P:  80.7 R:  80.6 F1:  80.6 | loss: 0.6048 Ac:  69.35 P:  69.8 R:  69.4 F1:  69.2 | time: 0.2041s
                                                                  | loss: 0.6075 Ac:  69.75 P:  70.1 R:  69.8 F1:  69.6 | time: 0.0798s
Epoch: 0059 | loss: 0.4683 Ac:  81.80 P:  82.0 R:  81.8 F1:  81.8 | loss: 0.6041 Ac:  69.35 P:  70.0 R:  69.4 F1:  69.1 | time: 0.2075s
                                                                  | loss: 0.6069 Ac:  69.65 P:  70.1 R:  69.7 F1:  69.5 | time: 0.0746s
Epoch: 0060 | loss: 0.4614 Ac:  81.60 P:  81.9 R:  81.6 F1:  81.5 | loss: 0.6015 Ac:  69.45 P:  69.6 R:  69.5 F1:  69.4 | time: 0.1936s
                                                                  | loss: 0.6044 Ac:  70.10 P:  70.1 R:  70.1 F1:  70.1 | time: 0.0782s
Epoch: 0061 | loss: 0.4571 Ac:  83.25 P:  83.4 R:  83.2 F1:  83.2 | loss: 0.6010 Ac:  68.70 P:  68.7 R:  68.7 F1:  68.7 | time: 0.1959s
                                                                  | loss: 0.6040 Ac:  69.50 P:  69.6 R:  69.5 F1:  69.4 | time: 0.0800s
Epoch: 0062 | loss: 0.4486 Ac:  83.90 P:  84.0 R:  83.9 F1:  83.9 | loss: 0.5997 Ac:  69.15 P:  69.1 R:  69.1 F1:  69.1 | time: 0.2005s
                                                                  | loss: 0.6028 Ac:  69.45 P:  69.5 R:  69.4 F1:  69.4 | time: 0.0762s
Epoch: 0063 | loss: 0.4527 Ac:  82.70 P:  82.7 R:  82.7 F1:  82.7 | loss: 0.5984 Ac:  69.70 P:  69.8 R:  69.7 F1:  69.7 | time: 0.2095s
                                                                  | loss: 0.6014 Ac:  70.15 P:  70.2 R:  70.2 F1:  70.1 | time: 0.0851s
Epoch: 0064 | loss: 0.4453 Ac:  83.50 P:  83.5 R:  83.5 F1:  83.5 | loss: 0.5999 Ac:  69.10 P:  69.8 R:  69.1 F1:  68.8 | time: 0.1959s
                                                                  | loss: 0.6028 Ac:  70.00 P:  70.5 R:  70.0 F1:  69.8 | time: 0.0748s
Epoch: 0065 | loss: 0.4397 Ac:  84.55 P:  84.6 R:  84.5 F1:  84.5 | loss: 0.6013 Ac:  69.15 P:  70.3 R:  69.2 F1:  68.7 | time: 0.2011s
                                                                  | loss: 0.6042 Ac:  70.00 P:  70.9 R:  70.1 F1:  69.7 | time: 0.0756s
Epoch: 0066 | loss: 0.4407 Ac:  83.90 P:  85.2 R:  83.8 F1:  83.7 | loss: 0.5958 Ac:  69.55 P:  69.8 R:  69.6 F1:  69.5 | time: 0.2011s
                                                                  | loss: 0.5990 Ac:  70.30 P:  70.4 R:  70.3 F1:  70.3 | time: 0.0841s
Epoch: 0067 | loss: 0.4256 Ac:  85.15 P:  85.2 R:  85.1 F1:  85.1 | loss: 0.5950 Ac:  69.70 P:  69.7 R:  69.7 F1:  69.7 | time: 0.1972s
                                                                  | loss: 0.5983 Ac:  70.00 P:  70.1 R:  70.0 F1:  70.0 | time: 0.0756s
Epoch: 0068 | loss: 0.4342 Ac:  84.85 P:  85.0 R:  84.9 F1:  84.8 | loss: 0.5938 Ac:  70.10 P:  70.1 R:  70.1 F1:  70.1 | time: 0.1977s
                                                                  | loss: 0.5971 Ac:  70.40 P:  70.4 R:  70.4 F1:  70.4 | time: 0.0752s
Epoch: 0069 | loss: 0.4206 Ac:  85.30 P:  85.3 R:  85.3 F1:  85.3 | loss: 0.5931 Ac:  69.70 P:  69.9 R:  69.7 F1:  69.6 | time: 0.1884s
                                                                  | loss: 0.5963 Ac:  70.75 P:  70.8 R:  70.8 F1:  70.7 | time: 0.0776s
Epoch: 0070 | loss: 0.4213 Ac:  85.00 P:  85.0 R:  85.0 F1:  85.0 | loss: 0.5932 Ac:  69.85 P:  70.2 R:  69.9 F1:  69.7 | time: 0.1918s
                                                                  | loss: 0.5963 Ac:  70.50 P:  70.7 R:  70.5 F1:  70.4 | time: 0.0749s
Epoch: 0071 | loss: 0.4155 Ac:  85.90 P:  86.0 R:  85.9 F1:  85.9 | loss: 0.5923 Ac:  69.95 P:  70.3 R:  70.0 F1:  69.8 | time: 0.1930s
                                                                  | loss: 0.5955 Ac:  70.70 P:  70.9 R:  70.7 F1:  70.6 | time: 0.0768s
Epoch: 0072 | loss: 0.4107 Ac:  85.25 P:  85.6 R:  85.2 F1:  85.2 | loss: 0.5907 Ac:  70.05 P:  70.1 R:  70.1 F1:  70.0 | time: 0.1947s
                                                                  | loss: 0.5941 Ac:  70.65 P:  70.7 R:  70.6 F1:  70.6 | time: 0.0761s
Epoch: 0073 | loss: 0.4064 Ac:  85.55 P:  85.6 R:  85.6 F1:  85.5 | loss: 0.5900 Ac:  70.05 P:  70.1 R:  70.1 F1:  70.0 | time: 0.1895s
                                                                  | loss: 0.5934 Ac:  70.45 P:  70.5 R:  70.4 F1:  70.4 | time: 0.0801s
Epoch: 0074 | loss: 0.3985 Ac:  87.25 P:  87.3 R:  87.2 F1:  87.2 | loss: 0.5893 Ac:  69.80 P:  70.0 R:  69.8 F1:  69.8 | time: 0.1946s
                                                                  | loss: 0.5926 Ac:  70.85 P:  70.9 R:  70.9 F1:  70.8 | time: 0.0748s
Epoch: 0075 | loss: 0.4006 Ac:  85.20 P:  85.2 R:  85.2 F1:  85.2 | loss: 0.5927 Ac:  69.90 P:  70.8 R:  69.9 F1:  69.6 | time: 0.1859s
                                                                  | loss: 0.5956 Ac:  70.40 P:  71.0 R:  70.4 F1:  70.2 | time: 0.0739s
Epoch: 0076 | loss: 0.3963 Ac:  86.60 P:  87.0 R:  86.6 F1:  86.6 | loss: 0.5915 Ac:  69.70 P:  70.5 R:  69.7 F1:  69.4 | time: 0.1890s
                                                                  | loss: 0.5943 Ac:  70.30 P:  70.8 R:  70.3 F1:  70.1 | time: 0.0773s
Epoch: 0077 | loss: 0.3984 Ac:  85.90 P:  86.2 R:  85.9 F1:  85.9 | loss: 0.5880 Ac:  70.25 P:  70.5 R:  70.3 F1:  70.2 | time: 0.1888s
                                                                  | loss: 0.5910 Ac:  71.25 P:  71.4 R:  71.3 F1:  71.2 | time: 0.0731s
Epoch: 0078 | loss: 0.3943 Ac:  86.55 P:  86.6 R:  86.5 F1:  86.5 | loss: 0.5869 Ac:  70.10 P:  70.1 R:  70.1 F1:  70.1 | time: 0.2129s
                                                                  | loss: 0.5902 Ac:  70.70 P:  70.7 R:  70.7 F1:  70.7 | time: 0.0775s
Epoch: 0079 | loss: 0.3863 Ac:  87.35 P:  87.3 R:  87.3 F1:  87.3 | loss: 0.5873 Ac:  70.20 P:  70.2 R:  70.2 F1:  70.2 | time: 0.2017s
                                                                  | loss: 0.5906 Ac:  70.55 P:  70.7 R:  70.5 F1:  70.5 | time: 0.0755s
Epoch: 0080 | loss: 0.3933 Ac:  87.45 P:  87.6 R:  87.5 F1:  87.4 | loss: 0.5859 Ac:  70.15 P:  70.3 R:  70.2 F1:  70.1 | time: 0.1936s
                                                                  | loss: 0.5889 Ac:  71.50 P:  71.5 R:  71.5 F1:  71.5 | time: 0.0803s
Epoch: 0081 | loss: 0.3810 Ac:  86.80 P:  86.9 R:  86.8 F1:  86.8 | loss: 0.5869 Ac:  70.50 P:  71.0 R:  70.5 F1:  70.4 | time: 0.2011s
                                                                  | loss: 0.5896 Ac:  70.90 P:  71.1 R:  70.9 F1:  70.8 | time: 0.0779s
Epoch: 0082 | loss: 0.3811 Ac:  86.80 P:  86.8 R:  86.8 F1:  86.8 | loss: 0.5892 Ac:  70.35 P:  71.3 R:  70.4 F1:  70.0 | time: 0.1928s
                                                                  | loss: 0.5917 Ac:  70.55 P:  71.1 R:  70.6 F1:  70.4 | time: 0.0754s
Epoch: 0083 | loss: 0.3793 Ac:  87.25 P:  87.6 R:  87.2 F1:  87.2 | loss: 0.5854 Ac:  70.40 P:  70.8 R:  70.4 F1:  70.3 | time: 0.1952s
                                                                  | loss: 0.5881 Ac:  71.25 P:  71.4 R:  71.3 F1:  71.2 | time: 0.0790s
Epoch: 0084 | loss: 0.3719 Ac:  87.55 P:  87.6 R:  87.5 F1:  87.5 | loss: 0.5838 Ac:  70.25 P:  70.3 R:  70.3 F1:  70.2 | time: 0.2015s
                                                                  | loss: 0.5868 Ac:  70.85 P:  70.8 R:  70.8 F1:  70.8 | time: 0.0816s
Epoch: 0085 | loss: 0.3701 Ac:  87.40 P:  87.4 R:  87.4 F1:  87.4 | loss: 0.5834 Ac:  70.30 P:  70.3 R:  70.3 F1:  70.3 | time: 0.1958s
                                                                  | loss: 0.5864 Ac:  70.80 P:  70.8 R:  70.8 F1:  70.8 | time: 0.0859s
Epoch: 0086 | loss: 0.3674 Ac:  87.95 P:  87.9 R:  87.9 F1:  87.9 | loss: 0.5830 Ac:  70.10 P:  70.2 R:  70.1 F1:  70.1 | time: 0.1966s
                                                                  | loss: 0.5858 Ac:  71.40 P:  71.4 R:  71.4 F1:  71.4 | time: 0.0778s
Epoch: 0087 | loss: 0.3669 Ac:  87.65 P:  87.7 R:  87.7 F1:  87.6 | loss: 0.5897 Ac:  70.90 P:  72.2 R:  70.9 F1:  70.5 | time: 0.1954s
                                                                  | loss: 0.5917 Ac:  70.85 P:  71.6 R:  70.9 F1:  70.6 | time: 0.0793s
Epoch: 0088 | loss: 0.3622 Ac:  87.00 P:  87.6 R:  86.9 F1:  86.9 | loss: 0.5901 Ac:  70.55 P:  71.9 R:  70.6 F1:  70.1 | time: 0.1996s
                                                                  | loss: 0.5919 Ac:  71.00 P:  71.8 R:  71.0 F1:  70.8 | time: 0.0776s
Epoch: 0089 | loss: 0.3593 Ac:  87.50 P:  88.0 R:  87.5 F1:  87.5 | loss: 0.5822 Ac:  70.75 P:  70.9 R:  70.8 F1:  70.7 | time: 0.2008s
                                                                  | loss: 0.5847 Ac:  71.90 P:  72.0 R:  71.9 F1:  71.9 | time: 0.0781s
Epoch: 0090 | loss: 0.3522 Ac:  88.40 P:  88.4 R:  88.4 F1:  88.4 | loss: 0.5826 Ac:  70.50 P:  70.5 R:  70.5 F1:  70.5 | time: 0.2028s
                                                                  | loss: 0.5856 Ac:  71.45 P:  71.6 R:  71.4 F1:  71.4 | time: 0.0781s
Epoch: 0091 | loss: 0.3468 Ac:  88.70 P:  88.7 R:  88.7 F1:  88.7 | loss: 0.5837 Ac:  69.80 P:  69.9 R:  69.8 F1:  69.8 | time: 0.1916s
                                                                  | loss: 0.5867 Ac:  70.85 P:  71.1 R:  70.8 F1:  70.7 | time: 0.0791s
Epoch: 0092 | loss: 0.3543 Ac:  88.60 P:  88.9 R:  88.6 F1:  88.6 | loss: 0.5820 Ac:  70.95 P:  71.3 R:  71.0 F1:  70.8 | time: 0.1940s
                                                                  | loss: 0.5841 Ac:  71.75 P:  71.9 R:  71.8 F1:  71.7 | time: 0.0750s
Epoch: 0093 | loss: 0.3404 Ac:  89.10 P:  89.1 R:  89.1 F1:  89.1 | loss: 0.5927 Ac:  69.90 P:  71.8 R:  70.0 F1:  69.3 | time: 0.1961s
                                                                  | loss: 0.5939 Ac:  70.85 P:  72.1 R:  70.9 F1:  70.5 | time: 0.0755s
Epoch: 0094 | loss: 0.3512 Ac:  87.65 P:  88.1 R:  87.6 F1:  87.6 | loss: 0.5872 Ac:  71.20 P:  72.4 R:  71.2 F1:  70.8 | time: 0.1961s
                                                                  | loss: 0.5887 Ac:  71.30 P:  72.0 R:  71.3 F1:  71.1 | time: 0.0756s
Epoch: 0095 | loss: 0.3416 Ac:  87.95 P:  88.2 R:  87.9 F1:  87.9 | loss: 0.5801 Ac:  70.85 P:  71.0 R:  70.9 F1:  70.8 | time: 0.1994s
                                                                  | loss: 0.5824 Ac:  71.45 P:  71.5 R:  71.5 F1:  71.4 | time: 0.0737s
Epoch: 0096 | loss: 0.3371 Ac:  90.15 P:  90.2 R:  90.1 F1:  90.1 | loss: 0.5825 Ac:  70.10 P:  70.2 R:  70.1 F1:  70.0 | time: 0.1966s
                                                                  | loss: 0.5854 Ac:  71.10 P:  71.3 R:  71.1 F1:  71.0 | time: 0.0744s
Epoch: 0097 | loss: 0.3371 Ac:  89.15 P:  89.3 R:  89.2 F1:  89.1 | loss: 0.5802 Ac:  70.40 P:  70.4 R:  70.4 F1:  70.4 | time: 0.1921s
                                                                  | loss: 0.5827 Ac:  71.30 P:  71.3 R:  71.3 F1:  71.3 | time: 0.0741s
Epoch: 0098 | loss: 0.3289 Ac:  90.15 P:  90.2 R:  90.2 F1:  90.1 | loss: 0.5819 Ac:  71.55 P:  72.1 R:  71.6 F1:  71.4 | time: 0.1921s
                                                                  | loss: 0.5834 Ac:  71.80 P:  72.1 R:  71.8 F1:  71.7 | time: 0.0763s
Epoch: 0099 | loss: 0.3321 Ac:  89.35 P:  89.5 R:  89.3 F1:  89.3 | loss: 0.5864 Ac:  71.45 P:  72.6 R:  71.5 F1:  71.1 | time: 0.2011s
                                                                  | loss: 0.5873 Ac:  71.15 P:  71.8 R:  71.2 F1:  71.0 | time: 0.0764s
Epoch: 0100 | loss: 0.3258 Ac:  90.05 P:  90.4 R:  90.0 F1:  90.0 | loss: 0.5823 Ac:  71.90 P:  72.5 R:  71.9 F1:  71.7 | time: 0.1950s
                                                                  | loss: 0.5834 Ac:  71.50 P:  71.8 R:  71.5 F1:  71.4 | time: 0.0795s
Epoch: 0101 | loss: 0.3272 Ac:  89.05 P:  89.2 R:  89.0 F1:  89.0 | loss: 0.5792 Ac:  70.80 P:  70.9 R:  70.8 F1:  70.8 | time: 0.2157s
                                                                  | loss: 0.5809 Ac:  71.60 P:  71.6 R:  71.6 F1:  71.6 | time: 0.0764s
Epoch: 0102 | loss: 0.3209 Ac:  90.40 P:  90.4 R:  90.4 F1:  90.4 | loss: 0.5792 Ac:  70.60 P:  70.6 R:  70.6 F1:  70.6 | time: 0.2028s
                                                                  | loss: 0.5808 Ac:  71.75 P:  71.8 R:  71.7 F1:  71.7 | time: 0.0760s
Epoch: 0103 | loss: 0.3196 Ac:  90.50 P:  90.6 R:  90.5 F1:  90.5 | loss: 0.5810 Ac:  71.75 P:  72.2 R:  71.8 F1:  71.6 | time: 0.2014s
                                                                  | loss: 0.5819 Ac:  71.65 P:  71.8 R:  71.7 F1:  71.6 | time: 0.0767s
Epoch: 0104 | loss: 0.3175 Ac:  89.40 P:  89.5 R:  89.4 F1:  89.4 | loss: 0.5848 Ac:  71.65 P:  72.6 R:  71.7 F1:  71.4 | time: 0.1955s
                                                                  | loss: 0.5851 Ac:  71.75 P:  72.3 R:  71.8 F1:  71.6 | time: 0.0772s
Epoch: 0105 | loss: 0.3198 Ac:  90.70 P:  90.9 R:  90.7 F1:  90.7 | loss: 0.5821 Ac:  71.90 P:  72.5 R:  71.9 F1:  71.7 | time: 0.2052s
                                                                  | loss: 0.5826 Ac:  71.75 P:  72.0 R:  71.8 F1:  71.7 | time: 0.0773s
Epoch: 0106 | loss: 0.3158 Ac:  90.75 P:  91.0 R:  90.7 F1:  90.7 | loss: 0.5794 Ac:  70.45 P:  70.4 R:  70.4 F1:  70.4 | time: 0.1978s
                                                                  | loss: 0.5807 Ac:  71.75 P:  71.8 R:  71.7 F1:  71.7 | time: 0.0791s
Epoch: 0107 | loss: 0.3115 Ac:  90.95 P:  91.0 R:  91.0 F1:  90.9 | loss: 0.5817 Ac:  70.75 P:  70.8 R:  70.7 F1:  70.7 | time: 0.2106s
                                                                  | loss: 0.5832 Ac:  70.90 P:  71.1 R:  70.9 F1:  70.8 | time: 0.0762s
Epoch: 0108 | loss: 0.3146 Ac:  90.50 P:  90.6 R:  90.5 F1:  90.5 | loss: 0.5791 Ac:  71.05 P:  71.1 R:  71.1 F1:  71.0 | time: 0.1973s
                                                                  | loss: 0.5800 Ac:  71.95 P:  72.0 R:  71.9 F1:  71.9 | time: 0.0746s
Epoch: 0109 | loss: 0.3063 Ac:  91.55 P:  91.6 R:  91.6 F1:  91.5 | loss: 0.5831 Ac:  71.85 P:  72.6 R:  71.9 F1:  71.6 | time: 0.2140s
                                                                  | loss: 0.5828 Ac:  71.45 P:  71.8 R:  71.5 F1:  71.3 | time: 0.0783s
Epoch: 0110 | loss: 0.3084 Ac:  91.15 P:  91.3 R:  91.1 F1:  91.1 | loss: 0.5848 Ac:  71.50 P:  72.4 R:  71.5 F1:  71.2 | time: 0.2151s
                                                                  | loss: 0.5842 Ac:  71.85 P:  72.4 R:  71.9 F1:  71.7 | time: 0.0773s
Epoch: 0111 | loss: 0.3013 Ac:  90.80 P:  91.0 R:  90.8 F1:  90.8 | loss: 0.5792 Ac:  71.25 P:  71.4 R:  71.3 F1:  71.2 | time: 0.1960s
                                                                  | loss: 0.5794 Ac:  71.60 P:  71.6 R:  71.6 F1:  71.6 | time: 0.0747s
Epoch: 0112 | loss: 0.3000 Ac:  91.50 P:  91.6 R:  91.5 F1:  91.5 | loss: 0.5837 Ac:  70.40 P:  70.6 R:  70.4 F1:  70.3 | time: 0.2008s
                                                                  | loss: 0.5849 Ac:  70.65 P:  71.1 R:  70.6 F1:  70.5 | time: 0.0800s
Epoch: 0113 | loss: 0.3021 Ac:  92.00 P:  92.2 R:  92.0 F1:  92.0 | loss: 0.5817 Ac:  70.65 P:  70.7 R:  70.6 F1:  70.6 | time: 0.1902s
                                                                  | loss: 0.5826 Ac:  70.75 P:  71.0 R:  70.7 F1:  70.7 | time: 0.0838s
Epoch: 0114 | loss: 0.2988 Ac:  92.05 P:  92.1 R:  92.1 F1:  92.0 | loss: 0.5795 Ac:  71.40 P:  71.6 R:  71.4 F1:  71.3 | time: 0.1957s
                                                                  | loss: 0.5791 Ac:  71.65 P:  71.7 R:  71.7 F1:  71.6 | time: 0.0748s
Epoch: 0115 | loss: 0.2881 Ac:  92.30 P:  92.3 R:  92.3 F1:  92.3 | loss: 0.5872 Ac:  71.25 P:  72.3 R:  71.3 F1:  70.9 | time: 0.1943s
                                                                  | loss: 0.5856 Ac:  71.85 P:  72.6 R:  71.9 F1:  71.6 | time: 0.0753s
Epoch: 0116 | loss: 0.2962 Ac:  91.20 P:  91.6 R:  91.2 F1:  91.2 | loss: 0.5825 Ac:  71.80 P:  72.3 R:  71.8 F1:  71.6 | time: 0.1953s
                                                                  | loss: 0.5812 Ac:  71.75 P:  72.0 R:  71.8 F1:  71.7 | time: 0.0751s
Epoch: 0117 | loss: 0.2915 Ac:  92.00 P:  92.2 R:  92.0 F1:  92.0 | loss: 0.5799 Ac:  71.30 P:  71.3 R:  71.3 F1:  71.3 | time: 0.1917s
                                                                  | loss: 0.5798 Ac:  71.65 P:  71.7 R:  71.6 F1:  71.6 | time: 0.0754s
Epoch: 0118 | loss: 0.2881 Ac:  91.50 P:  91.7 R:  91.5 F1:  91.5 | loss: 0.5799 Ac:  71.60 P:  71.6 R:  71.6 F1:  71.6 | time: 0.1964s
                                                                  | loss: 0.5795 Ac:  71.70 P:  71.7 R:  71.7 F1:  71.7 | time: 0.0753s
Epoch: 0119 | loss: 0.2858 Ac:  92.70 P:  92.7 R:  92.7 F1:  92.7 | loss: 0.5806 Ac:  71.45 P:  71.7 R:  71.5 F1:  71.4 | time: 0.1905s
                                                                  | loss: 0.5792 Ac:  71.80 P:  71.9 R:  71.8 F1:  71.8 | time: 0.0756s
Epoch: 0120 | loss: 0.2834 Ac:  92.30 P:  92.5 R:  92.3 F1:  92.3 | loss: 0.5807 Ac:  71.40 P:  71.7 R:  71.4 F1:  71.3 | time: 0.2092s
                                                                  | loss: 0.5792 Ac:  71.85 P:  71.9 R:  71.9 F1:  71.8 | time: 0.0742s
Epoch: 0121 | loss: 0.2789 Ac:  92.25 P:  92.3 R:  92.2 F1:  92.2 | loss: 0.5798 Ac:  71.50 P:  71.6 R:  71.5 F1:  71.5 | time: 0.1924s
                                                                  | loss: 0.5785 Ac:  71.75 P:  71.8 R:  71.8 F1:  71.7 | time: 0.0740s
Epoch: 0122 | loss: 0.2784 Ac:  92.80 P:  92.8 R:  92.8 F1:  92.8 | loss: 0.5800 Ac:  72.00 P:  72.0 R:  72.0 F1:  72.0 | time: 0.2011s
                                                                  | loss: 0.5790 Ac:  71.80 P:  71.8 R:  71.8 F1:  71.8 | time: 0.0806s
Epoch: 0123 | loss: 0.2793 Ac:  93.05 P:  93.0 R:  93.1 F1:  93.0 | loss: 0.5799 Ac:  71.75 P:  71.8 R:  71.8 F1:  71.7 | time: 0.1991s
                                                                  | loss: 0.5786 Ac:  71.80 P:  71.8 R:  71.8 F1:  71.8 | time: 0.0801s
Epoch: 0124 | loss: 0.2779 Ac:  92.50 P:  92.5 R:  92.5 F1:  92.5 | loss: 0.5820 Ac:  71.55 P:  71.9 R:  71.6 F1:  71.4 | time: 0.2016s
                                                                  | loss: 0.5799 Ac:  71.80 P:  72.0 R:  71.8 F1:  71.8 | time: 0.0832s
Epoch: 0125 | loss: 0.2788 Ac:  92.55 P:  92.7 R:  92.5 F1:  92.5 | loss: 0.5831 Ac:  71.65 P:  72.1 R:  71.7 F1:  71.5 | time: 0.1956s
                                                                  | loss: 0.5807 Ac:  72.05 P:  72.3 R:  72.1 F1:  72.0 | time: 0.0784s
Epoch: 0126 | loss: 0.2741 Ac:  93.15 P:  93.2 R:  93.1 F1:  93.1 | loss: 0.5826 Ac:  71.55 P:  71.9 R:  71.6 F1:  71.4 | time: 0.1920s
                                                                  | loss: 0.5802 Ac:  72.05 P:  72.2 R:  72.1 F1:  72.0 | time: 0.0751s
Epoch: 0127 | loss: 0.2712 Ac:  92.90 P:  93.0 R:  92.9 F1:  92.9 | loss: 0.5800 Ac:  71.80 P:  71.9 R:  71.8 F1:  71.8 | time: 0.1979s
                                                                  | loss: 0.5782 Ac:  71.80 P:  71.8 R:  71.8 F1:  71.8 | time: 0.0771s
Epoch: 0128 | loss: 0.2717 Ac:  92.60 P:  92.6 R:  92.6 F1:  92.6 | loss: 0.5799 Ac:  71.40 P:  71.5 R:  71.4 F1:  71.4 | time: 0.1939s
                                                                  | loss: 0.5781 Ac:  71.90 P:  71.9 R:  71.9 F1:  71.9 | time: 0.0764s
Epoch: 0129 | loss: 0.2630 Ac:  93.80 P:  93.8 R:  93.8 F1:  93.8 | loss: 0.5800 Ac:  72.20 P:  72.2 R:  72.2 F1:  72.2 | time: 0.2026s
                                                                  | loss: 0.5784 Ac:  71.85 P:  71.9 R:  71.8 F1:  71.8 | time: 0.0776s
Epoch: 0130 | loss: 0.2701 Ac:  92.30 P:  92.3 R:  92.3 F1:  92.3 | loss: 0.5818 Ac:  71.45 P:  71.7 R:  71.5 F1:  71.4 | time: 0.1898s
                                                                  | loss: 0.5792 Ac:  71.90 P:  72.0 R:  71.9 F1:  71.9 | time: 0.0725s
Epoch: 0131 | loss: 0.2657 Ac:  92.45 P:  92.7 R:  92.4 F1:  92.4 | loss: 0.5815 Ac:  71.60 P:  71.8 R:  71.6 F1:  71.5 | time: 0.1933s
                                                                  | loss: 0.5788 Ac:  71.75 P:  71.9 R:  71.8 F1:  71.7 | time: 0.0735s
Epoch: 0132 | loss: 0.2631 Ac:  93.30 P:  93.3 R:  93.3 F1:  93.3 | loss: 0.5818 Ac:  71.55 P:  71.8 R:  71.6 F1:  71.5 | time: 0.1906s
                                                                  | loss: 0.5790 Ac:  71.90 P:  72.0 R:  71.9 F1:  71.9 | time: 0.0722s
Epoch: 0133 | loss: 0.2651 Ac:  93.35 P:  93.6 R:  93.3 F1:  93.3 | loss: 0.5803 Ac:  72.35 P:  72.4 R:  72.4 F1:  72.3 | time: 0.1865s
                                                                  | loss: 0.5784 Ac:  71.90 P:  71.9 R:  71.9 F1:  71.9 | time: 0.0727s
Epoch: 0134 | loss: 0.2582 Ac:  93.95 P:  94.0 R:  94.0 F1:  93.9 | loss: 0.5804 Ac:  72.35 P:  72.4 R:  72.4 F1:  72.3 | time: 0.1964s
                                                                  | loss: 0.5782 Ac:  72.00 P:  72.0 R:  72.0 F1:  72.0 | time: 0.0794s
Epoch: 0135 | loss: 0.2602 Ac:  93.20 P:  93.2 R:  93.2 F1:  93.2 | loss: 0.5818 Ac:  71.85 P:  72.1 R:  71.9 F1:  71.8 | time: 0.1979s
                                                                  | loss: 0.5787 Ac:  71.75 P:  71.9 R:  71.8 F1:  71.7 | time: 0.0793s
Epoch: 0136 | loss: 0.2567 Ac:  93.45 P:  93.5 R:  93.4 F1:  93.4 | loss: 0.5863 Ac:  70.80 P:  71.4 R:  70.8 F1:  70.6 | time: 0.1956s
                                                                  | loss: 0.5824 Ac:  72.25 P:  72.7 R:  72.3 F1:  72.1 | time: 0.0745s
Epoch: 0137 | loss: 0.2522 Ac:  93.80 P:  93.9 R:  93.8 F1:  93.8 | loss: 0.5834 Ac:  71.70 P:  72.1 R:  71.7 F1:  71.6 | time: 0.1953s
                                                                  | loss: 0.5798 Ac:  72.05 P:  72.3 R:  72.1 F1:  72.0 | time: 0.0757s
Epoch: 0138 | loss: 0.2576 Ac:  93.65 P:  93.8 R:  93.6 F1:  93.6 | loss: 0.5816 Ac:  71.60 P:  71.6 R:  71.6 F1:  71.6 | time: 0.1934s
                                                                  | loss: 0.5794 Ac:  72.10 P:  72.2 R:  72.1 F1:  72.1 | time: 0.0764s
Epoch: 0139 | loss: 0.2542 Ac:  93.90 P:  93.9 R:  93.9 F1:  93.9 | loss: 0.5836 Ac:  71.30 P:  71.4 R:  71.3 F1:  71.3 | time: 0.2026s
                                                                  | loss: 0.5816 Ac:  71.70 P:  72.0 R:  71.7 F1:  71.6 | time: 0.0760s
Epoch: 0140 | loss: 0.2496 Ac:  94.70 P:  94.7 R:  94.7 F1:  94.7 | loss: 0.5806 Ac:  72.35 P:  72.4 R:  72.4 F1:  72.3 | time: 0.1948s
                                                                  | loss: 0.5776 Ac:  72.15 P:  72.1 R:  72.1 F1:  72.1 | time: 0.0775s
Epoch: 0141 | loss: 0.2467 Ac:  94.95 P:  95.0 R:  94.9 F1:  94.9 | loss: 0.5834 Ac:  71.80 P:  72.1 R:  71.8 F1:  71.7 | time: 0.1996s
                                                                  | loss: 0.5793 Ac:  72.00 P:  72.2 R:  72.0 F1:  72.0 | time: 0.0770s
Epoch: 0142 | loss: 0.2470 Ac:  94.20 P:  94.2 R:  94.2 F1:  94.2 | loss: 0.5865 Ac:  70.70 P:  71.3 R:  70.7 F1:  70.5 | time: 0.1946s
                                                                  | loss: 0.5819 Ac:  72.45 P:  72.8 R:  72.5 F1:  72.3 | time: 0.0772s
Epoch: 0143 | loss: 0.2445 Ac:  93.80 P:  94.0 R:  93.8 F1:  93.8 | loss: 0.5811 Ac:  72.25 P:  72.3 R:  72.3 F1:  72.2 | time: 0.1951s
                                                                  | loss: 0.5777 Ac:  72.25 P:  72.2 R:  72.2 F1:  72.2 | time: 0.0807s
Epoch: 0144 | loss: 0.2458 Ac:  93.15 P:  93.1 R:  93.2 F1:  93.1 | loss: 0.5831 Ac:  71.50 P:  71.5 R:  71.5 F1:  71.5 | time: 0.2053s
                                                                  | loss: 0.5801 Ac:  72.20 P:  72.4 R:  72.2 F1:  72.1 | time: 0.0734s
Epoch: 0145 | loss: 0.2481 Ac:  94.10 P:  94.2 R:  94.1 F1:  94.1 | loss: 0.5813 Ac:  72.05 P:  72.1 R:  72.1 F1:  72.0 | time: 0.1912s
                                                                  | loss: 0.5775 Ac:  71.90 P:  71.9 R:  71.9 F1:  71.9 | time: 0.0756s
Epoch: 0146 | loss: 0.2425 Ac:  94.05 P:  94.1 R:  94.1 F1:  94.0 | loss: 0.5911 Ac:  70.85 P:  71.8 R:  70.9 F1:  70.6 | time: 0.1959s
                                                                  | loss: 0.5856 Ac:  72.10 P:  72.8 R:  72.1 F1:  71.9 | time: 0.0792s
Epoch: 0147 | loss: 0.2476 Ac:  93.15 P:  93.4 R:  93.1 F1:  93.1 | loss: 0.5870 Ac:  71.00 P:  71.5 R:  71.0 F1:  70.8 | time: 0.1890s
                                                                  | loss: 0.5819 Ac:  72.10 P:  72.5 R:  72.1 F1:  72.0 | time: 0.0743s
Epoch: 0148 | loss: 0.2392 Ac:  94.00 P:  94.2 R:  94.0 F1:  94.0 | loss: 0.5832 Ac:  71.80 P:  71.8 R:  71.8 F1:  71.8 | time: 0.1967s
                                                                  | loss: 0.5800 Ac:  72.25 P:  72.4 R:  72.2 F1:  72.2 | time: 0.0733s
Epoch: 0149 | loss: 0.2390 Ac:  94.35 P:  94.4 R:  94.4 F1:  94.3 | loss: 0.5870 Ac:  71.45 P:  71.6 R:  71.4 F1:  71.4 | time: 0.1875s
                                                                  | loss: 0.5841 Ac:  71.30 P:  71.7 R:  71.3 F1:  71.1 | time: 0.0771s
Epoch: 0150 | loss: 0.2397 Ac:  94.45 P:  94.5 R:  94.5 F1:  94.4 | loss: 0.5820 Ac:  72.45 P:  72.5 R:  72.5 F1:  72.4 | time: 0.1930s
                                                                  | loss: 0.5779 Ac:  72.00 P:  72.0 R:  72.0 F1:  72.0 | time: 0.0744s
Epoch: 0151 | loss: 0.2326 Ac:  94.70 P:  94.7 R:  94.7 F1:  94.7 | loss: 0.5887 Ac:  70.95 P:  71.6 R:  71.0 F1:  70.8 | time: 0.2027s
                                                                  | loss: 0.5831 Ac:  71.90 P:  72.3 R:  71.9 F1:  71.8 | time: 0.0745s
Epoch: 0152 | loss: 0.2326 Ac:  94.90 P:  95.0 R:  94.9 F1:  94.9 | loss: 0.5892 Ac:  71.05 P:  71.7 R:  71.1 F1:  70.9 | time: 0.2000s
                                                                  | loss: 0.5835 Ac:  71.95 P:  72.4 R:  72.0 F1:  71.8 | time: 0.0760s
Epoch: 0153 | loss: 0.2309 Ac:  94.90 P:  95.0 R:  94.9 F1:  94.9 | loss: 0.5829 Ac:  72.65 P:  72.7 R:  72.7 F1:  72.6 | time: 0.1978s
                                                                  | loss: 0.5787 Ac:  72.00 P:  72.0 R:  72.0 F1:  72.0 | time: 0.0751s
Epoch: 0154 | loss: 0.2329 Ac:  94.80 P:  94.8 R:  94.8 F1:  94.8 | loss: 0.5847 Ac:  71.90 P:  71.9 R:  71.9 F1:  71.9 | time: 0.1983s
                                                                  | loss: 0.5809 Ac:  72.25 P:  72.4 R:  72.2 F1:  72.2 | time: 0.0750s
Epoch: 0155 | loss: 0.2329 Ac:  95.30 P:  95.3 R:  95.3 F1:  95.3 | loss: 0.5834 Ac:  72.55 P:  72.6 R:  72.6 F1:  72.5 | time: 0.1907s
                                                                  | loss: 0.5791 Ac:  72.00 P:  72.0 R:  72.0 F1:  72.0 | time: 0.0755s
Epoch: 0156 | loss: 0.2262 Ac:  95.05 P:  95.0 R:  95.1 F1:  95.0 | loss: 0.5857 Ac:  71.90 P:  72.1 R:  71.9 F1:  71.8 | time: 0.1944s
                                                                  | loss: 0.5803 Ac:  71.90 P:  72.0 R:  71.9 F1:  71.9 | time: 0.0745s
Epoch: 0157 | loss: 0.2244 Ac:  95.25 P:  95.3 R:  95.2 F1:  95.2 | loss: 0.5870 Ac:  72.00 P:  72.3 R:  72.0 F1:  71.9 | time: 0.1949s
                                                                  | loss: 0.5813 Ac:  72.05 P:  72.2 R:  72.1 F1:  72.0 | time: 0.0770s
Epoch: 0158 | loss: 0.2269 Ac:  95.10 P:  95.1 R:  95.1 F1:  95.1 | loss: 0.5850 Ac:  72.45 P:  72.6 R:  72.5 F1:  72.4 | time: 0.1889s
                                                                  | loss: 0.5797 Ac:  71.80 P:  71.8 R:  71.8 F1:  71.8 | time: 0.0770s
Epoch: 0159 | loss: 0.2268 Ac:  95.45 P:  95.5 R:  95.4 F1:  95.4 | loss: 0.5848 Ac:  72.65 P:  72.7 R:  72.7 F1:  72.6 | time: 0.1881s
                                                                  | loss: 0.5799 Ac:  72.15 P:  72.2 R:  72.1 F1:  72.1 | time: 0.0750s
Epoch: 0160 | loss: 0.2235 Ac:  95.90 P:  95.9 R:  95.9 F1:  95.9 | loss: 0.5856 Ac:  72.90 P:  72.9 R:  72.9 F1:  72.9 | time: 0.1948s
                                                                  | loss: 0.5809 Ac:  72.15 P:  72.2 R:  72.1 F1:  72.1 | time: 0.0793s
Epoch: 0161 | loss: 0.2259 Ac:  94.60 P:  94.7 R:  94.6 F1:  94.6 | loss: 0.5875 Ac:  72.05 P:  72.3 R:  72.1 F1:  72.0 | time: 0.2010s
                                                                  | loss: 0.5814 Ac:  72.20 P:  72.3 R:  72.2 F1:  72.2 | time: 0.0834s
Epoch: 0162 | loss: 0.2231 Ac:  95.30 P:  95.3 R:  95.3 F1:  95.3 | loss: 0.5911 Ac:  71.55 P:  72.0 R:  71.6 F1:  71.4 | time: 0.2158s
                                                                  | loss: 0.5842 Ac:  72.45 P:  72.8 R:  72.5 F1:  72.4 | time: 0.0759s
Epoch: 0163 | loss: 0.2214 Ac:  94.30 P:  94.4 R:  94.3 F1:  94.3 | loss: 0.5873 Ac:  72.25 P:  72.4 R:  72.3 F1:  72.2 | time: 0.1926s
                                                                  | loss: 0.5810 Ac:  71.70 P:  71.8 R:  71.7 F1:  71.7 | time: 0.0742s
Epoch: 0164 | loss: 0.2170 Ac:  95.10 P:  95.1 R:  95.1 F1:  95.1 | loss: 0.5863 Ac:  72.75 P:  72.8 R:  72.8 F1:  72.7 | time: 0.1935s
                                                                  | loss: 0.5807 Ac:  72.15 P:  72.2 R:  72.1 F1:  72.1 | time: 0.0759s
Epoch: 0165 | loss: 0.2213 Ac:  95.75 P:  95.7 R:  95.8 F1:  95.7 | loss: 0.5880 Ac:  72.35 P:  72.4 R:  72.3 F1:  72.3 | time: 0.1885s
                                                                  | loss: 0.5828 Ac:  72.35 P:  72.5 R:  72.3 F1:  72.3 | time: 0.0761s
Epoch: 0166 | loss: 0.2216 Ac:  96.00 P:  96.0 R:  96.0 F1:  96.0 | loss: 0.5865 Ac:  72.75 P:  72.8 R:  72.8 F1:  72.7 | time: 0.1915s
                                                                  | loss: 0.5802 Ac:  71.80 P:  71.8 R:  71.8 F1:  71.8 | time: 0.0750s
Epoch: 0167 | loss: 0.2188 Ac:  95.75 P:  95.7 R:  95.8 F1:  95.7 | loss: 0.5910 Ac:  71.80 P:  72.2 R:  71.8 F1:  71.7 | time: 0.1924s
                                                                  | loss: 0.5835 Ac:  72.40 P:  72.6 R:  72.4 F1:  72.3 | time: 0.0808s
Epoch: 0168 | loss: 0.2163 Ac:  94.90 P:  95.0 R:  94.9 F1:  94.9 | loss: 0.5893 Ac:  72.30 P:  72.5 R:  72.3 F1:  72.2 | time: 0.1923s
                                                                  | loss: 0.5819 Ac:  72.00 P:  72.2 R:  72.0 F1:  72.0 | time: 0.0790s
Epoch: 0169 | loss: 0.2141 Ac:  94.90 P:  94.9 R:  94.9 F1:  94.9 | loss: 0.5874 Ac:  72.30 P:  72.4 R:  72.3 F1:  72.3 | time: 0.2156s
                                                                  | loss: 0.5805 Ac:  71.95 P:  72.0 R:  72.0 F1:  71.9 | time: 0.0802s
Epoch: 0170 | loss: 0.2148 Ac:  95.20 P:  95.2 R:  95.2 F1:  95.2 | loss: 0.5872 Ac:  72.75 P:  72.8 R:  72.8 F1:  72.7 | time: 0.2041s
                                                                  | loss: 0.5806 Ac:  72.05 P:  72.1 R:  72.0 F1:  72.0 | time: 0.0785s
Epoch: 0171 | loss: 0.2090 Ac:  96.05 P:  96.0 R:  96.1 F1:  96.0 | loss: 0.5874 Ac:  72.65 P:  72.7 R:  72.7 F1:  72.6 | time: 0.1883s
                                                                  | loss: 0.5805 Ac:  72.15 P:  72.1 R:  72.1 F1:  72.1 | time: 0.0746s
Epoch: 0172 | loss: 0.2157 Ac:  95.25 P:  95.3 R:  95.3 F1:  95.2 | loss: 0.5910 Ac:  72.20 P:  72.5 R:  72.2 F1:  72.1 | time: 0.1954s
                                                                  | loss: 0.5827 Ac:  72.15 P:  72.3 R:  72.2 F1:  72.1 | time: 0.0747s
Epoch: 0173 | loss: 0.2100 Ac:  95.70 P:  95.8 R:  95.7 F1:  95.7 | loss: 0.5894 Ac:  72.30 P:  72.5 R:  72.3 F1:  72.3 | time: 0.1892s
                                                                  | loss: 0.5812 Ac:  71.90 P:  72.0 R:  71.9 F1:  71.9 | time: 0.0798s
Epoch: 0174 | loss: 0.2116 Ac:  95.20 P:  95.2 R:  95.2 F1:  95.2 | loss: 0.5876 Ac:  72.60 P:  72.6 R:  72.6 F1:  72.6 | time: 0.1984s
                                                                  | loss: 0.5802 Ac:  72.15 P:  72.2 R:  72.2 F1:  72.1 | time: 0.0768s
Epoch: 0175 | loss: 0.2117 Ac:  95.35 P:  95.4 R:  95.3 F1:  95.3 | loss: 0.5888 Ac:  72.65 P:  72.7 R:  72.6 F1:  72.6 | time: 0.1907s
                                                                  | loss: 0.5818 Ac:  72.35 P:  72.4 R:  72.3 F1:  72.3 | time: 0.0746s
Epoch: 0176 | loss: 0.2092 Ac:  95.80 P:  95.8 R:  95.8 F1:  95.8 | loss: 0.5880 Ac:  72.70 P:  72.7 R:  72.7 F1:  72.7 | time: 0.1965s
                                                                  | loss: 0.5802 Ac:  72.20 P:  72.2 R:  72.2 F1:  72.2 | time: 0.0779s
Epoch: 0177 | loss: 0.2032 Ac:  96.35 P:  96.4 R:  96.3 F1:  96.3 | loss: 0.5892 Ac:  72.40 P:  72.5 R:  72.4 F1:  72.4 | time: 0.1905s
                                                                  | loss: 0.5808 Ac:  72.20 P:  72.3 R:  72.2 F1:  72.2 | time: 0.0768s
Epoch: 0178 | loss: 0.2054 Ac:  96.30 P:  96.3 R:  96.3 F1:  96.3 | loss: 0.5925 Ac:  72.35 P:  72.7 R:  72.4 F1:  72.3 | time: 0.1890s
                                                                  | loss: 0.5834 Ac:  72.00 P:  72.2 R:  72.0 F1:  71.9 | time: 0.0744s
Epoch: 0179 | loss: 0.2079 Ac:  95.40 P:  95.5 R:  95.4 F1:  95.4 | loss: 0.5888 Ac:  72.70 P:  72.7 R:  72.7 F1:  72.7 | time: 0.1887s
                                                                  | loss: 0.5810 Ac:  72.15 P:  72.2 R:  72.1 F1:  72.1 | time: 0.0837s
Epoch: 0180 | loss: 0.1987 Ac:  96.15 P:  96.2 R:  96.1 F1:  96.1 | loss: 0.5926 Ac:  72.20 P:  72.3 R:  72.2 F1:  72.2 | time: 0.2024s
                                                                  | loss: 0.5856 Ac:  72.20 P:  72.5 R:  72.2 F1:  72.1 | time: 0.0762s
Epoch: 0181 | loss: 0.2048 Ac:  95.85 P:  95.9 R:  95.9 F1:  95.8 | loss: 0.5901 Ac:  72.90 P:  72.9 R:  72.9 F1:  72.9 | time: 0.1984s
                                                                  | loss: 0.5822 Ac:  72.30 P:  72.3 R:  72.3 F1:  72.3 | time: 0.0759s
Epoch: 0182 | loss: 0.2001 Ac:  96.35 P:  96.4 R:  96.4 F1:  96.3 | loss: 0.5919 Ac:  72.35 P:  72.6 R:  72.4 F1:  72.3 | time: 0.1898s
                                                                  | loss: 0.5826 Ac:  72.00 P:  72.1 R:  72.0 F1:  72.0 | time: 0.0784s
Epoch: 0183 | loss: 0.2015 Ac:  95.40 P:  95.5 R:  95.4 F1:  95.4 | loss: 0.5912 Ac:  72.70 P:  72.8 R:  72.7 F1:  72.7 | time: 0.1944s
                                                                  | loss: 0.5821 Ac:  72.25 P:  72.3 R:  72.3 F1:  72.2 | time: 0.0740s
Epoch: 0184 | loss: 0.1964 Ac:  96.10 P:  96.1 R:  96.1 F1:  96.1 | loss: 0.5907 Ac:  72.80 P:  72.8 R:  72.8 F1:  72.8 | time: 0.1907s
                                                                  | loss: 0.5821 Ac:  72.10 P:  72.1 R:  72.1 F1:  72.1 | time: 0.0777s
Epoch: 0185 | loss: 0.1961 Ac:  96.55 P:  96.5 R:  96.6 F1:  96.5 | loss: 0.5916 Ac:  72.90 P:  72.9 R:  72.9 F1:  72.9 | time: 0.2000s
                                                                  | loss: 0.5833 Ac:  72.15 P:  72.2 R:  72.1 F1:  72.1 | time: 0.0777s
Epoch: 0186 | loss: 0.1980 Ac:  96.30 P:  96.3 R:  96.3 F1:  96.3 | loss: 0.5913 Ac:  73.00 P:  73.0 R:  73.0 F1:  73.0 | time: 0.1980s
                                                                  | loss: 0.5823 Ac:  71.90 P:  71.9 R:  71.9 F1:  71.9 | time: 0.0757s
Epoch: 0187 | loss: 0.1973 Ac:  96.30 P:  96.3 R:  96.3 F1:  96.3 | loss: 0.5958 Ac:  72.30 P:  72.6 R:  72.3 F1:  72.2 | time: 0.2014s
                                                                  | loss: 0.5854 Ac:  72.15 P:  72.4 R:  72.2 F1:  72.1 | time: 0.0747s
Epoch: 0188 | loss: 0.1992 Ac:  96.20 P:  96.3 R:  96.2 F1:  96.2 | loss: 0.5942 Ac:  72.45 P:  72.7 R:  72.5 F1:  72.4 | time: 0.1884s
                                                                  | loss: 0.5840 Ac:  71.85 P:  72.0 R:  71.9 F1:  71.8 | time: 0.0734s
Epoch: 0189 | loss: 0.1952 Ac:  96.35 P:  96.4 R:  96.3 F1:  96.3 | loss: 0.5922 Ac:  72.85 P:  72.9 R:  72.9 F1:  72.8 | time: 0.1906s
                                                                  | loss: 0.5826 Ac:  72.25 P:  72.3 R:  72.3 F1:  72.2 | time: 0.0752s
Epoch: 0190 | loss: 0.1921 Ac:  96.15 P:  96.2 R:  96.1 F1:  96.1 | loss: 0.5921 Ac:  72.90 P:  73.0 R:  72.9 F1:  72.9 | time: 0.1890s
                                                                  | loss: 0.5826 Ac:  72.10 P:  72.1 R:  72.1 F1:  72.1 | time: 0.0720s
Epoch: 0191 | loss: 0.1913 Ac:  96.25 P:  96.2 R:  96.3 F1:  96.2 | loss: 0.5922 Ac:  72.90 P:  73.0 R:  72.9 F1:  72.9 | time: 0.1907s
                                                                  | loss: 0.5826 Ac:  72.05 P:  72.1 R:  72.1 F1:  72.0 | time: 0.0764s
Epoch: 0192 | loss: 0.1922 Ac:  96.40 P:  96.4 R:  96.4 F1:  96.4 | loss: 0.5926 Ac:  72.80 P:  72.9 R:  72.8 F1:  72.8 | time: 0.1906s
                                                                  | loss: 0.5828 Ac:  72.20 P:  72.2 R:  72.2 F1:  72.2 | time: 0.0752s
Epoch: 0193 | loss: 0.1899 Ac:  96.70 P:  96.7 R:  96.7 F1:  96.7 | loss: 0.5925 Ac:  72.75 P:  72.8 R:  72.8 F1:  72.7 | time: 0.1877s
                                                                  | loss: 0.5828 Ac:  71.95 P:  72.0 R:  72.0 F1:  71.9 | time: 0.0722s
Epoch: 0194 | loss: 0.1897 Ac:  96.55 P:  96.6 R:  96.5 F1:  96.5 | loss: 0.5924 Ac:  72.80 P:  72.8 R:  72.8 F1:  72.8 | time: 0.1931s
                                                                  | loss: 0.5831 Ac:  72.10 P:  72.1 R:  72.1 F1:  72.1 | time: 0.0722s
Epoch: 0195 | loss: 0.1878 Ac:  97.00 P:  97.0 R:  97.0 F1:  97.0 | loss: 0.5927 Ac:  72.80 P:  72.9 R:  72.8 F1:  72.8 | time: 0.1899s
                                                                  | loss: 0.5829 Ac:  72.10 P:  72.1 R:  72.1 F1:  72.1 | time: 0.0759s
Epoch: 0196 | loss: 0.1878 Ac:  97.00 P:  97.0 R:  97.0 F1:  97.0 | loss: 0.5939 Ac:  72.60 P:  72.8 R:  72.6 F1:  72.6 | time: 0.1850s
                                                                  | loss: 0.5835 Ac:  72.25 P:  72.3 R:  72.3 F1:  72.2 | time: 0.0763s
Epoch: 0197 | loss: 0.1877 Ac:  96.50 P:  96.5 R:  96.5 F1:  96.5 | loss: 0.5941 Ac:  72.70 P:  72.8 R:  72.7 F1:  72.7 | time: 0.1973s
                                                                  | loss: 0.5836 Ac:  72.20 P:  72.3 R:  72.2 F1:  72.2 | time: 0.0776s
Epoch: 0198 | loss: 0.1848 Ac:  96.80 P:  96.8 R:  96.8 F1:  96.8 | loss: 0.5934 Ac:  72.70 P:  72.7 R:  72.7 F1:  72.7 | time: 0.1951s
                                                                  | loss: 0.5834 Ac:  72.35 P:  72.4 R:  72.4 F1:  72.3 | time: 0.0784s
Epoch: 0199 | loss: 0.1864 Ac:  96.65 P:  96.7 R:  96.7 F1:  96.6 | loss: 0.5938 Ac:  72.70 P:  72.8 R:  72.7 F1:  72.7 | time: 0.1943s
                                                                  | loss: 0.5834 Ac:  72.05 P:  72.1 R:  72.1 F1:  72.0 | time: 0.0736s
Epoch: 0200 | loss: 0.1840 Ac:  97.00 P:  97.0 R:  97.0 F1:  97.0 | loss: 0.5954 Ac:  72.50 P:  72.7 R:  72.5 F1:  72.5 | time: 0.1880s
                                                                  | loss: 0.5843 Ac:  71.95 P:  72.0 R:  72.0 F1:  71.9 | time: 0.0726s
Epoch: 0201 | loss: 0.1815 Ac:  96.75 P:  96.8 R:  96.7 F1:  96.7 | loss: 0.5945 Ac:  73.00 P:  73.1 R:  73.0 F1:  73.0 | time: 0.1874s
                                                                  | loss: 0.5837 Ac:  72.25 P:  72.3 R:  72.3 F1:  72.2 | time: 0.0749s
Epoch: 0202 | loss: 0.1849 Ac:  96.55 P:  96.5 R:  96.6 F1:  96.5 | loss: 0.5947 Ac:  72.95 P:  73.0 R:  73.0 F1:  72.9 | time: 0.1996s
                                                                  | loss: 0.5838 Ac:  72.25 P:  72.3 R:  72.3 F1:  72.2 | time: 0.0764s
Epoch: 0203 | loss: 0.1835 Ac:  96.50 P:  96.5 R:  96.5 F1:  96.5 | loss: 0.5946 Ac:  72.90 P:  73.0 R:  72.9 F1:  72.9 | time: 0.1921s
                                                                  | loss: 0.5837 Ac:  72.25 P:  72.3 R:  72.3 F1:  72.2 | time: 0.0761s
Epoch: 0204 | loss: 0.1823 Ac:  96.65 P:  96.7 R:  96.6 F1:  96.6 | loss: 0.5948 Ac:  72.90 P:  73.0 R:  72.9 F1:  72.9 | time: 0.1945s
                                                                  | loss: 0.5836 Ac:  72.40 P:  72.4 R:  72.4 F1:  72.4 | time: 0.0743s
Epoch: 0205 | loss: 0.1818 Ac:  97.00 P:  97.0 R:  97.0 F1:  97.0 | loss: 0.5949 Ac:  72.80 P:  72.8 R:  72.8 F1:  72.8 | time: 0.1891s
                                                                  | loss: 0.5842 Ac:  72.65 P:  72.7 R:  72.6 F1:  72.6 | time: 0.0789s
Epoch: 0206 | loss: 0.1842 Ac:  96.65 P:  96.6 R:  96.7 F1:  96.6 | loss: 0.5947 Ac:  72.70 P:  72.7 R:  72.7 F1:  72.7 | time: 0.1884s
                                                                  | loss: 0.5837 Ac:  72.55 P:  72.6 R:  72.5 F1:  72.5 | time: 0.0749s
Epoch: 0207 | loss: 0.1774 Ac:  97.05 P:  97.1 R:  97.1 F1:  97.0 | loss: 0.5973 Ac:  72.55 P:  72.8 R:  72.6 F1:  72.5 | time: 0.1982s
                                                                  | loss: 0.5850 Ac:  72.15 P:  72.3 R:  72.2 F1:  72.1 | time: 0.0736s
Epoch: 0208 | loss: 0.1800 Ac:  96.85 P:  96.9 R:  96.8 F1:  96.8 | loss: 0.5964 Ac:  72.85 P:  73.0 R:  72.9 F1:  72.8 | time: 0.1859s
                                                                  | loss: 0.5842 Ac:  72.00 P:  72.1 R:  72.0 F1:  72.0 | time: 0.0743s
Epoch: 0209 | loss: 0.1778 Ac:  97.20 P:  97.2 R:  97.2 F1:  97.2 | loss: 0.5955 Ac:  73.00 P:  73.1 R:  73.0 F1:  73.0 | time: 0.1898s
                                                                  | loss: 0.5836 Ac:  72.55 P:  72.6 R:  72.6 F1:  72.5 | time: 0.0781s
Epoch: 0210 | loss: 0.1789 Ac:  97.05 P:  97.0 R:  97.1 F1:  97.0 | loss: 0.5963 Ac:  72.75 P:  72.7 R:  72.8 F1:  72.7 | time: 0.1918s
                                                                  | loss: 0.5847 Ac:  72.70 P:  72.7 R:  72.7 F1:  72.7 | time: 0.0763s
Epoch: 0211 | loss: 0.1779 Ac:  97.15 P:  97.2 R:  97.2 F1:  97.1 | loss: 0.5965 Ac:  73.05 P:  73.1 R:  73.1 F1:  73.0 | time: 0.1931s
                                                                  | loss: 0.5841 Ac:  72.65 P:  72.7 R:  72.7 F1:  72.6 | time: 0.0729s
Epoch: 0212 | loss: 0.1758 Ac:  96.85 P:  96.9 R:  96.8 F1:  96.8 | loss: 0.5978 Ac:  72.65 P:  72.8 R:  72.7 F1:  72.6 | time: 0.1961s
                                                                  | loss: 0.5848 Ac:  72.35 P:  72.4 R:  72.4 F1:  72.3 | time: 0.0744s
Epoch: 0213 | loss: 0.1766 Ac:  97.00 P:  97.0 R:  97.0 F1:  97.0 | loss: 0.5984 Ac:  72.70 P:  72.8 R:  72.7 F1:  72.7 | time: 0.1915s
                                                                  | loss: 0.5852 Ac:  72.35 P:  72.4 R:  72.4 F1:  72.3 | time: 0.0775s
Epoch: 0214 | loss: 0.1707 Ac:  97.50 P:  97.5 R:  97.5 F1:  97.5 | loss: 0.5979 Ac:  73.05 P:  73.1 R:  73.1 F1:  73.0 | time: 0.1923s
                                                                  | loss: 0.5849 Ac:  72.55 P:  72.6 R:  72.6 F1:  72.5 | time: 0.0757s
Epoch: 0215 | loss: 0.1722 Ac:  97.15 P:  97.1 R:  97.2 F1:  97.1 | loss: 0.5981 Ac:  72.85 P:  72.9 R:  72.9 F1:  72.8 | time: 0.1973s
                                                                  | loss: 0.5854 Ac:  72.75 P:  72.8 R:  72.7 F1:  72.7 | time: 0.0773s
Epoch: 0216 | loss: 0.1752 Ac:  96.75 P:  96.7 R:  96.8 F1:  96.7 | loss: 0.5983 Ac:  72.95 P:  73.0 R:  73.0 F1:  72.9 | time: 0.1947s
                                                                  | loss: 0.5854 Ac:  72.70 P:  72.7 R:  72.7 F1:  72.7 | time: 0.0755s
Epoch: 0217 | loss: 0.1730 Ac:  97.20 P:  97.2 R:  97.2 F1:  97.2 | loss: 0.6000 Ac:  72.65 P:  72.8 R:  72.7 F1:  72.6 | time: 0.2002s
                                                                  | loss: 0.5863 Ac:  72.30 P:  72.4 R:  72.3 F1:  72.3 | time: 0.0755s
Epoch: 0218 | loss: 0.1772 Ac:  97.20 P:  97.2 R:  97.2 F1:  97.2 | loss: 0.5995 Ac:  72.90 P:  73.0 R:  72.9 F1:  72.9 | time: 0.1947s
                                                                  | loss: 0.5860 Ac:  72.30 P:  72.4 R:  72.3 F1:  72.3 | time: 0.0757s
Epoch: 0219 | loss: 0.1685 Ac:  97.35 P:  97.4 R:  97.3 F1:  97.3 | loss: 0.5990 Ac:  72.90 P:  73.0 R:  72.9 F1:  72.9 | time: 0.1901s
                                                                  | loss: 0.5857 Ac:  72.45 P:  72.5 R:  72.5 F1:  72.4 | time: 0.0752s
Epoch: 0220 | loss: 0.1695 Ac:  97.15 P:  97.2 R:  97.1 F1:  97.1 | loss: 0.5990 Ac:  72.80 P:  72.8 R:  72.8 F1:  72.8 | time: 0.1940s
                                                                  | loss: 0.5862 Ac:  72.90 P:  72.9 R:  72.9 F1:  72.9 | time: 0.0768s
Epoch: 0221 | loss: 0.1723 Ac:  96.90 P:  96.9 R:  96.9 F1:  96.9 | loss: 0.5997 Ac:  72.90 P:  73.0 R:  72.9 F1:  72.9 | time: 0.1927s
                                                                  | loss: 0.5862 Ac:  72.15 P:  72.2 R:  72.2 F1:  72.1 | time: 0.0779s
Epoch: 0222 | loss: 0.1679 Ac:  97.10 P:  97.1 R:  97.1 F1:  97.1 | loss: 0.6001 Ac:  72.75 P:  72.9 R:  72.8 F1:  72.7 | time: 0.1903s
                                                                  | loss: 0.5865 Ac:  72.20 P:  72.3 R:  72.2 F1:  72.2 | time: 0.0738s
Epoch: 0223 | loss: 0.1710 Ac:  97.10 P:  97.1 R:  97.1 F1:  97.1 | loss: 0.5998 Ac:  72.70 P:  72.8 R:  72.7 F1:  72.7 | time: 0.1943s
                                                                  | loss: 0.5864 Ac:  72.55 P:  72.6 R:  72.6 F1:  72.5 | time: 0.0732s
Epoch: 0224 | loss: 0.1681 Ac:  97.65 P:  97.7 R:  97.6 F1:  97.6 | loss: 0.6001 Ac:  72.90 P:  72.9 R:  72.9 F1:  72.9 | time: 0.1933s
                                                                  | loss: 0.5872 Ac:  73.00 P:  73.0 R:  73.0 F1:  73.0 | time: 0.0734s
Epoch: 0225 | loss: 0.1655 Ac:  97.15 P:  97.2 R:  97.1 F1:  97.1 | loss: 0.6009 Ac:  73.05 P:  73.0 R:  73.0 F1:  73.0 | time: 0.1899s
                                                                  | loss: 0.5881 Ac:  72.95 P:  73.0 R:  72.9 F1:  72.9 | time: 0.0742s
Epoch: 0226 | loss: 0.1700 Ac:  96.90 P:  96.9 R:  96.9 F1:  96.9 | loss: 0.6023 Ac:  73.00 P:  73.2 R:  73.0 F1:  73.0 | time: 0.1920s
                                                                  | loss: 0.5882 Ac:  72.35 P:  72.4 R:  72.4 F1:  72.3 | time: 0.0752s
Epoch: 0227 | loss: 0.1670 Ac:  97.20 P:  97.2 R:  97.2 F1:  97.2 | loss: 0.6021 Ac:  72.75 P:  72.9 R:  72.8 F1:  72.7 | time: 0.1919s
                                                                  | loss: 0.5880 Ac:  72.30 P:  72.3 R:  72.3 F1:  72.3 | time: 0.0802s
Epoch: 0228 | loss: 0.1641 Ac:  97.40 P:  97.4 R:  97.4 F1:  97.4 | loss: 0.6016 Ac:  72.95 P:  73.0 R:  73.0 F1:  72.9 | time: 0.1948s
                                                                  | loss: 0.5881 Ac:  72.90 P:  72.9 R:  72.9 F1:  72.9 | time: 0.0748s
Epoch: 0229 | loss: 0.1684 Ac:  97.10 P:  97.1 R:  97.1 F1:  97.1 | loss: 0.6024 Ac:  72.75 P:  72.8 R:  72.8 F1:  72.7 | time: 0.1963s
                                                                  | loss: 0.5882 Ac:  72.40 P:  72.4 R:  72.4 F1:  72.4 | time: 0.0774s
Epoch: 0230 | loss: 0.1634 Ac:  97.70 P:  97.7 R:  97.7 F1:  97.7 | loss: 0.6030 Ac:  72.85 P:  73.0 R:  72.9 F1:  72.8 | time: 0.2006s
                                                                  | loss: 0.5886 Ac:  72.35 P:  72.4 R:  72.4 F1:  72.3 | time: 0.0814s
Epoch: 0231 | loss: 0.1690 Ac:  96.65 P:  96.7 R:  96.6 F1:  96.6 | loss: 0.6021 Ac:  72.85 P:  72.9 R:  72.9 F1:  72.8 | time: 0.1946s
                                                                  | loss: 0.5882 Ac:  72.85 P:  72.9 R:  72.9 F1:  72.8 | time: 0.0748s
Epoch: 0232 | loss: 0.1631 Ac:  97.45 P:  97.4 R:  97.5 F1:  97.4 | loss: 0.6034 Ac:  72.75 P:  72.9 R:  72.8 F1:  72.7 | time: 0.1943s
                                                                  | loss: 0.5886 Ac:  72.55 P:  72.6 R:  72.6 F1:  72.5 | time: 0.0740s
Epoch: 0233 | loss: 0.1627 Ac:  97.45 P:  97.5 R:  97.4 F1:  97.4 | loss: 0.6035 Ac:  72.70 P:  72.8 R:  72.7 F1:  72.7 | time: 0.1899s
                                                                  | loss: 0.5886 Ac:  72.60 P:  72.7 R:  72.6 F1:  72.6 | time: 0.0745s
Epoch: 0234 | loss: 0.1648 Ac:  97.65 P:  97.7 R:  97.6 F1:  97.6 | loss: 0.6025 Ac:  72.80 P:  72.8 R:  72.8 F1:  72.8 | time: 0.1904s
                                                                  | loss: 0.5880 Ac:  72.80 P:  72.8 R:  72.8 F1:  72.8 | time: 0.0744s
Epoch: 0235 | loss: 0.1623 Ac:  97.25 P:  97.3 R:  97.2 F1:  97.2 | loss: 0.6026 Ac:  72.75 P:  72.8 R:  72.8 F1:  72.7 | time: 0.1901s
                                                                  | loss: 0.5879 Ac:  72.70 P:  72.7 R:  72.7 F1:  72.7 | time: 0.0765s
Epoch: 0236 | loss: 0.1626 Ac:  97.65 P:  97.6 R:  97.7 F1:  97.6 | loss: 0.6058 Ac:  72.90 P:  73.2 R:  72.9 F1:  72.8 | time: 0.1880s
                                                                  | loss: 0.5901 Ac:  72.20 P:  72.4 R:  72.2 F1:  72.1 | time: 0.0735s
Epoch: 0237 | loss: 0.1607 Ac:  97.60 P:  97.6 R:  97.6 F1:  97.6 | loss: 0.6041 Ac:  72.85 P:  73.0 R:  72.9 F1:  72.8 | time: 0.1905s
                                                                  | loss: 0.5885 Ac:  72.50 P:  72.6 R:  72.5 F1:  72.5 | time: 0.0747s
Epoch: 0238 | loss: 0.1611 Ac:  97.45 P:  97.5 R:  97.4 F1:  97.4 | loss: 0.6033 Ac:  72.75 P:  72.8 R:  72.8 F1:  72.7 | time: 0.1890s
                                                                  | loss: 0.5880 Ac:  72.80 P:  72.8 R:  72.8 F1:  72.8 | time: 0.0772s
Epoch: 0239 | loss: 0.1585 Ac:  97.75 P:  97.8 R:  97.7 F1:  97.7 | loss: 0.6047 Ac:  73.15 P:  73.2 R:  73.1 F1:  73.1 | time: 0.1935s
                                                                  | loss: 0.5900 Ac:  72.60 P:  72.7 R:  72.6 F1:  72.6 | time: 0.0780s
Epoch: 0240 | loss: 0.1622 Ac:  97.45 P:  97.5 R:  97.5 F1:  97.4 | loss: 0.6043 Ac:  73.15 P:  73.2 R:  73.2 F1:  73.1 | time: 0.2199s
                                                                  | loss: 0.5887 Ac:  73.00 P:  73.0 R:  73.0 F1:  73.0 | time: 0.0810s
Epoch: 0241 | loss: 0.1582 Ac:  97.90 P:  97.9 R:  97.9 F1:  97.9 | loss: 0.6052 Ac:  72.85 P:  72.9 R:  72.9 F1:  72.8 | time: 0.2020s
                                                                  | loss: 0.5890 Ac:  72.75 P:  72.8 R:  72.8 F1:  72.7 | time: 0.0926s
Epoch: 0242 | loss: 0.1579 Ac:  97.90 P:  97.9 R:  97.9 F1:  97.9 | loss: 0.6060 Ac:  72.90 P:  73.0 R:  72.9 F1:  72.9 | time: 0.2122s
                                                                  | loss: 0.5895 Ac:  72.45 P:  72.5 R:  72.5 F1:  72.4 | time: 0.0852s
Epoch: 0243 | loss: 0.1632 Ac:  97.15 P:  97.2 R:  97.1 F1:  97.1 | loss: 0.6055 Ac:  72.80 P:  72.9 R:  72.8 F1:  72.8 | time: 0.1964s
                                                                  | loss: 0.5891 Ac:  72.80 P:  72.8 R:  72.8 F1:  72.8 | time: 0.0736s
Epoch: 0244 | loss: 0.1576 Ac:  97.65 P:  97.7 R:  97.7 F1:  97.6 | loss: 0.6087 Ac:  72.55 P:  72.8 R:  72.6 F1:  72.5 | time: 0.2005s
                                                                  | loss: 0.5916 Ac:  72.35 P:  72.6 R:  72.4 F1:  72.3 | time: 0.0766s
Epoch: 0245 | loss: 0.1587 Ac:  97.40 P:  97.4 R:  97.4 F1:  97.4 | loss: 0.6056 Ac:  73.10 P:  73.1 R:  73.1 F1:  73.1 | time: 0.1973s
                                                                  | loss: 0.5896 Ac:  73.05 P:  73.1 R:  73.0 F1:  73.0 | time: 0.0792s
Epoch: 0246 | loss: 0.1568 Ac:  97.85 P:  97.9 R:  97.9 F1:  97.8 | loss: 0.6063 Ac:  73.05 P:  73.0 R:  73.0 F1:  73.0 | time: 0.2000s
                                                                  | loss: 0.5904 Ac:  72.85 P:  72.9 R:  72.8 F1:  72.8 | time: 0.0765s
Epoch: 0247 | loss: 0.1555 Ac:  98.15 P:  98.2 R:  98.2 F1:  98.1 | loss: 0.6084 Ac:  72.85 P:  73.0 R:  72.9 F1:  72.8 | time: 0.1982s
                                                                  | loss: 0.5911 Ac:  72.50 P:  72.7 R:  72.5 F1:  72.5 | time: 0.0772s
Epoch: 0248 | loss: 0.1555 Ac:  97.90 P:  97.9 R:  97.9 F1:  97.9 | loss: 0.6099 Ac:  72.80 P:  73.0 R:  72.8 F1:  72.7 | time: 0.2073s
                                                                  | loss: 0.5923 Ac:  72.25 P:  72.5 R:  72.3 F1:  72.2 | time: 0.0761s
Epoch: 0249 | loss: 0.1585 Ac:  97.95 P:  98.0 R:  97.9 F1:  97.9 | loss: 0.6085 Ac:  73.10 P:  73.1 R:  73.1 F1:  73.1 | time: 0.1902s
                                                                  | loss: 0.5920 Ac:  72.60 P:  72.6 R:  72.6 F1:  72.6 | time: 0.0791s
Epoch: 0250 | loss: 0.1549 Ac:  97.90 P:  97.9 R:  97.9 F1:  97.9 | loss: 0.6095 Ac:  73.20 P:  73.2 R:  73.2 F1:  73.2 | time: 0.1893s
                                                                  | loss: 0.5928 Ac:  72.35 P:  72.4 R:  72.3 F1:  72.3 | time: 0.0753s
Epoch: 0251 | loss: 0.1558 Ac:  97.55 P:  97.6 R:  97.6 F1:  97.5 | loss: 0.6168 Ac:  72.55 P:  73.0 R:  72.6 F1:  72.4 | time: 0.2018s
                                                                  | loss: 0.5976 Ac:  72.60 P:  73.1 R:  72.6 F1:  72.5 | time: 0.0754s
Epoch: 0252 | loss: 0.1583 Ac:  97.40 P:  97.5 R:  97.4 F1:  97.4 | loss: 0.6109 Ac:  72.95 P:  73.1 R:  73.0 F1:  72.9 | time: 0.2093s
                                                                  | loss: 0.5924 Ac:  72.65 P:  72.7 R:  72.7 F1:  72.6 | time: 0.0886s
Epoch: 0253 | loss: 0.1522 Ac:  97.60 P:  97.6 R:  97.6 F1:  97.6 | loss: 0.6148 Ac:  73.25 P:  73.4 R:  73.2 F1:  73.2 | time: 0.2059s
                                                                  | loss: 0.5980 Ac:  71.90 P:  72.2 R:  71.9 F1:  71.8 | time: 0.0763s
Epoch: 0254 | loss: 0.1568 Ac:  98.00 P:  98.0 R:  98.0 F1:  98.0 | loss: 0.6101 Ac:  72.95 P:  73.0 R:  73.0 F1:  72.9 | time: 0.1941s
                                                                  | loss: 0.5918 Ac:  73.10 P:  73.1 R:  73.1 F1:  73.1 | time: 0.0776s
Epoch: 0255 | loss: 0.1560 Ac:  97.95 P:  98.0 R:  98.0 F1:  97.9 | loss: 0.6180 Ac:  72.60 P:  73.0 R:  72.6 F1:  72.5 | time: 0.1916s
                                                                  | loss: 0.5981 Ac:  72.60 P:  73.1 R:  72.6 F1:  72.5 | time: 0.0767s
Epoch: 0256 | loss: 0.1550 Ac:  97.40 P:  97.5 R:  97.4 F1:  97.4 | loss: 0.6132 Ac:  72.80 P:  73.0 R:  72.8 F1:  72.7 | time: 0.1999s
                                                                  | loss: 0.5937 Ac:  72.65 P:  72.9 R:  72.7 F1:  72.6 | time: 0.0745s
Epoch: 0257 | loss: 0.1530 Ac:  97.70 P:  97.7 R:  97.7 F1:  97.7 | loss: 0.6170 Ac:  72.80 P:  73.0 R:  72.8 F1:  72.7 | time: 0.1881s
                                                                  | loss: 0.5997 Ac:  71.85 P:  72.2 R:  71.8 F1:  71.7 | time: 0.0754s
Epoch: 0258 | loss: 0.1544 Ac:  98.00 P:  98.0 R:  98.0 F1:  98.0 | loss: 0.6125 Ac:  73.25 P:  73.3 R:  73.2 F1:  73.2 | time: 0.1909s
                                                                  | loss: 0.5944 Ac:  72.10 P:  72.2 R:  72.1 F1:  72.1 | time: 0.0731s
Epoch: 0259 | loss: 0.1502 Ac:  98.20 P:  98.2 R:  98.2 F1:  98.2 | loss: 0.6202 Ac:  72.60 P:  73.1 R:  72.6 F1:  72.5 | time: 0.1900s
                                                                  | loss: 0.5999 Ac:  72.80 P:  73.4 R:  72.8 F1:  72.7 | time: 0.0723s
Epoch: 0260 | loss: 0.1491 Ac:  98.15 P:  98.2 R:  98.1 F1:  98.1 | loss: 0.6246 Ac:  72.45 P:  73.1 R:  72.5 F1:  72.3 | time: 0.1873s
                                                                  | loss: 0.6039 Ac:  72.70 P:  73.4 R:  72.7 F1:  72.5 | time: 0.0718s
Epoch: 0261 | loss: 0.1515 Ac:  97.30 P:  97.3 R:  97.3 F1:  97.3 | loss: 0.6118 Ac:  72.90 P:  72.9 R:  72.9 F1:  72.9 | time: 0.1915s
                                                                  | loss: 0.5928 Ac:  72.90 P:  72.9 R:  72.9 F1:  72.9 | time: 0.0754s
Epoch: 0262 | loss: 0.1499 Ac:  97.80 P:  97.8 R:  97.8 F1:  97.8 | loss: 0.6188 Ac:  72.70 P:  72.9 R:  72.7 F1:  72.6 | time: 0.1892s
                                                                  | loss: 0.6010 Ac:  71.85 P:  72.2 R:  71.8 F1:  71.7 | time: 0.0742s
Epoch: 0263 | loss: 0.1503 Ac:  98.10 P:  98.1 R:  98.1 F1:  98.1 | loss: 0.6127 Ac:  72.90 P:  72.9 R:  72.9 F1:  72.9 | time: 0.1969s
                                                                  | loss: 0.5934 Ac:  72.70 P:  72.7 R:  72.7 F1:  72.7 | time: 0.0748s
Epoch: 0264 | loss: 0.1516 Ac:  97.65 P:  97.6 R:  97.7 F1:  97.6 | loss: 0.6343 Ac:  72.10 P:  73.2 R:  72.1 F1:  71.8 | time: 0.1965s
                                                                  | loss: 0.6129 Ac:  72.20 P:  73.2 R:  72.3 F1:  71.9 | time: 0.0744s
Epoch: 0265 | loss: 0.1576 Ac:  96.90 P:  97.0 R:  96.9 F1:  96.9 | loss: 0.6174 Ac:  72.80 P:  73.1 R:  72.8 F1:  72.7 | time: 0.1911s
                                                                  | loss: 0.5970 Ac:  72.50 P:  72.8 R:  72.5 F1:  72.4 | time: 0.0777s
Epoch: 0266 | loss: 0.1463 Ac:  97.65 P:  97.7 R:  97.6 F1:  97.6 | loss: 0.6248 Ac:  72.85 P:  73.2 R:  72.8 F1:  72.7 | time: 0.1918s
                                                                  | loss: 0.6073 Ac:  71.60 P:  72.2 R:  71.6 F1:  71.4 | time: 0.0730s
Epoch: 0267 | loss: 0.1542 Ac:  97.70 P:  97.7 R:  97.7 F1:  97.7 | loss: 0.6169 Ac:  73.25 P:  73.3 R:  73.2 F1:  73.2 | time: 0.1863s
                                                                  | loss: 0.5986 Ac:  71.85 P:  72.1 R:  71.8 F1:  71.8 | time: 0.0755s
Epoch: 0268 | loss: 0.1514 Ac:  97.50 P:  97.5 R:  97.5 F1:  97.5 | loss: 0.6319 Ac:  72.15 P:  73.1 R:  72.2 F1:  71.9 | time: 0.1921s
                                                                  | loss: 0.6106 Ac:  72.35 P:  73.3 R:  72.4 F1:  72.1 | time: 0.0798s
Epoch: 0269 | loss: 0.1529 Ac:  96.90 P:  97.0 R:  96.9 F1:  96.9 | loss: 0.6253 Ac:  72.70 P:  73.3 R:  72.7 F1:  72.6 | time: 0.1877s
                                                                  | loss: 0.6043 Ac:  72.75 P:  73.4 R:  72.8 F1:  72.6 | time: 0.0728s
Epoch: 0270 | loss: 0.1518 Ac:  97.40 P:  97.5 R:  97.4 F1:  97.4 | loss: 0.6198 Ac:  73.00 P:  73.1 R:  73.0 F1:  72.9 | time: 0.1903s
                                                                  | loss: 0.6016 Ac:  71.60 P:  72.0 R:  71.6 F1:  71.5 | time: 0.0741s
Epoch: 0271 | loss: 0.1505 Ac:  97.40 P:  97.4 R:  97.4 F1:  97.4 | loss: 0.6244 Ac:  73.00 P:  73.3 R:  73.0 F1:  72.9 | time: 0.1918s
                                                                  | loss: 0.6068 Ac:  71.40 P:  72.0 R:  71.4 F1:  71.2 | time: 0.0775s
Epoch: 0272 | loss: 0.1467 Ac:  97.70 P:  97.7 R:  97.7 F1:  97.7 | loss: 0.6160 Ac:  73.25 P:  73.4 R:  73.3 F1:  73.2 | time: 0.1913s
                                                                  | loss: 0.5960 Ac:  72.55 P:  72.7 R:  72.6 F1:  72.5 | time: 0.0728s
Epoch: 0273 | loss: 0.1464 Ac:  98.25 P:  98.3 R:  98.2 F1:  98.2 | loss: 0.6268 Ac:  72.65 P:  73.2 R:  72.7 F1:  72.5 | time: 0.1968s
                                                                  | loss: 0.6059 Ac:  72.65 P:  73.3 R:  72.7 F1:  72.5 | time: 0.0878s
Epoch: 0274 | loss: 0.1474 Ac:  97.40 P:  97.5 R:  97.4 F1:  97.4 | loss: 0.6152 Ac:  72.95 P:  73.0 R:  73.0 F1:  72.9 | time: 0.2034s
                                                                  | loss: 0.5956 Ac:  72.60 P:  72.6 R:  72.6 F1:  72.6 | time: 0.0765s
Epoch: 0275 | loss: 0.1445 Ac:  98.10 P:  98.1 R:  98.1 F1:  98.1 | loss: 0.6191 Ac:  73.20 P:  73.3 R:  73.2 F1:  73.2 | time: 0.1955s
                                                                  | loss: 0.6008 Ac:  71.90 P:  72.1 R:  71.9 F1:  71.8 | time: 0.0738s
Epoch: 0276 | loss: 0.1436 Ac:  98.10 P:  98.1 R:  98.1 F1:  98.1 | loss: 0.6201 Ac:  73.20 P:  73.3 R:  73.2 F1:  73.2 | time: 0.1953s
                                                                  | loss: 0.6017 Ac:  71.85 P:  72.1 R:  71.8 F1:  71.8 | time: 0.0736s
Epoch: 0277 | loss: 0.1458 Ac:  97.70 P:  97.7 R:  97.7 F1:  97.7 | loss: 0.6199 Ac:  72.80 P:  73.0 R:  72.8 F1:  72.7 | time: 0.1893s
                                                                  | loss: 0.5993 Ac:  72.50 P:  72.8 R:  72.5 F1:  72.4 | time: 0.0735s
Epoch: 0278 | loss: 0.1397 Ac:  98.50 P:  98.5 R:  98.5 F1:  98.5 | loss: 0.6265 Ac:  72.70 P:  73.1 R:  72.7 F1:  72.6 | time: 0.1989s
                                                                  | loss: 0.6052 Ac:  72.75 P:  73.3 R:  72.8 F1:  72.6 | time: 0.0835s
Epoch: 0279 | loss: 0.1477 Ac:  97.65 P:  97.7 R:  97.6 F1:  97.6 | loss: 0.6184 Ac:  73.35 P:  73.4 R:  73.3 F1:  73.3 | time: 0.2001s
                                                                  | loss: 0.5990 Ac:  72.10 P:  72.2 R:  72.1 F1:  72.1 | time: 0.0753s
Epoch: 0280 | loss: 0.1441 Ac:  98.30 P:  98.3 R:  98.3 F1:  98.3 | loss: 0.6203 Ac:  73.15 P:  73.2 R:  73.1 F1:  73.1 | time: 0.2041s
                                                                  | loss: 0.6011 Ac:  72.25 P:  72.4 R:  72.2 F1:  72.2 | time: 0.0757s
Epoch: 0281 | loss: 0.1408 Ac:  98.10 P:  98.1 R:  98.1 F1:  98.1 | loss: 0.6185 Ac:  72.90 P:  73.0 R:  72.9 F1:  72.9 | time: 0.1978s
                                                                  | loss: 0.5980 Ac:  72.90 P:  72.9 R:  72.9 F1:  72.9 | time: 0.0765s
Epoch: 0282 | loss: 0.1396 Ac:  98.20 P:  98.2 R:  98.2 F1:  98.2 | loss: 0.6294 Ac:  72.85 P:  73.3 R:  72.9 F1:  72.7 | time: 0.1970s
                                                                  | loss: 0.6077 Ac:  72.55 P:  73.1 R:  72.6 F1:  72.4 | time: 0.0795s
Epoch: 0283 | loss: 0.1413 Ac:  97.70 P:  97.7 R:  97.7 F1:  97.7 | loss: 0.6223 Ac:  72.75 P:  73.0 R:  72.8 F1:  72.7 | time: 0.2052s
                                                                  | loss: 0.6011 Ac:  72.75 P:  73.0 R:  72.8 F1:  72.7 | time: 0.0800s
Epoch: 0284 | loss: 0.1377 Ac:  98.40 P:  98.4 R:  98.4 F1:  98.4 | loss: 0.6208 Ac:  73.25 P:  73.3 R:  73.2 F1:  73.2 | time: 0.2011s
                                                                  | loss: 0.6011 Ac:  72.25 P:  72.3 R:  72.2 F1:  72.2 | time: 0.0770s
Epoch: 0285 | loss: 0.1439 Ac:  98.15 P:  98.2 R:  98.2 F1:  98.1 | loss: 0.6213 Ac:  73.20 P:  73.2 R:  73.2 F1:  73.2 | time: 0.2005s
                                                                  | loss: 0.6015 Ac:  72.20 P:  72.3 R:  72.2 F1:  72.2 | time: 0.0768s
Epoch: 0286 | loss: 0.1399 Ac:  98.25 P:  98.3 R:  98.3 F1:  98.2 | loss: 0.6207 Ac:  72.80 P:  72.9 R:  72.8 F1:  72.8 | time: 0.1940s
                                                                  | loss: 0.5993 Ac:  73.05 P:  73.2 R:  73.1 F1:  73.0 | time: 0.0767s
Epoch: 0287 | loss: 0.1383 Ac:  98.25 P:  98.3 R:  98.2 F1:  98.2 | loss: 0.6245 Ac:  73.00 P:  73.3 R:  73.0 F1:  72.9 | time: 0.1910s
                                                                  | loss: 0.6024 Ac:  73.05 P:  73.4 R:  73.1 F1:  73.0 | time: 0.0781s
Epoch: 0288 | loss: 0.1407 Ac:  97.95 P:  98.0 R:  97.9 F1:  97.9 | loss: 0.6201 Ac:  73.00 P:  73.1 R:  73.0 F1:  73.0 | time: 0.1901s
                                                                  | loss: 0.5986 Ac:  73.25 P:  73.3 R:  73.3 F1:  73.2 | time: 0.0781s
Epoch: 0289 | loss: 0.1364 Ac:  98.35 P:  98.3 R:  98.4 F1:  98.3 | loss: 0.6203 Ac:  73.30 P:  73.3 R:  73.3 F1:  73.3 | time: 0.1943s
                                                                  | loss: 0.5995 Ac:  72.45 P:  72.5 R:  72.4 F1:  72.4 | time: 0.0745s
Epoch: 0290 | loss: 0.1347 Ac:  98.35 P:  98.3 R:  98.4 F1:  98.3 | loss: 0.6199 Ac:  72.85 P:  72.9 R:  72.9 F1:  72.8 | time: 0.1922s
                                                                  | loss: 0.5987 Ac:  72.75 P:  72.8 R:  72.7 F1:  72.7 | time: 0.0748s
Epoch: 0291 | loss: 0.1359 Ac:  98.35 P:  98.3 R:  98.4 F1:  98.3 | loss: 0.6229 Ac:  72.90 P:  73.1 R:  72.9 F1:  72.9 | time: 0.1961s
                                                                  | loss: 0.6005 Ac:  72.95 P:  73.1 R:  73.0 F1:  72.9 | time: 0.0779s
Epoch: 0292 | loss: 0.1354 Ac:  98.40 P:  98.4 R:  98.4 F1:  98.4 | loss: 0.6223 Ac:  72.90 P:  73.1 R:  72.9 F1:  72.9 | time: 0.2003s
                                                                  | loss: 0.6000 Ac:  72.95 P:  73.1 R:  73.0 F1:  72.9 | time: 0.0769s
Epoch: 0293 | loss: 0.1342 Ac:  98.30 P:  98.3 R:  98.3 F1:  98.3 | loss: 0.6209 Ac:  72.90 P:  72.9 R:  72.9 F1:  72.9 | time: 0.1964s
                                                                  | loss: 0.5990 Ac:  72.90 P:  72.9 R:  72.9 F1:  72.9 | time: 0.0780s
Epoch: 0294 | loss: 0.1317 Ac:  98.60 P:  98.6 R:  98.6 F1:  98.6 | loss: 0.6214 Ac:  72.80 P:  72.8 R:  72.8 F1:  72.8 | time: 0.1953s
                                                                  | loss: 0.5994 Ac:  72.70 P:  72.7 R:  72.7 F1:  72.7 | time: 0.0793s
Epoch: 0295 | loss: 0.1338 Ac:  98.55 P:  98.5 R:  98.6 F1:  98.5 | loss: 0.6222 Ac:  73.15 P:  73.2 R:  73.2 F1:  73.1 | time: 0.1921s
                                                                  | loss: 0.5998 Ac:  72.95 P:  73.0 R:  73.0 F1:  72.9 | time: 0.0827s
Epoch: 0296 | loss: 0.1322 Ac:  98.70 P:  98.7 R:  98.7 F1:  98.7 | loss: 0.6225 Ac:  73.15 P:  73.2 R:  73.2 F1:  73.1 | time: 0.1933s
                                                                  | loss: 0.6002 Ac:  73.05 P:  73.1 R:  73.1 F1:  73.0 | time: 0.0765s
Epoch: 0297 | loss: 0.1327 Ac:  98.55 P:  98.6 R:  98.5 F1:  98.5 | loss: 0.6235 Ac:  72.90 P:  73.0 R:  72.9 F1:  72.9 | time: 0.1995s
                                                                  | loss: 0.6009 Ac:  73.15 P:  73.2 R:  73.2 F1:  73.1 | time: 0.0777s
Epoch: 0298 | loss: 0.1333 Ac:  98.60 P:  98.6 R:  98.6 F1:  98.6 | loss: 0.6255 Ac:  73.00 P:  73.2 R:  73.0 F1:  73.0 | time: 0.1923s
                                                                  | loss: 0.6025 Ac:  72.75 P:  72.9 R:  72.8 F1:  72.7 | time: 0.0746s
Epoch: 0299 | loss: 0.1340 Ac:  98.30 P:  98.3 R:  98.3 F1:  98.3 | loss: 0.6236 Ac:  72.90 P:  72.9 R:  72.9 F1:  72.9 | time: 0.1903s
                                                                  | loss: 0.6014 Ac:  72.75 P:  72.8 R:  72.8 F1:  72.7 | time: 0.0731s
Epoch: 0300 | loss: 0.1317 Ac:  98.15 P:  98.2 R:  98.2 F1:  98.1 | loss: 0.6244 Ac:  72.95 P:  73.0 R:  73.0 F1:  72.9 | time: 0.1907s
                                                                  | loss: 0.6018 Ac:  73.00 P:  73.0 R:  73.0 F1:  73.0 | time: 0.0743s
Optimization Finished!
Total time elapsed: 207.8598s
The best result is: ACC: 72.1000 F1: 0.7207, where epoch is 279




0:	vali:  73.35000	test:  ACC: 72.1000 F1: 0.7207  fake ACC: 0.7118 legitimate ACC: 0.7312, epoch=279
