Loading gossipcop dataset...
Loading text content...
../data/gossipcop/
gossipcop
text
label matrix shape: torch.Size([15729, 2])
done.
Loading topic content...
../data/gossipcop/
gossipcop
topic
done.
Loading entity content...
../data/gossipcop/
gossipcop
entity
done.
Building graph...
Num of edges: 10487989
train, vali, test:  80 80 15569
Transfer to be transductive.


No. 1 test.

6
6
[torch.Size([512]), torch.Size([512, 4]), torch.Size([4]), torch.Size([17026, 512]), torch.Size([17026, 512]), torch.Size([7064, 512])]
Epoch: 0001 | loss: 1.7414 Ac:  35.00 P:  67.1 R:  50.9 F1:  27.3 | loss: 1.3920 Ac:  20.00 P:  10.0 R:  50.0 F1:  16.7 | time: 1.4403s
                                                                  | loss: 1.3770 Ac:  24.03 P:  12.0 R:  50.0 F1:  19.4 | time: 0.3493s
Epoch: 0002 | loss: 1.3647 Ac:  38.75 P:  52.1 R:  51.0 F1:  35.9 | loss: 1.0522 Ac:  56.25 P:  54.0 R:  56.2 F1:  50.6 | time: 0.3547s
                                                                  | loss: 1.0581 Ac:  56.55 P:  54.0 R:  55.5 F1:  52.0 | time: 0.3309s
Epoch: 0003 | loss: 1.1228 Ac:  47.50 P:  49.5 R:  49.5 F1:  47.0 | loss: 0.8177 Ac:  78.75 P:  39.9 R:  49.2 F1:  44.1 | time: 0.3485s
                                                                  | loss: 0.8419 Ac:  75.74 P:  50.8 R:  50.0 F1:  43.6 | time: 0.3038s
Epoch: 0004 | loss: 0.8761 Ac:  67.50 P:  62.0 R:  57.3 F1:  56.7 | loss: 0.6733 Ac:  80.00 P:  40.0 R:  50.0 F1:  44.4 | time: 0.3578s
                                                                  | loss: 0.7125 Ac:  75.97 P:  38.0 R:  50.0 F1:  43.2 | time: 0.3430s
Epoch: 0005 | loss: 0.8326 Ac:  65.00 P:  49.8 R:  50.0 F1:  42.6 | loss: 0.5938 Ac:  80.00 P:  40.0 R:  50.0 F1:  44.4 | time: 0.3525s
                                                                  | loss: 0.6448 Ac:  75.97 P:  38.0 R:  50.0 F1:  43.2 | time: 0.3138s
Epoch: 0006 | loss: 0.7213 Ac:  66.25 P:  58.3 R:  50.9 F1:  43.1 | loss: 0.5532 Ac:  80.00 P:  40.0 R:  50.0 F1:  44.4 | time: 0.3456s
                                                                  | loss: 0.6111 Ac:  75.97 P:  38.0 R:  50.0 F1:  43.2 | time: 0.3012s
Epoch: 0007 | loss: 0.6909 Ac:  66.25 P:  33.1 R:  50.0 F1:  39.8 | loss: 0.5310 Ac:  80.00 P:  40.0 R:  50.0 F1:  44.4 | time: 0.3445s
                                                                  | loss: 0.5909 Ac:  75.97 P:  38.0 R:  50.0 F1:  43.2 | time: 0.3043s
Epoch: 0008 | loss: 0.7381 Ac:  66.25 P:  33.1 R:  50.0 F1:  39.8 | loss: 0.5180 Ac:  80.00 P:  40.0 R:  50.0 F1:  44.4 | time: 0.3470s
                                                                  | loss: 0.5754 Ac:  75.97 P:  38.0 R:  50.0 F1:  43.2 | time: 0.2980s
Epoch: 0009 | loss: 0.6971 Ac:  67.50 P:  83.5 R:  51.9 F1:  43.7 | loss: 0.5125 Ac:  80.00 P:  40.0 R:  50.0 F1:  44.4 | time: 0.3432s
                                                                  | loss: 0.5633 Ac:  75.97 P:  38.0 R:  50.0 F1:  43.2 | time: 0.2992s
Epoch: 0010 | loss: 0.6673 Ac:  65.00 P:  32.9 R:  49.1 F1:  39.4 | loss: 0.5181 Ac:  80.00 P:  40.0 R:  50.0 F1:  44.4 | time: 0.3445s
                                                                  | loss: 0.5589 Ac:  75.97 P:  38.0 R:  50.0 F1:  43.2 | time: 0.2959s
Epoch: 0011 | loss: 0.6147 Ac:  67.50 P:  83.5 R:  51.9 F1:  43.7 | loss: 0.5400 Ac:  80.00 P:  40.0 R:  50.0 F1:  44.4 | time: 0.3447s
                                                                  | loss: 0.5685 Ac:  75.97 P:  38.0 R:  50.0 F1:  43.2 | time: 0.3184s
Epoch: 0012 | loss: 0.5893 Ac:  75.00 P:  81.1 R:  63.9 F1:  64.2 | loss: 0.5717 Ac:  80.00 P:  40.0 R:  50.0 F1:  44.4 | time: 0.3434s
                                                                  | loss: 0.5890 Ac:  76.04 P:  65.2 R:  50.7 F1:  45.0 | time: 0.3035s
Epoch: 0013 | loss: 0.5689 Ac:  72.50 P:  71.2 R:  62.9 F1:  63.3 | loss: 0.5959 Ac:  78.75 P:  56.9 R:  51.6 F1:  49.2 | time: 0.3463s
                                                                  | loss: 0.6059 Ac:  77.15 P:  69.7 R:  55.3 F1:  54.1 | time: 0.3069s
Epoch: 0014 | loss: 0.5891 Ac:  72.50 P:  69.0 R:  67.4 F1:  68.0 | loss: 0.6027 Ac:  77.50 P:  52.6 R:  50.8 F1:  48.6 | time: 0.3440s
                                                                  | loss: 0.6095 Ac:  77.41 P:  68.9 R:  57.9 F1:  58.4 | time: 0.2980s
Epoch: 0015 | loss: 0.5759 Ac:  76.25 P:  74.2 R:  70.3 F1:  71.4 | loss: 0.5925 Ac:  78.75 P:  56.9 R:  51.6 F1:  49.2 | time: 0.3458s
                                                                  | loss: 0.5998 Ac:  77.78 P:  71.0 R:  57.3 F1:  57.4 | time: 0.2970s
Epoch: 0016 | loss: 0.5354 Ac:  75.00 P:  72.1 R:  70.2 F1:  70.9 | loss: 0.5723 Ac:  78.75 P:  56.9 R:  51.6 F1:  49.2 | time: 0.3424s
                                                                  | loss: 0.5823 Ac:  77.72 P:  75.9 R:  55.0 F1:  53.3 | time: 0.3176s
Epoch: 0017 | loss: 0.5960 Ac:  66.25 P:  61.2 R:  60.0 F1:  60.3 | loss: 0.5443 Ac:  80.00 P:  40.0 R:  50.0 F1:  44.4 | time: 0.3437s
                                                                  | loss: 0.5598 Ac:  76.82 P:  80.4 R:  52.0 F1:  47.5 | time: 0.3503s
Epoch: 0018 | loss: 0.5533 Ac:  75.00 P:  73.4 R:  67.5 F1:  68.7 | loss: 0.5195 Ac:  80.00 P:  40.0 R:  50.0 F1:  44.4 | time: 0.3528s
                                                                  | loss: 0.5411 Ac:  76.41 P:  88.2 R:  50.9 F1:  45.1 | time: 0.2980s
Epoch: 0019 | loss: 0.5178 Ac:  75.00 P:  74.4 R:  66.6 F1:  67.7 | loss: 0.5028 Ac:  80.00 P:  40.0 R:  50.0 F1:  44.4 | time: 0.3453s
                                                                  | loss: 0.5294 Ac:  76.34 P:  88.1 R:  50.8 F1:  44.8 | time: 0.3121s
Epoch: 0020 | loss: 0.4921 Ac:  72.50 P:  72.6 R:  62.0 F1:  62.0 | loss: 0.4948 Ac:  80.00 P:  40.0 R:  50.0 F1:  44.4 | time: 0.3441s
                                                                  | loss: 0.5236 Ac:  76.31 P:  88.1 R:  50.7 F1:  44.7 | time: 0.3164s
Epoch: 0021 | loss: 0.5083 Ac:  70.00 P:  70.6 R:  57.4 F1:  55.2 | loss: 0.4925 Ac:  80.00 P:  40.0 R:  50.0 F1:  44.4 | time: 0.3554s
                                                                  | loss: 0.5209 Ac:  76.32 P:  88.1 R:  50.7 F1:  44.7 | time: 0.3221s
Epoch: 0022 | loss: 0.4734 Ac:  77.50 P:  83.1 R:  67.6 F1:  68.9 | loss: 0.4924 Ac:  80.00 P:  40.0 R:  50.0 F1:  44.4 | time: 0.3481s
                                                                  | loss: 0.5191 Ac:  76.34 P:  88.1 R:  50.8 F1:  44.8 | time: 0.3307s
Epoch: 0023 | loss: 0.4783 Ac:  75.00 P:  86.3 R:  63.0 F1:  62.7 | loss: 0.4976 Ac:  80.00 P:  40.0 R:  50.0 F1:  44.4 | time: 0.3467s
                                                                  | loss: 0.5201 Ac:  76.51 P:  88.2 R:  51.1 F1:  45.5 | time: 0.3015s
Epoch: 0024 | loss: 0.4567 Ac:  77.50 P:  80.4 R:  68.5 F1:  70.0 | loss: 0.5076 Ac:  80.00 P:  40.0 R:  50.0 F1:  44.4 | time: 0.3480s
                                                                  | loss: 0.5243 Ac:  77.02 P:  86.2 R:  52.3 F1:  47.8 | time: 0.3042s
Epoch: 0025 | loss: 0.4794 Ac:  71.25 P:  72.9 R:  59.2 F1:  57.9 | loss: 0.5247 Ac:  81.25 P:  90.5 R:  53.1 F1:  50.6 | time: 0.3481s
                                                                  | loss: 0.5340 Ac:  78.21 P:  82.8 R:  55.2 F1:  53.3 | time: 0.3069s
Epoch: 0026 | loss: 0.4510 Ac:  86.25 P:  86.3 R:  82.4 F1:  83.8 | loss: 0.5407 Ac:  80.00 P:  65.4 R:  52.3 F1:  49.9 | time: 0.3512s
                                                                  | loss: 0.5438 Ac:  79.22 P:  77.4 R:  59.0 F1:  59.8 | time: 0.2975s
Epoch: 0027 | loss: 0.4517 Ac:  81.25 P:  79.0 R:  79.5 F1:  79.2 | loss: 0.5450 Ac:  82.50 P:  78.9 R:  58.6 F1:  60.0 | time: 0.3441s
                                                                  | loss: 0.5456 Ac:  79.73 P:  76.6 R:  61.0 F1:  62.5 | time: 0.3086s
Epoch: 0028 | loss: 0.4208 Ac:  83.75 P:  82.4 R:  80.5 F1:  81.3 | loss: 0.5417 Ac:  82.50 P:  78.9 R:  58.6 F1:  60.0 | time: 0.3493s
                                                                  | loss: 0.5417 Ac:  79.76 P:  76.4 R:  61.2 F1:  62.8 | time: 0.3119s
Epoch: 0029 | loss: 0.4530 Ac:  82.50 P:  82.0 R:  77.7 F1:  79.2 | loss: 0.5337 Ac:  81.25 P:  74.2 R:  55.5 F1:  55.2 | time: 0.3503s
                                                                  | loss: 0.5346 Ac:  79.77 P:  77.8 R:  60.5 F1:  61.9 | time: 0.2974s
Epoch: 0030 | loss: 0.4044 Ac:  87.50 P:  85.7 R:  86.9 F1:  86.3 | loss: 0.5221 Ac:  81.25 P:  74.2 R:  55.5 F1:  55.2 | time: 0.3456s
                                                                  | loss: 0.5252 Ac:  79.27 P:  78.3 R:  58.8 F1:  59.4 | time: 0.2997s
Epoch: 0031 | loss: 0.4269 Ac:  85.00 P:  85.2 R:  80.5 F1:  82.1 | loss: 0.5119 Ac:  80.00 P:  65.4 R:  52.3 F1:  49.9 | time: 0.3448s
                                                                  | loss: 0.5171 Ac:  78.93 P:  78.8 R:  57.7 F1:  57.8 | time: 0.3035s
Epoch: 0032 | loss: 0.3759 Ac:  85.00 P:  90.8 R:  77.8 F1:  80.6 | loss: 0.5002 Ac:  80.00 P:  65.4 R:  52.3 F1:  49.9 | time: 0.3461s
                                                                  | loss: 0.5084 Ac:  78.48 P:  79.8 R:  56.3 F1:  55.4 | time: 0.2925s
Epoch: 0033 | loss: 0.3921 Ac:  86.25 P:  86.3 R:  82.4 F1:  83.8 | loss: 0.4945 Ac:  80.00 P:  65.4 R:  52.3 F1:  49.9 | time: 0.3414s
                                                                  | loss: 0.5037 Ac:  78.42 P:  80.3 R:  56.0 F1:  54.9 | time: 0.2913s
Epoch: 0034 | loss: 0.3721 Ac:  86.25 P:  86.3 R:  82.4 F1:  83.8 | loss: 0.4907 Ac:  81.25 P:  90.5 R:  53.1 F1:  50.6 | time: 0.3417s
                                                                  | loss: 0.5003 Ac:  78.32 P:  79.6 R:  55.9 F1:  54.7 | time: 0.2914s
Epoch: 0035 | loss: 0.3728 Ac:  85.00 P:  90.8 R:  77.8 F1:  80.6 | loss: 0.4903 Ac:  80.00 P:  65.4 R:  52.3 F1:  49.9 | time: 0.3423s
                                                                  | loss: 0.4985 Ac:  78.61 P:  79.6 R:  56.7 F1:  56.0 | time: 0.2958s
Epoch: 0036 | loss: 0.3508 Ac:  88.75 P:  90.8 R:  84.2 F1:  86.4 | loss: 0.4889 Ac:  81.25 P:  74.2 R:  55.5 F1:  55.2 | time: 0.3424s
                                                                  | loss: 0.4963 Ac:  78.78 P:  79.5 R:  57.1 F1:  56.8 | time: 0.3014s
Epoch: 0037 | loss: 0.3577 Ac:  92.50 P:  92.4 R:  90.7 F1:  91.5 | loss: 0.4885 Ac:  81.25 P:  74.2 R:  55.5 F1:  55.2 | time: 0.3426s
                                                                  | loss: 0.4946 Ac:  78.96 P:  79.4 R:  57.6 F1:  57.6 | time: 0.3073s
Epoch: 0038 | loss: 0.3584 Ac:  87.50 P:  90.0 R:  82.4 F1:  84.7 | loss: 0.4944 Ac:  81.25 P:  74.2 R:  55.5 F1:  55.2 | time: 0.3414s
                                                                  | loss: 0.4964 Ac:  79.42 P:  78.0 R:  59.4 F1:  60.3 | time: 0.2956s
Epoch: 0039 | loss: 0.3471 Ac:  92.50 P:  91.6 R:  91.6 F1:  91.6 | loss: 0.4988 Ac:  81.25 P:  74.2 R:  55.5 F1:  55.2 | time: 0.3419s
                                                                  | loss: 0.4976 Ac:  80.00 P:  77.9 R:  61.1 F1:  62.7 | time: 0.2928s
Epoch: 0040 | loss: 0.3438 Ac:  85.00 P:  86.5 R:  79.6 F1:  81.7 | loss: 0.5081 Ac:  80.00 P:  66.7 R:  59.4 F1:  60.8 | time: 0.3455s
                                                                  | loss: 0.5021 Ac:  80.62 P:  77.1 R:  63.7 F1:  65.9 | time: 0.3158s
Epoch: 0041 | loss: 0.3020 Ac:  93.75 P:  94.3 R:  91.6 F1:  92.8 | loss: 0.5166 Ac:  82.50 P:  72.9 R:  65.6 F1:  67.9 | time: 0.3514s
                                                                  | loss: 0.5063 Ac:  80.81 P:  76.1 R:  65.3 F1:  67.7 | time: 0.3327s
Epoch: 0042 | loss: 0.2673 Ac: 100.00 P: 100.0 R: 100.0 F1: 100.0 | loss: 0.5163 Ac:  82.50 P:  72.9 R:  65.6 F1:  67.9 | time: 0.3466s
                                                                  | loss: 0.5049 Ac:  80.81 P:  75.8 R:  65.7 F1:  68.0 | time: 0.3075s
Epoch: 0043 | loss: 0.3224 Ac:  95.00 P:  96.5 R:  92.6 F1:  94.2 | loss: 0.5082 Ac:  82.50 P:  72.9 R:  65.6 F1:  67.9 | time: 0.3471s
                                                                  | loss: 0.4985 Ac:  80.83 P:  76.5 R:  65.0 F1:  67.4 | time: 0.3130s
Epoch: 0044 | loss: 0.2896 Ac:  92.50 P:  92.4 R:  90.7 F1:  91.5 | loss: 0.5005 Ac:  80.00 P:  66.7 R:  59.4 F1:  60.8 | time: 0.3501s
                                                                  | loss: 0.4926 Ac:  80.72 P:  76.9 R:  64.2 F1:  66.5 | time: 0.3253s
Epoch: 0045 | loss: 0.3023 Ac:  90.00 P:  91.7 R:  86.1 F1:  88.1 | loss: 0.4959 Ac:  80.00 P:  66.7 R:  59.4 F1:  60.8 | time: 0.3491s
                                                                  | loss: 0.4887 Ac:  80.74 P:  77.4 R:  63.9 F1:  66.2 | time: 0.3052s
Epoch: 0046 | loss: 0.2725 Ac:  96.25 P:  96.2 R:  95.4 F1:  95.8 | loss: 0.4879 Ac:  81.25 P:  70.4 R:  60.2 F1:  61.9 | time: 0.3460s
                                                                  | loss: 0.4830 Ac:  80.60 P:  77.9 R:  63.0 F1:  65.2 | time: 0.3201s
Epoch: 0047 | loss: 0.2582 Ac:  93.75 P:  94.3 R:  91.6 F1:  92.8 | loss: 0.4825 Ac:  80.00 P:  66.2 R:  57.0 F1:  57.8 | time: 0.3508s
                                                                  | loss: 0.4791 Ac:  80.38 P:  78.0 R:  62.3 F1:  64.2 | time: 0.3215s
Epoch: 0048 | loss: 0.2680 Ac:  95.00 P:  96.5 R:  92.6 F1:  94.2 | loss: 0.4821 Ac:  81.25 P:  70.4 R:  60.2 F1:  61.9 | time: 0.3460s
                                                                  | loss: 0.4778 Ac:  80.49 P:  78.0 R:  62.7 F1:  64.7 | time: 0.3069s
Epoch: 0049 | loss: 0.2426 Ac:  95.00 P:  95.3 R:  93.5 F1:  94.3 | loss: 0.4846 Ac:  81.25 P:  70.4 R:  60.2 F1:  61.9 | time: 0.3442s
                                                                  | loss: 0.4780 Ac:  80.72 P:  77.7 R:  63.6 F1:  65.8 | time: 0.3034s
Epoch: 0050 | loss: 0.2709 Ac:  92.50 P:  94.9 R:  88.9 F1:  91.1 | loss: 0.4922 Ac:  82.50 P:  72.9 R:  65.6 F1:  67.9 | time: 0.3443s
                                                                  | loss: 0.4810 Ac:  80.96 P:  76.8 R:  65.1 F1:  67.5 | time: 0.2956s
Epoch: 0051 | loss: 0.2573 Ac:  95.00 P:  96.5 R:  92.6 F1:  94.2 | loss: 0.5058 Ac:  80.00 P:  67.6 R:  64.1 F1:  65.4 | time: 0.3442s
                                                                  | loss: 0.4878 Ac:  80.96 P:  75.3 R:  67.1 F1:  69.4 | time: 0.3044s
Epoch: 0052 | loss: 0.2544 Ac:  92.50 P:  94.9 R:  88.9 F1:  91.1 | loss: 0.5221 Ac:  78.75 P:  65.6 R:  63.3 F1:  64.2 | time: 0.3445s
                                                                  | loss: 0.4971 Ac:  80.73 P:  74.0 R:  69.0 F1:  70.7 | time: 0.3027s
Epoch: 0053 | loss: 0.2100 Ac:  98.75 P:  98.2 R:  99.1 F1:  98.6 | loss: 0.5303 Ac:  78.75 P:  65.6 R:  63.3 F1:  64.2 | time: 0.3456s
                                                                  | loss: 0.5015 Ac:  80.44 P:  73.3 R:  69.6 F1:  71.0 | time: 0.3160s
Epoch: 0054 | loss: 0.2573 Ac:  96.25 P:  95.5 R:  96.3 F1:  95.8 | loss: 0.5267 Ac:  78.75 P:  65.6 R:  63.3 F1:  64.2 | time: 0.3425s
                                                                  | loss: 0.4982 Ac:  80.45 P:  73.3 R:  69.4 F1:  70.9 | time: 0.2966s
Epoch: 0055 | loss: 0.2031 Ac: 100.00 P: 100.0 R: 100.0 F1: 100.0 | loss: 0.5146 Ac:  78.75 P:  65.6 R:  63.3 F1:  64.2 | time: 0.3447s
                                                                  | loss: 0.4895 Ac:  80.82 P:  74.2 R:  68.7 F1:  70.6 | time: 0.3019s
Epoch: 0056 | loss: 0.2118 Ac:  97.50 P:  97.2 R:  97.2 F1:  97.2 | loss: 0.5008 Ac:  80.00 P:  67.6 R:  64.1 F1:  65.4 | time: 0.3446s
                                                                  | loss: 0.4804 Ac:  80.98 P:  75.1 R:  67.5 F1:  69.7 | time: 0.2990s
Epoch: 0057 | loss: 0.2408 Ac:  96.25 P:  96.2 R:  95.4 F1:  95.8 | loss: 0.4895 Ac:  81.25 P:  70.0 R:  64.8 F1:  66.6 | time: 0.3409s
                                                                  | loss: 0.4735 Ac:  81.03 P:  76.0 R:  66.3 F1:  68.6 | time: 0.3015s
Epoch: 0058 | loss: 0.2037 Ac:  98.75 P:  99.1 R:  98.1 F1:  98.6 | loss: 0.4828 Ac:  82.50 P:  72.9 R:  65.6 F1:  67.9 | time: 0.3479s
                                                                  | loss: 0.4695 Ac:  81.03 P:  76.6 R:  65.6 F1:  68.0 | time: 0.3260s
Epoch: 0059 | loss: 0.2042 Ac:  97.50 P:  98.2 R:  96.3 F1:  97.2 | loss: 0.4804 Ac:  82.50 P:  72.9 R:  65.6 F1:  67.9 | time: 0.3498s
                                                                  | loss: 0.4678 Ac:  81.01 P:  76.8 R:  65.4 F1:  67.8 | time: 0.3380s
Epoch: 0060 | loss: 0.1959 Ac:  96.25 P:  97.3 R:  94.4 F1:  95.7 | loss: 0.4838 Ac:  82.50 P:  72.9 R:  65.6 F1:  67.9 | time: 0.3524s
                                                                  | loss: 0.4686 Ac:  81.05 P:  76.4 R:  66.0 F1:  68.4 | time: 0.3044s
Epoch: 0061 | loss: 0.2035 Ac:  95.00 P:  95.3 R:  93.5 F1:  94.3 | loss: 0.4922 Ac:  80.00 P:  67.6 R:  64.1 F1:  65.4 | time: 0.3477s
                                                                  | loss: 0.4720 Ac:  81.11 P:  75.6 R:  67.2 F1:  69.5 | time: 0.3574s
Epoch: 0062 | loss: 0.1780 Ac: 100.00 P: 100.0 R: 100.0 F1: 100.0 | loss: 0.5015 Ac:  80.00 P:  67.6 R:  64.1 F1:  65.4 | time: 0.3499s
                                                                  | loss: 0.4762 Ac:  80.93 P:  74.7 R:  68.2 F1:  70.2 | time: 0.3088s
Epoch: 0063 | loss: 0.1514 Ac:  98.75 P:  99.1 R:  98.1 F1:  98.6 | loss: 0.5129 Ac:  78.75 P:  65.6 R:  63.3 F1:  64.2 | time: 0.3462s
                                                                  | loss: 0.4821 Ac:  80.70 P:  73.9 R:  69.2 F1:  70.9 | time: 0.3021s
Epoch: 0064 | loss: 0.1711 Ac:  98.75 P:  99.1 R:  98.1 F1:  98.6 | loss: 0.5167 Ac:  78.75 P:  65.6 R:  63.3 F1:  64.2 | time: 0.3484s
                                                                  | loss: 0.4836 Ac:  80.44 P:  73.3 R:  69.5 F1:  70.9 | time: 0.3040s
Epoch: 0065 | loss: 0.1704 Ac:  97.50 P:  96.6 R:  98.1 F1:  97.3 | loss: 0.5178 Ac:  78.75 P:  65.6 R:  63.3 F1:  64.2 | time: 0.3466s
                                                                  | loss: 0.4834 Ac:  80.35 P:  73.1 R:  69.5 F1:  70.9 | time: 0.3318s
Epoch: 0066 | loss: 0.1959 Ac:  95.00 P:  94.4 R:  94.4 F1:  94.4 | loss: 0.5133 Ac:  78.75 P:  65.6 R:  63.3 F1:  64.2 | time: 0.3529s
                                                                  | loss: 0.4801 Ac:  80.60 P:  73.6 R:  69.4 F1:  70.9 | time: 0.2992s
Epoch: 0067 | loss: 0.1764 Ac:  97.50 P:  97.2 R:  97.2 F1:  97.2 | loss: 0.5077 Ac:  78.75 P:  65.6 R:  63.3 F1:  64.2 | time: 0.3448s
                                                                  | loss: 0.4763 Ac:  80.65 P:  73.9 R:  68.8 F1:  70.6 | time: 0.3027s
Epoch: 0068 | loss: 0.1545 Ac: 100.00 P: 100.0 R: 100.0 F1: 100.0 | loss: 0.4982 Ac:  80.00 P:  67.6 R:  64.1 F1:  65.4 | time: 0.3453s
                                                                  | loss: 0.4706 Ac:  80.92 P:  74.6 R:  68.2 F1:  70.2 | time: 0.3009s
Epoch: 0069 | loss: 0.1481 Ac: 100.00 P: 100.0 R: 100.0 F1: 100.0 | loss: 0.4919 Ac:  80.00 P:  67.6 R:  64.1 F1:  65.4 | time: 0.3436s
                                                                  | loss: 0.4670 Ac:  81.24 P:  75.6 R:  67.9 F1:  70.2 | time: 0.2978s
Epoch: 0070 | loss: 0.1250 Ac: 100.00 P: 100.0 R: 100.0 F1: 100.0 | loss: 0.4861 Ac:  80.00 P:  67.6 R:  64.1 F1:  65.4 | time: 0.3460s
                                                                  | loss: 0.4640 Ac:  81.26 P:  76.0 R:  67.3 F1:  69.6 | time: 0.3031s
Epoch: 0071 | loss: 0.1407 Ac:  97.50 P:  98.2 R:  96.3 F1:  97.2 | loss: 0.4878 Ac:  80.00 P:  67.6 R:  64.1 F1:  65.4 | time: 0.3435s
                                                                  | loss: 0.4643 Ac:  81.23 P:  75.8 R:  67.5 F1:  69.8 | time: 0.3414s
Epoch: 0072 | loss: 0.1263 Ac: 100.00 P: 100.0 R: 100.0 F1: 100.0 | loss: 0.4910 Ac:  80.00 P:  67.6 R:  64.1 F1:  65.4 | time: 0.3499s
                                                                  | loss: 0.4652 Ac:  81.23 P:  75.5 R:  67.9 F1:  70.2 | time: 0.3086s
Epoch: 0073 | loss: 0.1353 Ac: 100.00 P: 100.0 R: 100.0 F1: 100.0 | loss: 0.4960 Ac:  80.00 P:  67.6 R:  64.1 F1:  65.4 | time: 0.3474s
                                                                  | loss: 0.4670 Ac:  80.93 P:  74.7 R:  68.1 F1:  70.1 | time: 0.3105s
Epoch: 0074 | loss: 0.1394 Ac:  97.50 P:  98.2 R:  96.3 F1:  97.2 | loss: 0.5074 Ac:  78.75 P:  65.6 R:  63.3 F1:  64.2 | time: 0.3461s
                                                                  | loss: 0.4722 Ac:  80.47 P:  73.5 R:  68.8 F1:  70.5 | time: 0.3153s
Epoch: 0075 | loss: 0.1130 Ac: 100.00 P: 100.0 R: 100.0 F1: 100.0 | loss: 0.5196 Ac:  77.50 P:  63.9 R:  62.5 F1:  63.1 | time: 0.3462s
                                                                  | loss: 0.4784 Ac:  80.17 P:  72.8 R:  69.7 F1:  70.9 | time: 0.3054s
Epoch: 0076 | loss: 0.1119 Ac: 100.00 P: 100.0 R: 100.0 F1: 100.0 | loss: 0.5301 Ac:  80.00 P:  68.8 R:  68.8 F1:  68.8 | time: 0.3475s
                                                                  | loss: 0.4841 Ac:  79.65 P:  72.0 R:  70.0 F1:  70.9 | time: 0.3138s
Epoch: 0077 | loss: 0.1204 Ac: 100.00 P: 100.0 R: 100.0 F1: 100.0 | loss: 0.5321 Ac:  80.00 P:  68.8 R:  68.8 F1:  68.8 | time: 0.3464s
                                                                  | loss: 0.4848 Ac:  79.52 P:  71.8 R:  70.1 F1:  70.8 | time: 0.3049s
Epoch: 0078 | loss: 0.1127 Ac: 100.00 P: 100.0 R: 100.0 F1: 100.0 | loss: 0.5279 Ac:  80.00 P:  68.8 R:  68.8 F1:  68.8 | time: 0.3433s
                                                                  | loss: 0.4818 Ac:  79.70 P:  72.1 R:  70.0 F1:  70.8 | time: 0.3014s
Epoch: 0079 | loss: 0.1207 Ac: 100.00 P: 100.0 R: 100.0 F1: 100.0 | loss: 0.5214 Ac:  78.75 P:  66.4 R:  65.6 F1:  66.0 | time: 0.3424s
                                                                  | loss: 0.4777 Ac:  79.95 P:  72.4 R:  69.7 F1:  70.8 | time: 0.2982s
Epoch: 0080 | loss: 0.1200 Ac:  98.75 P:  99.1 R:  98.1 F1:  98.6 | loss: 0.5092 Ac:  78.75 P:  65.6 R:  63.3 F1:  64.2 | time: 0.3469s
                                                                  | loss: 0.4708 Ac:  80.33 P:  73.2 R:  69.1 F1:  70.6 | time: 0.3086s
Epoch: 0081 | loss: 0.1173 Ac: 100.00 P: 100.0 R: 100.0 F1: 100.0 | loss: 0.5007 Ac:  78.75 P:  65.6 R:  63.3 F1:  64.2 | time: 0.3426s
                                                                  | loss: 0.4663 Ac:  80.61 P:  73.8 R:  68.5 F1:  70.3 | time: 0.3014s
Epoch: 0082 | loss: 0.1140 Ac:  98.75 P:  99.1 R:  98.1 F1:  98.6 | loss: 0.4929 Ac:  80.00 P:  67.6 R:  64.1 F1:  65.4 | time: 0.3441s
                                                                  | loss: 0.4626 Ac:  81.03 P:  75.0 R:  68.1 F1:  70.2 | time: 0.3309s
Epoch: 0083 | loss: 0.1057 Ac: 100.00 P: 100.0 R: 100.0 F1: 100.0 | loss: 0.4874 Ac:  80.00 P:  67.6 R:  64.1 F1:  65.4 | time: 0.3449s
                                                                  | loss: 0.4603 Ac:  81.18 P:  75.6 R:  67.7 F1:  69.9 | time: 0.3210s
Epoch: 0084 | loss: 0.0941 Ac:  97.50 P:  97.2 R:  97.2 F1:  97.2 | loss: 0.4831 Ac:  80.00 P:  67.6 R:  64.1 F1:  65.4 | time: 0.3466s
                                                                  | loss: 0.4588 Ac:  81.25 P:  76.0 R:  67.3 F1:  69.7 | time: 0.2983s
Epoch: 0085 | loss: 0.1065 Ac:  98.75 P:  99.1 R:  98.1 F1:  98.6 | loss: 0.4867 Ac:  80.00 P:  67.6 R:  64.1 F1:  65.4 | time: 0.3492s
                                                                  | loss: 0.4598 Ac:  81.21 P:  75.6 R:  67.7 F1:  69.9 | time: 0.2998s
Epoch: 0086 | loss: 0.0889 Ac: 100.00 P: 100.0 R: 100.0 F1: 100.0 | loss: 0.4942 Ac:  80.00 P:  67.6 R:  64.1 F1:  65.4 | time: 0.3450s
                                                                  | loss: 0.4623 Ac:  80.91 P:  74.6 R:  68.2 F1:  70.2 | time: 0.3100s
Epoch: 0087 | loss: 0.1195 Ac:  97.50 P:  98.2 R:  96.3 F1:  97.2 | loss: 0.5037 Ac:  78.75 P:  65.6 R:  63.3 F1:  64.2 | time: 0.3480s
                                                                  | loss: 0.4660 Ac:  80.47 P:  73.5 R:  68.8 F1:  70.4 | time: 0.3016s
Epoch: 0088 | loss: 0.0769 Ac: 100.00 P: 100.0 R: 100.0 F1: 100.0 | loss: 0.5145 Ac:  77.50 P:  63.9 R:  62.5 F1:  63.1 | time: 0.3490s
                                                                  | loss: 0.4709 Ac:  80.31 P:  73.1 R:  69.5 F1:  70.9 | time: 0.3212s
Epoch: 0089 | loss: 0.0918 Ac: 100.00 P: 100.0 R: 100.0 F1: 100.0 | loss: 0.5276 Ac:  80.00 P:  68.8 R:  68.8 F1:  68.8 | time: 0.3455s
                                                                  | loss: 0.4776 Ac:  79.70 P:  72.1 R:  69.9 F1:  70.8 | time: 0.3078s
Epoch: 0090 | loss: 0.0936 Ac:  98.75 P:  99.1 R:  98.1 F1:  98.6 | loss: 0.5394 Ac:  81.25 P:  70.9 R:  71.9 F1:  71.4 | time: 0.3442s
                                                                  | loss: 0.4841 Ac:  79.22 P:  71.4 R:  70.3 F1:  70.8 | time: 0.2975s
Epoch: 0091 | loss: 0.0989 Ac:  98.75 P:  99.1 R:  98.1 F1:  98.6 | loss: 0.5421 Ac:  80.00 P:  69.4 R:  71.1 F1:  70.1 | time: 0.3452s
                                                                  | loss: 0.4854 Ac:  79.17 P:  71.3 R:  70.4 F1:  70.8 | time: 0.3070s
Epoch: 0092 | loss: 0.0947 Ac:  98.75 P:  98.2 R:  99.1 F1:  98.6 | loss: 0.5468 Ac:  78.75 P:  67.9 R:  70.3 F1:  68.9 | time: 0.3477s
                                                                  | loss: 0.4879 Ac:  79.00 P:  71.2 R:  70.6 F1:  70.9 | time: 0.3111s
Epoch: 0093 | loss: 0.0830 Ac: 100.00 P: 100.0 R: 100.0 F1: 100.0 | loss: 0.5513 Ac:  78.75 P:  67.9 R:  70.3 F1:  68.9 | time: 0.3439s
                                                                  | loss: 0.4903 Ac:  78.87 P:  71.0 R:  70.7 F1:  70.9 | time: 0.3065s
Epoch: 0094 | loss: 0.0781 Ac: 100.00 P: 100.0 R: 100.0 F1: 100.0 | loss: 0.5465 Ac:  78.75 P:  67.9 R:  70.3 F1:  68.9 | time: 0.3466s
                                                                  | loss: 0.4871 Ac:  79.01 P:  71.2 R:  70.6 F1:  70.9 | time: 0.3039s
Epoch: 0095 | loss: 0.0808 Ac: 100.00 P: 100.0 R: 100.0 F1: 100.0 | loss: 0.5363 Ac:  81.25 P:  70.9 R:  71.9 F1:  71.4 | time: 0.3458s
                                                                  | loss: 0.4809 Ac:  79.32 P:  71.5 R:  70.1 F1:  70.8 | time: 0.3038s
Epoch: 0096 | loss: 0.0799 Ac: 100.00 P: 100.0 R: 100.0 F1: 100.0 | loss: 0.5266 Ac:  81.25 P:  70.9 R:  71.9 F1:  71.4 | time: 0.3449s
                                                                  | loss: 0.4753 Ac:  79.72 P:  72.1 R:  69.9 F1:  70.8 | time: 0.3119s
Epoch: 0097 | loss: 0.0833 Ac: 100.00 P: 100.0 R: 100.0 F1: 100.0 | loss: 0.5162 Ac:  78.75 P:  66.4 R:  65.6 F1:  66.0 | time: 0.3457s
                                                                  | loss: 0.4698 Ac:  80.17 P:  72.8 R:  69.6 F1:  70.9 | time: 0.3037s
Epoch: 0098 | loss: 0.0815 Ac: 100.00 P: 100.0 R: 100.0 F1: 100.0 | loss: 0.5051 Ac:  77.50 P:  63.9 R:  62.5 F1:  63.1 | time: 0.3466s
                                                                  | loss: 0.4646 Ac:  80.60 P:  73.7 R:  69.1 F1:  70.8 | time: 0.3482s
Epoch: 0099 | loss: 0.0688 Ac: 100.00 P: 100.0 R: 100.0 F1: 100.0 | loss: 0.4954 Ac:  78.75 P:  65.6 R:  63.3 F1:  64.2 | time: 0.3518s
                                                                  | loss: 0.4609 Ac:  80.90 P:  74.5 R:  68.3 F1:  70.3 | time: 0.3025s
Epoch: 0100 | loss: 0.0714 Ac: 100.00 P: 100.0 R: 100.0 F1: 100.0 | loss: 0.4920 Ac:  80.00 P:  67.6 R:  64.1 F1:  65.4 | time: 0.3440s
                                                                  | loss: 0.4598 Ac:  81.12 P:  75.1 R:  68.3 F1:  70.4 | time: 0.3065s
Epoch: 0101 | loss: 0.0709 Ac: 100.00 P: 100.0 R: 100.0 F1: 100.0 | loss: 0.4935 Ac:  78.75 P:  65.6 R:  63.3 F1:  64.2 | time: 0.3424s
                                                                  | loss: 0.4602 Ac:  81.07 P:  75.0 R:  68.3 F1:  70.4 | time: 0.3348s
Epoch: 0102 | loss: 0.0647 Ac: 100.00 P: 100.0 R: 100.0 F1: 100.0 | loss: 0.4955 Ac:  78.75 P:  65.6 R:  63.3 F1:  64.2 | time: 0.3460s
                                                                  | loss: 0.4609 Ac:  80.98 P:  74.7 R:  68.5 F1:  70.5 | time: 0.3082s
Epoch: 0103 | loss: 0.0697 Ac: 100.00 P: 100.0 R: 100.0 F1: 100.0 | loss: 0.4969 Ac:  78.75 P:  65.6 R:  63.3 F1:  64.2 | time: 0.3414s
                                                                  | loss: 0.4613 Ac:  80.87 P:  74.4 R:  68.6 F1:  70.5 | time: 0.3062s
Epoch: 0104 | loss: 0.0675 Ac: 100.00 P: 100.0 R: 100.0 F1: 100.0 | loss: 0.5013 Ac:  77.50 P:  63.9 R:  62.5 F1:  63.1 | time: 0.3398s
                                                                  | loss: 0.4629 Ac:  80.69 P:  73.9 R:  68.9 F1:  70.7 | time: 0.3003s
Epoch: 0105 | loss: 0.0775 Ac: 100.00 P: 100.0 R: 100.0 F1: 100.0 | loss: 0.5082 Ac:  78.75 P:  66.4 R:  65.6 F1:  66.0 | time: 0.3437s
                                                                  | loss: 0.4658 Ac:  80.45 P:  73.4 R:  69.3 F1:  70.8 | time: 0.3036s
Epoch: 0106 | loss: 0.0714 Ac: 100.00 P: 100.0 R: 100.0 F1: 100.0 | loss: 0.5206 Ac:  80.00 P:  68.8 R:  68.8 F1:  68.8 | time: 0.3420s
                                                                  | loss: 0.4717 Ac:  79.90 P:  72.4 R:  69.8 F1:  70.8 | time: 0.2975s
Epoch: 0107 | loss: 0.0667 Ac: 100.00 P: 100.0 R: 100.0 F1: 100.0 | loss: 0.5291 Ac:  81.25 P:  70.9 R:  71.9 F1:  71.4 | time: 0.3394s
                                                                  | loss: 0.4761 Ac:  79.60 P:  71.9 R:  70.1 F1:  70.9 | time: 0.2984s
Epoch: 0108 | loss: 0.0557 Ac: 100.00 P: 100.0 R: 100.0 F1: 100.0 | loss: 0.5334 Ac:  81.25 P:  70.9 R:  71.9 F1:  71.4 | time: 0.3406s
                                                                  | loss: 0.4784 Ac:  79.44 P:  71.7 R:  70.3 F1:  70.9 | time: 0.2918s
Epoch: 0109 | loss: 0.0730 Ac: 100.00 P: 100.0 R: 100.0 F1: 100.0 | loss: 0.5297 Ac:  81.25 P:  70.9 R:  71.9 F1:  71.4 | time: 0.3387s
                                                                  | loss: 0.4764 Ac:  79.52 P:  71.8 R:  70.2 F1:  70.9 | time: 0.2926s
Epoch: 0110 | loss: 0.0702 Ac: 100.00 P: 100.0 R: 100.0 F1: 100.0 | loss: 0.5241 Ac:  81.25 P:  70.9 R:  71.9 F1:  71.4 | time: 0.3390s
                                                                  | loss: 0.4735 Ac:  79.75 P:  72.1 R:  70.0 F1:  70.9 | time: 0.3021s
Epoch: 0111 | loss: 0.0694 Ac: 100.00 P: 100.0 R: 100.0 F1: 100.0 | loss: 0.5161 Ac:  80.00 P:  68.8 R:  68.8 F1:  68.8 | time: 0.3411s
                                                                  | loss: 0.4695 Ac:  80.12 P:  72.7 R:  69.8 F1:  71.0 | time: 0.2927s
Epoch: 0112 | loss: 0.0609 Ac: 100.00 P: 100.0 R: 100.0 F1: 100.0 | loss: 0.5098 Ac:  78.75 P:  66.4 R:  65.6 F1:  66.0 | time: 0.3393s
                                                                  | loss: 0.4667 Ac:  80.45 P:  73.3 R:  69.7 F1:  71.1 | time: 0.2950s
Epoch: 0113 | loss: 0.0608 Ac: 100.00 P: 100.0 R: 100.0 F1: 100.0 | loss: 0.5049 Ac:  77.50 P:  63.9 R:  62.5 F1:  63.1 | time: 0.3408s
                                                                  | loss: 0.4647 Ac:  80.53 P:  73.5 R:  69.4 F1:  70.9 | time: 0.2947s
Epoch: 0114 | loss: 0.0560 Ac: 100.00 P: 100.0 R: 100.0 F1: 100.0 | loss: 0.4994 Ac:  77.50 P:  63.9 R:  62.5 F1:  63.1 | time: 0.3405s
                                                                  | loss: 0.4627 Ac:  80.71 P:  73.9 R:  69.2 F1:  70.9 | time: 0.3017s
Epoch: 0115 | loss: 0.0540 Ac: 100.00 P: 100.0 R: 100.0 F1: 100.0 | loss: 0.4921 Ac:  77.50 P:  63.9 R:  62.5 F1:  63.1 | time: 0.3396s
                                                                  | loss: 0.4604 Ac:  81.03 P:  74.7 R:  68.8 F1:  70.7 | time: 0.3016s
Epoch: 0116 | loss: 0.0573 Ac: 100.00 P: 100.0 R: 100.0 F1: 100.0 | loss: 0.4904 Ac:  77.50 P:  63.9 R:  62.5 F1:  63.1 | time: 0.3479s
                                                                  | loss: 0.4600 Ac:  81.10 P:  74.9 R:  68.7 F1:  70.7 | time: 0.3020s
Epoch: 0117 | loss: 0.0577 Ac: 100.00 P: 100.0 R: 100.0 F1: 100.0 | loss: 0.4909 Ac:  77.50 P:  63.9 R:  62.5 F1:  63.1 | time: 0.3454s
                                                                  | loss: 0.4602 Ac:  81.02 P:  74.7 R:  68.7 F1:  70.7 | time: 0.2995s
Epoch: 0118 | loss: 0.0682 Ac: 100.00 P: 100.0 R: 100.0 F1: 100.0 | loss: 0.4922 Ac:  77.50 P:  63.9 R:  62.5 F1:  63.1 | time: 0.3443s
                                                                  | loss: 0.4607 Ac:  81.08 P:  74.7 R:  69.0 F1:  71.0 | time: 0.3007s
Epoch: 0119 | loss: 0.0643 Ac: 100.00 P: 100.0 R: 100.0 F1: 100.0 | loss: 0.4987 Ac:  77.50 P:  63.9 R:  62.5 F1:  63.1 | time: 0.3448s
                                                                  | loss: 0.4629 Ac:  80.71 P:  73.9 R:  69.3 F1:  70.9 | time: 0.3067s
Epoch: 0120 | loss: 0.0481 Ac: 100.00 P: 100.0 R: 100.0 F1: 100.0 | loss: 0.5044 Ac:  80.00 P:  68.8 R:  68.8 F1:  68.8 | time: 0.3438s
                                                                  | loss: 0.4653 Ac:  80.58 P:  73.5 R:  69.7 F1:  71.2 | time: 0.3039s
Epoch: 0121 | loss: 0.0516 Ac: 100.00 P: 100.0 R: 100.0 F1: 100.0 | loss: 0.5115 Ac:  81.25 P:  70.9 R:  71.9 F1:  71.4 | time: 0.3440s
                                                                  | loss: 0.4685 Ac:  80.26 P:  72.9 R:  69.9 F1:  71.1 | time: 0.3181s
Epoch: 0122 | loss: 0.0542 Ac: 100.00 P: 100.0 R: 100.0 F1: 100.0 | loss: 0.5144 Ac:  81.25 P:  70.9 R:  71.9 F1:  71.4 | time: 0.3470s
                                                                  | loss: 0.4701 Ac:  80.06 P:  72.6 R:  70.0 F1:  71.1 | time: 0.3031s
Epoch: 0123 | loss: 0.0521 Ac: 100.00 P: 100.0 R: 100.0 F1: 100.0 | loss: 0.5119 Ac:  81.25 P:  70.9 R:  71.9 F1:  71.4 | time: 0.3436s
                                                                  | loss: 0.4691 Ac:  80.19 P:  72.8 R:  69.9 F1:  71.1 | time: 0.3085s
Epoch: 0124 | loss: 0.0570 Ac: 100.00 P: 100.0 R: 100.0 F1: 100.0 | loss: 0.5067 Ac:  80.00 P:  68.8 R:  68.8 F1:  68.8 | time: 0.3453s
                                                                  | loss: 0.4669 Ac:  80.47 P:  73.3 R:  69.9 F1:  71.2 | time: 0.3090s
Epoch: 0125 | loss: 0.0546 Ac: 100.00 P: 100.0 R: 100.0 F1: 100.0 | loss: 0.5011 Ac:  78.75 P:  66.4 R:  65.6 F1:  66.0 | time: 0.3498s
                                                                  | loss: 0.4648 Ac:  80.61 P:  73.6 R:  69.7 F1:  71.1 | time: 0.3202s
Epoch: 0126 | loss: 0.0610 Ac:  98.75 P:  99.1 R:  98.1 F1:  98.6 | loss: 0.4965 Ac:  77.50 P:  63.9 R:  62.5 F1:  63.1 | time: 0.3459s
                                                                  | loss: 0.4632 Ac:  80.72 P:  73.9 R:  69.3 F1:  71.0 | time: 0.3039s
Epoch: 0127 | loss: 0.0561 Ac: 100.00 P: 100.0 R: 100.0 F1: 100.0 | loss: 0.4951 Ac:  77.50 P:  63.9 R:  62.5 F1:  63.1 | time: 0.3464s
                                                                  | loss: 0.4629 Ac:  80.78 P:  74.0 R:  69.3 F1:  71.0 | time: 0.3540s
Epoch: 0128 | loss: 0.0400 Ac: 100.00 P: 100.0 R: 100.0 F1: 100.0 | loss: 0.4961 Ac:  77.50 P:  63.9 R:  62.5 F1:  63.1 | time: 0.3515s
                                                                  | loss: 0.4633 Ac:  80.75 P:  73.9 R:  69.4 F1:  71.0 | time: 0.3137s
Epoch: 0129 | loss: 0.0521 Ac: 100.00 P: 100.0 R: 100.0 F1: 100.0 | loss: 0.5013 Ac:  80.00 P:  68.8 R:  68.8 F1:  68.8 | time: 0.3432s
                                                                  | loss: 0.4654 Ac:  80.62 P:  73.6 R:  69.7 F1:  71.2 | time: 0.3183s
Epoch: 0130 | loss: 0.0462 Ac: 100.00 P: 100.0 R: 100.0 F1: 100.0 | loss: 0.5065 Ac:  81.25 P:  70.9 R:  71.9 F1:  71.4 | time: 0.3503s
                                                                  | loss: 0.4676 Ac:  80.45 P:  73.3 R:  70.0 F1:  71.3 | time: 0.3126s
Epoch: 0131 | loss: 0.0580 Ac: 100.00 P: 100.0 R: 100.0 F1: 100.0 | loss: 0.5105 Ac:  81.25 P:  70.9 R:  71.9 F1:  71.4 | time: 0.3469s
                                                                  | loss: 0.4695 Ac:  80.29 P:  73.0 R:  70.1 F1:  71.3 | time: 0.3292s
Epoch: 0132 | loss: 0.0506 Ac: 100.00 P: 100.0 R: 100.0 F1: 100.0 | loss: 0.5140 Ac:  81.25 P:  70.9 R:  71.9 F1:  71.4 | time: 0.3443s
                                                                  | loss: 0.4713 Ac:  80.06 P:  72.6 R:  70.2 F1:  71.2 | time: 0.3154s
Epoch: 0133 | loss: 0.0499 Ac: 100.00 P: 100.0 R: 100.0 F1: 100.0 | loss: 0.5174 Ac:  81.25 P:  70.9 R:  71.9 F1:  71.4 | time: 0.3468s
                                                                  | loss: 0.4730 Ac:  79.86 P:  72.3 R:  70.3 F1:  71.1 | time: 0.3213s
Epoch: 0134 | loss: 0.0570 Ac: 100.00 P: 100.0 R: 100.0 F1: 100.0 | loss: 0.5127 Ac:  81.25 P:  70.9 R:  71.9 F1:  71.4 | time: 0.3592s
                                                                  | loss: 0.4708 Ac:  80.15 P:  72.8 R:  70.2 F1:  71.3 | time: 0.3000s
Epoch: 0135 | loss: 0.0452 Ac: 100.00 P: 100.0 R: 100.0 F1: 100.0 | loss: 0.5060 Ac:  81.25 P:  70.9 R:  71.9 F1:  71.4 | time: 0.3504s
                                                                  | loss: 0.4679 Ac:  80.47 P:  73.3 R:  70.0 F1:  71.3 | time: 0.3580s
Epoch: 0136 | loss: 0.0523 Ac: 100.00 P: 100.0 R: 100.0 F1: 100.0 | loss: 0.5028 Ac:  80.00 P:  68.8 R:  68.8 F1:  68.8 | time: 0.3535s
                                                                  | loss: 0.4667 Ac:  80.54 P:  73.4 R:  69.8 F1:  71.2 | time: 0.3262s
Epoch: 0137 | loss: 0.0438 Ac: 100.00 P: 100.0 R: 100.0 F1: 100.0 | loss: 0.4993 Ac:  80.00 P:  68.8 R:  68.8 F1:  68.8 | time: 0.3557s
                                                                  | loss: 0.4655 Ac:  80.60 P:  73.6 R:  69.6 F1:  71.1 | time: 0.3168s
Epoch: 0138 | loss: 0.0453 Ac:  98.75 P:  99.1 R:  98.1 F1:  98.6 | loss: 0.4972 Ac:  80.00 P:  68.8 R:  68.8 F1:  68.8 | time: 0.3510s
                                                                  | loss: 0.4649 Ac:  80.65 P:  73.7 R:  69.4 F1:  71.0 | time: 0.3086s
Epoch: 0139 | loss: 0.0491 Ac: 100.00 P: 100.0 R: 100.0 F1: 100.0 | loss: 0.4968 Ac:  80.00 P:  68.8 R:  68.8 F1:  68.8 | time: 0.3515s
                                                                  | loss: 0.4648 Ac:  80.66 P:  73.7 R:  69.4 F1:  71.0 | time: 0.3215s
Epoch: 0140 | loss: 0.0531 Ac: 100.00 P: 100.0 R: 100.0 F1: 100.0 | loss: 0.4953 Ac:  80.00 P:  68.8 R:  68.8 F1:  68.8 | time: 0.3472s
                                                                  | loss: 0.4645 Ac:  80.67 P:  73.8 R:  69.3 F1:  70.9 | time: 0.3030s
Epoch: 0141 | loss: 0.0405 Ac: 100.00 P: 100.0 R: 100.0 F1: 100.0 | loss: 0.4934 Ac:  80.00 P:  68.8 R:  68.8 F1:  68.8 | time: 0.3439s
                                                                  | loss: 0.4640 Ac:  80.72 P:  73.9 R:  69.2 F1:  70.9 | time: 0.3007s
Epoch: 0142 | loss: 0.0417 Ac: 100.00 P: 100.0 R: 100.0 F1: 100.0 | loss: 0.4895 Ac:  78.75 P:  66.4 R:  65.6 F1:  66.0 | time: 0.3499s
                                                                  | loss: 0.4630 Ac:  80.94 P:  74.4 R:  69.1 F1:  71.0 | time: 0.3067s
Epoch: 0143 | loss: 0.0459 Ac: 100.00 P: 100.0 R: 100.0 F1: 100.0 | loss: 0.4880 Ac:  76.25 P:  61.0 R:  59.4 F1:  60.0 | time: 0.3445s
                                                                  | loss: 0.4628 Ac:  81.06 P:  74.7 R:  69.1 F1:  71.0 | time: 0.3144s
Epoch: 0144 | loss: 0.0431 Ac: 100.00 P: 100.0 R: 100.0 F1: 100.0 | loss: 0.4906 Ac:  78.75 P:  66.4 R:  65.6 F1:  66.0 | time: 0.3448s
                                                                  | loss: 0.4635 Ac:  80.90 P:  74.3 R:  69.2 F1:  71.0 | time: 0.3058s
Epoch: 0145 | loss: 0.0429 Ac: 100.00 P: 100.0 R: 100.0 F1: 100.0 | loss: 0.4961 Ac:  80.00 P:  68.8 R:  68.8 F1:  68.8 | time: 0.3436s
                                                                  | loss: 0.4652 Ac:  80.65 P:  73.7 R:  69.3 F1:  70.9 | time: 0.2976s
Epoch: 0146 | loss: 0.0455 Ac: 100.00 P: 100.0 R: 100.0 F1: 100.0 | loss: 0.5017 Ac:  80.00 P:  68.8 R:  68.8 F1:  68.8 | time: 0.3424s
                                                                  | loss: 0.4672 Ac:  80.56 P:  73.5 R:  69.8 F1:  71.2 | time: 0.2990s
Epoch: 0147 | loss: 0.0431 Ac: 100.00 P: 100.0 R: 100.0 F1: 100.0 | loss: 0.5096 Ac:  81.25 P:  70.9 R:  71.9 F1:  71.4 | time: 0.3430s
                                                                  | loss: 0.4704 Ac:  80.31 P:  73.0 R:  70.2 F1:  71.4 | time: 0.2951s
Epoch: 0148 | loss: 0.0406 Ac: 100.00 P: 100.0 R: 100.0 F1: 100.0 | loss: 0.5119 Ac:  81.25 P:  70.9 R:  71.9 F1:  71.4 | time: 0.3468s
                                                                  | loss: 0.4714 Ac:  80.19 P:  72.8 R:  70.2 F1:  71.3 | time: 0.3562s
Epoch: 0149 | loss: 0.0323 Ac: 100.00 P: 100.0 R: 100.0 F1: 100.0 | loss: 0.5122 Ac:  81.25 P:  70.9 R:  71.9 F1:  71.4 | time: 0.3408s
                                                                  | loss: 0.4716 Ac:  80.18 P:  72.8 R:  70.3 F1:  71.3 | time: 0.3097s
Epoch: 0150 | loss: 0.0451 Ac: 100.00 P: 100.0 R: 100.0 F1: 100.0 | loss: 0.5105 Ac:  81.25 P:  70.9 R:  71.9 F1:  71.4 | time: 0.3454s
                                                                  | loss: 0.4709 Ac:  80.29 P:  73.0 R:  70.3 F1:  71.4 | time: 0.2977s
Epoch: 0151 | loss: 0.0347 Ac: 100.00 P: 100.0 R: 100.0 F1: 100.0 | loss: 0.5113 Ac:  81.25 P:  70.9 R:  71.9 F1:  71.4 | time: 0.3486s
                                                                  | loss: 0.4714 Ac:  80.22 P:  72.9 R:  70.3 F1:  71.3 | time: 0.3036s
Epoch: 0152 | loss: 0.0435 Ac: 100.00 P: 100.0 R: 100.0 F1: 100.0 | loss: 0.5148 Ac:  81.25 P:  70.9 R:  71.9 F1:  71.4 | time: 0.3507s
                                                                  | loss: 0.4730 Ac:  80.04 P:  72.6 R:  70.3 F1:  71.3 | time: 0.3045s
Epoch: 0153 | loss: 0.0485 Ac: 100.00 P: 100.0 R: 100.0 F1: 100.0 | loss: 0.5143 Ac:  81.25 P:  70.9 R:  71.9 F1:  71.4 | time: 0.3464s
                                                                  | loss: 0.4728 Ac:  80.06 P:  72.6 R:  70.3 F1:  71.3 | time: 0.3031s
Epoch: 0154 | loss: 0.0419 Ac: 100.00 P: 100.0 R: 100.0 F1: 100.0 | loss: 0.5124 Ac:  81.25 P:  70.9 R:  71.9 F1:  71.4 | time: 0.3439s
                                                                  | loss: 0.4719 Ac:  80.20 P:  72.8 R:  70.3 F1:  71.3 | time: 0.3063s
Epoch: 0155 | loss: 0.0410 Ac: 100.00 P: 100.0 R: 100.0 F1: 100.0 | loss: 0.5120 Ac:  81.25 P:  70.9 R:  71.9 F1:  71.4 | time: 0.3492s
                                                                  | loss: 0.4717 Ac:  80.24 P:  72.9 R:  70.3 F1:  71.4 | time: 0.3075s
Epoch: 0156 | loss: 0.0410 Ac: 100.00 P: 100.0 R: 100.0 F1: 100.0 | loss: 0.5088 Ac:  81.25 P:  70.9 R:  71.9 F1:  71.4 | time: 0.3410s
                                                                  | loss: 0.4705 Ac:  80.33 P:  73.0 R:  70.1 F1:  71.3 | time: 0.3086s
Epoch: 0157 | loss: 0.0356 Ac: 100.00 P: 100.0 R: 100.0 F1: 100.0 | loss: 0.5044 Ac:  81.25 P:  70.9 R:  71.9 F1:  71.4 | time: 0.3411s
                                                                  | loss: 0.4689 Ac:  80.46 P:  73.3 R:  69.9 F1:  71.2 | time: 0.3010s
Epoch: 0158 | loss: 0.0373 Ac: 100.00 P: 100.0 R: 100.0 F1: 100.0 | loss: 0.5030 Ac:  81.25 P:  70.9 R:  71.9 F1:  71.4 | time: 0.3464s
                                                                  | loss: 0.4685 Ac:  80.47 P:  73.3 R:  69.8 F1:  71.2 | time: 0.3196s
Epoch: 0159 | loss: 0.0420 Ac: 100.00 P: 100.0 R: 100.0 F1: 100.0 | loss: 0.5027 Ac:  81.25 P:  70.9 R:  71.9 F1:  71.4 | time: 0.3470s
                                                                  | loss: 0.4686 Ac:  80.46 P:  73.3 R:  69.8 F1:  71.1 | time: 0.3131s
Epoch: 0160 | loss: 0.0350 Ac: 100.00 P: 100.0 R: 100.0 F1: 100.0 | loss: 0.5013 Ac:  81.25 P:  70.9 R:  71.9 F1:  71.4 | time: 0.3433s
                                                                  | loss: 0.4683 Ac:  80.51 P:  73.4 R:  69.7 F1:  71.1 | time: 0.3007s
Epoch: 0161 | loss: 0.0404 Ac: 100.00 P: 100.0 R: 100.0 F1: 100.0 | loss: 0.5019 Ac:  81.25 P:  70.9 R:  71.9 F1:  71.4 | time: 0.3410s
                                                                  | loss: 0.4687 Ac:  80.46 P:  73.3 R:  69.7 F1:  71.1 | time: 0.3027s
Epoch: 0162 | loss: 0.0473 Ac:  98.75 P:  98.2 R:  99.1 F1:  98.6 | loss: 0.4992 Ac:  80.00 P:  68.8 R:  68.8 F1:  68.8 | time: 0.3428s
                                                                  | loss: 0.4680 Ac:  80.64 P:  73.7 R:  69.6 F1:  71.1 | time: 0.3069s
Epoch: 0163 | loss: 0.0334 Ac: 100.00 P: 100.0 R: 100.0 F1: 100.0 | loss: 0.5004 Ac:  80.00 P:  68.8 R:  68.8 F1:  68.8 | time: 0.3415s
                                                                  | loss: 0.4685 Ac:  80.58 P:  73.5 R:  69.7 F1:  71.1 | time: 0.2991s
Epoch: 0164 | loss: 0.0405 Ac: 100.00 P: 100.0 R: 100.0 F1: 100.0 | loss: 0.5063 Ac:  81.25 P:  70.9 R:  71.9 F1:  71.4 | time: 0.3415s
                                                                  | loss: 0.4708 Ac:  80.39 P:  73.2 R:  70.1 F1:  71.3 | time: 0.3157s
Epoch: 0165 | loss: 0.0515 Ac: 100.00 P: 100.0 R: 100.0 F1: 100.0 | loss: 0.5089 Ac:  81.25 P:  70.9 R:  71.9 F1:  71.4 | time: 0.3444s
                                                                  | loss: 0.4721 Ac:  80.29 P:  73.0 R:  70.2 F1:  71.3 | time: 0.3054s
Epoch: 0166 | loss: 0.0446 Ac: 100.00 P: 100.0 R: 100.0 F1: 100.0 | loss: 0.5117 Ac:  81.25 P:  70.9 R:  71.9 F1:  71.4 | time: 0.3457s
                                                                  | loss: 0.4734 Ac:  80.18 P:  72.8 R:  70.3 F1:  71.3 | time: 0.3066s
Epoch: 0167 | loss: 0.0451 Ac: 100.00 P: 100.0 R: 100.0 F1: 100.0 | loss: 0.5132 Ac:  81.25 P:  70.9 R:  71.9 F1:  71.4 | time: 0.3442s
                                                                  | loss: 0.4743 Ac:  80.04 P:  72.6 R:  70.2 F1:  71.2 | time: 0.2962s
Epoch: 0168 | loss: 0.0398 Ac: 100.00 P: 100.0 R: 100.0 F1: 100.0 | loss: 0.5083 Ac:  81.25 P:  70.9 R:  71.9 F1:  71.4 | time: 0.3419s
                                                                  | loss: 0.4725 Ac:  80.24 P:  72.9 R:  70.1 F1:  71.3 | time: 0.3350s
Epoch: 0169 | loss: 0.0359 Ac: 100.00 P: 100.0 R: 100.0 F1: 100.0 | loss: 0.5009 Ac:  80.00 P:  68.8 R:  68.8 F1:  68.8 | time: 0.3435s
                                                                  | loss: 0.4699 Ac:  80.51 P:  73.4 R:  69.7 F1:  71.1 | time: 0.2956s
Epoch: 0170 | loss: 0.0391 Ac: 100.00 P: 100.0 R: 100.0 F1: 100.0 | loss: 0.4927 Ac:  78.75 P:  66.4 R:  65.6 F1:  66.0 | time: 0.3436s
                                                                  | loss: 0.4677 Ac:  80.94 P:  74.3 R:  69.4 F1:  71.2 | time: 0.2959s
Epoch: 0171 | loss: 0.0330 Ac: 100.00 P: 100.0 R: 100.0 F1: 100.0 | loss: 0.4872 Ac:  78.75 P:  66.4 R:  65.6 F1:  66.0 | time: 0.3422s
                                                                  | loss: 0.4668 Ac:  81.12 P:  74.8 R:  69.1 F1:  71.0 | time: 0.2943s
Epoch: 0172 | loss: 0.0354 Ac: 100.00 P: 100.0 R: 100.0 F1: 100.0 | loss: 0.4854 Ac:  77.50 P:  63.9 R:  62.5 F1:  63.1 | time: 0.3412s
                                                                  | loss: 0.4667 Ac:  81.12 P:  74.9 R:  68.9 F1:  70.9 | time: 0.2985s
Epoch: 0173 | loss: 0.0392 Ac: 100.00 P: 100.0 R: 100.0 F1: 100.0 | loss: 0.4856 Ac:  77.50 P:  63.9 R:  62.5 F1:  63.1 | time: 0.3425s
                                                                  | loss: 0.4669 Ac:  81.10 P:  74.8 R:  68.9 F1:  70.9 | time: 0.3011s
Epoch: 0174 | loss: 0.0286 Ac: 100.00 P: 100.0 R: 100.0 F1: 100.0 | loss: 0.4892 Ac:  78.75 P:  66.4 R:  65.6 F1:  66.0 | time: 0.3430s
                                                                  | loss: 0.4676 Ac:  81.04 P:  74.5 R:  69.3 F1:  71.1 | time: 0.3026s
Epoch: 0175 | loss: 0.0418 Ac: 100.00 P: 100.0 R: 100.0 F1: 100.0 | loss: 0.4937 Ac:  78.75 P:  66.4 R:  65.6 F1:  66.0 | time: 0.3411s
                                                                  | loss: 0.4687 Ac:  80.87 P:  74.1 R:  69.5 F1:  71.2 | time: 0.2998s
Epoch: 0176 | loss: 0.0334 Ac: 100.00 P: 100.0 R: 100.0 F1: 100.0 | loss: 0.5013 Ac:  80.00 P:  68.8 R:  68.8 F1:  68.8 | time: 0.3469s
                                                                  | loss: 0.4711 Ac:  80.51 P:  73.4 R:  69.8 F1:  71.2 | time: 0.3169s
Epoch: 0177 | loss: 0.0344 Ac: 100.00 P: 100.0 R: 100.0 F1: 100.0 | loss: 0.5064 Ac:  81.25 P:  70.9 R:  71.9 F1:  71.4 | time: 0.3436s
                                                                  | loss: 0.4732 Ac:  80.39 P:  73.1 R:  70.2 F1:  71.4 | time: 0.2976s
Epoch: 0178 | loss: 0.0309 Ac: 100.00 P: 100.0 R: 100.0 F1: 100.0 | loss: 0.5091 Ac:  81.25 P:  70.9 R:  71.9 F1:  71.4 | time: 0.3462s
                                                                  | loss: 0.4744 Ac:  80.28 P:  73.0 R:  70.3 F1:  71.4 | time: 0.2985s
Epoch: 0179 | loss: 0.0334 Ac: 100.00 P: 100.0 R: 100.0 F1: 100.0 | loss: 0.5098 Ac:  81.25 P:  70.9 R:  71.9 F1:  71.4 | time: 0.3453s
                                                                  | loss: 0.4748 Ac:  80.15 P:  72.8 R:  70.2 F1:  71.3 | time: 0.2976s
Epoch: 0180 | loss: 0.0312 Ac: 100.00 P: 100.0 R: 100.0 F1: 100.0 | loss: 0.5129 Ac:  81.25 P:  70.9 R:  71.9 F1:  71.4 | time: 0.3430s
                                                                  | loss: 0.4762 Ac:  79.97 P:  72.5 R:  70.2 F1:  71.2 | time: 0.2964s
Epoch: 0181 | loss: 0.0353 Ac: 100.00 P: 100.0 R: 100.0 F1: 100.0 | loss: 0.5079 Ac:  81.25 P:  70.9 R:  71.9 F1:  71.4 | time: 0.3426s
                                                                  | loss: 0.4742 Ac:  80.28 P:  73.0 R:  70.2 F1:  71.3 | time: 0.3123s
Epoch: 0182 | loss: 0.0297 Ac: 100.00 P: 100.0 R: 100.0 F1: 100.0 | loss: 0.4996 Ac:  81.25 P:  70.9 R:  71.9 F1:  71.4 | time: 0.3485s
                                                                  | loss: 0.4713 Ac:  80.53 P:  73.4 R:  69.7 F1:  71.2 | time: 0.3083s
Epoch: 0183 | loss: 0.0374 Ac: 100.00 P: 100.0 R: 100.0 F1: 100.0 | loss: 0.4978 Ac:  80.00 P:  68.8 R:  68.8 F1:  68.8 | time: 0.3422s
                                                                  | loss: 0.4709 Ac:  80.57 P:  73.5 R:  69.6 F1:  71.1 | time: 0.3041s
Epoch: 0184 | loss: 0.0323 Ac: 100.00 P: 100.0 R: 100.0 F1: 100.0 | loss: 0.4918 Ac:  78.75 P:  66.4 R:  65.6 F1:  66.0 | time: 0.3434s
                                                                  | loss: 0.4694 Ac:  80.90 P:  74.2 R:  69.5 F1:  71.2 | time: 0.3030s
Epoch: 0185 | loss: 0.0277 Ac: 100.00 P: 100.0 R: 100.0 F1: 100.0 | loss: 0.4863 Ac:  77.50 P:  63.9 R:  62.5 F1:  63.1 | time: 0.3445s
                                                                  | loss: 0.4685 Ac:  81.14 P:  74.8 R:  69.3 F1:  71.2 | time: 0.3194s
Epoch: 0186 | loss: 0.0393 Ac: 100.00 P: 100.0 R: 100.0 F1: 100.0 | loss: 0.4881 Ac:  78.75 P:  66.4 R:  65.6 F1:  66.0 | time: 0.3445s
                                                                  | loss: 0.4689 Ac:  81.00 P:  74.5 R:  69.3 F1:  71.1 | time: 0.3026s
Epoch: 0187 | loss: 0.0350 Ac: 100.00 P: 100.0 R: 100.0 F1: 100.0 | loss: 0.4954 Ac:  78.75 P:  66.4 R:  65.6 F1:  66.0 | time: 0.3442s
                                                                  | loss: 0.4707 Ac:  80.63 P:  73.6 R:  69.6 F1:  71.1 | time: 0.3148s
Epoch: 0188 | loss: 0.0319 Ac: 100.00 P: 100.0 R: 100.0 F1: 100.0 | loss: 0.4996 Ac:  81.25 P:  70.9 R:  71.9 F1:  71.4 | time: 0.3425s
                                                                  | loss: 0.4722 Ac:  80.51 P:  73.4 R:  69.8 F1:  71.2 | time: 0.2970s
Epoch: 0189 | loss: 0.0302 Ac: 100.00 P: 100.0 R: 100.0 F1: 100.0 | loss: 0.5006 Ac:  81.25 P:  70.9 R:  71.9 F1:  71.4 | time: 0.3397s
                                                                  | loss: 0.4726 Ac:  80.50 P:  73.4 R:  69.9 F1:  71.3 | time: 0.3011s
Epoch: 0190 | loss: 0.0313 Ac: 100.00 P: 100.0 R: 100.0 F1: 100.0 | loss: 0.5036 Ac:  81.25 P:  70.9 R:  71.9 F1:  71.4 | time: 0.3438s
                                                                  | loss: 0.4739 Ac:  80.40 P:  73.2 R:  70.2 F1:  71.4 | time: 0.3133s
Epoch: 0191 | loss: 0.0309 Ac: 100.00 P: 100.0 R: 100.0 F1: 100.0 | loss: 0.5029 Ac:  81.25 P:  70.9 R:  71.9 F1:  71.4 | time: 0.3428s
                                                                  | loss: 0.4738 Ac:  80.42 P:  73.2 R:  70.2 F1:  71.4 | time: 0.2976s
Epoch: 0192 | loss: 0.0335 Ac: 100.00 P: 100.0 R: 100.0 F1: 100.0 | loss: 0.5013 Ac:  81.25 P:  70.9 R:  71.9 F1:  71.4 | time: 0.3434s
                                                                  | loss: 0.4734 Ac:  80.47 P:  73.3 R:  70.1 F1:  71.4 | time: 0.3113s
Epoch: 0193 | loss: 0.0330 Ac: 100.00 P: 100.0 R: 100.0 F1: 100.0 | loss: 0.4989 Ac:  81.25 P:  70.9 R:  71.9 F1:  71.4 | time: 0.3415s
                                                                  | loss: 0.4727 Ac:  80.55 P:  73.4 R:  70.0 F1:  71.3 | time: 0.3007s
Epoch: 0194 | loss: 0.0303 Ac: 100.00 P: 100.0 R: 100.0 F1: 100.0 | loss: 0.4987 Ac:  81.25 P:  70.9 R:  71.9 F1:  71.4 | time: 0.3415s
                                                                  | loss: 0.4728 Ac:  80.54 P:  73.4 R:  70.0 F1:  71.3 | time: 0.2960s
Epoch: 0195 | loss: 0.0332 Ac: 100.00 P: 100.0 R: 100.0 F1: 100.0 | loss: 0.4961 Ac:  80.00 P:  68.8 R:  68.8 F1:  68.8 | time: 0.3439s
                                                                  | loss: 0.4721 Ac:  80.56 P:  73.5 R:  69.8 F1:  71.2 | time: 0.3038s
Epoch: 0196 | loss: 0.0332 Ac: 100.00 P: 100.0 R: 100.0 F1: 100.0 | loss: 0.4928 Ac:  78.75 P:  66.4 R:  65.6 F1:  66.0 | time: 0.3425s
                                                                  | loss: 0.4713 Ac:  80.67 P:  73.7 R:  69.6 F1:  71.2 | time: 0.3051s
Epoch: 0197 | loss: 0.0342 Ac: 100.00 P: 100.0 R: 100.0 F1: 100.0 | loss: 0.4912 Ac:  78.75 P:  66.4 R:  65.6 F1:  66.0 | time: 0.3408s
                                                                  | loss: 0.4711 Ac:  80.71 P:  73.8 R:  69.6 F1:  71.2 | time: 0.2977s
Epoch: 0198 | loss: 0.0395 Ac: 100.00 P: 100.0 R: 100.0 F1: 100.0 | loss: 0.4867 Ac:  78.75 P:  66.4 R:  65.6 F1:  66.0 | time: 0.3415s
                                                                  | loss: 0.4702 Ac:  80.90 P:  74.2 R:  69.3 F1:  71.1 | time: 0.2951s
Epoch: 0199 | loss: 0.0332 Ac: 100.00 P: 100.0 R: 100.0 F1: 100.0 | loss: 0.4860 Ac:  78.75 P:  66.4 R:  65.6 F1:  66.0 | time: 0.3403s
                                                                  | loss: 0.4702 Ac:  80.92 P:  74.3 R:  69.3 F1:  71.1 | time: 0.3302s
Epoch: 0200 | loss: 0.0341 Ac: 100.00 P: 100.0 R: 100.0 F1: 100.0 | loss: 0.4890 Ac:  78.75 P:  66.4 R:  65.6 F1:  66.0 | time: 0.3424s
                                                                  | loss: 0.4710 Ac:  80.75 P:  73.9 R:  69.5 F1:  71.1 | time: 0.3023s
Optimization Finished!
Total time elapsed: 171.7717s
The best result is: ACC: 79.7289 F1: 0.6254, where epoch is 27




0:	vali:  82.50000	test:  ACC: 79.7289 F1: 0.6254  fake ACC: 0.7283 legitimate ACC: 0.8035, epoch=27
