Loading mr dataset...
Loading text content...
../data/mr/
mr
text
label matrix shape: torch.Size([10662, 2])
done.
Loading topic content...
../data/mr/
mr
topic
done.
Loading entity content...
../data/mr/
mr
entity
done.
Building graph...
Num of edges: 1277713
train, vali, test:  40 1000 9622
Transfer to be transductive.


No. 1 test.

30
30
[torch.Size([512, 4]), torch.Size([4]), torch.Size([512]), torch.Size([4279, 512]), torch.Size([4308, 512]), torch.Size([3555, 512]), torch.Size([512, 1]), torch.Size([512, 1]), torch.Size([512, 1]), torch.Size([512, 1]), torch.Size([512, 1]), torch.Size([512, 1]), torch.Size([100, 1]), torch.Size([50, 512]), torch.Size([50]), torch.Size([100, 1]), torch.Size([50, 512]), torch.Size([50]), torch.Size([100, 1]), torch.Size([50, 512]), torch.Size([50]), torch.Size([100, 1]), torch.Size([50, 4]), torch.Size([50]), torch.Size([100, 1]), torch.Size([50, 4]), torch.Size([50]), torch.Size([100, 1]), torch.Size([50, 4]), torch.Size([50])]
Epoch: 0001 | loss: 1.1456 Ac:  52.50 P:  52.8 R:  52.5 F1:  51.0 | loss: 0.9251 Ac:  50.00 P:  25.0 R:  50.0 F1:  33.3 | time: 1.3211s
                                                                  | loss: 0.9255 Ac:  50.00 P:  25.0 R:  50.0 F1:  33.3 | time: 0.0624s
Epoch: 0002 | loss: 0.9053 Ac:  52.50 P:  52.5 R:  52.5 F1:  52.5 | loss: 0.8011 Ac:  50.00 P:  25.0 R:  50.0 F1:  33.3 | time: 0.1760s
                                                                  | loss: 0.8013 Ac:  50.00 P:  25.0 R:  50.0 F1:  33.3 | time: 0.0577s
Epoch: 0003 | loss: 0.6997 Ac:  70.00 P:  73.8 R:  70.0 F1:  68.8 | loss: 0.7388 Ac:  50.20 P:  75.1 R:  50.2 F1:  33.8 | time: 0.1707s
                                                                  | loss: 0.7386 Ac:  49.99 P:  25.0 R:  50.0 F1:  33.3 | time: 0.0589s
Epoch: 0004 | loss: 0.7176 Ac:  65.00 P:  66.5 R:  65.0 F1:  64.2 | loss: 0.7030 Ac:  55.20 P:  65.9 R:  55.2 F1:  46.1 | time: 0.1714s
                                                                  | loss: 0.7028 Ac:  53.97 P:  63.5 R:  54.0 F1:  44.1 | time: 0.0620s
Epoch: 0005 | loss: 0.6707 Ac:  60.00 P:  60.4 R:  60.0 F1:  59.6 | loss: 0.6833 Ac:  60.40 P:  62.8 R:  60.4 F1:  58.4 | time: 0.1767s
                                                                  | loss: 0.6829 Ac:  60.99 P:  63.6 R:  61.0 F1:  59.0 | time: 0.0598s
Epoch: 0006 | loss: 0.7800 Ac:  52.50 P:  52.7 R:  52.5 F1:  51.7 | loss: 0.6728 Ac:  60.20 P:  60.3 R:  60.2 F1:  60.1 | time: 0.1758s
                                                                  | loss: 0.6725 Ac:  61.79 P:  62.0 R:  61.8 F1:  61.6 | time: 0.0597s
Epoch: 0007 | loss: 0.5068 Ac:  82.50 P:  82.6 R:  82.5 F1:  82.5 | loss: 0.6663 Ac:  59.60 P:  60.1 R:  59.6 F1:  59.1 | time: 0.1675s
                                                                  | loss: 0.6658 Ac:  61.19 P:  61.9 R:  61.2 F1:  60.6 | time: 0.0590s
Epoch: 0008 | loss: 0.4718 Ac:  80.00 P:  83.0 R:  80.0 F1:  79.5 | loss: 0.6587 Ac:  62.20 P:  62.6 R:  62.2 F1:  61.9 | time: 0.1709s
                                                                  | loss: 0.6573 Ac:  62.80 P:  63.1 R:  62.8 F1:  62.6 | time: 0.0592s
Epoch: 0009 | loss: 0.4042 Ac:  87.50 P:  87.6 R:  87.5 F1:  87.5 | loss: 0.6675 Ac:  61.00 P:  64.0 R:  61.0 F1:  58.8 | time: 0.1734s
                                                                  | loss: 0.6646 Ac:  60.85 P:  63.9 R:  60.9 F1:  58.6 | time: 0.0616s
Epoch: 0010 | loss: 0.4384 Ac:  82.50 P:  82.6 R:  82.5 F1:  82.5 | loss: 0.6761 Ac:  61.30 P:  65.4 R:  61.3 F1:  58.5 | time: 0.1694s
                                                                  | loss: 0.6718 Ac:  60.60 P:  64.2 R:  60.6 F1:  57.9 | time: 0.0611s
Epoch: 0011 | loss: 0.3221 Ac:  87.50 P:  88.4 R:  87.5 F1:  87.4 | loss: 0.6755 Ac:  62.50 P:  65.8 R:  62.5 F1:  60.4 | time: 0.1690s
                                                                  | loss: 0.6704 Ac:  61.71 P:  64.5 R:  61.7 F1:  59.8 | time: 0.0588s
Epoch: 0012 | loss: 0.3346 Ac:  87.50 P:  90.0 R:  87.5 F1:  87.3 | loss: 0.6564 Ac:  62.60 P:  62.9 R:  62.6 F1:  62.4 | time: 0.1705s
                                                                  | loss: 0.6522 Ac:  63.43 P:  63.7 R:  63.4 F1:  63.2 | time: 0.0579s
Epoch: 0013 | loss: 0.2467 Ac:  90.00 P:  90.0 R:  90.0 F1:  90.0 | loss: 0.6603 Ac:  61.80 P:  61.8 R:  61.8 F1:  61.8 | time: 0.1733s
                                                                  | loss: 0.6572 Ac:  63.08 P:  63.2 R:  63.1 F1:  63.0 | time: 0.0594s
Epoch: 0014 | loss: 0.2228 Ac:  92.50 P:  92.6 R:  92.5 F1:  92.5 | loss: 0.6748 Ac:  59.30 P:  59.7 R:  59.3 F1:  58.9 | time: 0.1703s
                                                                  | loss: 0.6725 Ac:  62.20 P:  62.9 R:  62.2 F1:  61.7 | time: 0.0591s
Epoch: 0015 | loss: 0.1092 Ac: 100.00 P: 100.0 R: 100.0 F1: 100.0 | loss: 0.6931 Ac:  59.70 P:  60.8 R:  59.7 F1:  58.7 | time: 0.1660s
                                                                  | loss: 0.6917 Ac:  61.56 P:  62.8 R:  61.6 F1:  60.6 | time: 0.0589s
Epoch: 0016 | loss: 0.1550 Ac:  97.50 P:  97.6 R:  97.5 F1:  97.5 | loss: 0.7072 Ac:  59.90 P:  61.1 R:  59.9 F1:  58.7 | time: 0.1666s
                                                                  | loss: 0.7068 Ac:  61.18 P:  62.7 R:  61.2 F1:  60.0 | time: 0.0592s
Epoch: 0017 | loss: 0.0950 Ac: 100.00 P: 100.0 R: 100.0 F1: 100.0 | loss: 0.7128 Ac:  59.80 P:  60.9 R:  59.8 F1:  58.8 | time: 0.1680s
                                                                  | loss: 0.7126 Ac:  61.43 P:  62.7 R:  61.4 F1:  60.5 | time: 0.0593s
Epoch: 0018 | loss: 0.1356 Ac:  97.50 P:  97.6 R:  97.5 F1:  97.5 | loss: 0.7089 Ac:  59.30 P:  59.8 R:  59.3 F1:  58.8 | time: 0.1638s
                                                                  | loss: 0.7079 Ac:  62.00 P:  62.6 R:  62.0 F1:  61.5 | time: 0.0578s
Epoch: 0019 | loss: 0.1453 Ac:  92.50 P:  92.6 R:  92.5 F1:  92.5 | loss: 0.7071 Ac:  60.90 P:  61.0 R:  60.9 F1:  60.8 | time: 0.1717s
                                                                  | loss: 0.7052 Ac:  62.86 P:  63.0 R:  62.9 F1:  62.7 | time: 0.0635s
Epoch: 0020 | loss: 0.0859 Ac:  97.50 P:  97.6 R:  97.5 F1:  97.5 | loss: 0.7113 Ac:  61.50 P:  61.5 R:  61.5 F1:  61.5 | time: 0.1666s
                                                                  | loss: 0.7081 Ac:  63.25 P:  63.3 R:  63.3 F1:  63.2 | time: 0.0590s
Epoch: 0021 | loss: 0.0486 Ac: 100.00 P: 100.0 R: 100.0 F1: 100.0 | loss: 0.7225 Ac:  62.30 P:  62.5 R:  62.3 F1:  62.2 | time: 0.1720s
                                                                  | loss: 0.7180 Ac:  63.38 P:  63.5 R:  63.4 F1:  63.3 | time: 0.0584s
Epoch: 0022 | loss: 0.0228 Ac: 100.00 P: 100.0 R: 100.0 F1: 100.0 | loss: 0.7381 Ac:  62.20 P:  62.7 R:  62.2 F1:  61.8 | time: 0.1668s
                                                                  | loss: 0.7326 Ac:  63.22 P:  63.6 R:  63.2 F1:  62.9 | time: 0.0579s
Epoch: 0023 | loss: 0.0688 Ac: 100.00 P: 100.0 R: 100.0 F1: 100.0 | loss: 0.7575 Ac:  62.90 P:  63.9 R:  62.9 F1:  62.2 | time: 0.1708s
                                                                  | loss: 0.7510 Ac:  62.78 P:  63.6 R:  62.8 F1:  62.2 | time: 0.0656s
Epoch: 0024 | loss: 0.0403 Ac: 100.00 P: 100.0 R: 100.0 F1: 100.0 | loss: 0.7785 Ac:  63.00 P:  64.4 R:  63.0 F1:  62.1 | time: 0.1804s
                                                                  | loss: 0.7709 Ac:  62.40 P:  63.6 R:  62.4 F1:  61.5 | time: 0.0629s
Epoch: 0025 | loss: 0.0088 Ac: 100.00 P: 100.0 R: 100.0 F1: 100.0 | loss: 0.7984 Ac:  63.30 P:  65.4 R:  63.3 F1:  62.0 | time: 0.1734s
                                                                  | loss: 0.7899 Ac:  61.99 P:  63.5 R:  62.0 F1:  60.9 | time: 0.0590s
Epoch: 0026 | loss: 0.0309 Ac: 100.00 P: 100.0 R: 100.0 F1: 100.0 | loss: 0.8157 Ac:  63.30 P:  65.9 R:  63.3 F1:  61.7 | time: 0.1846s
                                                                  | loss: 0.8065 Ac:  61.67 P:  63.5 R:  61.7 F1:  60.4 | time: 0.0591s
Epoch: 0027 | loss: 0.0280 Ac: 100.00 P: 100.0 R: 100.0 F1: 100.0 | loss: 0.8326 Ac:  63.10 P:  66.1 R:  63.1 F1:  61.3 | time: 0.1694s
                                                                  | loss: 0.8228 Ac:  61.59 P:  63.6 R:  61.6 F1:  60.1 | time: 0.0619s
Epoch: 0028 | loss: 0.0117 Ac: 100.00 P: 100.0 R: 100.0 F1: 100.0 | loss: 0.8442 Ac:  63.00 P:  66.0 R:  63.0 F1:  61.2 | time: 0.1702s
                                                                  | loss: 0.8341 Ac:  61.48 P:  63.6 R:  61.5 F1:  59.9 | time: 0.0592s
Epoch: 0029 | loss: 0.0193 Ac: 100.00 P: 100.0 R: 100.0 F1: 100.0 | loss: 0.8512 Ac:  63.20 P:  66.2 R:  63.2 F1:  61.4 | time: 0.1745s
                                                                  | loss: 0.8413 Ac:  61.46 P:  63.5 R:  61.5 F1:  59.9 | time: 0.0598s
Epoch: 0030 | loss: 0.0299 Ac: 100.00 P: 100.0 R: 100.0 F1: 100.0 | loss: 0.8447 Ac:  63.70 P:  66.5 R:  63.7 F1:  62.1 | time: 0.1743s
                                                                  | loss: 0.8359 Ac:  61.65 P:  63.4 R:  61.7 F1:  60.4 | time: 0.0594s
Epoch: 0031 | loss: 0.0205 Ac: 100.00 P: 100.0 R: 100.0 F1: 100.0 | loss: 0.8357 Ac:  63.20 P:  65.1 R:  63.2 F1:  62.0 | time: 0.1745s
                                                                  | loss: 0.8283 Ac:  61.82 P:  63.1 R:  61.8 F1:  60.8 | time: 0.0640s
Epoch: 0032 | loss: 0.0123 Ac: 100.00 P: 100.0 R: 100.0 F1: 100.0 | loss: 0.8293 Ac:  63.10 P:  64.5 R:  63.1 F1:  62.2 | time: 0.1699s
                                                                  | loss: 0.8232 Ac:  62.22 P:  63.2 R:  62.2 F1:  61.5 | time: 0.0590s
Epoch: 0033 | loss: 0.0198 Ac: 100.00 P: 100.0 R: 100.0 F1: 100.0 | loss: 0.8187 Ac:  61.90 P:  62.7 R:  61.9 F1:  61.3 | time: 0.1666s
                                                                  | loss: 0.8147 Ac:  62.40 P:  63.0 R:  62.4 F1:  61.9 | time: 0.0580s
Epoch: 0034 | loss: 0.0099 Ac: 100.00 P: 100.0 R: 100.0 F1: 100.0 | loss: 0.8110 Ac:  61.60 P:  62.0 R:  61.6 F1:  61.2 | time: 0.1661s
                                                                  | loss: 0.8090 Ac:  63.01 P:  63.3 R:  63.0 F1:  62.8 | time: 0.0593s
Epoch: 0035 | loss: 0.0038 Ac: 100.00 P: 100.0 R: 100.0 F1: 100.0 | loss: 0.8067 Ac:  62.00 P:  62.2 R:  62.0 F1:  61.9 | time: 0.1666s
                                                                  | loss: 0.8067 Ac:  62.96 P:  63.1 R:  63.0 F1:  62.9 | time: 0.0579s
Epoch: 0036 | loss: 0.0086 Ac: 100.00 P: 100.0 R: 100.0 F1: 100.0 | loss: 0.8064 Ac:  61.00 P:  61.0 R:  61.0 F1:  61.0 | time: 0.1657s
                                                                  | loss: 0.8083 Ac:  62.76 P:  62.8 R:  62.8 F1:  62.8 | time: 0.0578s
Epoch: 0037 | loss: 0.0176 Ac: 100.00 P: 100.0 R: 100.0 F1: 100.0 | loss: 0.8097 Ac:  60.90 P:  60.9 R:  60.9 F1:  60.9 | time: 0.1668s
                                                                  | loss: 0.8127 Ac:  62.90 P:  62.9 R:  62.9 F1:  62.9 | time: 0.0581s
Epoch: 0038 | loss: 0.0029 Ac: 100.00 P: 100.0 R: 100.0 F1: 100.0 | loss: 0.8138 Ac:  60.00 P:  60.0 R:  60.0 F1:  60.0 | time: 0.1670s
                                                                  | loss: 0.8179 Ac:  62.73 P:  62.7 R:  62.7 F1:  62.7 | time: 0.0587s
Epoch: 0039 | loss: 0.0111 Ac: 100.00 P: 100.0 R: 100.0 F1: 100.0 | loss: 0.8178 Ac:  59.90 P:  59.9 R:  59.9 F1:  59.9 | time: 0.1668s
                                                                  | loss: 0.8225 Ac:  62.86 P:  62.9 R:  62.9 F1:  62.8 | time: 0.0580s
Epoch: 0040 | loss: 0.0039 Ac: 100.00 P: 100.0 R: 100.0 F1: 100.0 | loss: 0.8217 Ac:  59.90 P:  59.9 R:  59.9 F1:  59.9 | time: 0.1713s
                                                                  | loss: 0.8269 Ac:  62.70 P:  62.7 R:  62.7 F1:  62.7 | time: 0.0583s
Epoch: 0041 | loss: 0.0064 Ac: 100.00 P: 100.0 R: 100.0 F1: 100.0 | loss: 0.8257 Ac:  59.70 P:  59.7 R:  59.7 F1:  59.7 | time: 0.1670s
                                                                  | loss: 0.8315 Ac:  62.61 P:  62.7 R:  62.6 F1:  62.6 | time: 0.0579s
Epoch: 0042 | loss: 0.0055 Ac: 100.00 P: 100.0 R: 100.0 F1: 100.0 | loss: 0.8293 Ac:  59.80 P:  59.8 R:  59.8 F1:  59.8 | time: 0.1713s
                                                                  | loss: 0.8357 Ac:  62.46 P:  62.5 R:  62.5 F1:  62.4 | time: 0.0581s
Epoch: 0043 | loss: 0.0026 Ac: 100.00 P: 100.0 R: 100.0 F1: 100.0 | loss: 0.8331 Ac:  59.80 P:  59.8 R:  59.8 F1:  59.8 | time: 0.1666s
                                                                  | loss: 0.8400 Ac:  62.45 P:  62.6 R:  62.5 F1:  62.4 | time: 0.0590s
Epoch: 0044 | loss: 0.0054 Ac: 100.00 P: 100.0 R: 100.0 F1: 100.0 | loss: 0.8367 Ac:  59.50 P:  59.5 R:  59.5 F1:  59.5 | time: 0.1689s
                                                                  | loss: 0.8442 Ac:  62.35 P:  62.5 R:  62.3 F1:  62.3 | time: 0.0581s
Epoch: 0045 | loss: 0.0056 Ac: 100.00 P: 100.0 R: 100.0 F1: 100.0 | loss: 0.8407 Ac:  59.20 P:  59.3 R:  59.2 F1:  59.1 | time: 0.1656s
                                                                  | loss: 0.8488 Ac:  62.34 P:  62.5 R:  62.3 F1:  62.2 | time: 0.0584s
Epoch: 0046 | loss: 0.0107 Ac: 100.00 P: 100.0 R: 100.0 F1: 100.0 | loss: 0.8429 Ac:  59.20 P:  59.3 R:  59.2 F1:  59.1 | time: 0.1662s
                                                                  | loss: 0.8512 Ac:  62.32 P:  62.5 R:  62.3 F1:  62.2 | time: 0.0587s
Epoch: 0047 | loss: 0.0013 Ac: 100.00 P: 100.0 R: 100.0 F1: 100.0 | loss: 0.8447 Ac:  59.20 P:  59.3 R:  59.2 F1:  59.1 | time: 0.1683s
                                                                  | loss: 0.8532 Ac:  62.26 P:  62.4 R:  62.3 F1:  62.2 | time: 0.0585s
Epoch: 0048 | loss: 0.0033 Ac: 100.00 P: 100.0 R: 100.0 F1: 100.0 | loss: 0.8467 Ac:  59.20 P:  59.3 R:  59.2 F1:  59.1 | time: 0.1698s
                                                                  | loss: 0.8555 Ac:  62.20 P:  62.3 R:  62.2 F1:  62.1 | time: 0.0583s
Epoch: 0049 | loss: 0.0031 Ac: 100.00 P: 100.0 R: 100.0 F1: 100.0 | loss: 0.8486 Ac:  59.20 P:  59.3 R:  59.2 F1:  59.1 | time: 0.1690s
                                                                  | loss: 0.8577 Ac:  62.23 P:  62.4 R:  62.2 F1:  62.1 | time: 0.0600s
Epoch: 0050 | loss: 0.0021 Ac: 100.00 P: 100.0 R: 100.0 F1: 100.0 | loss: 0.8502 Ac:  59.20 P:  59.3 R:  59.2 F1:  59.1 | time: 0.1713s
                                                                  | loss: 0.8596 Ac:  62.25 P:  62.4 R:  62.3 F1:  62.1 | time: 0.0595s
Epoch: 0051 | loss: 0.0018 Ac: 100.00 P: 100.0 R: 100.0 F1: 100.0 | loss: 0.8515 Ac:  59.30 P:  59.4 R:  59.3 F1:  59.2 | time: 0.1700s
                                                                  | loss: 0.8610 Ac:  62.28 P:  62.4 R:  62.3 F1:  62.2 | time: 0.0581s
Epoch: 0052 | loss: 0.0030 Ac: 100.00 P: 100.0 R: 100.0 F1: 100.0 | loss: 0.8522 Ac:  59.60 P:  59.7 R:  59.6 F1:  59.5 | time: 0.1686s
                                                                  | loss: 0.8619 Ac:  62.32 P:  62.4 R:  62.3 F1:  62.2 | time: 0.0590s
Epoch: 0053 | loss: 0.0045 Ac: 100.00 P: 100.0 R: 100.0 F1: 100.0 | loss: 0.8526 Ac:  59.70 P:  59.8 R:  59.7 F1:  59.6 | time: 0.1671s
                                                                  | loss: 0.8622 Ac:  62.32 P:  62.4 R:  62.3 F1:  62.2 | time: 0.0585s
Epoch: 0054 | loss: 0.0013 Ac: 100.00 P: 100.0 R: 100.0 F1: 100.0 | loss: 0.8530 Ac:  59.70 P:  59.7 R:  59.7 F1:  59.7 | time: 0.1667s
                                                                  | loss: 0.8626 Ac:  62.42 P:  62.5 R:  62.4 F1:  62.4 | time: 0.0582s
Epoch: 0055 | loss: 0.0014 Ac: 100.00 P: 100.0 R: 100.0 F1: 100.0 | loss: 0.8536 Ac:  59.70 P:  59.7 R:  59.7 F1:  59.7 | time: 0.1679s
                                                                  | loss: 0.8632 Ac:  62.36 P:  62.4 R:  62.4 F1:  62.3 | time: 0.0582s
Epoch: 0056 | loss: 0.0053 Ac: 100.00 P: 100.0 R: 100.0 F1: 100.0 | loss: 0.8537 Ac:  59.80 P:  59.8 R:  59.8 F1:  59.8 | time: 0.1705s
                                                                  | loss: 0.8631 Ac:  62.34 P:  62.4 R:  62.3 F1:  62.3 | time: 0.0590s
Epoch: 0057 | loss: 0.0058 Ac: 100.00 P: 100.0 R: 100.0 F1: 100.0 | loss: 0.8537 Ac:  59.80 P:  59.8 R:  59.8 F1:  59.8 | time: 0.1677s
                                                                  | loss: 0.8626 Ac:  62.38 P:  62.4 R:  62.4 F1:  62.4 | time: 0.0586s
Epoch: 0058 | loss: 0.0032 Ac: 100.00 P: 100.0 R: 100.0 F1: 100.0 | loss: 0.8540 Ac:  60.00 P:  60.0 R:  60.0 F1:  60.0 | time: 0.1686s
                                                                  | loss: 0.8625 Ac:  62.41 P:  62.4 R:  62.4 F1:  62.4 | time: 0.0578s
Epoch: 0059 | loss: 0.0009 Ac: 100.00 P: 100.0 R: 100.0 F1: 100.0 | loss: 0.8548 Ac:  60.20 P:  60.2 R:  60.2 F1:  60.2 | time: 0.1664s
                                                                  | loss: 0.8628 Ac:  62.49 P:  62.5 R:  62.5 F1:  62.5 | time: 0.0594s
Epoch: 0060 | loss: 0.0007 Ac: 100.00 P: 100.0 R: 100.0 F1: 100.0 | loss: 0.8557 Ac:  60.10 P:  60.1 R:  60.1 F1:  60.1 | time: 0.1660s
                                                                  | loss: 0.8634 Ac:  62.35 P:  62.3 R:  62.3 F1:  62.3 | time: 0.0578s
Epoch: 0061 | loss: 0.0013 Ac: 100.00 P: 100.0 R: 100.0 F1: 100.0 | loss: 0.8568 Ac:  60.10 P:  60.1 R:  60.1 F1:  60.1 | time: 0.1663s
                                                                  | loss: 0.8642 Ac:  62.34 P:  62.3 R:  62.3 F1:  62.3 | time: 0.0579s
Epoch: 0062 | loss: 0.0024 Ac: 100.00 P: 100.0 R: 100.0 F1: 100.0 | loss: 0.8580 Ac:  60.70 P:  60.7 R:  60.7 F1:  60.7 | time: 0.1656s
                                                                  | loss: 0.8651 Ac:  62.60 P:  62.6 R:  62.6 F1:  62.6 | time: 0.0579s
Epoch: 0063 | loss: 0.0024 Ac: 100.00 P: 100.0 R: 100.0 F1: 100.0 | loss: 0.8595 Ac:  60.50 P:  60.6 R:  60.5 F1:  60.4 | time: 0.1708s
                                                                  | loss: 0.8663 Ac:  62.56 P:  62.6 R:  62.6 F1:  62.5 | time: 0.0577s
Epoch: 0064 | loss: 0.0021 Ac: 100.00 P: 100.0 R: 100.0 F1: 100.0 | loss: 0.8609 Ac:  60.60 P:  60.7 R:  60.6 F1:  60.5 | time: 0.1659s
                                                                  | loss: 0.8674 Ac:  62.62 P:  62.7 R:  62.6 F1:  62.6 | time: 0.0579s
Epoch: 0065 | loss: 0.0008 Ac: 100.00 P: 100.0 R: 100.0 F1: 100.0 | loss: 0.8621 Ac:  60.60 P:  60.7 R:  60.6 F1:  60.5 | time: 0.1661s
                                                                  | loss: 0.8685 Ac:  62.69 P:  62.8 R:  62.7 F1:  62.6 | time: 0.0608s
Epoch: 0066 | loss: 0.0025 Ac: 100.00 P: 100.0 R: 100.0 F1: 100.0 | loss: 0.8637 Ac:  60.90 P:  61.0 R:  60.9 F1:  60.8 | time: 0.1665s
                                                                  | loss: 0.8699 Ac:  62.56 P:  62.7 R:  62.6 F1:  62.5 | time: 0.0582s
Epoch: 0067 | loss: 0.0007 Ac: 100.00 P: 100.0 R: 100.0 F1: 100.0 | loss: 0.8652 Ac:  60.80 P:  60.9 R:  60.8 F1:  60.7 | time: 0.1708s
                                                                  | loss: 0.8713 Ac:  62.55 P:  62.7 R:  62.6 F1:  62.5 | time: 0.0580s
Epoch: 0068 | loss: 0.0084 Ac: 100.00 P: 100.0 R: 100.0 F1: 100.0 | loss: 0.8698 Ac:  60.70 P:  60.9 R:  60.7 F1:  60.5 | time: 0.1654s
                                                                  | loss: 0.8750 Ac:  62.59 P:  62.8 R:  62.6 F1:  62.5 | time: 0.0579s
Epoch: 0069 | loss: 0.0057 Ac: 100.00 P: 100.0 R: 100.0 F1: 100.0 | loss: 0.8737 Ac:  61.30 P:  61.7 R:  61.3 F1:  61.0 | time: 0.1663s
                                                                  | loss: 0.8783 Ac:  62.59 P:  62.8 R:  62.6 F1:  62.4 | time: 0.0579s
Epoch: 0070 | loss: 0.0012 Ac: 100.00 P: 100.0 R: 100.0 F1: 100.0 | loss: 0.8779 Ac:  61.10 P:  61.5 R:  61.1 F1:  60.7 | time: 0.1632s
                                                                  | loss: 0.8820 Ac:  62.48 P:  62.8 R:  62.5 F1:  62.3 | time: 0.0578s
Epoch: 0071 | loss: 0.0009 Ac: 100.00 P: 100.0 R: 100.0 F1: 100.0 | loss: 0.8821 Ac:  61.60 P:  62.1 R:  61.6 F1:  61.2 | time: 0.1704s
                                                                  | loss: 0.8857 Ac:  62.36 P:  62.7 R:  62.4 F1:  62.1 | time: 0.0579s
Epoch: 0072 | loss: 0.0011 Ac: 100.00 P: 100.0 R: 100.0 F1: 100.0 | loss: 0.8857 Ac:  62.00 P:  62.7 R:  62.0 F1:  61.5 | time: 0.1668s
                                                                  | loss: 0.8889 Ac:  62.27 P:  62.7 R:  62.3 F1:  61.9 | time: 0.0579s
Epoch: 0073 | loss: 0.0005 Ac: 100.00 P: 100.0 R: 100.0 F1: 100.0 | loss: 0.8889 Ac:  61.70 P:  62.5 R:  61.7 F1:  61.1 | time: 0.1663s
                                                                  | loss: 0.8919 Ac:  62.11 P:  62.6 R:  62.1 F1:  61.7 | time: 0.0578s
Epoch: 0074 | loss: 0.0008 Ac: 100.00 P: 100.0 R: 100.0 F1: 100.0 | loss: 0.8919 Ac:  62.00 P:  62.8 R:  62.0 F1:  61.4 | time: 0.1649s
                                                                  | loss: 0.8946 Ac:  62.10 P:  62.6 R:  62.1 F1:  61.7 | time: 0.0578s
Epoch: 0075 | loss: 0.0016 Ac: 100.00 P: 100.0 R: 100.0 F1: 100.0 | loss: 0.8940 Ac:  62.30 P:  63.2 R:  62.3 F1:  61.6 | time: 0.1705s
                                                                  | loss: 0.8966 Ac:  62.11 P:  62.7 R:  62.1 F1:  61.7 | time: 0.0581s
Epoch: 0076 | loss: 0.0160 Ac: 100.00 P: 100.0 R: 100.0 F1: 100.0 | loss: 0.8883 Ac:  61.90 P:  62.6 R:  61.9 F1:  61.3 | time: 0.1668s
                                                                  | loss: 0.8919 Ac:  62.23 P:  62.7 R:  62.2 F1:  61.9 | time: 0.0631s
Epoch: 0077 | loss: 0.0007 Ac: 100.00 P: 100.0 R: 100.0 F1: 100.0 | loss: 0.8835 Ac:  61.90 P:  62.5 R:  61.9 F1:  61.4 | time: 0.1672s
                                                                  | loss: 0.8880 Ac:  62.27 P:  62.7 R:  62.3 F1:  62.0 | time: 0.0578s
Epoch: 0078 | loss: 0.0023 Ac: 100.00 P: 100.0 R: 100.0 F1: 100.0 | loss: 0.8788 Ac:  61.20 P:  61.6 R:  61.2 F1:  60.9 | time: 0.1658s
                                                                  | loss: 0.8843 Ac:  62.40 P:  62.7 R:  62.4 F1:  62.2 | time: 0.0577s
Epoch: 0079 | loss: 0.0010 Ac: 100.00 P: 100.0 R: 100.0 F1: 100.0 | loss: 0.8748 Ac:  60.50 P:  60.8 R:  60.5 F1:  60.2 | time: 0.1655s
                                                                  | loss: 0.8811 Ac:  62.46 P:  62.7 R:  62.5 F1:  62.3 | time: 0.0578s
Epoch: 0080 | loss: 0.0016 Ac: 100.00 P: 100.0 R: 100.0 F1: 100.0 | loss: 0.8719 Ac:  60.90 P:  61.2 R:  60.9 F1:  60.7 | time: 0.1656s
                                                                  | loss: 0.8790 Ac:  62.56 P:  62.7 R:  62.6 F1:  62.4 | time: 0.0577s
Epoch: 0081 | loss: 0.0010 Ac: 100.00 P: 100.0 R: 100.0 F1: 100.0 | loss: 0.8695 Ac:  60.80 P:  61.0 R:  60.8 F1:  60.6 | time: 0.1656s
                                                                  | loss: 0.8773 Ac:  62.53 P:  62.7 R:  62.5 F1:  62.4 | time: 0.0590s
Epoch: 0082 | loss: 0.0007 Ac: 100.00 P: 100.0 R: 100.0 F1: 100.0 | loss: 0.8676 Ac:  60.30 P:  60.5 R:  60.3 F1:  60.2 | time: 0.1665s
                                                                  | loss: 0.8760 Ac:  62.53 P:  62.6 R:  62.5 F1:  62.5 | time: 0.0577s
Epoch: 0083 | loss: 0.0011 Ac: 100.00 P: 100.0 R: 100.0 F1: 100.0 | loss: 0.8659 Ac:  59.90 P:  60.0 R:  59.9 F1:  59.8 | time: 0.1658s
                                                                  | loss: 0.8750 Ac:  62.51 P:  62.6 R:  62.5 F1:  62.5 | time: 0.0576s
Epoch: 0084 | loss: 0.0008 Ac: 100.00 P: 100.0 R: 100.0 F1: 100.0 | loss: 0.8644 Ac:  59.70 P:  59.8 R:  59.7 F1:  59.6 | time: 0.1674s
                                                                  | loss: 0.8742 Ac:  62.35 P:  62.4 R:  62.3 F1:  62.3 | time: 0.0577s
Epoch: 0085 | loss: 0.0005 Ac: 100.00 P: 100.0 R: 100.0 F1: 100.0 | loss: 0.8634 Ac:  59.70 P:  59.8 R:  59.7 F1:  59.6 | time: 0.1635s
                                                                  | loss: 0.8737 Ac:  62.34 P:  62.4 R:  62.3 F1:  62.3 | time: 0.0577s
Epoch: 0086 | loss: 0.0022 Ac: 100.00 P: 100.0 R: 100.0 F1: 100.0 | loss: 0.8627 Ac:  60.00 P:  60.0 R:  60.0 F1:  60.0 | time: 0.1654s
                                                                  | loss: 0.8736 Ac:  62.28 P:  62.3 R:  62.3 F1:  62.3 | time: 0.0579s
Epoch: 0087 | loss: 0.0013 Ac: 100.00 P: 100.0 R: 100.0 F1: 100.0 | loss: 0.8623 Ac:  60.00 P:  60.0 R:  60.0 F1:  60.0 | time: 0.1612s
                                                                  | loss: 0.8736 Ac:  62.24 P:  62.3 R:  62.2 F1:  62.2 | time: 0.0581s
Epoch: 0088 | loss: 0.0009 Ac: 100.00 P: 100.0 R: 100.0 F1: 100.0 | loss: 0.8619 Ac:  59.80 P:  59.8 R:  59.8 F1:  59.8 | time: 0.1658s
                                                                  | loss: 0.8737 Ac:  62.26 P:  62.3 R:  62.3 F1:  62.3 | time: 0.0578s
Epoch: 0089 | loss: 0.0006 Ac: 100.00 P: 100.0 R: 100.0 F1: 100.0 | loss: 0.8616 Ac:  59.90 P:  59.9 R:  59.9 F1:  59.9 | time: 0.1612s
                                                                  | loss: 0.8738 Ac:  62.25 P:  62.3 R:  62.3 F1:  62.3 | time: 0.0578s
Epoch: 0090 | loss: 0.0019 Ac: 100.00 P: 100.0 R: 100.0 F1: 100.0 | loss: 0.8615 Ac:  60.10 P:  60.1 R:  60.1 F1:  60.1 | time: 0.1612s
                                                                  | loss: 0.8739 Ac:  62.18 P:  62.2 R:  62.2 F1:  62.2 | time: 0.0585s
Epoch: 0091 | loss: 0.0011 Ac: 100.00 P: 100.0 R: 100.0 F1: 100.0 | loss: 0.8614 Ac:  59.90 P:  59.9 R:  59.9 F1:  59.9 | time: 0.1615s
                                                                  | loss: 0.8741 Ac:  62.16 P:  62.2 R:  62.2 F1:  62.2 | time: 0.0578s
Epoch: 0092 | loss: 0.0009 Ac: 100.00 P: 100.0 R: 100.0 F1: 100.0 | loss: 0.8613 Ac:  59.80 P:  59.8 R:  59.8 F1:  59.8 | time: 0.1609s
                                                                  | loss: 0.8742 Ac:  62.17 P:  62.2 R:  62.2 F1:  62.2 | time: 0.0577s
Epoch: 0093 | loss: 0.0010 Ac: 100.00 P: 100.0 R: 100.0 F1: 100.0 | loss: 0.8612 Ac:  59.90 P:  59.9 R:  59.9 F1:  59.9 | time: 0.1646s
                                                                  | loss: 0.8743 Ac:  62.16 P:  62.2 R:  62.2 F1:  62.2 | time: 0.0577s
Epoch: 0094 | loss: 0.0007 Ac: 100.00 P: 100.0 R: 100.0 F1: 100.0 | loss: 0.8611 Ac:  59.90 P:  59.9 R:  59.9 F1:  59.9 | time: 0.1631s
                                                                  | loss: 0.8744 Ac:  62.18 P:  62.2 R:  62.2 F1:  62.2 | time: 0.0579s
Epoch: 0095 | loss: 0.0025 Ac: 100.00 P: 100.0 R: 100.0 F1: 100.0 | loss: 0.8610 Ac:  59.90 P:  59.9 R:  59.9 F1:  59.9 | time: 0.1628s
                                                                  | loss: 0.8745 Ac:  62.19 P:  62.2 R:  62.2 F1:  62.2 | time: 0.0578s
Epoch: 0096 | loss: 0.0010 Ac: 100.00 P: 100.0 R: 100.0 F1: 100.0 | loss: 0.8608 Ac:  59.80 P:  59.8 R:  59.8 F1:  59.8 | time: 0.1613s
                                                                  | loss: 0.8745 Ac:  62.17 P:  62.2 R:  62.2 F1:  62.2 | time: 0.0577s
Epoch: 0097 | loss: 0.0004 Ac: 100.00 P: 100.0 R: 100.0 F1: 100.0 | loss: 0.8607 Ac:  59.60 P:  59.6 R:  59.6 F1:  59.6 | time: 0.1627s
                                                                  | loss: 0.8745 Ac:  62.12 P:  62.1 R:  62.1 F1:  62.1 | time: 0.0580s
Epoch: 0098 | loss: 0.0012 Ac: 100.00 P: 100.0 R: 100.0 F1: 100.0 | loss: 0.8607 Ac:  59.60 P:  59.6 R:  59.6 F1:  59.6 | time: 0.1616s
                                                                  | loss: 0.8745 Ac:  62.11 P:  62.1 R:  62.1 F1:  62.1 | time: 0.0578s
Epoch: 0099 | loss: 0.0018 Ac: 100.00 P: 100.0 R: 100.0 F1: 100.0 | loss: 0.8606 Ac:  59.60 P:  59.6 R:  59.6 F1:  59.6 | time: 0.1611s
                                                                  | loss: 0.8745 Ac:  62.07 P:  62.1 R:  62.1 F1:  62.1 | time: 0.0582s
Epoch: 0100 | loss: 0.0009 Ac: 100.00 P: 100.0 R: 100.0 F1: 100.0 | loss: 0.8605 Ac:  59.60 P:  59.6 R:  59.6 F1:  59.6 | time: 0.1609s
                                                                  | loss: 0.8745 Ac:  62.06 P:  62.1 R:  62.1 F1:  62.1 | time: 0.0578s
Epoch: 0101 | loss: 0.0009 Ac: 100.00 P: 100.0 R: 100.0 F1: 100.0 | loss: 0.8605 Ac:  59.60 P:  59.6 R:  59.6 F1:  59.6 | time: 0.1610s
                                                                  | loss: 0.8746 Ac:  62.10 P:  62.1 R:  62.1 F1:  62.1 | time: 0.0578s
Epoch: 0102 | loss: 0.0052 Ac: 100.00 P: 100.0 R: 100.0 F1: 100.0 | loss: 0.8605 Ac:  59.90 P:  59.9 R:  59.9 F1:  59.9 | time: 0.1651s
                                                                  | loss: 0.8749 Ac:  62.10 P:  62.1 R:  62.1 F1:  62.1 | time: 0.0578s
Epoch: 0103 | loss: 0.0004 Ac: 100.00 P: 100.0 R: 100.0 F1: 100.0 | loss: 0.8605 Ac:  59.80 P:  59.8 R:  59.8 F1:  59.8 | time: 0.1624s
                                                                  | loss: 0.8752 Ac:  62.07 P:  62.1 R:  62.1 F1:  62.1 | time: 0.0578s
Epoch: 0104 | loss: 0.0009 Ac: 100.00 P: 100.0 R: 100.0 F1: 100.0 | loss: 0.8605 Ac:  59.90 P:  59.9 R:  59.9 F1:  59.9 | time: 0.1628s
                                                                  | loss: 0.8754 Ac:  61.99 P:  62.0 R:  62.0 F1:  62.0 | time: 0.0587s
Epoch: 0105 | loss: 0.0011 Ac: 100.00 P: 100.0 R: 100.0 F1: 100.0 | loss: 0.8604 Ac:  59.90 P:  59.9 R:  59.9 F1:  59.9 | time: 0.1645s
                                                                  | loss: 0.8755 Ac:  61.98 P:  62.0 R:  62.0 F1:  62.0 | time: 0.0579s
Epoch: 0106 | loss: 0.0004 Ac: 100.00 P: 100.0 R: 100.0 F1: 100.0 | loss: 0.8603 Ac:  59.90 P:  59.9 R:  59.9 F1:  59.9 | time: 0.1618s
                                                                  | loss: 0.8755 Ac:  61.98 P:  62.0 R:  62.0 F1:  62.0 | time: 0.0579s
Epoch: 0107 | loss: 0.0004 Ac: 100.00 P: 100.0 R: 100.0 F1: 100.0 | loss: 0.8602 Ac:  59.80 P:  59.8 R:  59.8 F1:  59.8 | time: 0.1612s
                                                                  | loss: 0.8754 Ac:  62.00 P:  62.0 R:  62.0 F1:  62.0 | time: 0.0596s
Epoch: 0108 | loss: 0.0007 Ac: 100.00 P: 100.0 R: 100.0 F1: 100.0 | loss: 0.8601 Ac:  59.80 P:  59.8 R:  59.8 F1:  59.8 | time: 0.1618s
                                                                  | loss: 0.8753 Ac:  62.00 P:  62.0 R:  62.0 F1:  62.0 | time: 0.0581s
Epoch: 0109 | loss: 0.0009 Ac: 100.00 P: 100.0 R: 100.0 F1: 100.0 | loss: 0.8600 Ac:  59.90 P:  59.9 R:  59.9 F1:  59.9 | time: 0.1613s
                                                                  | loss: 0.8752 Ac:  61.98 P:  62.0 R:  62.0 F1:  62.0 | time: 0.0579s
Epoch: 0110 | loss: 0.0003 Ac: 100.00 P: 100.0 R: 100.0 F1: 100.0 | loss: 0.8598 Ac:  59.80 P:  59.8 R:  59.8 F1:  59.8 | time: 0.1639s
                                                                  | loss: 0.8751 Ac:  61.95 P:  62.0 R:  62.0 F1:  61.9 | time: 0.0579s
Epoch: 0111 | loss: 0.0008 Ac: 100.00 P: 100.0 R: 100.0 F1: 100.0 | loss: 0.8597 Ac:  59.80 P:  59.8 R:  59.8 F1:  59.8 | time: 0.1675s
                                                                  | loss: 0.8750 Ac:  61.97 P:  62.0 R:  62.0 F1:  62.0 | time: 0.0584s
Epoch: 0112 | loss: 0.0012 Ac: 100.00 P: 100.0 R: 100.0 F1: 100.0 | loss: 0.8596 Ac:  59.70 P:  59.7 R:  59.7 F1:  59.7 | time: 0.1657s
                                                                  | loss: 0.8749 Ac:  61.97 P:  62.0 R:  62.0 F1:  62.0 | time: 0.0579s
Epoch: 0113 | loss: 0.0007 Ac: 100.00 P: 100.0 R: 100.0 F1: 100.0 | loss: 0.8595 Ac:  59.70 P:  59.7 R:  59.7 F1:  59.7 | time: 0.1660s
                                                                  | loss: 0.8748 Ac:  61.95 P:  62.0 R:  62.0 F1:  62.0 | time: 0.0609s
Epoch: 0114 | loss: 0.0004 Ac: 100.00 P: 100.0 R: 100.0 F1: 100.0 | loss: 0.8594 Ac:  59.60 P:  59.6 R:  59.6 F1:  59.6 | time: 0.1622s
                                                                  | loss: 0.8747 Ac:  62.00 P:  62.0 R:  62.0 F1:  62.0 | time: 0.0578s
Epoch: 0115 | loss: 0.0004 Ac: 100.00 P: 100.0 R: 100.0 F1: 100.0 | loss: 0.8592 Ac:  59.60 P:  59.6 R:  59.6 F1:  59.6 | time: 0.1655s
                                                                  | loss: 0.8745 Ac:  62.00 P:  62.0 R:  62.0 F1:  62.0 | time: 0.0582s
Epoch: 0116 | loss: 0.0005 Ac: 100.00 P: 100.0 R: 100.0 F1: 100.0 | loss: 0.8591 Ac:  59.50 P:  59.5 R:  59.5 F1:  59.5 | time: 0.1715s
                                                                  | loss: 0.8744 Ac:  62.00 P:  62.0 R:  62.0 F1:  62.0 | time: 0.0588s
Epoch: 0117 | loss: 0.0004 Ac: 100.00 P: 100.0 R: 100.0 F1: 100.0 | loss: 0.8590 Ac:  59.50 P:  59.5 R:  59.5 F1:  59.5 | time: 0.1647s
                                                                  | loss: 0.8743 Ac:  62.05 P:  62.0 R:  62.0 F1:  62.0 | time: 0.0578s
Epoch: 0118 | loss: 0.0003 Ac: 100.00 P: 100.0 R: 100.0 F1: 100.0 | loss: 0.8588 Ac:  59.60 P:  59.6 R:  59.6 F1:  59.6 | time: 0.1641s
                                                                  | loss: 0.8741 Ac:  62.08 P:  62.1 R:  62.1 F1:  62.1 | time: 0.0582s
Epoch: 0119 | loss: 0.0002 Ac: 100.00 P: 100.0 R: 100.0 F1: 100.0 | loss: 0.8586 Ac:  59.60 P:  59.6 R:  59.6 F1:  59.6 | time: 0.1660s
                                                                  | loss: 0.8739 Ac:  62.06 P:  62.1 R:  62.1 F1:  62.1 | time: 0.0582s
Epoch: 0120 | loss: 0.0006 Ac: 100.00 P: 100.0 R: 100.0 F1: 100.0 | loss: 0.8585 Ac:  59.70 P:  59.7 R:  59.7 F1:  59.7 | time: 0.1650s
                                                                  | loss: 0.8738 Ac:  62.05 P:  62.0 R:  62.0 F1:  62.0 | time: 0.0589s
Epoch: 0121 | loss: 0.0008 Ac: 100.00 P: 100.0 R: 100.0 F1: 100.0 | loss: 0.8584 Ac:  59.70 P:  59.7 R:  59.7 F1:  59.7 | time: 0.1670s
                                                                  | loss: 0.8736 Ac:  62.01 P:  62.0 R:  62.0 F1:  62.0 | time: 0.0593s
Epoch: 0122 | loss: 0.0006 Ac: 100.00 P: 100.0 R: 100.0 F1: 100.0 | loss: 0.8582 Ac:  59.60 P:  59.6 R:  59.6 F1:  59.6 | time: 0.1639s
                                                                  | loss: 0.8734 Ac:  62.11 P:  62.1 R:  62.1 F1:  62.1 | time: 0.0588s
Epoch: 0123 | loss: 0.0022 Ac: 100.00 P: 100.0 R: 100.0 F1: 100.0 | loss: 0.8583 Ac:  59.90 P:  59.9 R:  59.9 F1:  59.9 | time: 0.1678s
                                                                  | loss: 0.8733 Ac:  62.13 P:  62.1 R:  62.1 F1:  62.1 | time: 0.0584s
Epoch: 0124 | loss: 0.0006 Ac: 100.00 P: 100.0 R: 100.0 F1: 100.0 | loss: 0.8585 Ac:  59.80 P:  59.9 R:  59.8 F1:  59.7 | time: 0.1655s
                                                                  | loss: 0.8733 Ac:  62.12 P:  62.1 R:  62.1 F1:  62.1 | time: 0.0588s
Epoch: 0125 | loss: 0.0028 Ac: 100.00 P: 100.0 R: 100.0 F1: 100.0 | loss: 0.8586 Ac:  59.90 P:  60.0 R:  59.9 F1:  59.8 | time: 0.1662s
                                                                  | loss: 0.8734 Ac:  62.05 P:  62.1 R:  62.0 F1:  62.0 | time: 0.0582s
Epoch: 0126 | loss: 0.0005 Ac: 100.00 P: 100.0 R: 100.0 F1: 100.0 | loss: 0.8588 Ac:  60.00 P:  60.1 R:  60.0 F1:  59.9 | time: 0.1661s
                                                                  | loss: 0.8735 Ac:  62.00 P:  62.0 R:  62.0 F1:  62.0 | time: 0.0579s
Epoch: 0127 | loss: 0.0003 Ac: 100.00 P: 100.0 R: 100.0 F1: 100.0 | loss: 0.8589 Ac:  60.10 P:  60.2 R:  60.1 F1:  60.0 | time: 0.1645s
                                                                  | loss: 0.8736 Ac:  62.06 P:  62.1 R:  62.1 F1:  62.0 | time: 0.0585s
Epoch: 0128 | loss: 0.0012 Ac: 100.00 P: 100.0 R: 100.0 F1: 100.0 | loss: 0.8593 Ac:  60.30 P:  60.4 R:  60.3 F1:  60.2 | time: 0.1684s
                                                                  | loss: 0.8738 Ac:  62.06 P:  62.1 R:  62.1 F1:  62.0 | time: 0.0578s
Epoch: 0129 | loss: 0.0008 Ac: 100.00 P: 100.0 R: 100.0 F1: 100.0 | loss: 0.8598 Ac:  60.60 P:  60.7 R:  60.6 F1:  60.5 | time: 0.1648s
                                                                  | loss: 0.8742 Ac:  62.00 P:  62.1 R:  62.0 F1:  62.0 | time: 0.0578s
Epoch: 0130 | loss: 0.0003 Ac: 100.00 P: 100.0 R: 100.0 F1: 100.0 | loss: 0.8603 Ac:  60.60 P:  60.7 R:  60.6 F1:  60.5 | time: 0.1627s
                                                                  | loss: 0.8745 Ac:  62.03 P:  62.1 R:  62.0 F1:  62.0 | time: 0.0581s
Epoch: 0131 | loss: 0.0004 Ac: 100.00 P: 100.0 R: 100.0 F1: 100.0 | loss: 0.8609 Ac:  60.80 P:  61.0 R:  60.8 F1:  60.6 | time: 0.1625s
                                                                  | loss: 0.8749 Ac:  61.98 P:  62.1 R:  62.0 F1:  61.9 | time: 0.0584s
Epoch: 0132 | loss: 0.0002 Ac: 100.00 P: 100.0 R: 100.0 F1: 100.0 | loss: 0.8613 Ac:  60.60 P:  60.8 R:  60.6 F1:  60.4 | time: 0.1653s
                                                                  | loss: 0.8753 Ac:  61.96 P:  62.1 R:  62.0 F1:  61.9 | time: 0.0582s
Epoch: 0133 | loss: 0.0004 Ac: 100.00 P: 100.0 R: 100.0 F1: 100.0 | loss: 0.8618 Ac:  60.70 P:  60.9 R:  60.7 F1:  60.5 | time: 0.1641s
                                                                  | loss: 0.8756 Ac:  61.93 P:  62.0 R:  61.9 F1:  61.8 | time: 0.0578s
Epoch: 0134 | loss: 0.0004 Ac: 100.00 P: 100.0 R: 100.0 F1: 100.0 | loss: 0.8622 Ac:  60.40 P:  60.6 R:  60.4 F1:  60.2 | time: 0.1644s
                                                                  | loss: 0.8760 Ac:  61.87 P:  62.0 R:  61.9 F1:  61.8 | time: 0.0585s
Epoch: 0135 | loss: 0.0005 Ac: 100.00 P: 100.0 R: 100.0 F1: 100.0 | loss: 0.8626 Ac:  60.40 P:  60.7 R:  60.4 F1:  60.2 | time: 0.1650s
                                                                  | loss: 0.8762 Ac:  61.85 P:  62.0 R:  61.8 F1:  61.7 | time: 0.0579s
Epoch: 0136 | loss: 0.0002 Ac: 100.00 P: 100.0 R: 100.0 F1: 100.0 | loss: 0.8629 Ac:  60.70 P:  61.0 R:  60.7 F1:  60.4 | time: 0.1650s
                                                                  | loss: 0.8765 Ac:  61.83 P:  62.0 R:  61.8 F1:  61.7 | time: 0.0579s
Epoch: 0137 | loss: 0.0004 Ac: 100.00 P: 100.0 R: 100.0 F1: 100.0 | loss: 0.8630 Ac:  60.70 P:  61.0 R:  60.7 F1:  60.4 | time: 0.1647s
                                                                  | loss: 0.8765 Ac:  61.80 P:  62.0 R:  61.8 F1:  61.7 | time: 0.0578s
Epoch: 0138 | loss: 0.0003 Ac: 100.00 P: 100.0 R: 100.0 F1: 100.0 | loss: 0.8629 Ac:  60.80 P:  61.1 R:  60.8 F1:  60.5 | time: 0.1661s
                                                                  | loss: 0.8765 Ac:  61.80 P:  62.0 R:  61.8 F1:  61.7 | time: 0.0578s
Epoch: 0139 | loss: 0.0008 Ac: 100.00 P: 100.0 R: 100.0 F1: 100.0 | loss: 0.8631 Ac:  60.90 P:  61.3 R:  60.9 F1:  60.6 | time: 0.1653s
                                                                  | loss: 0.8766 Ac:  61.81 P:  62.0 R:  61.8 F1:  61.7 | time: 0.0583s
Epoch: 0140 | loss: 0.0001 Ac: 100.00 P: 100.0 R: 100.0 F1: 100.0 | loss: 0.8632 Ac:  61.00 P:  61.4 R:  61.0 F1:  60.7 | time: 0.1657s
                                                                  | loss: 0.8767 Ac:  61.73 P:  61.9 R:  61.7 F1:  61.6 | time: 0.0577s
Epoch: 0141 | loss: 0.0022 Ac: 100.00 P: 100.0 R: 100.0 F1: 100.0 | loss: 0.8628 Ac:  61.00 P:  61.4 R:  61.0 F1:  60.7 | time: 0.1686s
                                                                  | loss: 0.8764 Ac:  61.73 P:  61.9 R:  61.7 F1:  61.6 | time: 0.0578s
Epoch: 0142 | loss: 0.0004 Ac: 100.00 P: 100.0 R: 100.0 F1: 100.0 | loss: 0.8626 Ac:  60.90 P:  61.2 R:  60.9 F1:  60.6 | time: 0.1634s
                                                                  | loss: 0.8763 Ac:  61.74 P:  61.9 R:  61.7 F1:  61.6 | time: 0.0579s
Epoch: 0143 | loss: 0.0008 Ac: 100.00 P: 100.0 R: 100.0 F1: 100.0 | loss: 0.8624 Ac:  60.90 P:  61.2 R:  60.9 F1:  60.6 | time: 0.1644s
                                                                  | loss: 0.8761 Ac:  61.72 P:  61.9 R:  61.7 F1:  61.6 | time: 0.0578s
Epoch: 0144 | loss: 0.0004 Ac: 100.00 P: 100.0 R: 100.0 F1: 100.0 | loss: 0.8620 Ac:  61.00 P:  61.3 R:  61.0 F1:  60.7 | time: 0.1641s
                                                                  | loss: 0.8759 Ac:  61.64 P:  61.8 R:  61.6 F1:  61.5 | time: 0.0578s
Epoch: 0145 | loss: 0.0005 Ac: 100.00 P: 100.0 R: 100.0 F1: 100.0 | loss: 0.8618 Ac:  61.10 P:  61.4 R:  61.1 F1:  60.8 | time: 0.1646s
                                                                  | loss: 0.8757 Ac:  61.65 P:  61.8 R:  61.7 F1:  61.5 | time: 0.0579s
Epoch: 0146 | loss: 0.0010 Ac: 100.00 P: 100.0 R: 100.0 F1: 100.0 | loss: 0.8612 Ac:  60.60 P:  60.9 R:  60.6 F1:  60.4 | time: 0.1642s
                                                                  | loss: 0.8754 Ac:  61.63 P:  61.8 R:  61.6 F1:  61.5 | time: 0.0583s
Epoch: 0147 | loss: 0.0006 Ac: 100.00 P: 100.0 R: 100.0 F1: 100.0 | loss: 0.8608 Ac:  60.70 P:  60.9 R:  60.7 F1:  60.5 | time: 0.1615s
                                                                  | loss: 0.8751 Ac:  61.63 P:  61.7 R:  61.6 F1:  61.5 | time: 0.0610s
Epoch: 0148 | loss: 0.0003 Ac: 100.00 P: 100.0 R: 100.0 F1: 100.0 | loss: 0.8605 Ac:  60.80 P:  61.0 R:  60.8 F1:  60.6 | time: 0.1620s
                                                                  | loss: 0.8750 Ac:  61.60 P:  61.7 R:  61.6 F1:  61.5 | time: 0.0586s
Epoch: 0149 | loss: 0.0002 Ac: 100.00 P: 100.0 R: 100.0 F1: 100.0 | loss: 0.8602 Ac:  60.60 P:  60.8 R:  60.6 F1:  60.4 | time: 0.1622s
                                                                  | loss: 0.8748 Ac:  61.64 P:  61.7 R:  61.6 F1:  61.6 | time: 0.0579s
Epoch: 0150 | loss: 0.0016 Ac: 100.00 P: 100.0 R: 100.0 F1: 100.0 | loss: 0.8601 Ac:  60.60 P:  60.8 R:  60.6 F1:  60.4 | time: 0.1612s
                                                                  | loss: 0.8747 Ac:  61.62 P:  61.7 R:  61.6 F1:  61.5 | time: 0.0623s
Epoch: 0151 | loss: 0.0006 Ac: 100.00 P: 100.0 R: 100.0 F1: 100.0 | loss: 0.8598 Ac:  60.30 P:  60.5 R:  60.3 F1:  60.1 | time: 0.1621s
                                                                  | loss: 0.8746 Ac:  61.55 P:  61.6 R:  61.5 F1:  61.5 | time: 0.0578s
Epoch: 0152 | loss: 0.0002 Ac: 100.00 P: 100.0 R: 100.0 F1: 100.0 | loss: 0.8596 Ac:  60.30 P:  60.5 R:  60.3 F1:  60.1 | time: 0.1614s
                                                                  | loss: 0.8745 Ac:  61.50 P:  61.6 R:  61.5 F1:  61.4 | time: 0.0579s
Epoch: 0153 | loss: 0.0008 Ac: 100.00 P: 100.0 R: 100.0 F1: 100.0 | loss: 0.8591 Ac:  60.30 P:  60.4 R:  60.3 F1:  60.2 | time: 0.1613s
                                                                  | loss: 0.8742 Ac:  61.57 P:  61.6 R:  61.6 F1:  61.5 | time: 0.0579s
Epoch: 0154 | loss: 0.0010 Ac: 100.00 P: 100.0 R: 100.0 F1: 100.0 | loss: 0.8586 Ac:  60.60 P:  60.7 R:  60.6 F1:  60.5 | time: 0.1616s
                                                                  | loss: 0.8739 Ac:  61.67 P:  61.7 R:  61.7 F1:  61.6 | time: 0.0578s
Epoch: 0155 | loss: 0.0005 Ac: 100.00 P: 100.0 R: 100.0 F1: 100.0 | loss: 0.8581 Ac:  60.30 P:  60.4 R:  60.3 F1:  60.2 | time: 0.1611s
                                                                  | loss: 0.8736 Ac:  61.65 P:  61.7 R:  61.7 F1:  61.6 | time: 0.0579s
Epoch: 0156 | loss: 0.0001 Ac: 100.00 P: 100.0 R: 100.0 F1: 100.0 | loss: 0.8576 Ac:  60.10 P:  60.2 R:  60.1 F1:  60.0 | time: 0.1614s
                                                                  | loss: 0.8734 Ac:  61.65 P:  61.7 R:  61.7 F1:  61.6 | time: 0.0579s
Epoch: 0157 | loss: 0.0005 Ac: 100.00 P: 100.0 R: 100.0 F1: 100.0 | loss: 0.8572 Ac:  60.20 P:  60.3 R:  60.2 F1:  60.1 | time: 0.1634s
                                                                  | loss: 0.8732 Ac:  61.60 P:  61.6 R:  61.6 F1:  61.6 | time: 0.0581s
Epoch: 0158 | loss: 0.0001 Ac: 100.00 P: 100.0 R: 100.0 F1: 100.0 | loss: 0.8568 Ac:  60.20 P:  60.3 R:  60.2 F1:  60.1 | time: 0.1654s
                                                                  | loss: 0.8730 Ac:  61.56 P:  61.6 R:  61.6 F1:  61.5 | time: 0.0584s
Epoch: 0159 | loss: 0.0006 Ac: 100.00 P: 100.0 R: 100.0 F1: 100.0 | loss: 0.8565 Ac:  60.20 P:  60.3 R:  60.2 F1:  60.1 | time: 0.1655s
                                                                  | loss: 0.8729 Ac:  61.60 P:  61.6 R:  61.6 F1:  61.6 | time: 0.0585s
Epoch: 0160 | loss: 0.0004 Ac: 100.00 P: 100.0 R: 100.0 F1: 100.0 | loss: 0.8562 Ac:  59.90 P:  60.0 R:  59.9 F1:  59.8 | time: 0.1614s
                                                                  | loss: 0.8727 Ac:  61.64 P:  61.7 R:  61.6 F1:  61.6 | time: 0.0581s
Epoch: 0161 | loss: 0.0003 Ac: 100.00 P: 100.0 R: 100.0 F1: 100.0 | loss: 0.8560 Ac:  59.90 P:  59.9 R:  59.9 F1:  59.9 | time: 0.1613s
                                                                  | loss: 0.8726 Ac:  61.63 P:  61.6 R:  61.6 F1:  61.6 | time: 0.0586s
Epoch: 0162 | loss: 0.0004 Ac: 100.00 P: 100.0 R: 100.0 F1: 100.0 | loss: 0.8556 Ac:  59.50 P:  59.5 R:  59.5 F1:  59.5 | time: 0.1628s
                                                                  | loss: 0.8724 Ac:  61.73 P:  61.7 R:  61.7 F1:  61.7 | time: 0.0577s
Epoch: 0163 | loss: 0.0002 Ac: 100.00 P: 100.0 R: 100.0 F1: 100.0 | loss: 0.8553 Ac:  59.40 P:  59.4 R:  59.4 F1:  59.4 | time: 0.1620s
                                                                  | loss: 0.8723 Ac:  61.75 P:  61.8 R:  61.8 F1:  61.7 | time: 0.0578s
Epoch: 0164 | loss: 0.0006 Ac: 100.00 P: 100.0 R: 100.0 F1: 100.0 | loss: 0.8549 Ac:  59.40 P:  59.4 R:  59.4 F1:  59.4 | time: 0.1620s
                                                                  | loss: 0.8722 Ac:  61.75 P:  61.8 R:  61.8 F1:  61.7 | time: 0.0586s
Epoch: 0165 | loss: 0.0004 Ac: 100.00 P: 100.0 R: 100.0 F1: 100.0 | loss: 0.8546 Ac:  59.20 P:  59.2 R:  59.2 F1:  59.2 | time: 0.1650s
                                                                  | loss: 0.8721 Ac:  61.69 P:  61.7 R:  61.7 F1:  61.7 | time: 0.0585s
Epoch: 0166 | loss: 0.0014 Ac: 100.00 P: 100.0 R: 100.0 F1: 100.0 | loss: 0.8541 Ac:  58.90 P:  58.9 R:  58.9 F1:  58.9 | time: 0.1652s
                                                                  | loss: 0.8721 Ac:  61.64 P:  61.6 R:  61.6 F1:  61.6 | time: 0.0578s
Epoch: 0167 | loss: 0.0010 Ac: 100.00 P: 100.0 R: 100.0 F1: 100.0 | loss: 0.8538 Ac:  58.80 P:  58.8 R:  58.8 F1:  58.8 | time: 0.1618s
                                                                  | loss: 0.8722 Ac:  61.50 P:  61.5 R:  61.5 F1:  61.5 | time: 0.0579s
Epoch: 0168 | loss: 0.0013 Ac: 100.00 P: 100.0 R: 100.0 F1: 100.0 | loss: 0.8538 Ac:  59.00 P:  59.0 R:  59.0 F1:  59.0 | time: 0.1626s
                                                                  | loss: 0.8726 Ac:  61.46 P:  61.5 R:  61.5 F1:  61.5 | time: 0.0582s
Epoch: 0169 | loss: 0.0003 Ac: 100.00 P: 100.0 R: 100.0 F1: 100.0 | loss: 0.8539 Ac:  58.80 P:  58.8 R:  58.8 F1:  58.8 | time: 0.1643s
                                                                  | loss: 0.8731 Ac:  61.43 P:  61.4 R:  61.4 F1:  61.4 | time: 0.0585s
Epoch: 0170 | loss: 0.0002 Ac: 100.00 P: 100.0 R: 100.0 F1: 100.0 | loss: 0.8541 Ac:  58.60 P:  58.6 R:  58.6 F1:  58.6 | time: 0.1617s
                                                                  | loss: 0.8736 Ac:  61.53 P:  61.6 R:  61.5 F1:  61.5 | time: 0.0577s
Epoch: 0171 | loss: 0.0004 Ac: 100.00 P: 100.0 R: 100.0 F1: 100.0 | loss: 0.8543 Ac:  58.70 P:  58.7 R:  58.7 F1:  58.7 | time: 0.1644s
                                                                  | loss: 0.8740 Ac:  61.50 P:  61.5 R:  61.5 F1:  61.5 | time: 0.0578s
Epoch: 0172 | loss: 0.0005 Ac: 100.00 P: 100.0 R: 100.0 F1: 100.0 | loss: 0.8546 Ac:  59.00 P:  59.0 R:  59.0 F1:  59.0 | time: 0.1613s
                                                                  | loss: 0.8745 Ac:  61.45 P:  61.5 R:  61.5 F1:  61.4 | time: 0.0578s
Epoch: 0173 | loss: 0.0001 Ac: 100.00 P: 100.0 R: 100.0 F1: 100.0 | loss: 0.8548 Ac:  58.90 P:  58.9 R:  58.9 F1:  58.9 | time: 0.1660s
                                                                  | loss: 0.8750 Ac:  61.07 P:  61.1 R:  61.1 F1:  61.0 | time: 0.0579s
Epoch: 0174 | loss: 0.0010 Ac: 100.00 P: 100.0 R: 100.0 F1: 100.0 | loss: 0.8549 Ac:  58.90 P:  58.9 R:  58.9 F1:  58.9 | time: 0.1619s
                                                                  | loss: 0.8753 Ac:  61.09 P:  61.2 R:  61.1 F1:  61.0 | time: 0.0581s
Epoch: 0175 | loss: 0.0002 Ac: 100.00 P: 100.0 R: 100.0 F1: 100.0 | loss: 0.8550 Ac:  59.20 P:  59.2 R:  59.2 F1:  59.2 | time: 0.1645s
                                                                  | loss: 0.8756 Ac:  61.06 P:  61.1 R:  61.1 F1:  61.0 | time: 0.0580s
Epoch: 0176 | loss: 0.0021 Ac: 100.00 P: 100.0 R: 100.0 F1: 100.0 | loss: 0.8551 Ac:  59.10 P:  59.1 R:  59.1 F1:  59.1 | time: 0.1649s
                                                                  | loss: 0.8758 Ac:  61.08 P:  61.2 R:  61.1 F1:  61.0 | time: 0.0577s
Epoch: 0177 | loss: 0.0008 Ac: 100.00 P: 100.0 R: 100.0 F1: 100.0 | loss: 0.8552 Ac:  59.20 P:  59.2 R:  59.2 F1:  59.2 | time: 0.1657s
                                                                  | loss: 0.8760 Ac:  61.09 P:  61.2 R:  61.1 F1:  61.0 | time: 0.0578s
Epoch: 0178 | loss: 0.0002 Ac: 100.00 P: 100.0 R: 100.0 F1: 100.0 | loss: 0.8551 Ac:  59.20 P:  59.2 R:  59.2 F1:  59.2 | time: 0.1614s
                                                                  | loss: 0.8760 Ac:  61.07 P:  61.2 R:  61.1 F1:  61.0 | time: 0.0579s
Epoch: 0179 | loss: 0.0004 Ac: 100.00 P: 100.0 R: 100.0 F1: 100.0 | loss: 0.8551 Ac:  59.10 P:  59.1 R:  59.1 F1:  59.0 | time: 0.1647s
                                                                  | loss: 0.8761 Ac:  61.08 P:  61.2 R:  61.1 F1:  61.0 | time: 0.0579s
Epoch: 0180 | loss: 0.0001 Ac: 100.00 P: 100.0 R: 100.0 F1: 100.0 | loss: 0.8551 Ac:  59.10 P:  59.1 R:  59.1 F1:  59.0 | time: 0.1614s
                                                                  | loss: 0.8761 Ac:  61.08 P:  61.2 R:  61.1 F1:  61.0 | time: 0.0579s
Epoch: 0181 | loss: 0.0006 Ac: 100.00 P: 100.0 R: 100.0 F1: 100.0 | loss: 0.8550 Ac:  59.10 P:  59.1 R:  59.1 F1:  59.0 | time: 0.1626s
                                                                  | loss: 0.8761 Ac:  61.05 P:  61.2 R:  61.0 F1:  61.0 | time: 0.0579s
Epoch: 0182 | loss: 0.0008 Ac: 100.00 P: 100.0 R: 100.0 F1: 100.0 | loss: 0.8547 Ac:  58.90 P:  58.9 R:  58.9 F1:  58.9 | time: 0.1612s
                                                                  | loss: 0.8758 Ac:  61.03 P:  61.1 R:  61.0 F1:  60.9 | time: 0.0577s
Epoch: 0183 | loss: 0.0001 Ac: 100.00 P: 100.0 R: 100.0 F1: 100.0 | loss: 0.8545 Ac:  58.60 P:  58.6 R:  58.6 F1:  58.6 | time: 0.1630s
                                                                  | loss: 0.8755 Ac:  61.05 P:  61.1 R:  61.0 F1:  61.0 | time: 0.0580s
Epoch: 0184 | loss: 0.0004 Ac: 100.00 P: 100.0 R: 100.0 F1: 100.0 | loss: 0.8542 Ac:  58.60 P:  58.6 R:  58.6 F1:  58.6 | time: 0.1642s
                                                                  | loss: 0.8752 Ac:  61.04 P:  61.1 R:  61.0 F1:  61.0 | time: 0.0619s
Epoch: 0185 | loss: 0.0004 Ac: 100.00 P: 100.0 R: 100.0 F1: 100.0 | loss: 0.8539 Ac:  58.70 P:  58.7 R:  58.7 F1:  58.7 | time: 0.1628s
                                                                  | loss: 0.8748 Ac:  61.01 P:  61.1 R:  61.0 F1:  60.9 | time: 0.0578s
Epoch: 0186 | loss: 0.0006 Ac: 100.00 P: 100.0 R: 100.0 F1: 100.0 | loss: 0.8535 Ac:  58.80 P:  58.8 R:  58.8 F1:  58.8 | time: 0.1614s
                                                                  | loss: 0.8743 Ac:  61.06 P:  61.1 R:  61.1 F1:  61.0 | time: 0.0577s
Epoch: 0187 | loss: 0.0005 Ac: 100.00 P: 100.0 R: 100.0 F1: 100.0 | loss: 0.8533 Ac:  58.70 P:  58.7 R:  58.7 F1:  58.7 | time: 0.1616s
                                                                  | loss: 0.8741 Ac:  61.05 P:  61.1 R:  61.0 F1:  61.0 | time: 0.0578s
Epoch: 0188 | loss: 0.0005 Ac: 100.00 P: 100.0 R: 100.0 F1: 100.0 | loss: 0.8532 Ac:  58.70 P:  58.7 R:  58.7 F1:  58.7 | time: 0.1615s
                                                                  | loss: 0.8739 Ac:  61.29 P:  61.3 R:  61.3 F1:  61.2 | time: 0.0585s
Epoch: 0189 | loss: 0.0003 Ac: 100.00 P: 100.0 R: 100.0 F1: 100.0 | loss: 0.8531 Ac:  58.70 P:  58.7 R:  58.7 F1:  58.7 | time: 0.1635s
                                                                  | loss: 0.8737 Ac:  61.27 P:  61.3 R:  61.3 F1:  61.2 | time: 0.0578s
Epoch: 0190 | loss: 0.0003 Ac: 100.00 P: 100.0 R: 100.0 F1: 100.0 | loss: 0.8530 Ac:  58.70 P:  58.7 R:  58.7 F1:  58.7 | time: 0.1610s
                                                                  | loss: 0.8736 Ac:  61.25 P:  61.3 R:  61.2 F1:  61.2 | time: 0.0578s
Epoch: 0191 | loss: 0.0007 Ac: 100.00 P: 100.0 R: 100.0 F1: 100.0 | loss: 0.8531 Ac:  58.40 P:  58.4 R:  58.4 F1:  58.4 | time: 0.1614s
                                                                  | loss: 0.8739 Ac:  61.02 P:  61.1 R:  61.0 F1:  61.0 | time: 0.0583s
Epoch: 0192 | loss: 0.0003 Ac: 100.00 P: 100.0 R: 100.0 F1: 100.0 | loss: 0.8533 Ac:  58.60 P:  58.6 R:  58.6 F1:  58.6 | time: 0.1645s
                                                                  | loss: 0.8742 Ac:  60.93 P:  61.0 R:  60.9 F1:  60.9 | time: 0.0582s
Epoch: 0193 | loss: 0.0006 Ac: 100.00 P: 100.0 R: 100.0 F1: 100.0 | loss: 0.8533 Ac:  58.70 P:  58.7 R:  58.7 F1:  58.7 | time: 0.1629s
                                                                  | loss: 0.8743 Ac:  60.89 P:  61.0 R:  60.9 F1:  60.8 | time: 0.0579s
Epoch: 0194 | loss: 0.0003 Ac: 100.00 P: 100.0 R: 100.0 F1: 100.0 | loss: 0.8533 Ac:  58.70 P:  58.7 R:  58.7 F1:  58.7 | time: 0.1622s
                                                                  | loss: 0.8744 Ac:  60.85 P:  60.9 R:  60.9 F1:  60.8 | time: 0.0580s
Epoch: 0195 | loss: 0.0003 Ac: 100.00 P: 100.0 R: 100.0 F1: 100.0 | loss: 0.8534 Ac:  58.70 P:  58.7 R:  58.7 F1:  58.7 | time: 0.1620s
                                                                  | loss: 0.8745 Ac:  60.86 P:  61.0 R:  60.9 F1:  60.8 | time: 0.0579s
Epoch: 0196 | loss: 0.0001 Ac: 100.00 P: 100.0 R: 100.0 F1: 100.0 | loss: 0.8534 Ac:  58.70 P:  58.7 R:  58.7 F1:  58.7 | time: 0.1613s
                                                                  | loss: 0.8747 Ac:  60.93 P:  61.0 R:  60.9 F1:  60.8 | time: 0.0577s
Epoch: 0197 | loss: 0.0002 Ac: 100.00 P: 100.0 R: 100.0 F1: 100.0 | loss: 0.8535 Ac:  58.70 P:  58.7 R:  58.7 F1:  58.7 | time: 0.1615s
                                                                  | loss: 0.8748 Ac:  60.91 P:  61.0 R:  60.9 F1:  60.8 | time: 0.0577s
Epoch: 0198 | loss: 0.0002 Ac: 100.00 P: 100.0 R: 100.0 F1: 100.0 | loss: 0.8535 Ac:  58.70 P:  58.7 R:  58.7 F1:  58.7 | time: 0.1659s
                                                                  | loss: 0.8749 Ac:  60.90 P:  61.0 R:  60.9 F1:  60.8 | time: 0.0581s
Epoch: 0199 | loss: 0.0001 Ac: 100.00 P: 100.0 R: 100.0 F1: 100.0 | loss: 0.8535 Ac:  58.90 P:  58.9 R:  58.9 F1:  58.8 | time: 0.1616s
                                                                  | loss: 0.8750 Ac:  60.84 P:  61.0 R:  60.8 F1:  60.7 | time: 0.0579s
Epoch: 0200 | loss: 0.0002 Ac: 100.00 P: 100.0 R: 100.0 F1: 100.0 | loss: 0.8534 Ac:  58.80 P:  58.8 R:  58.8 F1:  58.7 | time: 0.1634s
                                                                  | loss: 0.8749 Ac:  60.82 P:  61.0 R:  60.8 F1:  60.7 | time: 0.0579s
Epoch: 0201 | loss: 0.0007 Ac: 100.00 P: 100.0 R: 100.0 F1: 100.0 | loss: 0.8534 Ac:  58.70 P:  58.7 R:  58.7 F1:  58.6 | time: 0.1617s
                                                                  | loss: 0.8749 Ac:  60.81 P:  60.9 R:  60.8 F1:  60.7 | time: 0.0579s
Epoch: 0202 | loss: 0.0004 Ac: 100.00 P: 100.0 R: 100.0 F1: 100.0 | loss: 0.8532 Ac:  58.70 P:  58.7 R:  58.7 F1:  58.6 | time: 0.1642s
                                                                  | loss: 0.8748 Ac:  60.83 P:  61.0 R:  60.8 F1:  60.7 | time: 0.0587s
Epoch: 0203 | loss: 0.0003 Ac: 100.00 P: 100.0 R: 100.0 F1: 100.0 | loss: 0.8532 Ac:  58.50 P:  58.6 R:  58.5 F1:  58.4 | time: 0.1674s
                                                                  | loss: 0.8748 Ac:  60.79 P:  60.9 R:  60.8 F1:  60.7 | time: 0.0579s
Epoch: 0204 | loss: 0.0002 Ac: 100.00 P: 100.0 R: 100.0 F1: 100.0 | loss: 0.8532 Ac:  58.50 P:  58.6 R:  58.5 F1:  58.4 | time: 0.1659s
                                                                  | loss: 0.8747 Ac:  60.79 P:  60.9 R:  60.8 F1:  60.7 | time: 0.0580s
Epoch: 0205 | loss: 0.0005 Ac: 100.00 P: 100.0 R: 100.0 F1: 100.0 | loss: 0.8532 Ac:  58.30 P:  58.4 R:  58.3 F1:  58.2 | time: 0.1658s
                                                                  | loss: 0.8748 Ac:  60.80 P:  61.0 R:  60.8 F1:  60.7 | time: 0.0580s
Epoch: 0206 | loss: 0.0007 Ac: 100.00 P: 100.0 R: 100.0 F1: 100.0 | loss: 0.8531 Ac:  58.40 P:  58.5 R:  58.4 F1:  58.3 | time: 0.1641s
                                                                  | loss: 0.8746 Ac:  60.78 P:  60.9 R:  60.8 F1:  60.6 | time: 0.0577s
Epoch: 0207 | loss: 0.0001 Ac: 100.00 P: 100.0 R: 100.0 F1: 100.0 | loss: 0.8530 Ac:  58.40 P:  58.4 R:  58.4 F1:  58.3 | time: 0.1661s
                                                                  | loss: 0.8744 Ac:  60.78 P:  60.9 R:  60.8 F1:  60.6 | time: 0.0587s
Epoch: 0208 | loss: 0.0001 Ac: 100.00 P: 100.0 R: 100.0 F1: 100.0 | loss: 0.8528 Ac:  58.30 P:  58.3 R:  58.3 F1:  58.2 | time: 0.1639s
                                                                  | loss: 0.8742 Ac:  60.76 P:  60.9 R:  60.8 F1:  60.6 | time: 0.0580s
Epoch: 0209 | loss: 0.0003 Ac: 100.00 P: 100.0 R: 100.0 F1: 100.0 | loss: 0.8527 Ac:  58.30 P:  58.3 R:  58.3 F1:  58.2 | time: 0.1619s
                                                                  | loss: 0.8741 Ac:  60.74 P:  60.9 R:  60.7 F1:  60.6 | time: 0.0580s
Epoch: 0210 | loss: 0.0004 Ac: 100.00 P: 100.0 R: 100.0 F1: 100.0 | loss: 0.8525 Ac:  58.30 P:  58.3 R:  58.3 F1:  58.2 | time: 0.1637s
                                                                  | loss: 0.8738 Ac:  60.68 P:  60.8 R:  60.7 F1:  60.6 | time: 0.0578s
Epoch: 0211 | loss: 0.0002 Ac: 100.00 P: 100.0 R: 100.0 F1: 100.0 | loss: 0.8522 Ac:  58.50 P:  58.5 R:  58.5 F1:  58.5 | time: 0.1618s
                                                                  | loss: 0.8735 Ac:  60.72 P:  60.8 R:  60.7 F1:  60.6 | time: 0.0617s
Epoch: 0212 | loss: 0.0006 Ac: 100.00 P: 100.0 R: 100.0 F1: 100.0 | loss: 0.8519 Ac:  58.50 P:  58.5 R:  58.5 F1:  58.5 | time: 0.1621s
                                                                  | loss: 0.8731 Ac:  60.74 P:  60.8 R:  60.7 F1:  60.6 | time: 0.0579s
Epoch: 0213 | loss: 0.0008 Ac: 100.00 P: 100.0 R: 100.0 F1: 100.0 | loss: 0.8517 Ac:  58.60 P:  58.6 R:  58.6 F1:  58.6 | time: 0.1613s
                                                                  | loss: 0.8727 Ac:  60.81 P:  60.9 R:  60.8 F1:  60.7 | time: 0.0579s
Epoch: 0214 | loss: 0.0010 Ac: 100.00 P: 100.0 R: 100.0 F1: 100.0 | loss: 0.8515 Ac:  58.50 P:  58.5 R:  58.5 F1:  58.5 | time: 0.1616s
                                                                  | loss: 0.8725 Ac:  60.80 P:  60.9 R:  60.8 F1:  60.7 | time: 0.0582s
Epoch: 0215 | loss: 0.0002 Ac: 100.00 P: 100.0 R: 100.0 F1: 100.0 | loss: 0.8513 Ac:  58.40 P:  58.4 R:  58.4 F1:  58.4 | time: 0.1632s
                                                                  | loss: 0.8723 Ac:  60.80 P:  60.9 R:  60.8 F1:  60.7 | time: 0.0578s
Epoch: 0216 | loss: 0.0002 Ac: 100.00 P: 100.0 R: 100.0 F1: 100.0 | loss: 0.8511 Ac:  58.40 P:  58.4 R:  58.4 F1:  58.4 | time: 0.1617s
                                                                  | loss: 0.8720 Ac:  60.78 P:  60.9 R:  60.8 F1:  60.7 | time: 0.0581s
Epoch: 0217 | loss: 0.0002 Ac: 100.00 P: 100.0 R: 100.0 F1: 100.0 | loss: 0.8509 Ac:  58.20 P:  58.2 R:  58.2 F1:  58.2 | time: 0.1616s
                                                                  | loss: 0.8716 Ac:  60.73 P:  60.8 R:  60.7 F1:  60.7 | time: 0.0579s
Epoch: 0218 | loss: 0.0003 Ac: 100.00 P: 100.0 R: 100.0 F1: 100.0 | loss: 0.8506 Ac:  58.10 P:  58.1 R:  58.1 F1:  58.1 | time: 0.1615s
                                                                  | loss: 0.8712 Ac:  60.87 P:  60.9 R:  60.9 F1:  60.8 | time: 0.0579s
Epoch: 0219 | loss: 0.0004 Ac: 100.00 P: 100.0 R: 100.0 F1: 100.0 | loss: 0.8503 Ac:  58.00 P:  58.0 R:  58.0 F1:  58.0 | time: 0.1637s
                                                                  | loss: 0.8708 Ac:  60.76 P:  60.8 R:  60.8 F1:  60.7 | time: 0.0580s
Epoch: 0220 | loss: 0.0007 Ac: 100.00 P: 100.0 R: 100.0 F1: 100.0 | loss: 0.8501 Ac:  58.10 P:  58.1 R:  58.1 F1:  58.1 | time: 0.1628s
                                                                  | loss: 0.8704 Ac:  60.79 P:  60.8 R:  60.8 F1:  60.7 | time: 0.0578s
Epoch: 0221 | loss: 0.0002 Ac: 100.00 P: 100.0 R: 100.0 F1: 100.0 | loss: 0.8500 Ac:  58.20 P:  58.2 R:  58.2 F1:  58.2 | time: 0.1630s
                                                                  | loss: 0.8701 Ac:  60.97 P:  61.0 R:  61.0 F1:  60.9 | time: 0.0580s
Epoch: 0222 | loss: 0.0003 Ac: 100.00 P: 100.0 R: 100.0 F1: 100.0 | loss: 0.8499 Ac:  58.10 P:  58.1 R:  58.1 F1:  58.1 | time: 0.1620s
                                                                  | loss: 0.8699 Ac:  60.95 P:  61.0 R:  61.0 F1:  60.9 | time: 0.0578s
Epoch: 0223 | loss: 0.0002 Ac: 100.00 P: 100.0 R: 100.0 F1: 100.0 | loss: 0.8499 Ac:  58.50 P:  58.5 R:  58.5 F1:  58.5 | time: 0.1617s
                                                                  | loss: 0.8698 Ac:  60.96 P:  61.0 R:  61.0 F1:  61.0 | time: 0.0582s
Epoch: 0224 | loss: 0.0009 Ac: 100.00 P: 100.0 R: 100.0 F1: 100.0 | loss: 0.8499 Ac:  58.30 P:  58.3 R:  58.3 F1:  58.3 | time: 0.1612s
                                                                  | loss: 0.8697 Ac:  60.93 P:  60.9 R:  60.9 F1:  60.9 | time: 0.0577s
Epoch: 0225 | loss: 0.0003 Ac: 100.00 P: 100.0 R: 100.0 F1: 100.0 | loss: 0.8499 Ac:  58.30 P:  58.3 R:  58.3 F1:  58.3 | time: 0.1611s
                                                                  | loss: 0.8696 Ac:  60.92 P:  60.9 R:  60.9 F1:  60.9 | time: 0.0598s
Epoch: 0226 | loss: 0.0005 Ac: 100.00 P: 100.0 R: 100.0 F1: 100.0 | loss: 0.8498 Ac:  58.40 P:  58.4 R:  58.4 F1:  58.4 | time: 0.1622s
                                                                  | loss: 0.8695 Ac:  60.89 P:  60.9 R:  60.9 F1:  60.9 | time: 0.0577s
Epoch: 0227 | loss: 0.0004 Ac: 100.00 P: 100.0 R: 100.0 F1: 100.0 | loss: 0.8497 Ac:  58.80 P:  58.8 R:  58.8 F1:  58.8 | time: 0.1612s
                                                                  | loss: 0.8693 Ac:  60.83 P:  60.8 R:  60.8 F1:  60.8 | time: 0.0577s
Epoch: 0228 | loss: 0.0012 Ac: 100.00 P: 100.0 R: 100.0 F1: 100.0 | loss: 0.8497 Ac:  58.80 P:  58.8 R:  58.8 F1:  58.8 | time: 0.1616s
                                                                  | loss: 0.8692 Ac:  60.82 P:  60.8 R:  60.8 F1:  60.8 | time: 0.0580s
Epoch: 0229 | loss: 0.0001 Ac: 100.00 P: 100.0 R: 100.0 F1: 100.0 | loss: 0.8496 Ac:  58.80 P:  58.8 R:  58.8 F1:  58.8 | time: 0.1643s
                                                                  | loss: 0.8691 Ac:  60.85 P:  60.9 R:  60.9 F1:  60.8 | time: 0.0577s
Epoch: 0230 | loss: 0.0001 Ac: 100.00 P: 100.0 R: 100.0 F1: 100.0 | loss: 0.8495 Ac:  58.80 P:  58.8 R:  58.8 F1:  58.8 | time: 0.1613s
                                                                  | loss: 0.8690 Ac:  60.84 P:  60.8 R:  60.8 F1:  60.8 | time: 0.0578s
Epoch: 0231 | loss: 0.0004 Ac: 100.00 P: 100.0 R: 100.0 F1: 100.0 | loss: 0.8494 Ac:  58.80 P:  58.8 R:  58.8 F1:  58.8 | time: 0.1619s
                                                                  | loss: 0.8689 Ac:  60.84 P:  60.8 R:  60.8 F1:  60.8 | time: 0.0578s
Epoch: 0232 | loss: 0.0004 Ac: 100.00 P: 100.0 R: 100.0 F1: 100.0 | loss: 0.8493 Ac:  58.80 P:  58.8 R:  58.8 F1:  58.8 | time: 0.1609s
                                                                  | loss: 0.8689 Ac:  60.86 P:  60.9 R:  60.9 F1:  60.9 | time: 0.0578s
Epoch: 0233 | loss: 0.0005 Ac: 100.00 P: 100.0 R: 100.0 F1: 100.0 | loss: 0.8492 Ac:  58.60 P:  58.6 R:  58.6 F1:  58.6 | time: 0.1612s
                                                                  | loss: 0.8689 Ac:  60.88 P:  60.9 R:  60.9 F1:  60.9 | time: 0.0579s
Epoch: 0234 | loss: 0.0003 Ac: 100.00 P: 100.0 R: 100.0 F1: 100.0 | loss: 0.8492 Ac:  58.50 P:  58.5 R:  58.5 F1:  58.5 | time: 0.1619s
                                                                  | loss: 0.8689 Ac:  60.91 P:  60.9 R:  60.9 F1:  60.9 | time: 0.0578s
Epoch: 0235 | loss: 0.0010 Ac: 100.00 P: 100.0 R: 100.0 F1: 100.0 | loss: 0.8491 Ac:  58.60 P:  58.6 R:  58.6 F1:  58.6 | time: 0.1616s
                                                                  | loss: 0.8689 Ac:  60.88 P:  60.9 R:  60.9 F1:  60.9 | time: 0.0579s
Epoch: 0236 | loss: 0.0004 Ac: 100.00 P: 100.0 R: 100.0 F1: 100.0 | loss: 0.8492 Ac:  58.60 P:  58.6 R:  58.6 F1:  58.6 | time: 0.1623s
                                                                  | loss: 0.8690 Ac:  60.86 P:  60.9 R:  60.9 F1:  60.9 | time: 0.0590s
Epoch: 0237 | loss: 0.0002 Ac: 100.00 P: 100.0 R: 100.0 F1: 100.0 | loss: 0.8491 Ac:  58.60 P:  58.6 R:  58.6 F1:  58.6 | time: 0.1620s
                                                                  | loss: 0.8691 Ac:  60.84 P:  60.9 R:  60.8 F1:  60.8 | time: 0.0583s
Epoch: 0238 | loss: 0.0004 Ac: 100.00 P: 100.0 R: 100.0 F1: 100.0 | loss: 0.8491 Ac:  58.60 P:  58.6 R:  58.6 F1:  58.6 | time: 0.1660s
                                                                  | loss: 0.8691 Ac:  60.85 P:  60.9 R:  60.9 F1:  60.8 | time: 0.0577s
Epoch: 0239 | loss: 0.0016 Ac: 100.00 P: 100.0 R: 100.0 F1: 100.0 | loss: 0.8492 Ac:  58.60 P:  58.6 R:  58.6 F1:  58.6 | time: 0.1664s
                                                                  | loss: 0.8691 Ac:  60.83 P:  60.8 R:  60.8 F1:  60.8 | time: 0.0579s
Epoch: 0240 | loss: 0.0001 Ac: 100.00 P: 100.0 R: 100.0 F1: 100.0 | loss: 0.8493 Ac:  58.40 P:  58.4 R:  58.4 F1:  58.4 | time: 0.1616s
                                                                  | loss: 0.8692 Ac:  60.87 P:  60.9 R:  60.9 F1:  60.9 | time: 0.0578s
Epoch: 0241 | loss: 0.0005 Ac: 100.00 P: 100.0 R: 100.0 F1: 100.0 | loss: 0.8493 Ac:  58.40 P:  58.4 R:  58.4 F1:  58.4 | time: 0.1617s
                                                                  | loss: 0.8691 Ac:  60.80 P:  60.8 R:  60.8 F1:  60.8 | time: 0.0578s
Epoch: 0242 | loss: 0.0006 Ac: 100.00 P: 100.0 R: 100.0 F1: 100.0 | loss: 0.8494 Ac:  58.40 P:  58.4 R:  58.4 F1:  58.4 | time: 0.1671s
                                                                  | loss: 0.8690 Ac:  60.94 P:  60.9 R:  60.9 F1:  60.9 | time: 0.0578s
Epoch: 0243 | loss: 0.0001 Ac: 100.00 P: 100.0 R: 100.0 F1: 100.0 | loss: 0.8494 Ac:  59.00 P:  59.0 R:  59.0 F1:  59.0 | time: 0.1614s
                                                                  | loss: 0.8690 Ac:  60.79 P:  60.8 R:  60.8 F1:  60.8 | time: 0.0577s
Epoch: 0244 | loss: 0.0005 Ac: 100.00 P: 100.0 R: 100.0 F1: 100.0 | loss: 0.8495 Ac:  58.90 P:  58.9 R:  58.9 F1:  58.9 | time: 0.1619s
                                                                  | loss: 0.8690 Ac:  60.73 P:  60.7 R:  60.7 F1:  60.7 | time: 0.0578s
Epoch: 0245 | loss: 0.0002 Ac: 100.00 P: 100.0 R: 100.0 F1: 100.0 | loss: 0.8495 Ac:  59.30 P:  59.3 R:  59.3 F1:  59.3 | time: 0.1617s
                                                                  | loss: 0.8689 Ac:  60.76 P:  60.8 R:  60.8 F1:  60.8 | time: 0.0579s
Epoch: 0246 | loss: 0.0003 Ac: 100.00 P: 100.0 R: 100.0 F1: 100.0 | loss: 0.8496 Ac:  59.50 P:  59.5 R:  59.5 F1:  59.5 | time: 0.1614s
                                                                  | loss: 0.8689 Ac:  60.76 P:  60.8 R:  60.8 F1:  60.7 | time: 0.0579s
Epoch: 0247 | loss: 0.0007 Ac: 100.00 P: 100.0 R: 100.0 F1: 100.0 | loss: 0.8498 Ac:  59.30 P:  59.3 R:  59.3 F1:  59.3 | time: 0.1617s
                                                                  | loss: 0.8689 Ac:  60.75 P:  60.8 R:  60.7 F1:  60.7 | time: 0.0585s
Epoch: 0248 | loss: 0.0002 Ac: 100.00 P: 100.0 R: 100.0 F1: 100.0 | loss: 0.8501 Ac:  59.40 P:  59.5 R:  59.4 F1:  59.3 | time: 0.1644s
                                                                  | loss: 0.8690 Ac:  60.77 P:  60.8 R:  60.8 F1:  60.7 | time: 0.0578s
Epoch: 0249 | loss: 0.0002 Ac: 100.00 P: 100.0 R: 100.0 F1: 100.0 | loss: 0.8502 Ac:  59.60 P:  59.7 R:  59.6 F1:  59.5 | time: 0.1629s
                                                                  | loss: 0.8690 Ac:  60.80 P:  60.8 R:  60.8 F1:  60.8 | time: 0.0578s
Epoch: 0250 | loss: 0.0000 Ac: 100.00 P: 100.0 R: 100.0 F1: 100.0 | loss: 0.8504 Ac:  59.40 P:  59.5 R:  59.4 F1:  59.3 | time: 0.1612s
                                                                  | loss: 0.8690 Ac:  60.78 P:  60.8 R:  60.8 F1:  60.7 | time: 0.0579s
Epoch: 0251 | loss: 0.0002 Ac: 100.00 P: 100.0 R: 100.0 F1: 100.0 | loss: 0.8505 Ac:  59.50 P:  59.6 R:  59.5 F1:  59.4 | time: 0.1615s
                                                                  | loss: 0.8691 Ac:  60.78 P:  60.8 R:  60.8 F1:  60.7 | time: 0.0578s
Epoch: 0252 | loss: 0.0006 Ac: 100.00 P: 100.0 R: 100.0 F1: 100.0 | loss: 0.8505 Ac:  59.60 P:  59.7 R:  59.6 F1:  59.5 | time: 0.1613s
                                                                  | loss: 0.8690 Ac:  60.74 P:  60.8 R:  60.7 F1:  60.7 | time: 0.0577s
Epoch: 0253 | loss: 0.0001 Ac: 100.00 P: 100.0 R: 100.0 F1: 100.0 | loss: 0.8504 Ac:  59.70 P:  59.8 R:  59.7 F1:  59.6 | time: 0.1653s
                                                                  | loss: 0.8689 Ac:  60.72 P:  60.8 R:  60.7 F1:  60.6 | time: 0.0578s
Epoch: 0254 | loss: 0.0003 Ac: 100.00 P: 100.0 R: 100.0 F1: 100.0 | loss: 0.8504 Ac:  59.80 P:  60.0 R:  59.8 F1:  59.6 | time: 0.1623s
                                                                  | loss: 0.8689 Ac:  60.74 P:  60.8 R:  60.7 F1:  60.7 | time: 0.0578s
Epoch: 0255 | loss: 0.0003 Ac: 100.00 P: 100.0 R: 100.0 F1: 100.0 | loss: 0.8503 Ac:  59.90 P:  60.1 R:  59.9 F1:  59.7 | time: 0.1631s
                                                                  | loss: 0.8688 Ac:  60.76 P:  60.8 R:  60.8 F1:  60.7 | time: 0.0582s
Epoch: 0256 | loss: 0.0004 Ac: 100.00 P: 100.0 R: 100.0 F1: 100.0 | loss: 0.8502 Ac:  59.90 P:  60.0 R:  59.9 F1:  59.8 | time: 0.1659s
                                                                  | loss: 0.8687 Ac:  60.75 P:  60.8 R:  60.7 F1:  60.7 | time: 0.0579s
Epoch: 0257 | loss: 0.0003 Ac: 100.00 P: 100.0 R: 100.0 F1: 100.0 | loss: 0.8501 Ac:  59.90 P:  60.0 R:  59.9 F1:  59.8 | time: 0.1648s
                                                                  | loss: 0.8685 Ac:  60.75 P:  60.8 R:  60.7 F1:  60.7 | time: 0.0583s
Epoch: 0258 | loss: 0.0006 Ac: 100.00 P: 100.0 R: 100.0 F1: 100.0 | loss: 0.8498 Ac:  60.00 P:  60.1 R:  60.0 F1:  59.9 | time: 0.1638s
                                                                  | loss: 0.8683 Ac:  60.74 P:  60.8 R:  60.7 F1:  60.7 | time: 0.0616s
Epoch: 0259 | loss: 0.0002 Ac: 100.00 P: 100.0 R: 100.0 F1: 100.0 | loss: 0.8495 Ac:  59.60 P:  59.7 R:  59.6 F1:  59.5 | time: 0.1649s
                                                                  | loss: 0.8681 Ac:  60.70 P:  60.8 R:  60.7 F1:  60.6 | time: 0.0589s
Epoch: 0260 | loss: 0.0001 Ac: 100.00 P: 100.0 R: 100.0 F1: 100.0 | loss: 0.8493 Ac:  59.50 P:  59.6 R:  59.5 F1:  59.4 | time: 0.1685s
                                                                  | loss: 0.8679 Ac:  60.65 P:  60.7 R:  60.7 F1:  60.6 | time: 0.0587s
Epoch: 0261 | loss: 0.0015 Ac: 100.00 P: 100.0 R: 100.0 F1: 100.0 | loss: 0.8486 Ac:  59.00 P:  59.0 R:  59.0 F1:  59.0 | time: 0.1669s
                                                                  | loss: 0.8677 Ac:  60.63 P:  60.7 R:  60.6 F1:  60.6 | time: 0.0578s
Epoch: 0262 | loss: 0.0009 Ac: 100.00 P: 100.0 R: 100.0 F1: 100.0 | loss: 0.8483 Ac:  59.00 P:  59.0 R:  59.0 F1:  59.0 | time: 0.1665s
                                                                  | loss: 0.8677 Ac:  60.70 P:  60.7 R:  60.7 F1:  60.7 | time: 0.0588s
Epoch: 0263 | loss: 0.0005 Ac: 100.00 P: 100.0 R: 100.0 F1: 100.0 | loss: 0.8483 Ac:  58.60 P:  58.6 R:  58.6 F1:  58.6 | time: 0.1671s
                                                                  | loss: 0.8680 Ac:  60.63 P:  60.6 R:  60.6 F1:  60.6 | time: 0.0583s
Epoch: 0264 | loss: 0.0003 Ac: 100.00 P: 100.0 R: 100.0 F1: 100.0 | loss: 0.8485 Ac:  58.20 P:  58.2 R:  58.2 F1:  58.2 | time: 0.1640s
                                                                  | loss: 0.8685 Ac:  60.61 P:  60.6 R:  60.6 F1:  60.6 | time: 0.0584s
Epoch: 0265 | loss: 0.0001 Ac: 100.00 P: 100.0 R: 100.0 F1: 100.0 | loss: 0.8488 Ac:  58.30 P:  58.3 R:  58.3 F1:  58.3 | time: 0.1661s
                                                                  | loss: 0.8690 Ac:  60.35 P:  60.4 R:  60.4 F1:  60.3 | time: 0.0588s
Epoch: 0266 | loss: 0.0000 Ac: 100.00 P: 100.0 R: 100.0 F1: 100.0 | loss: 0.8491 Ac:  58.00 P:  58.0 R:  58.0 F1:  58.0 | time: 0.1659s
                                                                  | loss: 0.8696 Ac:  60.09 P:  60.2 R:  60.1 F1:  60.0 | time: 0.0580s
Epoch: 0267 | loss: 0.0006 Ac: 100.00 P: 100.0 R: 100.0 F1: 100.0 | loss: 0.8496 Ac:  58.20 P:  58.2 R:  58.2 F1:  58.2 | time: 0.1677s
                                                                  | loss: 0.8703 Ac:  60.08 P:  60.2 R:  60.1 F1:  60.0 | time: 0.0591s
Epoch: 0268 | loss: 0.0001 Ac: 100.00 P: 100.0 R: 100.0 F1: 100.0 | loss: 0.8500 Ac:  58.20 P:  58.3 R:  58.2 F1:  58.1 | time: 0.1647s
                                                                  | loss: 0.8709 Ac:  60.02 P:  60.1 R:  60.0 F1:  59.9 | time: 0.0580s
Epoch: 0269 | loss: 0.0002 Ac: 100.00 P: 100.0 R: 100.0 F1: 100.0 | loss: 0.8506 Ac:  57.70 P:  57.8 R:  57.7 F1:  57.6 | time: 0.1640s
                                                                  | loss: 0.8716 Ac:  59.94 P:  60.1 R:  59.9 F1:  59.8 | time: 0.0588s
Epoch: 0270 | loss: 0.0001 Ac: 100.00 P: 100.0 R: 100.0 F1: 100.0 | loss: 0.8511 Ac:  57.70 P:  57.8 R:  57.7 F1:  57.5 | time: 0.1669s
                                                                  | loss: 0.8722 Ac:  60.07 P:  60.3 R:  60.1 F1:  59.9 | time: 0.0589s
Epoch: 0271 | loss: 0.0001 Ac: 100.00 P: 100.0 R: 100.0 F1: 100.0 | loss: 0.8515 Ac:  57.60 P:  57.7 R:  57.6 F1:  57.4 | time: 0.1657s
                                                                  | loss: 0.8728 Ac:  59.90 P:  60.1 R:  59.9 F1:  59.7 | time: 0.0588s
Epoch: 0272 | loss: 0.0002 Ac: 100.00 P: 100.0 R: 100.0 F1: 100.0 | loss: 0.8518 Ac:  57.80 P:  58.0 R:  57.8 F1:  57.6 | time: 0.1669s
                                                                  | loss: 0.8732 Ac:  59.80 P:  60.1 R:  59.8 F1:  59.5 | time: 0.0582s
Epoch: 0273 | loss: 0.0002 Ac: 100.00 P: 100.0 R: 100.0 F1: 100.0 | loss: 0.8521 Ac:  57.80 P:  58.0 R:  57.8 F1:  57.6 | time: 0.1633s
                                                                  | loss: 0.8736 Ac:  59.80 P:  60.1 R:  59.8 F1:  59.5 | time: 0.0591s
Epoch: 0274 | loss: 0.0001 Ac: 100.00 P: 100.0 R: 100.0 F1: 100.0 | loss: 0.8524 Ac:  57.60 P:  57.8 R:  57.6 F1:  57.3 | time: 0.1688s
                                                                  | loss: 0.8739 Ac:  59.72 P:  60.0 R:  59.7 F1:  59.4 | time: 0.0605s
Epoch: 0275 | loss: 0.0001 Ac: 100.00 P: 100.0 R: 100.0 F1: 100.0 | loss: 0.8526 Ac:  57.20 P:  57.4 R:  57.2 F1:  56.9 | time: 0.1764s
                                                                  | loss: 0.8742 Ac:  59.67 P:  60.0 R:  59.7 F1:  59.3 | time: 0.0598s
Epoch: 0276 | loss: 0.0007 Ac: 100.00 P: 100.0 R: 100.0 F1: 100.0 | loss: 0.8526 Ac:  57.20 P:  57.4 R:  57.2 F1:  56.9 | time: 0.1663s
                                                                  | loss: 0.8742 Ac:  59.72 P:  60.1 R:  59.7 F1:  59.4 | time: 0.0594s
Epoch: 0277 | loss: 0.0003 Ac: 100.00 P: 100.0 R: 100.0 F1: 100.0 | loss: 0.8526 Ac:  57.20 P:  57.4 R:  57.2 F1:  56.9 | time: 0.1684s
                                                                  | loss: 0.8742 Ac:  59.73 P:  60.1 R:  59.7 F1:  59.4 | time: 0.0591s
Epoch: 0278 | loss: 0.0010 Ac: 100.00 P: 100.0 R: 100.0 F1: 100.0 | loss: 0.8529 Ac:  57.20 P:  57.4 R:  57.2 F1:  56.9 | time: 0.1697s
                                                                  | loss: 0.8745 Ac:  59.62 P:  60.0 R:  59.6 F1:  59.3 | time: 0.0595s
Epoch: 0279 | loss: 0.0006 Ac: 100.00 P: 100.0 R: 100.0 F1: 100.0 | loss: 0.8527 Ac:  57.20 P:  57.4 R:  57.2 F1:  56.9 | time: 0.1676s
                                                                  | loss: 0.8742 Ac:  59.60 P:  60.0 R:  59.6 F1:  59.2 | time: 0.0609s
Epoch: 0280 | loss: 0.0001 Ac: 100.00 P: 100.0 R: 100.0 F1: 100.0 | loss: 0.8524 Ac:  57.20 P:  57.4 R:  57.2 F1:  56.9 | time: 0.1667s
                                                                  | loss: 0.8740 Ac:  59.59 P:  59.9 R:  59.6 F1:  59.2 | time: 0.0580s
Epoch: 0281 | loss: 0.0004 Ac: 100.00 P: 100.0 R: 100.0 F1: 100.0 | loss: 0.8519 Ac:  57.20 P:  57.4 R:  57.2 F1:  56.9 | time: 0.1654s
                                                                  | loss: 0.8732 Ac:  59.67 P:  60.0 R:  59.7 F1:  59.3 | time: 0.0618s
Epoch: 0282 | loss: 0.0003 Ac: 100.00 P: 100.0 R: 100.0 F1: 100.0 | loss: 0.8518 Ac:  57.20 P:  57.4 R:  57.2 F1:  56.9 | time: 0.1693s
                                                                  | loss: 0.8732 Ac:  59.68 P:  60.0 R:  59.7 F1:  59.3 | time: 0.0590s
Epoch: 0283 | loss: 0.0003 Ac: 100.00 P: 100.0 R: 100.0 F1: 100.0 | loss: 0.8518 Ac:  57.10 P:  57.3 R:  57.1 F1:  56.8 | time: 0.1659s
                                                                  | loss: 0.8732 Ac:  59.63 P:  60.0 R:  59.6 F1:  59.3 | time: 0.0579s
Epoch: 0284 | loss: 0.0001 Ac: 100.00 P: 100.0 R: 100.0 F1: 100.0 | loss: 0.8519 Ac:  57.10 P:  57.3 R:  57.1 F1:  56.8 | time: 0.1639s
                                                                  | loss: 0.8732 Ac:  59.57 P:  59.9 R:  59.6 F1:  59.2 | time: 0.0591s
Epoch: 0285 | loss: 0.0001 Ac: 100.00 P: 100.0 R: 100.0 F1: 100.0 | loss: 0.8517 Ac:  57.10 P:  57.3 R:  57.1 F1:  56.8 | time: 0.1625s
                                                                  | loss: 0.8730 Ac:  59.57 P:  59.9 R:  59.6 F1:  59.2 | time: 0.0581s
Epoch: 0286 | loss: 0.0001 Ac: 100.00 P: 100.0 R: 100.0 F1: 100.0 | loss: 0.8514 Ac:  57.00 P:  57.2 R:  57.0 F1:  56.7 | time: 0.1654s
                                                                  | loss: 0.8727 Ac:  59.58 P:  59.9 R:  59.6 F1:  59.2 | time: 0.0578s
Epoch: 0287 | loss: 0.0002 Ac: 100.00 P: 100.0 R: 100.0 F1: 100.0 | loss: 0.8512 Ac:  57.00 P:  57.2 R:  57.0 F1:  56.7 | time: 0.1688s
                                                                  | loss: 0.8724 Ac:  59.58 P:  59.9 R:  59.6 F1:  59.2 | time: 0.0609s
Epoch: 0288 | loss: 0.0002 Ac: 100.00 P: 100.0 R: 100.0 F1: 100.0 | loss: 0.8510 Ac:  57.00 P:  57.2 R:  57.0 F1:  56.7 | time: 0.1756s
                                                                  | loss: 0.8721 Ac:  59.57 P:  59.9 R:  59.6 F1:  59.2 | time: 0.0651s
Epoch: 0289 | loss: 0.0005 Ac: 100.00 P: 100.0 R: 100.0 F1: 100.0 | loss: 0.8516 Ac:  56.70 P:  56.9 R:  56.7 F1:  56.3 | time: 0.1667s
                                                                  | loss: 0.8728 Ac:  59.38 P:  59.8 R:  59.4 F1:  59.0 | time: 0.0579s
Epoch: 0290 | loss: 0.0002 Ac: 100.00 P: 100.0 R: 100.0 F1: 100.0 | loss: 0.8521 Ac:  56.60 P:  56.8 R:  56.6 F1:  56.2 | time: 0.1632s
                                                                  | loss: 0.8734 Ac:  59.26 P:  59.7 R:  59.3 F1:  58.8 | time: 0.0582s
Epoch: 0291 | loss: 0.0002 Ac: 100.00 P: 100.0 R: 100.0 F1: 100.0 | loss: 0.8524 Ac:  56.80 P:  57.1 R:  56.8 F1:  56.4 | time: 0.1673s
                                                                  | loss: 0.8737 Ac:  59.30 P:  59.7 R:  59.3 F1:  58.8 | time: 0.0579s
Epoch: 0292 | loss: 0.0002 Ac: 100.00 P: 100.0 R: 100.0 F1: 100.0 | loss: 0.8527 Ac:  56.80 P:  57.1 R:  56.8 F1:  56.4 | time: 0.1664s
                                                                  | loss: 0.8740 Ac:  59.25 P:  59.7 R:  59.2 F1:  58.8 | time: 0.0664s
Epoch: 0293 | loss: 0.0001 Ac: 100.00 P: 100.0 R: 100.0 F1: 100.0 | loss: 0.8528 Ac:  57.10 P:  57.4 R:  57.1 F1:  56.6 | time: 0.1632s
                                                                  | loss: 0.8742 Ac:  59.26 P:  59.7 R:  59.3 F1:  58.8 | time: 0.0586s
Epoch: 0294 | loss: 0.0003 Ac: 100.00 P: 100.0 R: 100.0 F1: 100.0 | loss: 0.8527 Ac:  57.20 P:  57.5 R:  57.2 F1:  56.7 | time: 0.1679s
                                                                  | loss: 0.8741 Ac:  59.27 P:  59.7 R:  59.3 F1:  58.8 | time: 0.0588s
Epoch: 0295 | loss: 0.0010 Ac: 100.00 P: 100.0 R: 100.0 F1: 100.0 | loss: 0.8521 Ac:  56.80 P:  57.1 R:  56.8 F1:  56.4 | time: 0.1688s
                                                                  | loss: 0.8732 Ac:  59.18 P:  59.6 R:  59.2 F1:  58.7 | time: 0.0585s
Epoch: 0296 | loss: 0.0001 Ac: 100.00 P: 100.0 R: 100.0 F1: 100.0 | loss: 0.8516 Ac:  56.60 P:  56.8 R:  56.6 F1:  56.2 | time: 0.1647s
                                                                  | loss: 0.8723 Ac:  59.27 P:  59.7 R:  59.3 F1:  58.8 | time: 0.0579s
Epoch: 0297 | loss: 0.0003 Ac: 100.00 P: 100.0 R: 100.0 F1: 100.0 | loss: 0.8507 Ac:  56.90 P:  57.1 R:  56.9 F1:  56.6 | time: 0.1661s
                                                                  | loss: 0.8710 Ac:  59.43 P:  59.8 R:  59.4 F1:  59.1 | time: 0.0577s
Epoch: 0298 | loss: 0.0001 Ac: 100.00 P: 100.0 R: 100.0 F1: 100.0 | loss: 0.8498 Ac:  57.20 P:  57.4 R:  57.2 F1:  56.9 | time: 0.1655s
                                                                  | loss: 0.8697 Ac:  59.53 P:  59.8 R:  59.5 F1:  59.2 | time: 0.0578s
Epoch: 0299 | loss: 0.0002 Ac: 100.00 P: 100.0 R: 100.0 F1: 100.0 | loss: 0.8491 Ac:  57.50 P:  57.6 R:  57.5 F1:  57.3 | time: 0.1710s
                                                                  | loss: 0.8687 Ac:  59.56 P:  59.8 R:  59.6 F1:  59.3 | time: 0.0578s
Epoch: 0300 | loss: 0.0001 Ac: 100.00 P: 100.0 R: 100.0 F1: 100.0 | loss: 0.8485 Ac:  57.70 P:  57.8 R:  57.7 F1:  57.5 | time: 0.1651s
                                                                  | loss: 0.8677 Ac:  59.70 P:  59.9 R:  59.7 F1:  59.5 | time: 0.0579s
Optimization Finished!
Total time elapsed: 105.0354s
The best result is: ACC: 61.6504 F1: 0.6038, where epoch is 30




0:	vali:  63.70000	test:  ACC: 61.6504 F1: 0.6038, epoch=30
