Loading ohsumed dataset...
Loading text content...
../data/ohsumed/
ohsumed
text
label matrix shape: torch.Size([7400, 23])
done.
Loading topic content...
../data/ohsumed/
ohsumed
topic
done.
Loading entity content...
../data/ohsumed/
ohsumed
entity
done.
Building graph...
Num of edges: 3093039
train, vali, test:  460 1000 5940
Transfer to be transductive.


No. 1 test.

30
30
[torch.Size([512, 25]), torch.Size([25]), torch.Size([512]), torch.Size([2471, 512]), torch.Size([2472, 512]), torch.Size([3197, 512]), torch.Size([512, 1]), torch.Size([512, 1]), torch.Size([512, 1]), torch.Size([512, 1]), torch.Size([512, 1]), torch.Size([512, 1]), torch.Size([100, 1]), torch.Size([50, 512]), torch.Size([50]), torch.Size([100, 1]), torch.Size([50, 512]), torch.Size([50]), torch.Size([100, 1]), torch.Size([50, 512]), torch.Size([50]), torch.Size([100, 1]), torch.Size([50, 25]), torch.Size([50]), torch.Size([100, 1]), torch.Size([50, 25]), torch.Size([50]), torch.Size([100, 1]), torch.Size([50, 25]), torch.Size([50])]
Epoch: 0001 | loss: 3.2319 Ac:   3.26 P:   2.8 R:   3.2 F1:   1.3 | loss: 3.1419 Ac:   7.60 P:   1.8 R:   4.5 F1:   0.9 | time: 1.1641s
                                                                  | loss: 3.1414 Ac:   7.58 P:   1.2 R:   4.5 F1:   0.9 | time: 0.0653s
Epoch: 0002 | loss: 3.1408 Ac:   6.74 P:   3.5 R:   3.5 F1:   2.6 | loss: 3.0481 Ac:  23.10 P:   2.6 R:   6.7 F1:   3.6 | time: 0.1229s
                                                                  | loss: 3.0476 Ac:  24.21 P:   2.8 R:   7.1 F1:   3.8 | time: 0.0572s
Epoch: 0003 | loss: 3.0327 Ac:  15.43 P:   2.9 R:   5.5 F1:   3.2 | loss: 2.9346 Ac:  26.00 P:   2.3 R:   7.6 F1:   3.5 | time: 0.1344s
                                                                  | loss: 2.9344 Ac:  26.36 P:   2.3 R:   7.7 F1:   3.5 | time: 0.0591s
Epoch: 0004 | loss: 2.9236 Ac:  15.43 P:   1.7 R:   4.6 F1:   2.4 | loss: 2.8181 Ac:  26.40 P:   2.3 R:   7.7 F1:   3.5 | time: 0.1242s
                                                                  | loss: 2.8180 Ac:  26.75 P:   2.3 R:   7.8 F1:   3.6 | time: 0.0571s
Epoch: 0005 | loss: 2.8298 Ac:  18.04 P:   5.4 R:   5.5 F1:   3.2 | loss: 2.7762 Ac:  26.30 P:   2.3 R:   7.6 F1:   3.6 | time: 0.1336s
                                                                  | loss: 2.7737 Ac:  26.82 P:   2.4 R:   7.8 F1:   3.6 | time: 0.0652s
Epoch: 0006 | loss: 2.7266 Ac:  20.65 P:  10.1 R:   6.2 F1:   3.6 | loss: 2.7727 Ac:  25.30 P:   2.6 R:   7.3 F1:   3.7 | time: 0.1220s
                                                                  | loss: 2.7678 Ac:  25.42 P:   2.6 R:   7.3 F1:   3.7 | time: 0.0584s
Epoch: 0007 | loss: 2.7281 Ac:  20.00 P:   2.4 R:   5.9 F1:   3.0 | loss: 2.7521 Ac:  24.20 P:   7.2 R:   7.0 F1:   3.8 | time: 0.1209s
                                                                  | loss: 2.7450 Ac:  24.61 P:   3.8 R:   7.1 F1:   3.8 | time: 0.0576s
Epoch: 0008 | loss: 2.6246 Ac:  24.13 P:   7.4 R:   7.6 F1:   5.2 | loss: 2.7199 Ac:  24.50 P:   3.8 R:   7.1 F1:   4.1 | time: 0.1189s
                                                                  | loss: 2.7113 Ac:  24.98 P:   8.3 R:   7.3 F1:   4.2 | time: 0.0583s
Epoch: 0009 | loss: 2.5605 Ac:  25.87 P:  10.4 R:   8.8 F1:   6.7 | loss: 2.6830 Ac:  25.50 P:   8.1 R:   7.5 F1:   4.7 | time: 0.1203s
                                                                  | loss: 2.6734 Ac:  26.20 P:  16.2 R:   7.8 F1:   4.9 | time: 0.0573s
Epoch: 0010 | loss: 2.4708 Ac:  29.13 P:   8.3 R:  10.1 F1:   7.7 | loss: 2.6458 Ac:  27.00 P:  13.0 R:   8.3 F1:   5.6 | time: 0.1215s
                                                                  | loss: 2.6353 Ac:  27.93 P:  15.8 R:   8.5 F1:   5.5 | time: 0.0586s
Epoch: 0011 | loss: 2.3491 Ac:  32.61 P:  13.6 R:  12.2 F1:  10.6 | loss: 2.6120 Ac:  28.70 P:  13.2 R:   9.1 F1:   6.6 | time: 0.1397s
                                                                  | loss: 2.6008 Ac:  30.22 P:  16.3 R:   9.6 F1:   6.7 | time: 0.0685s
Epoch: 0012 | loss: 2.2557 Ac:  40.65 P:  23.9 R:  16.7 F1:  15.1 | loss: 2.5814 Ac:  30.50 P:  12.7 R:  10.1 F1:   7.7 | time: 0.1199s
                                                                  | loss: 2.5696 Ac:  31.95 P:  21.7 R:  10.6 F1:   8.2 | time: 0.0573s
Epoch: 0013 | loss: 2.1779 Ac:  42.83 P:  22.4 R:  18.3 F1:  16.5 | loss: 2.5531 Ac:  32.20 P:  13.2 R:  11.1 F1:   8.8 | time: 0.1209s
                                                                  | loss: 2.5406 Ac:  33.35 P:  19.6 R:  11.6 F1:   9.5 | time: 0.0569s
Epoch: 0014 | loss: 2.0589 Ac:  52.39 P:  37.7 R:  24.4 F1:  23.6 | loss: 2.5259 Ac:  32.50 P:  13.5 R:  11.3 F1:   9.1 | time: 0.1206s
                                                                  | loss: 2.5126 Ac:  33.70 P:  23.6 R:  11.9 F1:  10.0 | time: 0.0569s
Epoch: 0015 | loss: 1.9932 Ac:  50.87 P:  41.4 R:  24.0 F1:  23.9 | loss: 2.4999 Ac:  32.20 P:  13.2 R:  11.4 F1:   9.3 | time: 0.1203s
                                                                  | loss: 2.4856 Ac:  33.60 P:  22.9 R:  12.0 F1:  10.1 | time: 0.0568s
Epoch: 0016 | loss: 1.8836 Ac:  55.87 P:  36.3 R:  28.2 F1:  28.6 | loss: 2.4750 Ac:  31.50 P:  12.9 R:  11.0 F1:   8.8 | time: 0.1200s
                                                                  | loss: 2.4594 Ac:  33.59 P:  31.4 R:  12.0 F1:  10.4 | time: 0.0569s
Epoch: 0017 | loss: 1.8011 Ac:  60.43 P:  41.1 R:  31.7 F1:  32.9 | loss: 2.4509 Ac:  31.50 P:  13.2 R:  11.0 F1:   8.9 | time: 0.1185s
                                                                  | loss: 2.4338 Ac:  33.45 P:  35.5 R:  12.0 F1:  10.4 | time: 0.0570s
Epoch: 0018 | loss: 1.6697 Ac:  62.61 P:  44.8 R:  33.1 F1:  34.3 | loss: 2.4282 Ac:  31.70 P:  13.6 R:  11.1 F1:   9.2 | time: 0.1181s
                                                                  | loss: 2.4094 Ac:  33.59 P:  31.9 R:  12.2 F1:  10.7 | time: 0.0566s
Epoch: 0019 | loss: 1.5962 Ac:  62.61 P:  47.4 R:  34.3 F1:  36.5 | loss: 2.4069 Ac:  31.80 P:  18.2 R:  11.5 F1:  10.0 | time: 0.1211s
                                                                  | loss: 2.3864 Ac:  33.96 P:  33.7 R:  12.5 F1:  11.3 | time: 0.0570s
Epoch: 0020 | loss: 1.5389 Ac:  64.57 P:  52.5 R:  35.8 F1:  38.0 | loss: 2.3868 Ac:  31.90 P:  22.5 R:  11.7 F1:  10.4 | time: 0.1171s
                                                                  | loss: 2.3643 Ac:  34.31 P:  37.8 R:  12.9 F1:  12.0 | time: 0.0568s
Epoch: 0021 | loss: 1.4190 Ac:  70.65 P:  63.8 R:  42.0 F1:  45.3 | loss: 2.3676 Ac:  32.90 P:  27.1 R:  12.3 F1:  11.1 | time: 0.1145s
                                                                  | loss: 2.3430 Ac:  34.90 P:  36.5 R:  13.4 F1:  12.6 | time: 0.0568s
Epoch: 0022 | loss: 1.3459 Ac:  72.61 P:  59.7 R:  43.5 F1:  45.9 | loss: 2.3484 Ac:  33.50 P:  26.7 R:  12.8 F1:  11.7 | time: 0.1198s
                                                                  | loss: 2.3219 Ac:  35.76 P:  35.6 R:  14.2 F1:  13.7 | time: 0.0568s
Epoch: 0023 | loss: 1.2718 Ac:  75.22 P:  59.5 R:  46.4 F1:  48.5 | loss: 2.3302 Ac:  34.50 P:  26.7 R:  13.4 F1:  12.3 | time: 0.1203s
                                                                  | loss: 2.3022 Ac:  36.65 P:  35.1 R:  15.0 F1:  14.7 | time: 0.0568s
Epoch: 0024 | loss: 1.1923 Ac:  78.48 P:  78.7 R:  53.7 F1:  58.7 | loss: 2.3136 Ac:  35.70 P:  28.9 R:  14.7 F1:  14.2 | time: 0.1323s
                                                                  | loss: 2.2843 Ac:  37.46 P:  34.0 R:  15.7 F1:  15.5 | time: 0.0569s
Epoch: 0025 | loss: 1.0746 Ac:  83.70 P:  76.5 R:  58.2 F1:  61.8 | loss: 2.2984 Ac:  36.60 P:  26.0 R:  15.4 F1:  14.9 | time: 0.1166s
                                                                  | loss: 2.2679 Ac:  38.18 P:  32.4 R:  16.4 F1:  16.3 | time: 0.0568s
Epoch: 0026 | loss: 0.9744 Ac:  86.30 P:  76.3 R:  63.7 F1:  66.6 | loss: 2.2849 Ac:  37.00 P:  25.9 R:  15.8 F1:  15.4 | time: 0.1360s
                                                                  | loss: 2.2533 Ac:  38.67 P:  34.3 R:  17.1 F1:  17.2 | time: 0.0670s
Epoch: 0027 | loss: 0.9583 Ac:  86.74 P:  81.2 R:  66.0 F1:  70.4 | loss: 2.2728 Ac:  37.60 P:  25.7 R:  16.5 F1:  16.3 | time: 0.1328s
                                                                  | loss: 2.2399 Ac:  39.14 P:  38.6 R:  17.7 F1:  17.9 | time: 0.0660s
Epoch: 0028 | loss: 0.8925 Ac:  86.30 P:  85.4 R:  64.7 F1:  69.7 | loss: 2.2621 Ac:  38.60 P:  26.9 R:  17.6 F1:  17.8 | time: 0.1293s
                                                                  | loss: 2.2277 Ac:  39.38 P:  37.4 R:  18.1 F1:  18.4 | time: 0.0641s
Epoch: 0029 | loss: 0.8197 Ac:  89.57 P:  85.8 R:  74.2 F1:  78.0 | loss: 2.2529 Ac:  39.10 P:  27.0 R:  18.4 F1:  18.8 | time: 0.1397s
                                                                  | loss: 2.2168 Ac:  39.83 P:  35.4 R:  18.5 F1:  18.9 | time: 0.0701s
Epoch: 0030 | loss: 0.7857 Ac:  88.70 P:  86.0 R:  70.5 F1:  75.0 | loss: 2.2456 Ac:  39.40 P:  30.4 R:  18.7 F1:  19.3 | time: 0.1227s
                                                                  | loss: 2.2077 Ac:  40.07 P:  36.1 R:  18.9 F1:  19.5 | time: 0.0572s
Epoch: 0031 | loss: 0.7088 Ac:  92.17 P:  83.8 R:  75.6 F1:  78.6 | loss: 2.2400 Ac:  39.30 P:  34.3 R:  19.5 F1:  20.6 | time: 0.1227s
                                                                  | loss: 2.2002 Ac:  40.08 P:  36.3 R:  19.3 F1:  20.1 | time: 0.0570s
Epoch: 0032 | loss: 0.6634 Ac:  93.26 P:  87.9 R:  77.1 F1:  80.7 | loss: 2.2356 Ac:  39.40 P:  33.2 R:  20.0 F1:  21.2 | time: 0.1165s
                                                                  | loss: 2.1938 Ac:  40.30 P:  36.0 R:  19.5 F1:  20.4 | time: 0.0570s
Epoch: 0033 | loss: 0.5860 Ac:  94.35 P:  88.6 R:  78.8 F1:  81.9 | loss: 2.2325 Ac:  39.20 P:  33.0 R:  19.9 F1:  21.1 | time: 0.1191s
                                                                  | loss: 2.1886 Ac:  40.42 P:  40.2 R:  19.8 F1:  20.8 | time: 0.0569s
Epoch: 0034 | loss: 0.5295 Ac:  95.00 P:  93.5 R:  82.7 F1:  86.2 | loss: 2.2309 Ac:  39.30 P:  33.5 R:  20.4 F1:  21.9 | time: 0.1225s
                                                                  | loss: 2.1848 Ac:  40.44 P:  43.7 R:  20.0 F1:  21.1 | time: 0.0581s
Epoch: 0035 | loss: 0.5103 Ac:  95.43 P:  93.1 R:  84.9 F1:  87.2 | loss: 2.2299 Ac:  39.40 P:  34.0 R:  20.6 F1:  22.3 | time: 0.1178s
                                                                  | loss: 2.1814 Ac:  40.40 P:  43.4 R:  20.2 F1:  21.4 | time: 0.0567s
Epoch: 0036 | loss: 0.4561 Ac:  95.65 P:  89.0 R:  83.3 F1:  85.5 | loss: 2.2292 Ac:  39.30 P:  33.8 R:  20.6 F1:  22.3 | time: 0.1178s
                                                                  | loss: 2.1782 Ac:  40.35 P:  42.8 R:  20.3 F1:  21.6 | time: 0.0568s
Epoch: 0037 | loss: 0.4105 Ac:  96.96 P:  89.5 R:  87.6 F1:  88.3 | loss: 2.2289 Ac:  39.50 P:  33.5 R:  20.8 F1:  22.4 | time: 0.1197s
                                                                  | loss: 2.1757 Ac:  40.59 P:  44.4 R:  20.7 F1:  22.1 | time: 0.0570s
Epoch: 0038 | loss: 0.4117 Ac:  96.52 P:  98.6 R:  92.2 F1:  95.0 | loss: 2.2293 Ac:  39.50 P:  33.2 R:  20.8 F1:  22.4 | time: 0.1205s
                                                                  | loss: 2.1738 Ac:  40.77 P:  44.3 R:  20.9 F1:  22.3 | time: 0.0576s
Epoch: 0039 | loss: 0.3637 Ac:  98.04 P:  94.6 R:  90.0 F1:  91.4 | loss: 2.2312 Ac:  40.00 P:  37.3 R:  21.7 F1:  23.6 | time: 0.1155s
                                                                  | loss: 2.1735 Ac:  40.98 P:  44.1 R:  21.2 F1:  22.8 | time: 0.0572s
Epoch: 0040 | loss: 0.3495 Ac:  95.65 P:  93.4 R:  85.2 F1:  88.4 | loss: 2.2334 Ac:  40.20 P:  36.6 R:  21.9 F1:  23.8 | time: 0.1231s
                                                                  | loss: 2.1737 Ac:  41.14 P:  43.0 R:  21.4 F1:  22.9 | time: 0.0572s
Epoch: 0041 | loss: 0.3062 Ac:  98.04 P:  95.0 R:  90.8 F1:  92.6 | loss: 2.2371 Ac:  40.40 P:  36.7 R:  22.7 F1:  24.8 | time: 0.1315s
                                                                  | loss: 2.1754 Ac:  41.18 P:  43.5 R:  21.6 F1:  23.1 | time: 0.0625s
Epoch: 0042 | loss: 0.3107 Ac:  98.04 P:  99.2 R:  96.2 F1:  97.5 | loss: 2.2418 Ac:  40.90 P:  36.9 R:  22.9 F1:  25.0 | time: 0.1216s
                                                                  | loss: 2.1781 Ac:  41.16 P:  44.2 R:  22.0 F1:  23.7 | time: 0.0575s
Epoch: 0043 | loss: 0.2655 Ac:  98.04 P:  98.8 R:  92.8 F1:  94.9 | loss: 2.2474 Ac:  41.20 P:  36.2 R:  23.1 F1:  25.0 | time: 0.1266s
                                                                  | loss: 2.1818 Ac:  41.18 P:  41.0 R:  22.2 F1:  23.9 | time: 0.0585s
Epoch: 0044 | loss: 0.2469 Ac:  98.04 P:  98.8 R:  95.7 F1:  97.1 | loss: 2.2538 Ac:  41.20 P:  35.7 R:  23.1 F1:  25.0 | time: 0.1262s
                                                                  | loss: 2.1864 Ac:  41.23 P:  40.8 R:  22.3 F1:  24.0 | time: 0.0739s
Epoch: 0045 | loss: 0.2368 Ac:  98.04 P:  98.7 R:  97.0 F1:  97.7 | loss: 2.2611 Ac:  41.20 P:  34.5 R:  23.4 F1:  25.1 | time: 0.1330s
                                                                  | loss: 2.1918 Ac:  41.33 P:  40.7 R:  22.5 F1:  24.2 | time: 0.0676s
Epoch: 0046 | loss: 0.2192 Ac:  97.83 P:  94.4 R:  93.1 F1:  93.7 | loss: 2.2695 Ac:  41.00 P:  34.0 R:  23.3 F1:  24.9 | time: 0.1351s
                                                                  | loss: 2.1982 Ac:  41.38 P:  40.7 R:  22.8 F1:  24.5 | time: 0.0683s
Epoch: 0047 | loss: 0.1981 Ac:  98.91 P:  99.0 R:  97.7 F1:  98.2 | loss: 2.2788 Ac:  40.90 P:  33.8 R:  23.4 F1:  24.9 | time: 0.1251s
                                                                  | loss: 2.2055 Ac:  41.45 P:  41.1 R:  23.0 F1:  24.7 | time: 0.0634s
Epoch: 0048 | loss: 0.1824 Ac:  98.91 P:  99.2 R:  97.8 F1:  98.4 | loss: 2.2889 Ac:  41.00 P:  34.6 R:  23.8 F1:  25.4 | time: 0.1238s
                                                                  | loss: 2.2136 Ac:  41.38 P:  40.4 R:  23.0 F1:  24.8 | time: 0.0585s
Epoch: 0049 | loss: 0.1768 Ac:  98.91 P:  99.3 R:  98.1 F1:  98.6 | loss: 2.2997 Ac:  40.60 P:  34.1 R:  23.7 F1:  25.2 | time: 0.1213s
                                                                  | loss: 2.2223 Ac:  41.40 P:  39.8 R:  23.3 F1:  25.1 | time: 0.0572s
Epoch: 0050 | loss: 0.1479 Ac:  98.91 P:  95.0 R:  94.9 F1:  94.9 | loss: 2.3113 Ac:  40.60 P:  33.9 R:  23.8 F1:  25.4 | time: 0.1230s
                                                                  | loss: 2.2316 Ac:  41.35 P:  38.8 R:  23.3 F1:  25.2 | time: 0.0582s
Epoch: 0051 | loss: 0.1417 Ac:  98.70 P:  95.1 R:  94.2 F1:  94.6 | loss: 2.3230 Ac:  40.10 P:  33.1 R:  23.5 F1:  24.8 | time: 0.1226s
                                                                  | loss: 2.2412 Ac:  41.36 P:  38.4 R:  23.7 F1:  25.6 | time: 0.0574s
Epoch: 0052 | loss: 0.1606 Ac:  98.70 P:  99.4 R:  98.9 F1:  99.1 | loss: 2.3344 Ac:  40.00 P:  32.7 R:  23.4 F1:  24.6 | time: 0.1219s
                                                                  | loss: 2.2507 Ac:  41.40 P:  38.7 R:  23.8 F1:  25.7 | time: 0.0579s
Epoch: 0053 | loss: 0.1291 Ac:  98.91 P:  99.2 R:  97.5 F1:  98.2 | loss: 2.3461 Ac:  40.20 P:  32.9 R:  23.5 F1:  24.8 | time: 0.1198s
                                                                  | loss: 2.2603 Ac:  41.60 P:  38.9 R:  23.9 F1:  25.8 | time: 0.0574s
Epoch: 0054 | loss: 0.1215 Ac:  99.57 P:  99.4 R:  99.7 F1:  99.5 | loss: 2.3572 Ac:  40.30 P:  32.9 R:  23.7 F1:  24.9 | time: 0.1206s
                                                                  | loss: 2.2695 Ac:  41.60 P:  38.5 R:  24.0 F1:  25.8 | time: 0.0582s
Epoch: 0055 | loss: 0.1235 Ac:  98.91 P:  95.1 R:  93.7 F1:  94.3 | loss: 2.3676 Ac:  40.40 P:  33.0 R:  24.2 F1:  25.6 | time: 0.1186s
                                                                  | loss: 2.2783 Ac:  41.46 P:  38.1 R:  24.0 F1:  25.9 | time: 0.0580s
Epoch: 0056 | loss: 0.1114 Ac:  99.13 P:  99.7 R:  99.2 F1:  99.4 | loss: 2.3766 Ac:  40.40 P:  35.1 R:  24.6 F1:  26.3 | time: 0.1194s
                                                                  | loss: 2.2861 Ac:  41.50 P:  38.0 R:  24.2 F1:  25.9 | time: 0.0573s
Epoch: 0057 | loss: 0.1009 Ac:  99.35 P:  99.8 R:  99.3 F1:  99.5 | loss: 2.3849 Ac:  40.30 P:  35.0 R:  24.6 F1:  26.2 | time: 0.1187s
                                                                  | loss: 2.2930 Ac:  41.46 P:  37.9 R:  24.3 F1:  26.0 | time: 0.0569s
Epoch: 0058 | loss: 0.1024 Ac:  99.13 P:  99.7 R:  98.4 F1:  99.0 | loss: 2.3929 Ac:  40.30 P:  35.0 R:  24.6 F1:  26.2 | time: 0.1194s
                                                                  | loss: 2.3000 Ac:  41.48 P:  37.3 R:  24.4 F1:  26.0 | time: 0.0568s
Epoch: 0059 | loss: 0.0872 Ac:  99.57 P:  99.7 R:  99.7 F1:  99.7 | loss: 2.4006 Ac:  40.50 P:  34.8 R:  24.7 F1:  26.2 | time: 0.1182s
                                                                  | loss: 2.3067 Ac:  41.36 P:  37.1 R:  24.4 F1:  25.9 | time: 0.0569s
Epoch: 0060 | loss: 0.0728 Ac:  99.78 P:  99.8 R:  99.8 F1:  99.8 | loss: 2.4084 Ac:  40.40 P:  35.1 R:  24.8 F1:  26.4 | time: 0.1191s
                                                                  | loss: 2.3134 Ac:  41.53 P:  37.1 R:  24.7 F1:  26.2 | time: 0.0568s
Epoch: 0061 | loss: 0.0764 Ac:  99.35 P:  99.6 R:  99.3 F1:  99.4 | loss: 2.4160 Ac:  40.70 P:  35.2 R:  25.0 F1:  26.6 | time: 0.1182s
                                                                  | loss: 2.3201 Ac:  41.45 P:  36.6 R:  24.7 F1:  26.1 | time: 0.0570s
Epoch: 0062 | loss: 0.0938 Ac:  99.13 P:  99.6 R:  99.0 F1:  99.3 | loss: 2.4236 Ac:  40.40 P:  34.4 R:  24.3 F1:  25.5 | time: 0.1185s
                                                                  | loss: 2.3267 Ac:  41.52 P:  36.5 R:  24.7 F1:  26.2 | time: 0.0575s
Epoch: 0063 | loss: 0.0800 Ac:  98.91 P:  94.9 R:  94.9 F1:  94.9 | loss: 2.4318 Ac:  40.60 P:  34.7 R:  24.6 F1:  25.8 | time: 0.1200s
                                                                  | loss: 2.3337 Ac:  41.52 P:  36.2 R:  24.8 F1:  26.2 | time: 0.0569s
Epoch: 0064 | loss: 0.0736 Ac:  99.35 P:  99.6 R:  99.3 F1:  99.4 | loss: 2.4406 Ac:  40.60 P:  34.7 R:  24.5 F1:  25.8 | time: 0.1181s
                                                                  | loss: 2.3413 Ac:  41.40 P:  36.1 R:  24.8 F1:  26.2 | time: 0.0568s
Epoch: 0065 | loss: 0.0803 Ac:  99.57 P:  99.6 R:  99.7 F1:  99.6 | loss: 2.4495 Ac:  40.60 P:  34.6 R:  24.5 F1:  25.7 | time: 0.1203s
                                                                  | loss: 2.3491 Ac:  41.31 P:  36.6 R:  24.8 F1:  26.2 | time: 0.0571s
Epoch: 0066 | loss: 0.0677 Ac:  99.35 P:  99.5 R:  99.3 F1:  99.4 | loss: 2.4589 Ac:  40.50 P:  34.7 R:  24.5 F1:  25.7 | time: 0.1186s
                                                                  | loss: 2.3573 Ac:  41.28 P:  36.6 R:  24.7 F1:  26.2 | time: 0.0570s
Epoch: 0067 | loss: 0.0679 Ac:  99.57 P:  99.8 R:  99.7 F1:  99.7 | loss: 2.4691 Ac:  40.50 P:  34.8 R:  24.5 F1:  25.8 | time: 0.1185s
                                                                  | loss: 2.3662 Ac:  41.18 P:  36.3 R:  24.7 F1:  26.1 | time: 0.0570s
Epoch: 0068 | loss: 0.0619 Ac:  99.35 P:  99.7 R:  99.4 F1:  99.6 | loss: 2.4785 Ac:  40.30 P:  34.8 R:  24.5 F1:  25.8 | time: 0.1188s
                                                                  | loss: 2.3747 Ac:  41.11 P:  36.5 R:  24.7 F1:  26.2 | time: 0.0572s
Epoch: 0069 | loss: 0.0584 Ac:  99.35 P:  99.6 R:  99.4 F1:  99.5 | loss: 2.4877 Ac:  40.10 P:  34.6 R:  24.3 F1:  25.6 | time: 0.1180s
                                                                  | loss: 2.3828 Ac:  41.06 P:  36.3 R:  24.7 F1:  26.1 | time: 0.0569s
Epoch: 0070 | loss: 0.0616 Ac:  99.57 P:  99.7 R:  99.7 F1:  99.7 | loss: 2.4966 Ac:  39.80 P:  34.4 R:  24.2 F1:  25.4 | time: 0.1147s
                                                                  | loss: 2.3909 Ac:  41.01 P:  36.2 R:  24.6 F1:  26.0 | time: 0.0569s
Epoch: 0071 | loss: 0.0574 Ac:  99.35 P:  99.6 R:  98.7 F1:  99.1 | loss: 2.5048 Ac:  39.60 P:  34.0 R:  24.1 F1:  25.2 | time: 0.1175s
                                                                  | loss: 2.3983 Ac:  40.88 P:  36.0 R:  24.6 F1:  25.9 | time: 0.0569s
Epoch: 0072 | loss: 0.0484 Ac:  99.57 P:  99.8 R:  99.5 F1:  99.7 | loss: 2.5127 Ac:  39.70 P:  33.8 R:  24.1 F1:  25.1 | time: 0.1179s
                                                                  | loss: 2.4054 Ac:  40.88 P:  36.0 R:  24.6 F1:  25.9 | time: 0.0582s
Epoch: 0073 | loss: 0.0679 Ac:  99.35 P:  99.2 R:  99.4 F1:  99.3 | loss: 2.5201 Ac:  39.80 P:  33.8 R:  24.2 F1:  25.1 | time: 0.1181s
                                                                  | loss: 2.4119 Ac:  40.93 P:  36.1 R:  24.7 F1:  26.0 | time: 0.0567s
Epoch: 0074 | loss: 0.0442 Ac:  99.57 P:  99.8 R:  99.7 F1:  99.7 | loss: 2.5278 Ac:  39.80 P:  33.9 R:  24.1 F1:  25.0 | time: 0.1185s
                                                                  | loss: 2.4187 Ac:  40.93 P:  36.2 R:  24.7 F1:  26.0 | time: 0.0569s
Epoch: 0075 | loss: 0.0500 Ac:  99.57 P:  99.6 R:  99.7 F1:  99.6 | loss: 2.5344 Ac:  40.00 P:  34.0 R:  24.3 F1:  25.1 | time: 0.1143s
                                                                  | loss: 2.4245 Ac:  41.03 P:  36.2 R:  24.8 F1:  26.0 | time: 0.0570s
Epoch: 0076 | loss: 0.0553 Ac:  99.35 P:  99.3 R:  99.6 F1:  99.4 | loss: 2.5414 Ac:  40.00 P:  33.3 R:  24.3 F1:  25.0 | time: 0.1145s
                                                                  | loss: 2.4304 Ac:  41.03 P:  36.3 R:  24.8 F1:  26.0 | time: 0.0567s
Epoch: 0077 | loss: 0.0476 Ac:  99.57 P:  99.8 R:  99.7 F1:  99.7 | loss: 2.5486 Ac:  39.80 P:  33.3 R:  24.3 F1:  24.9 | time: 0.1146s
                                                                  | loss: 2.4365 Ac:  41.03 P:  36.6 R:  24.8 F1:  26.1 | time: 0.0569s
Epoch: 0078 | loss: 0.0367 Ac:  99.78 P:  99.9 R:  99.9 F1:  99.9 | loss: 2.5558 Ac:  39.80 P:  33.0 R:  24.2 F1:  24.8 | time: 0.1157s
                                                                  | loss: 2.4424 Ac:  40.99 P:  36.4 R:  24.8 F1:  26.0 | time: 0.0567s
Epoch: 0079 | loss: 0.0433 Ac:  99.57 P:  99.8 R:  99.7 F1:  99.7 | loss: 2.5631 Ac:  40.10 P:  33.2 R:  24.5 F1:  25.0 | time: 0.1176s
                                                                  | loss: 2.4484 Ac:  40.93 P:  36.3 R:  24.7 F1:  25.9 | time: 0.0571s
Epoch: 0080 | loss: 0.0479 Ac:  99.57 P:  99.5 R:  99.8 F1:  99.6 | loss: 2.5704 Ac:  40.20 P:  33.3 R:  24.5 F1:  25.1 | time: 0.1141s
                                                                  | loss: 2.4546 Ac:  40.81 P:  36.3 R:  24.7 F1:  25.8 | time: 0.0570s
Epoch: 0081 | loss: 0.0428 Ac:  99.78 P:  99.9 R:  99.8 F1:  99.8 | loss: 2.5781 Ac:  40.00 P:  33.1 R:  24.3 F1:  24.9 | time: 0.1143s
                                                                  | loss: 2.4612 Ac:  40.88 P:  36.4 R:  24.7 F1:  25.9 | time: 0.0569s
Epoch: 0082 | loss: 0.0486 Ac:  99.57 P:  99.2 R:  99.7 F1:  99.4 | loss: 2.5865 Ac:  39.60 P:  33.0 R:  24.0 F1:  24.5 | time: 0.1173s
                                                                  | loss: 2.4685 Ac:  40.84 P:  36.4 R:  24.6 F1:  25.8 | time: 0.0573s
Epoch: 0083 | loss: 0.0369 Ac:  99.78 P:  99.8 R:  99.8 F1:  99.8 | loss: 2.5958 Ac:  39.50 P:  33.3 R:  24.0 F1:  24.6 | time: 0.1177s
                                                                  | loss: 2.4767 Ac:  40.77 P:  36.4 R:  24.6 F1:  25.7 | time: 0.0571s
Epoch: 0084 | loss: 0.0430 Ac:  99.57 P:  99.5 R:  99.7 F1:  99.6 | loss: 2.6056 Ac:  39.40 P:  33.4 R:  23.8 F1:  24.5 | time: 0.1179s
                                                                  | loss: 2.4855 Ac:  40.71 P:  36.7 R:  24.4 F1:  25.6 | time: 0.0568s
Epoch: 0085 | loss: 0.0439 Ac:  99.35 P:  99.4 R:  99.6 F1:  99.5 | loss: 2.6149 Ac:  39.20 P:  33.4 R:  23.7 F1:  24.3 | time: 0.1165s
                                                                  | loss: 2.4939 Ac:  40.64 P:  36.8 R:  24.3 F1:  25.5 | time: 0.0567s
Epoch: 0086 | loss: 0.0396 Ac:  99.78 P:  99.8 R:  99.9 F1:  99.8 | loss: 2.6231 Ac:  39.20 P:  33.4 R:  23.7 F1:  24.3 | time: 0.1143s
                                                                  | loss: 2.5014 Ac:  40.64 P:  36.8 R:  24.3 F1:  25.4 | time: 0.0567s
Epoch: 0087 | loss: 0.0353 Ac:  99.57 P:  99.7 R:  99.7 F1:  99.7 | loss: 2.6314 Ac:  39.30 P:  33.8 R:  23.8 F1:  24.4 | time: 0.1143s
                                                                  | loss: 2.5089 Ac:  40.54 P:  36.8 R:  24.2 F1:  25.3 | time: 0.0566s
Epoch: 0088 | loss: 0.0358 Ac:  99.78 P:  99.8 R:  99.8 F1:  99.8 | loss: 2.6397 Ac:  39.30 P:  34.4 R:  23.8 F1:  24.6 | time: 0.1174s
                                                                  | loss: 2.5164 Ac:  40.35 P:  36.4 R:  24.0 F1:  25.1 | time: 0.0607s
Epoch: 0089 | loss: 0.0313 Ac:  99.57 P:  99.7 R:  99.7 F1:  99.7 | loss: 2.6478 Ac:  39.20 P:  34.5 R:  23.8 F1:  24.7 | time: 0.1181s
                                                                  | loss: 2.5234 Ac:  40.22 P:  36.4 R:  24.0 F1:  25.1 | time: 0.0569s
Epoch: 0090 | loss: 0.0390 Ac:  99.57 P:  99.7 R:  99.7 F1:  99.7 | loss: 2.6550 Ac:  39.40 P:  34.2 R:  23.9 F1:  24.6 | time: 0.1164s
                                                                  | loss: 2.5298 Ac:  40.20 P:  36.6 R:  23.9 F1:  25.0 | time: 0.0567s
Epoch: 0091 | loss: 0.0324 Ac:  99.57 P:  99.6 R:  99.7 F1:  99.6 | loss: 2.6622 Ac:  39.30 P:  34.2 R:  23.8 F1:  24.5 | time: 0.1150s
                                                                  | loss: 2.5360 Ac:  40.13 P:  36.4 R:  23.8 F1:  24.9 | time: 0.0567s
Epoch: 0092 | loss: 0.0311 Ac:  99.57 P:  99.7 R:  99.7 F1:  99.7 | loss: 2.6681 Ac:  39.30 P:  34.2 R:  23.8 F1:  24.5 | time: 0.1141s
                                                                  | loss: 2.5411 Ac:  40.22 P:  36.4 R:  23.9 F1:  24.9 | time: 0.0567s
Epoch: 0093 | loss: 0.0295 Ac:  99.78 P:  99.9 R:  99.9 F1:  99.9 | loss: 2.6736 Ac:  39.00 P:  33.7 R:  23.6 F1:  24.3 | time: 0.1181s
                                                                  | loss: 2.5459 Ac:  40.32 P:  36.5 R:  24.0 F1:  25.1 | time: 0.0569s
Epoch: 0094 | loss: 0.0401 Ac:  99.57 P:  99.7 R:  99.7 F1:  99.7 | loss: 2.6785 Ac:  38.90 P:  33.2 R:  23.5 F1:  24.1 | time: 0.1156s
                                                                  | loss: 2.5503 Ac:  40.34 P:  36.5 R:  24.1 F1:  25.2 | time: 0.0567s
Epoch: 0095 | loss: 0.0327 Ac:  99.78 P:  99.8 R:  99.9 F1:  99.8 | loss: 2.6828 Ac:  39.10 P:  33.3 R:  23.8 F1:  24.4 | time: 0.1174s
                                                                  | loss: 2.5542 Ac:  40.39 P:  36.6 R:  24.2 F1:  25.2 | time: 0.0571s
Epoch: 0096 | loss: 0.0345 Ac:  99.57 P:  99.7 R:  99.7 F1:  99.7 | loss: 2.6871 Ac:  39.10 P:  33.7 R:  23.8 F1:  24.5 | time: 0.1176s
                                                                  | loss: 2.5581 Ac:  40.30 P:  36.1 R:  24.1 F1:  25.1 | time: 0.0566s
Epoch: 0097 | loss: 0.0326 Ac:  99.57 P:  99.6 R:  99.7 F1:  99.6 | loss: 2.6922 Ac:  39.00 P:  33.7 R:  23.7 F1:  24.5 | time: 0.1156s
                                                                  | loss: 2.5626 Ac:  40.32 P:  36.1 R:  24.1 F1:  25.1 | time: 0.0567s
Epoch: 0098 | loss: 0.0336 Ac:  99.78 P:  99.9 R:  99.9 F1:  99.9 | loss: 2.6964 Ac:  38.50 P:  33.2 R:  23.3 F1:  24.1 | time: 0.1175s
                                                                  | loss: 2.5663 Ac:  40.30 P:  35.2 R:  24.1 F1:  25.1 | time: 0.0567s
Epoch: 0099 | loss: 0.0243 Ac:  99.78 P:  99.9 R:  99.8 F1:  99.8 | loss: 2.7010 Ac:  38.40 P:  33.0 R:  23.3 F1:  24.1 | time: 0.1165s
                                                                  | loss: 2.5704 Ac:  40.27 P:  35.1 R:  24.0 F1:  25.0 | time: 0.0566s
Epoch: 0100 | loss: 0.0230 Ac:  99.78 P:  99.9 R:  99.8 F1:  99.8 | loss: 2.7060 Ac:  38.60 P:  33.2 R:  23.5 F1:  24.3 | time: 0.1146s
                                                                  | loss: 2.5750 Ac:  40.27 P:  35.1 R:  24.1 F1:  25.1 | time: 0.0567s
Epoch: 0101 | loss: 0.0286 Ac:  99.35 P:  99.5 R:  99.6 F1:  99.6 | loss: 2.7096 Ac:  38.60 P:  33.4 R:  23.5 F1:  24.3 | time: 0.1152s
                                                                  | loss: 2.5785 Ac:  40.35 P:  35.2 R:  24.1 F1:  25.1 | time: 0.0569s
Epoch: 0102 | loss: 0.0316 Ac:  99.57 P:  99.8 R:  99.7 F1:  99.7 | loss: 2.7121 Ac:  38.60 P:  33.6 R:  23.5 F1:  24.3 | time: 0.1173s
                                                                  | loss: 2.5808 Ac:  40.37 P:  35.3 R:  24.2 F1:  25.2 | time: 0.0566s
Epoch: 0103 | loss: 0.0276 Ac:  99.57 P:  99.0 R:  99.7 F1:  99.3 | loss: 2.7148 Ac:  38.60 P:  33.7 R:  23.5 F1:  24.4 | time: 0.1174s
                                                                  | loss: 2.5833 Ac:  40.32 P:  35.2 R:  24.2 F1:  25.2 | time: 0.0567s
Epoch: 0104 | loss: 0.0264 Ac:  99.78 P:  99.8 R:  99.9 F1:  99.8 | loss: 2.7168 Ac:  38.60 P:  33.7 R:  23.5 F1:  24.4 | time: 0.1180s
                                                                  | loss: 2.5852 Ac:  40.24 P:  35.3 R:  24.2 F1:  25.2 | time: 0.0567s
Epoch: 0105 | loss: 0.0240 Ac:  99.78 P:  99.9 R:  99.8 F1:  99.8 | loss: 2.7211 Ac:  38.60 P:  33.2 R:  23.5 F1:  24.2 | time: 0.1183s
                                                                  | loss: 2.5892 Ac:  40.27 P:  35.3 R:  24.3 F1:  25.2 | time: 0.0569s
Epoch: 0106 | loss: 0.0266 Ac:  99.57 P:  99.8 R:  99.8 F1:  99.8 | loss: 2.7244 Ac:  38.80 P:  33.9 R:  23.7 F1:  24.5 | time: 0.1189s
                                                                  | loss: 2.5927 Ac:  40.19 P:  35.3 R:  24.1 F1:  25.1 | time: 0.0570s
Epoch: 0107 | loss: 0.0266 Ac:  99.57 P:  99.7 R:  99.7 F1:  99.7 | loss: 2.7269 Ac:  38.70 P:  33.8 R:  23.5 F1:  24.4 | time: 0.1187s
                                                                  | loss: 2.5952 Ac:  40.19 P:  35.5 R:  24.1 F1:  25.1 | time: 0.0575s
Epoch: 0108 | loss: 0.0249 Ac:  99.78 P:  99.9 R:  99.8 F1:  99.8 | loss: 2.7296 Ac:  38.60 P:  33.8 R:  23.4 F1:  24.3 | time: 0.1194s
                                                                  | loss: 2.5979 Ac:  40.05 P:  35.4 R:  23.9 F1:  24.9 | time: 0.0576s
Epoch: 0109 | loss: 0.0330 Ac:  99.57 P:  99.7 R:  99.7 F1:  99.7 | loss: 2.7321 Ac:  38.60 P:  33.8 R:  23.4 F1:  24.3 | time: 0.1202s
                                                                  | loss: 2.6001 Ac:  40.02 P:  35.3 R:  23.9 F1:  24.8 | time: 0.0577s
Epoch: 0110 | loss: 0.0240 Ac:  99.78 P:  99.8 R:  99.9 F1:  99.8 | loss: 2.7360 Ac:  38.70 P:  34.6 R:  23.5 F1:  24.4 | time: 0.1186s
                                                                  | loss: 2.6038 Ac:  39.97 P:  35.5 R:  23.9 F1:  24.9 | time: 0.0570s
Epoch: 0111 | loss: 0.0244 Ac:  99.78 P:  99.9 R:  99.8 F1:  99.9 | loss: 2.7410 Ac:  38.70 P:  33.9 R:  23.5 F1:  24.2 | time: 0.1180s
                                                                  | loss: 2.6086 Ac:  39.95 P:  35.6 R:  23.9 F1:  24.9 | time: 0.0568s
Epoch: 0112 | loss: 0.0281 Ac:  99.78 P:  99.8 R:  99.9 F1:  99.8 | loss: 2.7467 Ac:  38.80 P:  34.1 R:  23.5 F1:  24.3 | time: 0.1206s
                                                                  | loss: 2.6139 Ac:  39.90 P:  35.9 R:  23.9 F1:  24.9 | time: 0.0570s
Epoch: 0113 | loss: 0.0233 Ac:  99.78 P:  99.9 R:  99.8 F1:  99.9 | loss: 2.7526 Ac:  38.90 P:  34.2 R:  23.6 F1:  24.4 | time: 0.1174s
                                                                  | loss: 2.6195 Ac:  39.78 P:  36.0 R:  23.8 F1:  24.8 | time: 0.0568s
Epoch: 0114 | loss: 0.0262 Ac:  99.57 P:  99.7 R:  99.7 F1:  99.7 | loss: 2.7576 Ac:  38.80 P:  34.0 R:  23.5 F1:  24.3 | time: 0.1181s
                                                                  | loss: 2.6241 Ac:  39.70 P:  36.0 R:  23.8 F1:  24.8 | time: 0.0569s
Epoch: 0115 | loss: 0.0215 Ac:  99.78 P:  99.9 R:  99.9 F1:  99.9 | loss: 2.7624 Ac:  38.70 P:  34.1 R:  23.5 F1:  24.3 | time: 0.1182s
                                                                  | loss: 2.6285 Ac:  39.61 P:  35.7 R:  23.8 F1:  24.8 | time: 0.0568s
Epoch: 0116 | loss: 0.0185 Ac: 100.00 P: 100.0 R: 100.0 F1: 100.0 | loss: 2.7668 Ac:  38.70 P:  34.0 R:  23.5 F1:  24.3 | time: 0.1181s
                                                                  | loss: 2.6324 Ac:  39.56 P:  35.9 R:  23.7 F1:  24.8 | time: 0.0568s
Epoch: 0117 | loss: 0.0186 Ac: 100.00 P: 100.0 R: 100.0 F1: 100.0 | loss: 2.7708 Ac:  38.60 P:  34.0 R:  23.5 F1:  24.3 | time: 0.1187s
                                                                  | loss: 2.6359 Ac:  39.61 P:  36.0 R:  23.8 F1:  24.9 | time: 0.0568s
Epoch: 0118 | loss: 0.0209 Ac:  99.57 P:  99.6 R:  99.7 F1:  99.6 | loss: 2.7740 Ac:  38.60 P:  33.9 R:  23.5 F1:  24.3 | time: 0.1181s
                                                                  | loss: 2.6386 Ac:  39.65 P:  36.1 R:  23.9 F1:  24.9 | time: 0.0567s
Epoch: 0119 | loss: 0.0268 Ac:  99.57 P:  99.7 R:  99.7 F1:  99.7 | loss: 2.7765 Ac:  38.50 P:  33.9 R:  23.5 F1:  24.3 | time: 0.1175s
                                                                  | loss: 2.6407 Ac:  39.63 P:  36.0 R:  23.8 F1:  24.9 | time: 0.0567s
Epoch: 0120 | loss: 0.0221 Ac:  99.78 P:  99.8 R:  99.9 F1:  99.8 | loss: 2.7788 Ac:  38.50 P:  34.0 R:  23.6 F1:  24.4 | time: 0.1185s
                                                                  | loss: 2.6425 Ac:  39.73 P:  36.3 R:  23.9 F1:  25.1 | time: 0.0567s
Epoch: 0121 | loss: 0.0188 Ac:  99.78 P:  99.8 R:  99.9 F1:  99.8 | loss: 2.7825 Ac:  38.50 P:  33.9 R:  23.5 F1:  24.4 | time: 0.1194s
                                                                  | loss: 2.6457 Ac:  39.66 P:  35.7 R:  23.9 F1:  24.9 | time: 0.0569s
Epoch: 0122 | loss: 0.0217 Ac:  99.57 P:  99.7 R:  99.7 F1:  99.7 | loss: 2.7870 Ac:  38.20 P:  33.9 R:  23.4 F1:  24.3 | time: 0.1191s
                                                                  | loss: 2.6495 Ac:  39.60 P:  35.3 R:  23.8 F1:  24.8 | time: 0.0572s
Epoch: 0123 | loss: 0.0266 Ac:  99.57 P:  99.5 R:  99.7 F1:  99.6 | loss: 2.7923 Ac:  38.50 P:  34.7 R:  23.9 F1:  24.9 | time: 0.1192s
                                                                  | loss: 2.6545 Ac:  39.53 P:  35.1 R:  23.8 F1:  24.8 | time: 0.0570s
Epoch: 0124 | loss: 0.0150 Ac: 100.00 P: 100.0 R: 100.0 F1: 100.0 | loss: 2.7991 Ac:  38.20 P:  35.0 R:  24.2 F1:  25.2 | time: 0.1187s
                                                                  | loss: 2.6607 Ac:  39.48 P:  35.1 R:  23.7 F1:  24.7 | time: 0.0570s
Epoch: 0125 | loss: 0.0250 Ac:  99.57 P:  99.9 R:  99.7 F1:  99.8 | loss: 2.8069 Ac:  37.60 P:  34.7 R:  23.9 F1:  24.8 | time: 0.1191s
                                                                  | loss: 2.6681 Ac:  39.44 P:  35.2 R:  23.7 F1:  24.7 | time: 0.0571s
Epoch: 0126 | loss: 0.0201 Ac: 100.00 P: 100.0 R: 100.0 F1: 100.0 | loss: 2.8149 Ac:  37.80 P:  34.7 R:  24.0 F1:  25.0 | time: 0.1188s
                                                                  | loss: 2.6757 Ac:  39.48 P:  35.3 R:  23.7 F1:  24.8 | time: 0.0570s
Epoch: 0127 | loss: 0.0301 Ac:  99.57 P:  99.7 R:  99.7 F1:  99.7 | loss: 2.8238 Ac:  37.50 P:  34.0 R:  23.7 F1:  24.6 | time: 0.1189s
                                                                  | loss: 2.6841 Ac:  39.41 P:  35.3 R:  23.6 F1:  24.7 | time: 0.0572s
Epoch: 0128 | loss: 0.0204 Ac:  99.78 P:  99.9 R:  99.8 F1:  99.8 | loss: 2.8307 Ac:  37.40 P:  34.3 R:  23.6 F1:  24.5 | time: 0.1186s
                                                                  | loss: 2.6907 Ac:  39.33 P:  35.4 R:  23.6 F1:  24.7 | time: 0.0569s
Epoch: 0129 | loss: 0.0204 Ac:  99.78 P:  99.8 R:  99.9 F1:  99.8 | loss: 2.8370 Ac:  37.40 P:  34.3 R:  23.6 F1:  24.5 | time: 0.1184s
                                                                  | loss: 2.6965 Ac:  39.33 P:  35.4 R:  23.6 F1:  24.7 | time: 0.0567s
Epoch: 0130 | loss: 0.0249 Ac:  99.57 P:  99.7 R:  99.7 F1:  99.7 | loss: 2.8429 Ac:  37.30 P:  34.3 R:  23.5 F1:  24.5 | time: 0.1248s
                                                                  | loss: 2.7019 Ac:  39.28 P:  35.5 R:  23.6 F1:  24.7 | time: 0.0572s
Epoch: 0131 | loss: 0.0274 Ac:  99.57 P:  99.7 R:  99.7 F1:  99.7 | loss: 2.8485 Ac:  37.30 P:  34.3 R:  23.5 F1:  24.5 | time: 0.1193s
                                                                  | loss: 2.7071 Ac:  39.24 P:  35.3 R:  23.5 F1:  24.6 | time: 0.0569s
Epoch: 0132 | loss: 0.0188 Ac:  99.78 P:  99.8 R:  99.9 F1:  99.8 | loss: 2.8530 Ac:  37.40 P:  34.4 R:  23.5 F1:  24.5 | time: 0.1181s
                                                                  | loss: 2.7114 Ac:  39.24 P:  35.4 R:  23.5 F1:  24.6 | time: 0.0571s
Epoch: 0133 | loss: 0.0205 Ac:  99.57 P:  99.7 R:  99.7 F1:  99.7 | loss: 2.8577 Ac:  37.40 P:  34.6 R:  23.5 F1:  24.5 | time: 0.1159s
                                                                  | loss: 2.7157 Ac:  39.36 P:  35.5 R:  23.6 F1:  24.7 | time: 0.0569s
Epoch: 0134 | loss: 0.0233 Ac:  99.57 P:  99.7 R:  99.7 F1:  99.7 | loss: 2.8618 Ac:  37.40 P:  34.6 R:  23.5 F1:  24.5 | time: 0.1186s
                                                                  | loss: 2.7193 Ac:  39.41 P:  35.5 R:  23.5 F1:  24.7 | time: 0.0584s
Epoch: 0135 | loss: 0.0249 Ac:  99.57 P:  99.7 R:  99.7 F1:  99.7 | loss: 2.8658 Ac:  37.40 P:  34.6 R:  23.5 F1:  24.5 | time: 0.1159s
                                                                  | loss: 2.7227 Ac:  39.49 P:  35.6 R:  23.6 F1:  24.8 | time: 0.0570s
Epoch: 0136 | loss: 0.0188 Ac:  99.78 P:  99.7 R:  99.9 F1:  99.8 | loss: 2.8699 Ac:  37.40 P:  34.7 R:  23.5 F1:  24.6 | time: 0.1163s
                                                                  | loss: 2.7260 Ac:  39.49 P:  35.6 R:  23.5 F1:  24.8 | time: 0.0567s
Epoch: 0137 | loss: 0.0215 Ac:  99.78 P:  99.8 R:  99.9 F1:  99.8 | loss: 2.8739 Ac:  37.20 P:  34.5 R:  23.2 F1:  24.3 | time: 0.1177s
                                                                  | loss: 2.7294 Ac:  39.55 P:  35.8 R:  23.7 F1:  24.9 | time: 0.0567s
Epoch: 0138 | loss: 0.0162 Ac: 100.00 P: 100.0 R: 100.0 F1: 100.0 | loss: 2.8781 Ac:  37.10 P:  34.1 R:  23.2 F1:  24.2 | time: 0.1190s
                                                                  | loss: 2.7328 Ac:  39.48 P:  35.7 R:  23.6 F1:  24.9 | time: 0.0570s
Epoch: 0139 | loss: 0.0161 Ac: 100.00 P: 100.0 R: 100.0 F1: 100.0 | loss: 2.8840 Ac:  37.10 P:  34.0 R:  22.9 F1:  23.9 | time: 0.1176s
                                                                  | loss: 2.7379 Ac:  39.49 P:  35.6 R:  23.6 F1:  24.9 | time: 0.0571s
Epoch: 0140 | loss: 0.0216 Ac:  99.78 P:  99.7 R:  99.8 F1:  99.8 | loss: 2.8898 Ac:  37.20 P:  34.2 R:  23.0 F1:  24.0 | time: 0.1144s
                                                                  | loss: 2.7429 Ac:  39.48 P:  35.7 R:  23.5 F1:  24.9 | time: 0.0572s
Epoch: 0141 | loss: 0.0228 Ac:  99.57 P:  99.7 R:  99.7 F1:  99.7 | loss: 2.8948 Ac:  37.20 P:  34.2 R:  23.0 F1:  24.0 | time: 0.1182s
                                                                  | loss: 2.7473 Ac:  39.48 P:  35.7 R:  23.5 F1:  24.8 | time: 0.0569s
Epoch: 0142 | loss: 0.0246 Ac:  99.78 P:  99.8 R:  99.9 F1:  99.8 | loss: 2.8995 Ac:  37.20 P:  34.1 R:  23.0 F1:  24.1 | time: 0.1179s
                                                                  | loss: 2.7514 Ac:  39.44 P:  35.6 R:  23.5 F1:  24.7 | time: 0.0568s
Epoch: 0143 | loss: 0.0175 Ac: 100.00 P: 100.0 R: 100.0 F1: 100.0 | loss: 2.9040 Ac:  37.30 P:  34.2 R:  23.0 F1:  24.1 | time: 0.1200s
                                                                  | loss: 2.7553 Ac:  39.46 P:  35.6 R:  23.5 F1:  24.8 | time: 0.0577s
Epoch: 0144 | loss: 0.0112 Ac: 100.00 P: 100.0 R: 100.0 F1: 100.0 | loss: 2.9094 Ac:  37.20 P:  34.2 R:  22.9 F1:  24.0 | time: 0.1191s
                                                                  | loss: 2.7600 Ac:  39.51 P:  35.6 R:  23.5 F1:  24.8 | time: 0.0568s
Epoch: 0145 | loss: 0.0202 Ac:  99.57 P:  99.8 R:  99.7 F1:  99.7 | loss: 2.9152 Ac:  37.20 P:  34.2 R:  22.9 F1:  24.0 | time: 0.1177s
                                                                  | loss: 2.7650 Ac:  39.43 P:  35.6 R:  23.5 F1:  24.8 | time: 0.0569s
Epoch: 0146 | loss: 0.0203 Ac:  99.57 P:  99.8 R:  99.7 F1:  99.7 | loss: 2.9218 Ac:  37.20 P:  34.7 R:  22.9 F1:  24.0 | time: 0.1194s
                                                                  | loss: 2.7707 Ac:  39.33 P:  35.7 R:  23.5 F1:  24.7 | time: 0.0566s
Epoch: 0147 | loss: 0.0129 Ac: 100.00 P: 100.0 R: 100.0 F1: 100.0 | loss: 2.9278 Ac:  37.20 P:  34.9 R:  22.9 F1:  24.1 | time: 0.1157s
                                                                  | loss: 2.7758 Ac:  39.23 P:  35.6 R:  23.4 F1:  24.6 | time: 0.0567s
Epoch: 0148 | loss: 0.0164 Ac:  99.78 P:  99.8 R:  99.9 F1:  99.8 | loss: 2.9343 Ac:  37.10 P:  34.7 R:  22.9 F1:  24.0 | time: 0.1146s
                                                                  | loss: 2.7813 Ac:  39.14 P:  35.6 R:  23.3 F1:  24.5 | time: 0.0567s
Epoch: 0149 | loss: 0.0200 Ac:  99.78 P:  99.9 R:  99.8 F1:  99.8 | loss: 2.9414 Ac:  37.00 P:  34.4 R:  22.8 F1:  23.8 | time: 0.1175s
                                                                  | loss: 2.7873 Ac:  39.09 P:  35.6 R:  23.3 F1:  24.5 | time: 0.0568s
Epoch: 0150 | loss: 0.0209 Ac:  99.78 P:  99.9 R:  99.8 F1:  99.8 | loss: 2.9484 Ac:  37.20 P:  34.5 R:  23.0 F1:  23.9 | time: 0.1176s
                                                                  | loss: 2.7933 Ac:  39.06 P:  35.6 R:  23.3 F1:  24.4 | time: 0.0568s
Epoch: 0151 | loss: 0.0147 Ac: 100.00 P: 100.0 R: 100.0 F1: 100.0 | loss: 2.9551 Ac:  37.10 P:  34.5 R:  23.0 F1:  23.9 | time: 0.1178s
                                                                  | loss: 2.7991 Ac:  38.99 P:  35.4 R:  23.2 F1:  24.2 | time: 0.0571s
Epoch: 0152 | loss: 0.0176 Ac:  99.57 P:  99.7 R:  99.7 F1:  99.7 | loss: 2.9609 Ac:  37.30 P:  34.5 R:  23.1 F1:  24.0 | time: 0.1173s
                                                                  | loss: 2.8043 Ac:  38.92 P:  35.4 R:  23.2 F1:  24.3 | time: 0.0570s
Epoch: 0153 | loss: 0.0169 Ac: 100.00 P: 100.0 R: 100.0 F1: 100.0 | loss: 2.9665 Ac:  37.40 P:  34.7 R:  23.3 F1:  24.2 | time: 0.1176s
                                                                  | loss: 2.8091 Ac:  38.94 P:  35.4 R:  23.2 F1:  24.3 | time: 0.0570s
Epoch: 0154 | loss: 0.0148 Ac:  99.78 P:  99.9 R:  99.8 F1:  99.9 | loss: 2.9712 Ac:  37.10 P:  34.5 R:  23.2 F1:  24.0 | time: 0.1192s
                                                                  | loss: 2.8130 Ac:  38.97 P:  35.7 R:  23.3 F1:  24.3 | time: 0.0568s
Epoch: 0155 | loss: 0.0115 Ac: 100.00 P: 100.0 R: 100.0 F1: 100.0 | loss: 2.9746 Ac:  37.40 P:  34.8 R:  23.7 F1:  24.5 | time: 0.1195s
                                                                  | loss: 2.8157 Ac:  39.04 P:  35.8 R:  23.4 F1:  24.4 | time: 0.0569s
Epoch: 0156 | loss: 0.0123 Ac: 100.00 P: 100.0 R: 100.0 F1: 100.0 | loss: 2.9745 Ac:  37.20 P:  34.5 R:  23.6 F1:  24.4 | time: 0.1178s
                                                                  | loss: 2.8151 Ac:  38.96 P:  36.1 R:  23.3 F1:  24.3 | time: 0.0568s
Epoch: 0157 | loss: 0.0150 Ac:  99.78 P:  99.9 R:  99.8 F1:  99.8 | loss: 2.9731 Ac:  37.30 P:  34.5 R:  23.6 F1:  24.3 | time: 0.1143s
                                                                  | loss: 2.8134 Ac:  38.87 P:  35.5 R:  23.3 F1:  24.3 | time: 0.0568s
Epoch: 0158 | loss: 0.0156 Ac:  99.78 P:  99.8 R:  99.8 F1:  99.8 | loss: 2.9739 Ac:  37.20 P:  34.4 R:  23.5 F1:  24.2 | time: 0.1175s
                                                                  | loss: 2.8140 Ac:  38.99 P:  35.5 R:  23.4 F1:  24.4 | time: 0.0570s
Epoch: 0159 | loss: 0.0135 Ac: 100.00 P: 100.0 R: 100.0 F1: 100.0 | loss: 2.9766 Ac:  37.20 P:  34.6 R:  23.6 F1:  24.3 | time: 0.1168s
                                                                  | loss: 2.8162 Ac:  38.97 P:  35.4 R:  23.4 F1:  24.4 | time: 0.0569s
Epoch: 0160 | loss: 0.0167 Ac:  99.78 P:  99.7 R:  99.8 F1:  99.7 | loss: 2.9801 Ac:  37.50 P:  34.8 R:  23.8 F1:  24.5 | time: 0.1142s
                                                                  | loss: 2.8193 Ac:  38.84 P:  35.5 R:  23.3 F1:  24.4 | time: 0.0569s
Epoch: 0161 | loss: 0.0111 Ac: 100.00 P: 100.0 R: 100.0 F1: 100.0 | loss: 2.9842 Ac:  37.70 P:  35.1 R:  23.9 F1:  24.6 | time: 0.1142s
                                                                  | loss: 2.8228 Ac:  38.74 P:  35.8 R:  23.3 F1:  24.4 | time: 0.0570s
Epoch: 0162 | loss: 0.0218 Ac:  99.57 P:  99.7 R:  99.7 F1:  99.7 | loss: 2.9874 Ac:  37.70 P:  35.2 R:  24.0 F1:  24.7 | time: 0.1177s
                                                                  | loss: 2.8256 Ac:  38.74 P:  35.7 R:  23.3 F1:  24.4 | time: 0.0567s
Epoch: 0163 | loss: 0.0196 Ac:  99.57 P:  99.7 R:  99.7 F1:  99.7 | loss: 2.9900 Ac:  37.60 P:  34.8 R:  24.0 F1:  24.7 | time: 0.1180s
                                                                  | loss: 2.8277 Ac:  38.64 P:  35.6 R:  23.3 F1:  24.4 | time: 0.0573s
Epoch: 0164 | loss: 0.0168 Ac:  99.78 P:  99.9 R:  99.8 F1:  99.8 | loss: 2.9921 Ac:  37.60 P:  34.6 R:  24.0 F1:  24.6 | time: 0.1181s
                                                                  | loss: 2.8294 Ac:  38.62 P:  35.9 R:  23.3 F1:  24.4 | time: 0.0567s
Epoch: 0165 | loss: 0.0150 Ac:  99.78 P:  99.8 R:  99.9 F1:  99.8 | loss: 2.9936 Ac:  37.40 P:  34.4 R:  23.9 F1:  24.4 | time: 0.1143s
                                                                  | loss: 2.8306 Ac:  38.59 P:  35.8 R:  23.3 F1:  24.4 | time: 0.0567s
Epoch: 0166 | loss: 0.0168 Ac:  99.78 P:  99.8 R:  99.9 F1:  99.8 | loss: 2.9942 Ac:  37.60 P:  34.6 R:  24.5 F1:  25.3 | time: 0.1154s
                                                                  | loss: 2.8310 Ac:  38.55 P:  35.7 R:  23.2 F1:  24.3 | time: 0.0571s
Epoch: 0167 | loss: 0.0104 Ac: 100.00 P: 100.0 R: 100.0 F1: 100.0 | loss: 2.9951 Ac:  37.60 P:  34.6 R:  24.5 F1:  25.3 | time: 0.1179s
                                                                  | loss: 2.8318 Ac:  38.57 P:  35.8 R:  23.2 F1:  24.4 | time: 0.0567s
Epoch: 0168 | loss: 0.0114 Ac: 100.00 P: 100.0 R: 100.0 F1: 100.0 | loss: 2.9962 Ac:  37.50 P:  34.7 R:  24.4 F1:  25.3 | time: 0.1176s
                                                                  | loss: 2.8330 Ac:  38.55 P:  35.8 R:  23.2 F1:  24.4 | time: 0.0567s
Epoch: 0169 | loss: 0.0102 Ac:  99.78 P:  99.8 R:  99.9 F1:  99.8 | loss: 2.9966 Ac:  37.50 P:  34.7 R:  24.4 F1:  25.3 | time: 0.1175s
                                                                  | loss: 2.8333 Ac:  38.57 P:  35.8 R:  23.2 F1:  24.4 | time: 0.0568s
Epoch: 0170 | loss: 0.0127 Ac:  99.78 P:  99.8 R:  99.9 F1:  99.8 | loss: 2.9963 Ac:  37.70 P:  34.9 R:  24.6 F1:  25.5 | time: 0.1166s
                                                                  | loss: 2.8330 Ac:  38.50 P:  35.5 R:  23.2 F1:  24.3 | time: 0.0567s
Epoch: 0171 | loss: 0.0186 Ac:  99.57 P:  99.7 R:  99.7 F1:  99.7 | loss: 2.9930 Ac:  37.70 P:  34.7 R:  24.6 F1:  25.5 | time: 0.1190s
                                                                  | loss: 2.8297 Ac:  38.60 P:  35.4 R:  23.3 F1:  24.4 | time: 0.0567s
Epoch: 0172 | loss: 0.0249 Ac:  99.57 P:  99.8 R:  99.7 F1:  99.7 | loss: 2.9917 Ac:  37.60 P:  34.6 R:  24.5 F1:  25.4 | time: 0.1178s
                                                                  | loss: 2.8283 Ac:  38.70 P:  35.1 R:  23.3 F1:  24.4 | time: 0.0567s
Epoch: 0173 | loss: 0.0209 Ac:  99.78 P:  99.8 R:  99.9 F1:  99.8 | loss: 2.9922 Ac:  37.50 P:  34.4 R:  24.4 F1:  25.3 | time: 0.1172s
                                                                  | loss: 2.8288 Ac:  38.77 P:  35.0 R:  23.4 F1:  24.4 | time: 0.0568s
Epoch: 0174 | loss: 0.0087 Ac: 100.00 P: 100.0 R: 100.0 F1: 100.0 | loss: 2.9939 Ac:  37.40 P:  34.3 R:  24.3 F1:  25.2 | time: 0.1175s
                                                                  | loss: 2.8302 Ac:  38.74 P:  34.9 R:  23.3 F1:  24.4 | time: 0.0573s
Epoch: 0175 | loss: 0.0157 Ac:  99.78 P:  99.8 R:  99.9 F1:  99.8 | loss: 2.9938 Ac:  37.30 P:  34.2 R:  24.2 F1:  25.2 | time: 0.1179s
                                                                  | loss: 2.8306 Ac:  38.74 P:  34.7 R:  23.3 F1:  24.3 | time: 0.0568s
Epoch: 0176 | loss: 0.0122 Ac: 100.00 P: 100.0 R: 100.0 F1: 100.0 | loss: 2.9948 Ac:  37.40 P:  34.2 R:  24.3 F1:  25.2 | time: 0.1176s
                                                                  | loss: 2.8316 Ac:  38.75 P:  34.6 R:  23.3 F1:  24.3 | time: 0.0570s
Epoch: 0177 | loss: 0.0096 Ac: 100.00 P: 100.0 R: 100.0 F1: 100.0 | loss: 2.9962 Ac:  37.30 P:  34.3 R:  24.2 F1:  25.1 | time: 0.1186s
                                                                  | loss: 2.8330 Ac:  38.74 P:  34.7 R:  23.3 F1:  24.3 | time: 0.0567s
Epoch: 0178 | loss: 0.0155 Ac:  99.57 P:  99.7 R:  99.7 F1:  99.7 | loss: 2.9991 Ac:  37.20 P:  34.1 R:  24.0 F1:  24.9 | time: 0.1193s
                                                                  | loss: 2.8356 Ac:  38.80 P:  35.0 R:  23.4 F1:  24.4 | time: 0.0570s
Epoch: 0179 | loss: 0.0090 Ac: 100.00 P: 100.0 R: 100.0 F1: 100.0 | loss: 3.0016 Ac:  37.40 P:  34.6 R:  24.3 F1:  25.3 | time: 0.1169s
                                                                  | loss: 2.8378 Ac:  38.82 P:  35.0 R:  23.4 F1:  24.4 | time: 0.0567s
Epoch: 0180 | loss: 0.0164 Ac:  99.78 P:  99.9 R:  99.8 F1:  99.8 | loss: 3.0052 Ac:  37.30 P:  34.3 R:  24.1 F1:  25.1 | time: 0.1176s
                                                                  | loss: 2.8411 Ac:  38.89 P:  35.3 R:  23.4 F1:  24.4 | time: 0.0569s
Epoch: 0181 | loss: 0.0163 Ac:  99.78 P:  99.7 R:  99.9 F1:  99.8 | loss: 3.0121 Ac:  37.20 P:  34.3 R:  24.1 F1:  25.0 | time: 0.1175s
                                                                  | loss: 2.8474 Ac:  38.86 P:  35.5 R:  23.4 F1:  24.5 | time: 0.0570s
Epoch: 0182 | loss: 0.0125 Ac:  99.78 P:  99.7 R:  99.8 F1:  99.8 | loss: 3.0185 Ac:  37.10 P:  34.2 R:  23.9 F1:  24.8 | time: 0.1176s
                                                                  | loss: 2.8533 Ac:  38.82 P:  35.5 R:  23.4 F1:  24.4 | time: 0.0568s
Epoch: 0183 | loss: 0.0092 Ac: 100.00 P: 100.0 R: 100.0 F1: 100.0 | loss: 3.0235 Ac:  37.10 P:  34.2 R:  23.9 F1:  24.8 | time: 0.1172s
                                                                  | loss: 2.8578 Ac:  38.77 P:  35.4 R:  23.4 F1:  24.4 | time: 0.0568s
Epoch: 0184 | loss: 0.0099 Ac:  99.78 P:  99.9 R:  99.8 F1:  99.8 | loss: 3.0274 Ac:  37.10 P:  34.2 R:  23.9 F1:  24.8 | time: 0.1175s
                                                                  | loss: 2.8611 Ac:  38.74 P:  35.2 R:  23.3 F1:  24.3 | time: 0.0568s
Epoch: 0185 | loss: 0.0150 Ac:  99.57 P:  99.7 R:  99.7 F1:  99.7 | loss: 3.0302 Ac:  37.10 P:  34.2 R:  23.9 F1:  24.8 | time: 0.1176s
                                                                  | loss: 2.8633 Ac:  38.75 P:  35.2 R:  23.3 F1:  24.3 | time: 0.0567s
Epoch: 0186 | loss: 0.0136 Ac:  99.57 P:  99.7 R:  99.7 F1:  99.7 | loss: 3.0335 Ac:  37.00 P:  34.0 R:  23.8 F1:  24.7 | time: 0.1175s
                                                                  | loss: 2.8661 Ac:  38.74 P:  35.3 R:  23.3 F1:  24.3 | time: 0.0567s
Epoch: 0187 | loss: 0.0117 Ac: 100.00 P: 100.0 R: 100.0 F1: 100.0 | loss: 3.0385 Ac:  36.80 P:  33.7 R:  23.6 F1:  24.4 | time: 0.1176s
                                                                  | loss: 2.8705 Ac:  38.74 P:  35.3 R:  23.3 F1:  24.3 | time: 0.0567s
Epoch: 0188 | loss: 0.0211 Ac:  99.57 P:  99.7 R:  99.7 F1:  99.7 | loss: 3.0433 Ac:  36.80 P:  33.8 R:  23.5 F1:  24.4 | time: 0.1173s
                                                                  | loss: 2.8749 Ac:  38.79 P:  35.4 R:  23.4 F1:  24.4 | time: 0.0568s
Epoch: 0189 | loss: 0.0193 Ac:  99.78 P:  99.8 R:  99.9 F1:  99.8 | loss: 3.0474 Ac:  36.90 P:  34.2 R:  23.7 F1:  24.6 | time: 0.1172s
                                                                  | loss: 2.8786 Ac:  38.74 P:  35.7 R:  23.3 F1:  24.4 | time: 0.0569s
Epoch: 0190 | loss: 0.0110 Ac:  99.78 P:  99.8 R:  99.9 F1:  99.8 | loss: 3.0548 Ac:  36.90 P:  35.1 R:  23.2 F1:  24.1 | time: 0.1173s
                                                                  | loss: 2.8855 Ac:  38.64 P:  35.8 R:  23.2 F1:  24.3 | time: 0.0566s
Epoch: 0191 | loss: 0.0163 Ac:  99.57 P:  99.7 R:  99.7 F1:  99.7 | loss: 3.0616 Ac:  36.80 P:  35.1 R:  23.2 F1:  24.1 | time: 0.1165s
                                                                  | loss: 2.8919 Ac:  38.54 P:  35.7 R:  23.1 F1:  24.1 | time: 0.0567s
Epoch: 0192 | loss: 0.0124 Ac:  99.78 P:  99.8 R:  99.9 F1:  99.8 | loss: 3.0681 Ac:  36.90 P:  35.4 R:  23.3 F1:  24.3 | time: 0.1174s
                                                                  | loss: 2.8980 Ac:  38.55 P:  35.9 R:  23.1 F1:  24.1 | time: 0.0570s
Epoch: 0193 | loss: 0.0163 Ac:  99.78 P:  99.8 R:  99.9 F1:  99.8 | loss: 3.0730 Ac:  36.90 P:  35.4 R:  23.3 F1:  24.3 | time: 0.1167s
                                                                  | loss: 2.9028 Ac:  38.62 P:  36.1 R:  23.1 F1:  24.2 | time: 0.0569s
Epoch: 0194 | loss: 0.0149 Ac:  99.78 P:  99.9 R:  99.8 F1:  99.8 | loss: 3.0769 Ac:  37.20 P:  35.5 R:  23.5 F1:  24.4 | time: 0.1174s
                                                                  | loss: 2.9065 Ac:  38.72 P:  36.1 R:  23.1 F1:  24.2 | time: 0.0567s
Epoch: 0195 | loss: 0.0266 Ac:  99.35 P:  99.6 R:  99.4 F1:  99.5 | loss: 3.0793 Ac:  37.20 P:  35.5 R:  23.5 F1:  24.4 | time: 0.1152s
                                                                  | loss: 2.9095 Ac:  38.74 P:  36.1 R:  23.2 F1:  24.2 | time: 0.0567s
Epoch: 0196 | loss: 0.0137 Ac:  99.57 P:  99.7 R:  99.7 F1:  99.7 | loss: 3.0808 Ac:  36.80 P:  35.2 R:  23.2 F1:  24.1 | time: 0.1174s
                                                                  | loss: 2.9116 Ac:  38.57 P:  35.9 R:  23.0 F1:  24.0 | time: 0.0567s
Epoch: 0197 | loss: 0.0231 Ac:  99.57 P:  99.7 R:  99.7 F1:  99.7 | loss: 3.0815 Ac:  36.80 P:  34.9 R:  23.2 F1:  24.1 | time: 0.1278s
                                                                  | loss: 2.9129 Ac:  38.59 P:  35.8 R:  23.0 F1:  24.0 | time: 0.0566s
Epoch: 0198 | loss: 0.0108 Ac: 100.00 P: 100.0 R: 100.0 F1: 100.0 | loss: 3.0817 Ac:  36.90 P:  35.1 R:  23.2 F1:  24.1 | time: 0.1155s
                                                                  | loss: 2.9135 Ac:  38.62 P:  35.8 R:  23.0 F1:  24.0 | time: 0.0569s
Epoch: 0199 | loss: 0.0129 Ac:  99.78 P:  99.7 R:  99.9 F1:  99.8 | loss: 3.0825 Ac:  37.00 P:  35.1 R:  23.2 F1:  24.2 | time: 0.1160s
                                                                  | loss: 2.9147 Ac:  38.62 P:  35.8 R:  23.0 F1:  24.0 | time: 0.0566s
Epoch: 0200 | loss: 0.0179 Ac:  99.78 P:  99.9 R:  99.8 F1:  99.8 | loss: 3.0840 Ac:  37.10 P:  35.1 R:  23.3 F1:  24.2 | time: 0.1177s
                                                                  | loss: 2.9164 Ac:  38.60 P:  35.8 R:  23.0 F1:  24.0 | time: 0.0566s
Epoch: 0201 | loss: 0.0218 Ac:  99.57 P:  99.7 R:  99.7 F1:  99.7 | loss: 3.0846 Ac:  37.10 P:  35.1 R:  23.3 F1:  24.2 | time: 0.1159s
                                                                  | loss: 2.9173 Ac:  38.60 P:  35.8 R:  23.0 F1:  24.0 | time: 0.0567s
Epoch: 0202 | loss: 0.0215 Ac:  99.78 P:  99.8 R:  99.8 F1:  99.8 | loss: 3.0859 Ac:  36.80 P:  34.8 R:  23.2 F1:  24.1 | time: 0.1156s
                                                                  | loss: 2.9187 Ac:  38.60 P:  35.8 R:  23.1 F1:  24.0 | time: 0.0583s
Epoch: 0203 | loss: 0.0165 Ac:  99.78 P:  99.9 R:  99.8 F1:  99.8 | loss: 3.0847 Ac:  36.90 P:  34.9 R:  23.2 F1:  24.1 | time: 0.1333s
                                                                  | loss: 2.9177 Ac:  38.52 P:  35.8 R:  23.0 F1:  24.0 | time: 0.0588s
Epoch: 0204 | loss: 0.0104 Ac: 100.00 P: 100.0 R: 100.0 F1: 100.0 | loss: 3.0841 Ac:  36.90 P:  34.7 R:  23.4 F1:  24.2 | time: 0.1221s
                                                                  | loss: 2.9173 Ac:  38.48 P:  36.0 R:  23.1 F1:  24.1 | time: 0.0612s
Epoch: 0205 | loss: 0.0090 Ac: 100.00 P: 100.0 R: 100.0 F1: 100.0 | loss: 3.0830 Ac:  37.00 P:  34.8 R:  23.5 F1:  24.3 | time: 0.1239s
                                                                  | loss: 2.9164 Ac:  38.52 P:  36.0 R:  23.1 F1:  24.1 | time: 0.0580s
Epoch: 0206 | loss: 0.0145 Ac:  99.78 P:  99.9 R:  99.8 F1:  99.8 | loss: 3.0817 Ac:  36.80 P:  34.8 R:  23.4 F1:  24.3 | time: 0.1280s
                                                                  | loss: 2.9152 Ac:  38.50 P:  35.9 R:  23.2 F1:  24.2 | time: 0.0643s
Epoch: 0207 | loss: 0.0139 Ac:  99.57 P:  99.7 R:  99.7 F1:  99.7 | loss: 3.0828 Ac:  36.90 P:  34.9 R:  23.5 F1:  24.4 | time: 0.1198s
                                                                  | loss: 2.9162 Ac:  38.40 P:  35.8 R:  23.1 F1:  24.1 | time: 0.0625s
Epoch: 0208 | loss: 0.0121 Ac:  99.78 P:  99.8 R:  99.9 F1:  99.8 | loss: 3.0854 Ac:  36.80 P:  35.2 R:  23.5 F1:  24.3 | time: 0.1190s
                                                                  | loss: 2.9187 Ac:  38.40 P:  35.8 R:  23.2 F1:  24.2 | time: 0.0575s
Epoch: 0209 | loss: 0.0140 Ac:  99.57 P:  99.7 R:  99.7 F1:  99.7 | loss: 3.0889 Ac:  36.90 P:  35.2 R:  23.6 F1:  24.4 | time: 0.1195s
                                                                  | loss: 2.9221 Ac:  38.42 P:  35.7 R:  23.2 F1:  24.2 | time: 0.0572s
Epoch: 0210 | loss: 0.0117 Ac:  99.78 P:  99.9 R:  99.8 F1:  99.8 | loss: 3.0929 Ac:  37.00 P:  35.3 R:  23.7 F1:  24.4 | time: 0.1216s
                                                                  | loss: 2.9260 Ac:  38.40 P:  35.7 R:  23.2 F1:  24.2 | time: 0.0577s
Epoch: 0211 | loss: 0.0168 Ac:  99.57 P:  99.7 R:  99.7 F1:  99.7 | loss: 3.0968 Ac:  37.10 P:  35.3 R:  23.8 F1:  24.5 | time: 0.1209s
                                                                  | loss: 2.9297 Ac:  38.37 P:  35.7 R:  23.2 F1:  24.1 | time: 0.0584s
Epoch: 0212 | loss: 0.0116 Ac:  99.57 P:  99.7 R:  99.7 F1:  99.7 | loss: 3.0997 Ac:  37.00 P:  35.6 R:  23.6 F1:  24.4 | time: 0.1254s
                                                                  | loss: 2.9323 Ac:  38.32 P:  35.8 R:  23.1 F1:  24.1 | time: 0.0680s
Epoch: 0213 | loss: 0.0190 Ac:  99.78 P:  99.9 R:  99.8 F1:  99.8 | loss: 3.1018 Ac:  36.70 P:  34.5 R:  23.5 F1:  24.0 | time: 0.1311s
                                                                  | loss: 2.9337 Ac:  38.25 P:  35.4 R:  23.1 F1:  24.1 | time: 0.0606s
Epoch: 0214 | loss: 0.0094 Ac:  99.78 P:  99.8 R:  99.9 F1:  99.8 | loss: 3.1030 Ac:  36.60 P:  34.5 R:  23.4 F1:  24.0 | time: 0.1208s
                                                                  | loss: 2.9342 Ac:  38.32 P:  35.2 R:  23.1 F1:  24.1 | time: 0.0570s
Epoch: 0215 | loss: 0.0083 Ac: 100.00 P: 100.0 R: 100.0 F1: 100.0 | loss: 3.1041 Ac:  36.90 P:  34.6 R:  23.5 F1:  24.1 | time: 0.1184s
                                                                  | loss: 2.9345 Ac:  38.28 P:  35.2 R:  23.1 F1:  24.1 | time: 0.0568s
Epoch: 0216 | loss: 0.0127 Ac:  99.78 P:  99.9 R:  99.8 F1:  99.8 | loss: 3.1063 Ac:  36.80 P:  34.5 R:  23.8 F1:  24.6 | time: 0.1172s
                                                                  | loss: 2.9358 Ac:  38.35 P:  35.3 R:  23.1 F1:  24.1 | time: 0.0571s
Epoch: 0217 | loss: 0.0138 Ac:  99.57 P:  99.7 R:  99.7 F1:  99.7 | loss: 3.1078 Ac:  37.10 P:  34.4 R:  24.0 F1:  24.8 | time: 0.1175s
                                                                  | loss: 2.9364 Ac:  38.33 P:  35.2 R:  23.1 F1:  24.1 | time: 0.0571s
Epoch: 0218 | loss: 0.0090 Ac: 100.00 P: 100.0 R: 100.0 F1: 100.0 | loss: 3.1114 Ac:  37.10 P:  34.8 R:  24.0 F1:  24.9 | time: 0.1220s
                                                                  | loss: 2.9391 Ac:  38.32 P:  35.2 R:  23.1 F1:  24.1 | time: 0.0605s
Epoch: 0219 | loss: 0.0174 Ac:  99.78 P:  99.9 R:  99.8 F1:  99.8 | loss: 3.1173 Ac:  37.10 P:  34.9 R:  24.0 F1:  24.9 | time: 0.1199s
                                                                  | loss: 2.9441 Ac:  38.25 P:  34.8 R:  23.0 F1:  24.0 | time: 0.0568s
Epoch: 0220 | loss: 0.0102 Ac:  99.78 P:  99.8 R:  99.9 F1:  99.8 | loss: 3.1213 Ac:  37.20 P:  34.8 R:  24.0 F1:  24.9 | time: 0.1186s
                                                                  | loss: 2.9474 Ac:  38.25 P:  34.9 R:  23.0 F1:  24.0 | time: 0.0566s
Epoch: 0221 | loss: 0.0105 Ac: 100.00 P: 100.0 R: 100.0 F1: 100.0 | loss: 3.1245 Ac:  37.20 P:  34.9 R:  24.0 F1:  24.9 | time: 0.1214s
                                                                  | loss: 2.9503 Ac:  38.23 P:  34.9 R:  23.0 F1:  24.0 | time: 0.0569s
Epoch: 0222 | loss: 0.0197 Ac:  99.57 P:  99.7 R:  99.7 F1:  99.7 | loss: 3.1290 Ac:  36.90 P:  34.1 R:  23.6 F1:  24.4 | time: 0.1185s
                                                                  | loss: 2.9545 Ac:  38.11 P:  34.9 R:  22.9 F1:  23.9 | time: 0.0586s
Epoch: 0223 | loss: 0.0102 Ac: 100.00 P: 100.0 R: 100.0 F1: 100.0 | loss: 3.1328 Ac:  36.70 P:  33.8 R:  23.3 F1:  24.1 | time: 0.1198s
                                                                  | loss: 2.9584 Ac:  38.06 P:  34.9 R:  22.9 F1:  23.9 | time: 0.0576s
Epoch: 0224 | loss: 0.0131 Ac:  99.78 P:  99.9 R:  99.8 F1:  99.8 | loss: 3.1362 Ac:  36.70 P:  34.3 R:  23.3 F1:  24.3 | time: 0.1209s
                                                                  | loss: 2.9617 Ac:  38.03 P:  34.9 R:  22.8 F1:  23.9 | time: 0.0780s
Epoch: 0225 | loss: 0.0132 Ac:  99.78 P:  99.9 R:  99.9 F1:  99.9 | loss: 3.1409 Ac:  36.70 P:  34.7 R:  23.3 F1:  24.3 | time: 0.1308s
                                                                  | loss: 2.9665 Ac:  38.00 P:  34.7 R:  22.8 F1:  23.8 | time: 0.0689s
Epoch: 0226 | loss: 0.0151 Ac:  99.78 P:  99.8 R:  99.9 F1:  99.8 | loss: 3.1444 Ac:  36.80 P:  34.2 R:  23.3 F1:  24.3 | time: 0.1227s
                                                                  | loss: 2.9702 Ac:  37.98 P:  34.4 R:  22.8 F1:  23.8 | time: 0.0691s
Epoch: 0227 | loss: 0.0090 Ac:  99.78 P:  99.8 R:  99.9 F1:  99.8 | loss: 3.1483 Ac:  36.70 P:  34.3 R:  23.3 F1:  24.3 | time: 0.1224s
                                                                  | loss: 2.9741 Ac:  38.18 P:  34.7 R:  22.9 F1:  23.9 | time: 0.0713s
Epoch: 0228 | loss: 0.0153 Ac:  99.57 P:  99.7 R:  99.7 F1:  99.7 | loss: 3.1434 Ac:  36.90 P:  34.5 R:  23.3 F1:  24.4 | time: 0.1307s
                                                                  | loss: 2.9686 Ac:  38.27 P:  34.5 R:  22.9 F1:  24.0 | time: 0.0648s
Epoch: 0229 | loss: 0.0115 Ac: 100.00 P: 100.0 R: 100.0 F1: 100.0 | loss: 3.1369 Ac:  36.60 P:  34.3 R:  23.1 F1:  24.3 | time: 0.1286s
                                                                  | loss: 2.9617 Ac:  38.33 P:  34.0 R:  22.9 F1:  24.0 | time: 0.0579s
Epoch: 0230 | loss: 0.0095 Ac: 100.00 P: 100.0 R: 100.0 F1: 100.0 | loss: 3.1303 Ac:  36.70 P:  34.2 R:  23.3 F1:  24.6 | time: 0.1201s
                                                                  | loss: 2.9550 Ac:  38.48 P:  34.2 R:  23.1 F1:  24.3 | time: 0.0574s
Epoch: 0231 | loss: 0.0077 Ac: 100.00 P: 100.0 R: 100.0 F1: 100.0 | loss: 3.1251 Ac:  36.70 P:  34.3 R:  23.3 F1:  24.8 | time: 0.1240s
                                                                  | loss: 2.9496 Ac:  38.55 P:  33.9 R:  23.2 F1:  24.5 | time: 0.0576s
Epoch: 0232 | loss: 0.0113 Ac:  99.78 P:  99.8 R:  99.9 F1:  99.8 | loss: 3.1204 Ac:  36.60 P:  34.4 R:  23.3 F1:  24.9 | time: 0.1224s
                                                                  | loss: 2.9447 Ac:  38.59 P:  34.0 R:  23.3 F1:  24.6 | time: 0.0610s
Epoch: 0233 | loss: 0.0106 Ac:  99.78 P:  99.9 R:  99.8 F1:  99.8 | loss: 3.1149 Ac:  36.60 P:  34.3 R:  23.3 F1:  24.9 | time: 0.1269s
                                                                  | loss: 2.9388 Ac:  38.65 P:  33.8 R:  23.3 F1:  24.6 | time: 0.0577s
Epoch: 0234 | loss: 0.0136 Ac:  99.78 P:  99.8 R:  99.9 F1:  99.8 | loss: 3.1104 Ac:  36.60 P:  34.3 R:  23.4 F1:  25.0 | time: 0.1381s
                                                                  | loss: 2.9342 Ac:  38.64 P:  33.7 R:  23.3 F1:  24.6 | time: 0.0789s
Epoch: 0235 | loss: 0.0206 Ac:  99.57 P:  99.7 R:  99.7 F1:  99.7 | loss: 3.1082 Ac:  36.70 P:  34.5 R:  23.6 F1:  25.2 | time: 0.1260s
                                                                  | loss: 2.9319 Ac:  38.67 P:  34.0 R:  23.4 F1:  24.9 | time: 0.0650s
Epoch: 0236 | loss: 0.0091 Ac:  99.78 P:  99.9 R:  99.8 F1:  99.8 | loss: 3.1072 Ac:  36.80 P:  34.6 R:  24.0 F1:  25.8 | time: 0.1225s
                                                                  | loss: 2.9307 Ac:  38.67 P:  34.0 R:  23.5 F1:  24.9 | time: 0.0625s
Epoch: 0237 | loss: 0.0131 Ac:  99.78 P:  99.7 R:  99.8 F1:  99.8 | loss: 3.1075 Ac:  36.80 P:  34.6 R:  24.0 F1:  25.8 | time: 0.1299s
                                                                  | loss: 2.9308 Ac:  38.72 P:  34.1 R:  23.5 F1:  25.0 | time: 0.0678s
Epoch: 0238 | loss: 0.0156 Ac:  99.78 P:  99.8 R:  99.9 F1:  99.8 | loss: 3.1093 Ac:  36.70 P:  34.4 R:  23.9 F1:  25.7 | time: 0.1296s
                                                                  | loss: 2.9325 Ac:  38.67 P:  34.1 R:  23.5 F1:  24.9 | time: 0.0637s
Epoch: 0239 | loss: 0.0144 Ac:  99.78 P:  99.8 R:  99.9 F1:  99.8 | loss: 3.1115 Ac:  36.60 P:  34.3 R:  23.4 F1:  25.0 | time: 0.1256s
                                                                  | loss: 2.9346 Ac:  38.60 P:  34.2 R:  23.4 F1:  25.0 | time: 0.0570s
Epoch: 0240 | loss: 0.0095 Ac:  99.78 P:  99.9 R:  99.9 F1:  99.9 | loss: 3.1158 Ac:  36.50 P:  34.4 R:  23.3 F1:  25.0 | time: 0.1222s
                                                                  | loss: 2.9388 Ac:  38.54 P:  34.1 R:  23.4 F1:  24.9 | time: 0.0651s
Epoch: 0241 | loss: 0.0102 Ac:  99.78 P:  99.8 R:  99.9 F1:  99.8 | loss: 3.1219 Ac:  36.50 P:  34.6 R:  23.4 F1:  25.1 | time: 0.1211s
                                                                  | loss: 2.9448 Ac:  38.45 P:  34.0 R:  23.3 F1:  24.9 | time: 0.0578s
Epoch: 0242 | loss: 0.0093 Ac:  99.78 P:  99.9 R:  99.8 F1:  99.8 | loss: 3.1267 Ac:  36.70 P:  34.7 R:  23.5 F1:  25.2 | time: 0.1249s
                                                                  | loss: 2.9495 Ac:  38.33 P:  34.0 R:  23.2 F1:  24.8 | time: 0.0771s
Epoch: 0243 | loss: 0.0141 Ac:  99.57 P:  99.7 R:  99.7 F1:  99.7 | loss: 3.1314 Ac:  36.90 P:  34.8 R:  23.6 F1:  25.3 | time: 0.1353s
                                                                  | loss: 2.9541 Ac:  38.30 P:  34.1 R:  23.2 F1:  24.8 | time: 0.0756s
Epoch: 0244 | loss: 0.0125 Ac:  99.57 P:  99.7 R:  99.7 F1:  99.7 | loss: 3.1339 Ac:  37.00 P:  32.9 R:  23.3 F1:  24.6 | time: 0.1304s
                                                                  | loss: 2.9564 Ac:  38.40 P:  34.3 R:  23.3 F1:  24.9 | time: 0.0616s
Epoch: 0245 | loss: 0.0185 Ac:  99.57 P:  99.6 R:  98.9 F1:  99.2 | loss: 3.1442 Ac:  36.80 P:  32.9 R:  23.2 F1:  24.5 | time: 0.1374s
                                                                  | loss: 2.9668 Ac:  38.33 P:  34.1 R:  23.1 F1:  24.5 | time: 0.0689s
Epoch: 0246 | loss: 0.0195 Ac:  99.57 P:  99.7 R:  99.7 F1:  99.7 | loss: 3.1522 Ac:  36.50 P:  32.9 R:  22.8 F1:  24.1 | time: 0.1288s
                                                                  | loss: 2.9753 Ac:  38.25 P:  34.4 R:  22.9 F1:  24.3 | time: 0.0574s
Epoch: 0247 | loss: 0.0085 Ac: 100.00 P: 100.0 R: 100.0 F1: 100.0 | loss: 3.1601 Ac:  36.70 P:  33.1 R:  22.8 F1:  24.1 | time: 0.1293s
                                                                  | loss: 2.9836 Ac:  38.25 P:  34.8 R:  22.9 F1:  24.3 | time: 0.0609s
Epoch: 0248 | loss: 0.0142 Ac:  99.78 P:  99.9 R:  99.8 F1:  99.8 | loss: 3.1648 Ac:  36.70 P:  33.0 R:  22.8 F1:  24.0 | time: 0.1286s
                                                                  | loss: 2.9886 Ac:  38.15 P:  35.2 R:  22.8 F1:  24.2 | time: 0.0580s
Epoch: 0249 | loss: 0.0140 Ac:  99.57 P:  99.7 R:  99.7 F1:  99.7 | loss: 3.1690 Ac:  36.60 P:  33.1 R:  22.9 F1:  24.1 | time: 0.1290s
                                                                  | loss: 2.9930 Ac:  38.18 P:  35.3 R:  22.8 F1:  24.1 | time: 0.0614s
Epoch: 0250 | loss: 0.0166 Ac:  99.57 P:  99.7 R:  99.7 F1:  99.7 | loss: 3.1705 Ac:  36.80 P:  33.1 R:  23.0 F1:  24.1 | time: 0.1216s
                                                                  | loss: 2.9944 Ac:  38.20 P:  35.3 R:  22.8 F1:  24.1 | time: 0.0573s
Epoch: 0251 | loss: 0.0144 Ac:  99.78 P:  99.9 R:  99.8 F1:  99.8 | loss: 3.1705 Ac:  36.80 P:  32.7 R:  23.0 F1:  24.0 | time: 0.1210s
                                                                  | loss: 2.9944 Ac:  38.22 P:  35.7 R:  22.8 F1:  24.0 | time: 0.0574s
Epoch: 0252 | loss: 0.0166 Ac:  99.57 P:  99.8 R:  99.7 F1:  99.7 | loss: 3.1640 Ac:  36.90 P:  31.2 R:  23.1 F1:  24.0 | time: 0.1219s
                                                                  | loss: 2.9877 Ac:  38.22 P:  35.5 R:  22.9 F1:  24.0 | time: 0.0581s
Epoch: 0253 | loss: 0.0112 Ac:  99.78 P:  99.8 R:  99.9 F1:  99.8 | loss: 3.1605 Ac:  36.80 P:  30.6 R:  23.3 F1:  23.7 | time: 0.1209s
                                                                  | loss: 2.9838 Ac:  38.10 P:  35.1 R:  22.8 F1:  23.8 | time: 0.0580s
Epoch: 0254 | loss: 0.0104 Ac:  99.78 P:  99.9 R:  99.8 F1:  99.8 | loss: 3.1576 Ac:  37.10 P:  33.0 R:  23.8 F1:  24.6 | time: 0.1279s
                                                                  | loss: 2.9802 Ac:  37.96 P:  34.8 R:  22.7 F1:  23.7 | time: 0.0582s
Epoch: 0255 | loss: 0.0083 Ac: 100.00 P: 100.0 R: 100.0 F1: 100.0 | loss: 3.1556 Ac:  37.30 P:  33.2 R:  24.0 F1:  24.7 | time: 0.1245s
                                                                  | loss: 2.9776 Ac:  38.13 P:  34.9 R:  22.9 F1:  23.9 | time: 0.0640s
Epoch: 0256 | loss: 0.0074 Ac: 100.00 P: 100.0 R: 100.0 F1: 100.0 | loss: 3.1522 Ac:  37.60 P:  33.0 R:  24.1 F1:  24.8 | time: 0.1211s
                                                                  | loss: 2.9735 Ac:  38.08 P:  34.9 R:  22.9 F1:  23.9 | time: 0.0749s
Epoch: 0257 | loss: 0.0097 Ac:  99.78 P:  99.8 R:  99.9 F1:  99.8 | loss: 3.1510 Ac:  37.50 P:  33.0 R:  24.1 F1:  24.9 | time: 0.1220s
                                                                  | loss: 2.9716 Ac:  38.15 P:  35.0 R:  22.9 F1:  24.0 | time: 0.0617s
Epoch: 0258 | loss: 0.0194 Ac:  99.57 P:  99.7 R:  99.5 F1:  99.6 | loss: 3.1495 Ac:  37.60 P:  32.7 R:  24.1 F1:  24.7 | time: 0.1236s
                                                                  | loss: 2.9694 Ac:  38.16 P:  35.0 R:  22.9 F1:  24.0 | time: 0.0611s
Epoch: 0259 | loss: 0.0095 Ac:  99.78 P:  99.8 R:  99.9 F1:  99.8 | loss: 3.1491 Ac:  37.50 P:  32.6 R:  24.0 F1:  24.7 | time: 0.1201s
                                                                  | loss: 2.9685 Ac:  38.11 P:  34.9 R:  22.9 F1:  24.0 | time: 0.0575s
Epoch: 0260 | loss: 0.0112 Ac:  99.78 P:  99.9 R:  99.8 F1:  99.8 | loss: 3.1493 Ac:  37.40 P:  32.6 R:  24.0 F1:  24.7 | time: 0.1185s
                                                                  | loss: 2.9685 Ac:  38.27 P:  35.0 R:  23.1 F1:  24.1 | time: 0.0569s
Epoch: 0261 | loss: 0.0100 Ac:  99.78 P:  99.8 R:  99.9 F1:  99.8 | loss: 3.1504 Ac:  37.30 P:  32.6 R:  24.0 F1:  24.6 | time: 0.1177s
                                                                  | loss: 2.9692 Ac:  38.27 P:  35.0 R:  23.1 F1:  24.1 | time: 0.0569s
Epoch: 0262 | loss: 0.0127 Ac:  99.57 P:  99.7 R:  99.7 F1:  99.7 | loss: 3.1530 Ac:  37.10 P:  32.4 R:  23.9 F1:  24.5 | time: 0.1167s
                                                                  | loss: 2.9715 Ac:  38.25 P:  34.6 R:  23.1 F1:  24.2 | time: 0.0610s
Epoch: 0263 | loss: 0.0172 Ac:  99.78 P:  99.8 R:  99.9 F1:  99.8 | loss: 3.1563 Ac:  37.10 P:  32.4 R:  23.9 F1:  24.5 | time: 0.1161s
                                                                  | loss: 2.9745 Ac:  38.16 P:  34.5 R:  23.1 F1:  24.1 | time: 0.0660s
Epoch: 0264 | loss: 0.0116 Ac:  99.57 P:  99.7 R:  99.7 F1:  99.7 | loss: 3.1590 Ac:  37.00 P:  32.2 R:  23.9 F1:  24.5 | time: 0.1170s
                                                                  | loss: 2.9771 Ac:  38.16 P:  34.4 R:  23.0 F1:  24.0 | time: 0.0573s
Epoch: 0265 | loss: 0.0087 Ac:  99.78 P:  99.9 R:  99.9 F1:  99.9 | loss: 3.1666 Ac:  37.10 P:  32.6 R:  24.0 F1:  24.5 | time: 0.1161s
                                                                  | loss: 2.9846 Ac:  38.22 P:  34.6 R:  23.1 F1:  24.1 | time: 0.0578s
Epoch: 0266 | loss: 0.0116 Ac:  99.78 P:  99.8 R:  99.9 F1:  99.8 | loss: 3.1728 Ac:  37.10 P:  32.9 R:  23.9 F1:  24.7 | time: 0.1193s
                                                                  | loss: 2.9907 Ac:  38.11 P:  34.3 R:  23.0 F1:  24.0 | time: 0.0575s
Epoch: 0267 | loss: 0.0079 Ac: 100.00 P: 100.0 R: 100.0 F1: 100.0 | loss: 3.1773 Ac:  37.00 P:  32.9 R:  23.9 F1:  24.7 | time: 0.1180s
                                                                  | loss: 2.9951 Ac:  38.08 P:  34.4 R:  23.0 F1:  23.9 | time: 0.0570s
Epoch: 0268 | loss: 0.0092 Ac:  99.78 P:  99.8 R:  99.9 F1:  99.8 | loss: 3.1839 Ac:  37.20 P:  32.4 R:  23.7 F1:  24.4 | time: 0.1183s
                                                                  | loss: 3.0013 Ac:  38.05 P:  34.3 R:  22.9 F1:  23.8 | time: 0.0570s
Epoch: 0269 | loss: 0.0099 Ac:  99.57 P:  99.7 R:  99.7 F1:  99.7 | loss: 3.1907 Ac:  37.10 P:  32.5 R:  23.5 F1:  24.3 | time: 0.1183s
                                                                  | loss: 3.0078 Ac:  38.13 P:  34.2 R:  22.9 F1:  23.8 | time: 0.0571s
Epoch: 0270 | loss: 0.0079 Ac: 100.00 P: 100.0 R: 100.0 F1: 100.0 | loss: 3.1986 Ac:  37.00 P:  32.2 R:  23.5 F1:  24.3 | time: 0.1196s
                                                                  | loss: 3.0153 Ac:  38.10 P:  34.3 R:  22.9 F1:  23.8 | time: 0.0570s
Epoch: 0271 | loss: 0.0107 Ac:  99.78 P:  99.8 R:  99.9 F1:  99.8 | loss: 3.2072 Ac:  36.70 P:  32.2 R:  23.4 F1:  24.2 | time: 0.1177s
                                                                  | loss: 3.0235 Ac:  38.10 P:  34.4 R:  22.9 F1:  23.9 | time: 0.0573s
Epoch: 0272 | loss: 0.0121 Ac:  99.57 P:  99.7 R:  99.7 F1:  99.7 | loss: 3.2140 Ac:  36.60 P:  30.1 R:  22.9 F1:  23.4 | time: 0.1184s
                                                                  | loss: 3.0301 Ac:  38.11 P:  34.5 R:  22.9 F1:  23.9 | time: 0.0568s
Epoch: 0273 | loss: 0.0099 Ac:  99.78 P:  99.8 R:  99.9 F1:  99.8 | loss: 3.2222 Ac:  36.40 P:  30.6 R:  22.6 F1:  23.5 | time: 0.1184s
                                                                  | loss: 3.0381 Ac:  38.08 P:  34.6 R:  22.9 F1:  24.0 | time: 0.0568s
Epoch: 0274 | loss: 0.0060 Ac: 100.00 P: 100.0 R: 100.0 F1: 100.0 | loss: 3.2279 Ac:  36.60 P:  30.8 R:  22.7 F1:  23.6 | time: 0.1157s
                                                                  | loss: 3.0433 Ac:  38.05 P:  34.6 R:  22.9 F1:  24.0 | time: 0.0569s
Epoch: 0275 | loss: 0.0112 Ac:  99.78 P:  99.9 R:  99.8 F1:  99.8 | loss: 3.2324 Ac:  36.60 P:  31.0 R:  22.7 F1:  23.6 | time: 0.1192s
                                                                  | loss: 3.0473 Ac:  38.05 P:  34.7 R:  22.9 F1:  24.0 | time: 0.0570s
Epoch: 0276 | loss: 0.0123 Ac:  99.78 P:  99.8 R:  99.9 F1:  99.8 | loss: 3.2407 Ac:  36.50 P:  30.8 R:  22.6 F1:  23.4 | time: 0.1184s
                                                                  | loss: 3.0550 Ac:  38.00 P:  34.7 R:  22.8 F1:  23.9 | time: 0.0569s
Epoch: 0277 | loss: 0.0154 Ac:  99.57 P:  99.7 R:  99.7 F1:  99.7 | loss: 3.2477 Ac:  36.40 P:  30.7 R:  22.3 F1:  23.1 | time: 0.1196s
                                                                  | loss: 3.0611 Ac:  37.91 P:  34.7 R:  22.8 F1:  23.9 | time: 0.0570s
Epoch: 0278 | loss: 0.0061 Ac: 100.00 P: 100.0 R: 100.0 F1: 100.0 | loss: 3.2551 Ac:  36.50 P:  30.8 R:  22.4 F1:  23.2 | time: 0.1203s
                                                                  | loss: 3.0678 Ac:  37.83 P:  34.8 R:  22.8 F1:  23.9 | time: 0.0568s
Epoch: 0279 | loss: 0.0110 Ac:  99.78 P:  99.9 R:  99.8 F1:  99.8 | loss: 3.2576 Ac:  36.40 P:  30.8 R:  22.3 F1:  23.1 | time: 0.1152s
                                                                  | loss: 3.0694 Ac:  37.83 P:  34.7 R:  22.7 F1:  23.8 | time: 0.0571s
Epoch: 0280 | loss: 0.0122 Ac:  99.78 P:  99.9 R:  99.8 F1:  99.8 | loss: 3.2603 Ac:  36.30 P:  30.9 R:  22.5 F1:  23.3 | time: 0.1184s
                                                                  | loss: 3.0711 Ac:  37.86 P:  34.7 R:  22.8 F1:  23.8 | time: 0.0567s
Epoch: 0281 | loss: 0.0096 Ac:  99.78 P:  99.8 R:  99.9 F1:  99.8 | loss: 3.2634 Ac:  36.30 P:  30.9 R:  22.5 F1:  23.3 | time: 0.1176s
                                                                  | loss: 3.0734 Ac:  37.96 P:  35.0 R:  22.9 F1:  24.0 | time: 0.0570s
Epoch: 0282 | loss: 0.0104 Ac:  99.78 P:  99.9 R:  99.8 F1:  99.8 | loss: 3.2624 Ac:  36.10 P:  30.8 R:  22.4 F1:  23.2 | time: 0.1170s
                                                                  | loss: 3.0712 Ac:  37.96 P:  34.7 R:  22.8 F1:  23.9 | time: 0.0568s
Epoch: 0283 | loss: 0.0121 Ac:  99.78 P:  99.9 R:  99.8 F1:  99.8 | loss: 3.2590 Ac:  36.40 P:  31.5 R:  23.0 F1:  23.9 | time: 0.1177s
                                                                  | loss: 3.0668 Ac:  37.95 P:  34.5 R:  22.8 F1:  23.9 | time: 0.0568s
Epoch: 0284 | loss: 0.0089 Ac: 100.00 P: 100.0 R: 100.0 F1: 100.0 | loss: 3.2580 Ac:  36.20 P:  31.2 R:  22.8 F1:  23.6 | time: 0.1182s
                                                                  | loss: 3.0647 Ac:  37.98 P:  34.5 R:  22.8 F1:  23.8 | time: 0.0568s
Epoch: 0285 | loss: 0.0071 Ac: 100.00 P: 100.0 R: 100.0 F1: 100.0 | loss: 3.2576 Ac:  36.40 P:  31.1 R:  22.9 F1:  23.6 | time: 0.1185s
                                                                  | loss: 3.0633 Ac:  37.98 P:  34.6 R:  22.9 F1:  23.9 | time: 0.0582s
Epoch: 0286 | loss: 0.0090 Ac: 100.00 P: 100.0 R: 100.0 F1: 100.0 | loss: 3.2564 Ac:  36.40 P:  30.8 R:  22.8 F1:  23.4 | time: 0.1180s
                                                                  | loss: 3.0612 Ac:  37.85 P:  34.0 R:  22.8 F1:  23.8 | time: 0.0568s
Epoch: 0287 | loss: 0.0069 Ac: 100.00 P: 100.0 R: 100.0 F1: 100.0 | loss: 3.2559 Ac:  36.50 P:  31.1 R:  23.0 F1:  23.6 | time: 0.1194s
                                                                  | loss: 3.0599 Ac:  37.88 P:  34.0 R:  22.8 F1:  23.8 | time: 0.0577s
Epoch: 0288 | loss: 0.0081 Ac: 100.00 P: 100.0 R: 100.0 F1: 100.0 | loss: 3.2578 Ac:  36.50 P:  31.3 R:  23.1 F1:  23.8 | time: 0.1207s
                                                                  | loss: 3.0610 Ac:  37.95 P:  34.1 R:  22.9 F1:  23.9 | time: 0.0569s
Epoch: 0289 | loss: 0.0057 Ac: 100.00 P: 100.0 R: 100.0 F1: 100.0 | loss: 3.2592 Ac:  36.60 P:  31.0 R:  23.3 F1:  23.8 | time: 0.1188s
                                                                  | loss: 3.0618 Ac:  37.96 P:  34.1 R:  23.0 F1:  24.0 | time: 0.0571s
Epoch: 0290 | loss: 0.0075 Ac:  99.78 P:  99.8 R:  99.9 F1:  99.8 | loss: 3.2584 Ac:  36.80 P:  31.5 R:  23.4 F1:  24.0 | time: 0.1196s
                                                                  | loss: 3.0604 Ac:  37.98 P:  33.8 R:  22.9 F1:  23.8 | time: 0.0568s
Epoch: 0291 | loss: 0.0100 Ac:  99.78 P:  99.8 R:  99.9 F1:  99.8 | loss: 3.2596 Ac:  36.70 P:  31.0 R:  23.3 F1:  23.9 | time: 0.1173s
                                                                  | loss: 3.0610 Ac:  37.96 P:  33.8 R:  22.9 F1:  23.8 | time: 0.0568s
Epoch: 0292 | loss: 0.0089 Ac:  99.57 P:  99.7 R:  99.7 F1:  99.7 | loss: 3.2613 Ac:  36.70 P:  31.0 R:  23.3 F1:  23.9 | time: 0.1178s
                                                                  | loss: 3.0621 Ac:  37.98 P:  33.8 R:  22.9 F1:  23.8 | time: 0.0567s
Epoch: 0293 | loss: 0.0086 Ac:  99.78 P:  99.8 R:  99.9 F1:  99.8 | loss: 3.2629 Ac:  36.50 P:  31.1 R:  23.1 F1:  23.9 | time: 0.1167s
                                                                  | loss: 3.0632 Ac:  37.93 P:  33.7 R:  22.8 F1:  23.8 | time: 0.0567s
Epoch: 0294 | loss: 0.0108 Ac:  99.78 P:  99.9 R:  99.7 F1:  99.8 | loss: 3.2663 Ac:  36.60 P:  31.6 R:  23.2 F1:  24.0 | time: 0.1141s
                                                                  | loss: 3.0662 Ac:  38.08 P:  34.0 R:  22.9 F1:  23.9 | time: 0.0567s
Epoch: 0295 | loss: 0.0103 Ac:  99.78 P:  99.9 R:  99.8 F1:  99.8 | loss: 3.2699 Ac:  36.60 P:  31.1 R:  23.1 F1:  23.9 | time: 0.1148s
                                                                  | loss: 3.0697 Ac:  38.27 P:  34.4 R:  23.1 F1:  24.1 | time: 0.0568s
Epoch: 0296 | loss: 0.0104 Ac:  99.78 P:  99.8 R:  99.9 F1:  99.8 | loss: 3.2739 Ac:  36.40 P:  31.0 R:  22.9 F1:  23.7 | time: 0.1142s
                                                                  | loss: 3.0737 Ac:  38.25 P:  34.4 R:  23.1 F1:  24.1 | time: 0.0568s
Epoch: 0297 | loss: 0.0062 Ac: 100.00 P: 100.0 R: 100.0 F1: 100.0 | loss: 3.2774 Ac:  36.30 P:  31.0 R:  22.8 F1:  23.7 | time: 0.1144s
                                                                  | loss: 3.0772 Ac:  38.16 P:  34.3 R:  23.0 F1:  24.1 | time: 0.0568s
Epoch: 0298 | loss: 0.0169 Ac:  99.57 P:  99.7 R:  99.7 F1:  99.7 | loss: 3.2784 Ac:  36.30 P:  30.9 R:  22.8 F1:  23.7 | time: 0.1146s
                                                                  | loss: 3.0783 Ac:  38.15 P:  34.2 R:  23.0 F1:  24.1 | time: 0.0567s
Epoch: 0299 | loss: 0.0091 Ac:  99.78 P:  99.8 R:  99.9 F1:  99.8 | loss: 3.2884 Ac:  36.20 P:  31.0 R:  22.7 F1:  23.5 | time: 0.1147s
                                                                  | loss: 3.0885 Ac:  38.06 P:  34.2 R:  22.9 F1:  23.9 | time: 0.0566s
Epoch: 0300 | loss: 0.0086 Ac:  99.78 P:  99.8 R:  99.9 F1:  99.8 | loss: 3.2983 Ac:  36.20 P:  31.4 R:  22.7 F1:  23.6 | time: 0.1143s
                                                                  | loss: 3.0988 Ac:  38.10 P:  34.6 R:  22.9 F1:  24.0 | time: 0.0567s
Optimization Finished!
Total time elapsed: 126.7748s
The best result is: ACC: 41.1785 F1: 0.2390, where epoch is 43




0:	vali:  41.20000	test:  ACC: 41.1785 F1: 0.2390, epoch=43
