Loading snippets dataset...
Loading text content...
../data/data/snippets/
snippets
text
label matrix shape: torch.Size([12340, 8])
done.
Loading topic content...
../data/data/snippets/
snippets
topic
done.
Loading entity content...
../data/data/snippets/
snippets
entity
done.
Building graph...
Num of edges: 1787971
train, vali, test:  320 320 11700
Transfer to be transductive.


No. 1 test.

30
30
[torch.Size([512, 10]), torch.Size([10]), torch.Size([512]), torch.Size([2582, 512]), torch.Size([2582, 512]), torch.Size([6083, 512]), torch.Size([512, 1]), torch.Size([512, 1]), torch.Size([512, 1]), torch.Size([512, 1]), torch.Size([512, 1]), torch.Size([512, 1]), torch.Size([100, 1]), torch.Size([50, 512]), torch.Size([50]), torch.Size([100, 1]), torch.Size([50, 512]), torch.Size([50]), torch.Size([100, 1]), torch.Size([50, 512]), torch.Size([50]), torch.Size([100, 1]), torch.Size([50, 10]), torch.Size([50]), torch.Size([100, 1]), torch.Size([50, 10]), torch.Size([50]), torch.Size([100, 1]), torch.Size([50, 10]), torch.Size([50])]
Epoch: 0001 | loss: 2.6042 Ac:  11.56 P:  16.6 R:  16.1 F1:   6.2 | loss: 2.2799 Ac:  27.19 P:   6.7 R:  22.0 F1:  10.2 | time: 1.5522s
                                                                  | loss: 2.2704 Ac:  25.81 P:   6.4 R:  19.9 F1:   9.6 | time: 0.1291s
Epoch: 0002 | loss: 2.2887 Ac:  17.81 P:   6.6 R:  15.8 F1:   8.9 | loss: 2.0737 Ac:  20.00 P:   2.5 R:  12.5 F1:   4.2 | time: 0.3230s
                                                                  | loss: 2.0449 Ac:  21.58 P:   2.7 R:  12.5 F1:   4.4 | time: 0.1260s
Epoch: 0003 | loss: 2.0342 Ac:  25.00 P:  23.7 R:  15.2 F1:   9.9 | loss: 2.0039 Ac:  20.31 P:  15.0 R:  12.7 F1:   4.6 | time: 0.3206s
                                                                  | loss: 1.9632 Ac:  21.81 P:  14.0 R:  12.7 F1:   4.8 | time: 0.1165s
Epoch: 0004 | loss: 1.9051 Ac:  26.88 P:  17.8 R:  16.6 F1:  11.6 | loss: 1.9443 Ac:  35.00 P:  20.7 R:  25.4 F1:  18.6 | time: 0.3167s
                                                                  | loss: 1.8991 Ac:  37.13 P:  20.3 R:  24.6 F1:  18.1 | time: 0.1186s
Epoch: 0005 | loss: 1.7571 Ac:  33.75 P:  27.5 R:  23.3 F1:  20.2 | loss: 1.8653 Ac:  39.06 P:  17.2 R:  29.4 F1:  20.6 | time: 0.3121s
                                                                  | loss: 1.8213 Ac:  43.62 P:  43.1 R:  30.9 F1:  23.0 | time: 0.1163s
Epoch: 0006 | loss: 1.6674 Ac:  43.44 P:  52.4 R:  31.4 F1:  27.5 | loss: 1.7753 Ac:  43.44 P:  40.3 R:  33.8 F1:  28.2 | time: 0.3235s
                                                                  | loss: 1.7332 Ac:  48.68 P:  42.1 R:  36.3 F1:  31.0 | time: 0.1195s
Epoch: 0007 | loss: 1.5331 Ac:  48.75 P:  45.2 R:  36.7 F1:  34.1 | loss: 1.6797 Ac:  49.06 P:  52.4 R:  39.1 F1:  35.4 | time: 0.3223s
                                                                  | loss: 1.6388 Ac:  54.73 P:  66.7 R:  42.7 F1:  40.2 | time: 0.1207s
Epoch: 0008 | loss: 1.4364 Ac:  57.50 P:  59.2 R:  46.9 F1:  46.8 | loss: 1.5920 Ac:  55.31 P:  68.1 R:  46.2 F1:  47.4 | time: 0.3165s
                                                                  | loss: 1.5493 Ac:  59.68 P:  67.9 R:  48.3 F1:  49.3 | time: 0.1209s
Epoch: 0009 | loss: 1.2809 Ac:  68.75 P:  68.7 R:  57.2 F1:  59.4 | loss: 1.5175 Ac:  59.69 P:  68.7 R:  51.1 F1:  52.9 | time: 0.3151s
                                                                  | loss: 1.4736 Ac:  63.60 P:  67.6 R:  53.3 F1:  55.2 | time: 0.1181s
Epoch: 0010 | loss: 1.1777 Ac:  74.06 P:  67.8 R:  63.8 F1:  64.9 | loss: 1.4497 Ac:  60.00 P:  65.4 R:  52.4 F1:  53.4 | time: 0.3132s
                                                                  | loss: 1.4041 Ac:  65.38 P:  67.0 R:  55.9 F1:  57.2 | time: 0.1159s
Epoch: 0011 | loss: 1.0412 Ac:  79.06 P:  70.7 R:  69.1 F1:  69.4 | loss: 1.2284 Ac:  66.56 P:  67.1 R:  58.4 F1:  58.5 | time: 0.3241s
                                                                  | loss: 1.1835 Ac:  70.44 P:  69.3 R:  60.5 F1:  61.1 | time: 0.1194s
Epoch: 0012 | loss: 0.7881 Ac:  82.50 P:  74.1 R:  72.2 F1:  72.4 | loss: 1.0927 Ac:  67.19 P:  68.6 R:  59.8 F1:  59.7 | time: 0.3217s
                                                                  | loss: 1.0436 Ac:  71.98 P:  71.2 R:  62.3 F1:  63.4 | time: 0.1217s
Epoch: 0013 | loss: 0.6158 Ac:  84.38 P:  75.5 R:  74.1 F1:  74.3 | loss: 1.0054 Ac:  69.69 P:  68.3 R:  63.1 F1:  62.4 | time: 0.3168s
                                                                  | loss: 0.9652 Ac:  74.40 P:  70.6 R:  65.4 F1:  65.8 | time: 0.1175s
Epoch: 0014 | loss: 0.4689 Ac:  86.88 P:  78.0 R:  77.0 F1:  76.9 | loss: 0.8969 Ac:  73.44 P:  68.8 R:  66.5 F1:  65.7 | time: 0.3202s
                                                                  | loss: 0.8735 Ac:  77.02 P:  69.7 R:  68.5 F1:  68.3 | time: 0.1194s
Epoch: 0015 | loss: 0.3742 Ac:  90.62 P:  78.4 R:  80.7 F1:  79.5 | loss: 0.8086 Ac:  77.81 P:  83.2 R:  71.0 F1:  71.5 | time: 0.3250s
                                                                  | loss: 0.8032 Ac:  77.88 P:  82.0 R:  69.6 F1:  69.4 | time: 0.1180s
Epoch: 0016 | loss: 0.2739 Ac:  93.75 P:  82.0 R:  83.9 F1:  82.9 | loss: 0.7621 Ac:  78.44 P:  84.3 R:  71.4 F1:  72.2 | time: 0.3208s
                                                                  | loss: 0.7694 Ac:  77.68 P:  82.3 R:  69.5 F1:  69.7 | time: 0.1194s
Epoch: 0017 | loss: 0.2653 Ac:  93.12 P:  93.6 R:  86.2 F1:  87.3 | loss: 0.7314 Ac:  75.62 P:  82.7 R:  68.6 F1:  69.8 | time: 0.3198s
                                                                  | loss: 0.7483 Ac:  77.37 P:  82.7 R:  69.3 F1:  70.3 | time: 0.1178s
Epoch: 0018 | loss: 0.1947 Ac:  96.25 P:  96.4 R:  90.7 F1:  92.0 | loss: 0.7041 Ac:  77.19 P:  84.0 R:  73.1 F1:  76.2 | time: 0.3192s
                                                                  | loss: 0.7293 Ac:  77.25 P:  83.0 R:  69.7 F1:  71.6 | time: 0.1176s
Epoch: 0019 | loss: 0.1695 Ac:  97.50 P:  98.0 R:  94.6 F1:  95.9 | loss: 0.6800 Ac:  77.50 P:  84.8 R:  75.1 F1:  78.3 | time: 0.3136s
                                                                  | loss: 0.7127 Ac:  77.62 P:  83.4 R:  70.9 F1:  73.5 | time: 0.1184s
Epoch: 0020 | loss: 0.1277 Ac:  96.56 P:  97.4 R:  90.8 F1:  92.6 | loss: 0.6591 Ac:  78.44 P:  84.3 R:  76.8 F1:  79.4 | time: 0.3151s
                                                                  | loss: 0.6985 Ac:  78.40 P:  83.4 R:  72.9 F1:  75.8 | time: 0.1190s
Epoch: 0021 | loss: 0.0986 Ac:  99.06 P:  99.2 R:  97.7 F1:  98.4 | loss: 0.6521 Ac:  78.75 P:  84.2 R:  78.6 F1:  80.5 | time: 0.3223s
                                                                  | loss: 0.6955 Ac:  78.68 P:  82.5 R:  73.9 F1:  76.7 | time: 0.1212s
Epoch: 0022 | loss: 0.0877 Ac:  97.81 P:  96.0 R:  98.1 F1:  96.8 | loss: 0.6558 Ac:  78.12 P:  81.9 R:  78.2 F1:  79.1 | time: 0.3211s
                                                                  | loss: 0.7012 Ac:  78.56 P:  81.9 R:  74.4 F1:  77.0 | time: 0.1244s
Epoch: 0023 | loss: 0.0745 Ac:  99.38 P:  99.4 R:  99.4 F1:  99.4 | loss: 0.6618 Ac:  78.44 P:  81.3 R:  79.5 F1:  79.2 | time: 0.3202s
                                                                  | loss: 0.7089 Ac:  78.42 P:  80.8 R:  74.7 F1:  76.9 | time: 0.1214s
Epoch: 0024 | loss: 0.0677 Ac:  99.06 P:  97.8 R:  99.1 F1:  98.4 | loss: 0.6672 Ac:  77.50 P:  80.0 R:  78.7 F1:  77.9 | time: 0.3187s
                                                                  | loss: 0.7154 Ac:  78.27 P:  79.9 R:  74.7 F1:  76.6 | time: 0.1209s
Epoch: 0025 | loss: 0.0614 Ac:  99.06 P:  99.3 R:  99.3 F1:  99.3 | loss: 0.6684 Ac:  77.50 P:  79.8 R:  78.7 F1:  77.8 | time: 0.3166s
                                                                  | loss: 0.7176 Ac:  78.38 P:  79.4 R:  75.1 F1:  76.7 | time: 0.1179s
Epoch: 0026 | loss: 0.0460 Ac:  99.38 P:  99.6 R:  99.4 F1:  99.5 | loss: 0.6668 Ac:  78.12 P:  80.1 R:  79.5 F1:  78.6 | time: 0.3195s
                                                                  | loss: 0.7187 Ac:  78.55 P:  79.4 R:  75.4 F1:  76.9 | time: 0.1179s
Epoch: 0027 | loss: 0.0418 Ac:  99.69 P:  98.4 R:  99.8 F1:  99.1 | loss: 0.6621 Ac:  78.12 P:  79.2 R:  79.5 F1:  78.2 | time: 0.3148s
                                                                  | loss: 0.7173 Ac:  78.66 P:  79.2 R:  75.6 F1:  76.9 | time: 0.1176s
Epoch: 0028 | loss: 0.0380 Ac: 100.00 P: 100.0 R: 100.0 F1: 100.0 | loss: 0.6559 Ac:  78.44 P:  79.4 R:  80.0 F1:  78.7 | time: 0.3133s
                                                                  | loss: 0.7152 Ac:  78.83 P:  79.3 R:  75.8 F1:  77.2 | time: 0.1183s
Epoch: 0029 | loss: 0.0359 Ac:  99.06 P:  99.3 R:  97.6 F1:  98.3 | loss: 0.6494 Ac:  79.38 P:  80.2 R:  80.8 F1:  79.6 | time: 0.3184s
                                                                  | loss: 0.7138 Ac:  78.91 P:  79.4 R:  75.8 F1:  77.2 | time: 0.1179s
Epoch: 0030 | loss: 0.0402 Ac:  99.69 P:  99.7 R:  99.8 F1:  99.8 | loss: 0.6458 Ac:  80.00 P:  80.9 R:  81.3 F1:  80.3 | time: 0.3189s
                                                                  | loss: 0.7145 Ac:  78.91 P:  79.5 R:  75.8 F1:  77.2 | time: 0.1185s
Epoch: 0031 | loss: 0.0260 Ac: 100.00 P: 100.0 R: 100.0 F1: 100.0 | loss: 0.6440 Ac:  79.38 P:  80.8 R:  80.6 F1:  79.9 | time: 0.3216s
                                                                  | loss: 0.7170 Ac:  78.82 P:  79.5 R:  75.5 F1:  77.1 | time: 0.1174s
Epoch: 0032 | loss: 0.0198 Ac:  99.69 P:  99.7 R:  99.8 F1:  99.8 | loss: 0.6440 Ac:  78.44 P:  80.3 R:  79.8 F1:  79.2 | time: 0.3132s
                                                                  | loss: 0.7211 Ac:  78.68 P:  79.7 R:  75.2 F1:  77.0 | time: 0.1174s
Epoch: 0033 | loss: 0.0269 Ac:  99.69 P:  99.7 R:  99.8 F1:  99.8 | loss: 0.6447 Ac:  78.75 P:  81.8 R:  80.0 F1:  80.2 | time: 0.3151s
                                                                  | loss: 0.7263 Ac:  78.60 P:  80.1 R:  75.1 F1:  77.0 | time: 0.1160s
Epoch: 0034 | loss: 0.0176 Ac: 100.00 P: 100.0 R: 100.0 F1: 100.0 | loss: 0.6455 Ac:  78.75 P:  82.1 R:  79.8 F1:  80.1 | time: 0.3145s
                                                                  | loss: 0.7321 Ac:  78.52 P:  80.2 R:  74.9 F1:  76.9 | time: 0.1161s
Epoch: 0035 | loss: 0.0157 Ac: 100.00 P: 100.0 R: 100.0 F1: 100.0 | loss: 0.6465 Ac:  79.06 P:  83.0 R:  80.1 F1:  80.8 | time: 0.3144s
                                                                  | loss: 0.7382 Ac:  78.45 P:  80.5 R:  74.7 F1:  76.9 | time: 0.1169s
Epoch: 0036 | loss: 0.0177 Ac:  99.69 P:  99.7 R:  99.8 F1:  99.7 | loss: 0.6487 Ac:  80.00 P:  84.7 R:  80.8 F1:  82.0 | time: 0.3141s
                                                                  | loss: 0.7452 Ac:  78.39 P:  81.1 R:  74.5 F1:  76.9 | time: 0.1184s
Epoch: 0037 | loss: 0.0140 Ac:  99.69 P:  99.7 R:  99.8 F1:  99.7 | loss: 0.6512 Ac:  79.69 P:  84.4 R:  79.7 F1:  81.3 | time: 0.3153s
                                                                  | loss: 0.7526 Ac:  78.32 P:  81.1 R:  74.3 F1:  76.7 | time: 0.1164s
Epoch: 0038 | loss: 0.0152 Ac:  99.69 P:  99.7 R:  99.8 F1:  99.8 | loss: 0.6550 Ac:  79.38 P:  84.4 R:  79.3 F1:  81.0 | time: 0.3194s
                                                                  | loss: 0.7609 Ac:  78.17 P:  81.2 R:  74.0 F1:  76.5 | time: 0.1179s
Epoch: 0039 | loss: 0.0174 Ac:  99.69 P:  99.8 R:  99.8 F1:  99.8 | loss: 0.6592 Ac:  78.44 P:  83.7 R:  78.4 F1:  80.2 | time: 0.3185s
                                                                  | loss: 0.7691 Ac:  78.00 P:  81.1 R:  73.7 F1:  76.3 | time: 0.1177s
Epoch: 0040 | loss: 0.0191 Ac:  99.69 P:  99.7 R:  99.8 F1:  99.7 | loss: 0.6648 Ac:  77.50 P:  82.9 R:  77.5 F1:  79.3 | time: 0.3147s
                                                                  | loss: 0.7782 Ac:  77.88 P:  81.2 R:  73.6 F1:  76.2 | time: 0.1164s
Epoch: 0041 | loss: 0.0118 Ac: 100.00 P: 100.0 R: 100.0 F1: 100.0 | loss: 0.6709 Ac:  77.50 P:  83.0 R:  77.4 F1:  79.3 | time: 0.3125s
                                                                  | loss: 0.7869 Ac:  77.68 P:  81.1 R:  73.3 F1:  76.0 | time: 0.1180s
Epoch: 0042 | loss: 0.0082 Ac: 100.00 P: 100.0 R: 100.0 F1: 100.0 | loss: 0.6771 Ac:  77.50 P:  83.0 R:  77.5 F1:  79.4 | time: 0.3166s
                                                                  | loss: 0.7954 Ac:  77.50 P:  81.1 R:  73.1 F1:  75.8 | time: 0.1169s
Epoch: 0043 | loss: 0.0105 Ac:  99.69 P:  99.8 R:  99.8 F1:  99.8 | loss: 0.6826 Ac:  76.56 P:  81.6 R:  75.9 F1:  77.8 | time: 0.3181s
                                                                  | loss: 0.8037 Ac:  77.32 P:  81.1 R:  72.9 F1:  75.7 | time: 0.1172s
Epoch: 0044 | loss: 0.0086 Ac: 100.00 P: 100.0 R: 100.0 F1: 100.0 | loss: 0.6904 Ac:  77.50 P:  82.1 R:  76.9 F1:  78.6 | time: 0.3132s
                                                                  | loss: 0.8140 Ac:  77.17 P:  81.3 R:  72.8 F1:  75.6 | time: 0.1164s
Epoch: 0045 | loss: 0.0064 Ac: 100.00 P: 100.0 R: 100.0 F1: 100.0 | loss: 0.6989 Ac:  77.19 P:  82.2 R:  76.5 F1:  78.4 | time: 0.3120s
                                                                  | loss: 0.8246 Ac:  77.02 P:  81.2 R:  72.6 F1:  75.5 | time: 0.1175s
Epoch: 0046 | loss: 0.0059 Ac: 100.00 P: 100.0 R: 100.0 F1: 100.0 | loss: 0.7070 Ac:  77.19 P:  82.5 R:  76.5 F1:  78.5 | time: 0.3139s
                                                                  | loss: 0.8343 Ac:  76.96 P:  81.2 R:  72.6 F1:  75.5 | time: 0.1167s
Epoch: 0047 | loss: 0.0086 Ac: 100.00 P: 100.0 R: 100.0 F1: 100.0 | loss: 0.7149 Ac:  76.88 P:  82.6 R:  76.2 F1:  78.2 | time: 0.3139s
                                                                  | loss: 0.8436 Ac:  76.80 P:  81.2 R:  72.5 F1:  75.4 | time: 0.1182s
Epoch: 0048 | loss: 0.0060 Ac: 100.00 P: 100.0 R: 100.0 F1: 100.0 | loss: 0.7219 Ac:  75.94 P:  81.7 R:  75.3 F1:  77.2 | time: 0.3184s
                                                                  | loss: 0.8517 Ac:  76.54 P:  81.1 R:  72.2 F1:  75.1 | time: 0.1202s
Epoch: 0049 | loss: 0.0056 Ac: 100.00 P: 100.0 R: 100.0 F1: 100.0 | loss: 0.7287 Ac:  75.62 P:  80.6 R:  75.1 F1:  76.6 | time: 0.3173s
                                                                  | loss: 0.8594 Ac:  76.47 P:  81.1 R:  72.1 F1:  75.1 | time: 0.1170s
Epoch: 0050 | loss: 0.0069 Ac: 100.00 P: 100.0 R: 100.0 F1: 100.0 | loss: 0.7350 Ac:  75.31 P:  79.8 R:  74.7 F1:  75.9 | time: 0.3148s
                                                                  | loss: 0.8662 Ac:  76.38 P:  81.1 R:  72.1 F1:  75.0 | time: 0.1179s
Epoch: 0051 | loss: 0.0047 Ac: 100.00 P: 100.0 R: 100.0 F1: 100.0 | loss: 0.7395 Ac:  74.38 P:  79.5 R:  74.1 F1:  75.4 | time: 0.3201s
                                                                  | loss: 0.8711 Ac:  76.39 P:  81.1 R:  72.1 F1:  75.0 | time: 0.1203s
Epoch: 0052 | loss: 0.0046 Ac: 100.00 P: 100.0 R: 100.0 F1: 100.0 | loss: 0.7434 Ac:  74.69 P:  80.0 R:  74.5 F1:  75.8 | time: 0.3183s
                                                                  | loss: 0.8755 Ac:  76.37 P:  81.0 R:  72.1 F1:  75.0 | time: 0.1181s
Epoch: 0053 | loss: 0.0068 Ac: 100.00 P: 100.0 R: 100.0 F1: 100.0 | loss: 0.7471 Ac:  74.38 P:  79.7 R:  74.1 F1:  75.4 | time: 0.3192s
                                                                  | loss: 0.8797 Ac:  76.28 P:  81.0 R:  72.1 F1:  75.0 | time: 0.1174s
Epoch: 0054 | loss: 0.0087 Ac:  99.69 P:  99.8 R:  98.2 F1:  98.9 | loss: 0.7484 Ac:  74.69 P:  79.7 R:  75.2 F1:  75.8 | time: 0.3196s
                                                                  | loss: 0.8814 Ac:  76.26 P:  80.9 R:  72.1 F1:  75.0 | time: 0.1207s
Epoch: 0055 | loss: 0.0064 Ac: 100.00 P: 100.0 R: 100.0 F1: 100.0 | loss: 0.7487 Ac:  74.38 P:  79.3 R:  75.0 F1:  75.6 | time: 0.3185s
                                                                  | loss: 0.8817 Ac:  76.36 P:  80.7 R:  72.3 F1:  75.1 | time: 0.1208s
Epoch: 0056 | loss: 0.0055 Ac: 100.00 P: 100.0 R: 100.0 F1: 100.0 | loss: 0.7475 Ac:  73.75 P:  78.0 R:  74.5 F1:  74.6 | time: 0.3164s
                                                                  | loss: 0.8811 Ac:  76.44 P:  80.7 R:  72.4 F1:  75.1 | time: 0.1187s
Epoch: 0057 | loss: 0.0062 Ac: 100.00 P: 100.0 R: 100.0 F1: 100.0 | loss: 0.7471 Ac:  74.06 P:  78.1 R:  74.6 F1:  74.8 | time: 0.3201s
                                                                  | loss: 0.8812 Ac:  76.49 P:  80.7 R:  72.5 F1:  75.2 | time: 0.1185s
Epoch: 0058 | loss: 0.0055 Ac: 100.00 P: 100.0 R: 100.0 F1: 100.0 | loss: 0.7472 Ac:  74.06 P:  78.1 R:  74.6 F1:  74.8 | time: 0.3184s
                                                                  | loss: 0.8818 Ac:  76.56 P:  80.7 R:  72.6 F1:  75.3 | time: 0.1169s
Epoch: 0059 | loss: 0.0060 Ac: 100.00 P: 100.0 R: 100.0 F1: 100.0 | loss: 0.7459 Ac:  74.69 P:  78.3 R:  75.0 F1:  75.1 | time: 0.3109s
                                                                  | loss: 0.8810 Ac:  76.74 P:  80.8 R:  72.8 F1:  75.5 | time: 0.1160s
Epoch: 0060 | loss: 0.0057 Ac: 100.00 P: 100.0 R: 100.0 F1: 100.0 | loss: 0.7461 Ac:  74.69 P:  78.2 R:  75.0 F1:  75.1 | time: 0.3127s
                                                                  | loss: 0.8817 Ac:  76.75 P:  80.7 R:  72.9 F1:  75.5 | time: 0.1189s
Epoch: 0061 | loss: 0.0037 Ac: 100.00 P: 100.0 R: 100.0 F1: 100.0 | loss: 0.7455 Ac:  74.69 P:  78.2 R:  75.0 F1:  75.1 | time: 0.3182s
                                                                  | loss: 0.8815 Ac:  76.82 P:  80.6 R:  72.9 F1:  75.6 | time: 0.1175s
Epoch: 0062 | loss: 0.0050 Ac: 100.00 P: 100.0 R: 100.0 F1: 100.0 | loss: 0.7454 Ac:  75.00 P:  78.4 R:  75.3 F1:  75.4 | time: 0.3145s
                                                                  | loss: 0.8819 Ac:  76.85 P:  80.5 R:  72.9 F1:  75.6 | time: 0.1177s
Epoch: 0063 | loss: 0.0059 Ac: 100.00 P: 100.0 R: 100.0 F1: 100.0 | loss: 0.7456 Ac:  75.62 P:  78.9 R:  76.0 F1:  76.1 | time: 0.3145s
                                                                  | loss: 0.8826 Ac:  76.87 P:  80.5 R:  73.0 F1:  75.6 | time: 0.1176s
Epoch: 0064 | loss: 0.0026 Ac: 100.00 P: 100.0 R: 100.0 F1: 100.0 | loss: 0.7449 Ac:  75.94 P:  79.2 R:  76.3 F1:  76.5 | time: 0.3154s
                                                                  | loss: 0.8825 Ac:  76.92 P:  80.5 R:  73.1 F1:  75.7 | time: 0.1182s
Epoch: 0065 | loss: 0.0044 Ac: 100.00 P: 100.0 R: 100.0 F1: 100.0 | loss: 0.7441 Ac:  75.94 P:  79.0 R:  76.3 F1:  76.4 | time: 0.3162s
                                                                  | loss: 0.8828 Ac:  76.97 P:  80.5 R:  73.1 F1:  75.7 | time: 0.1181s
Epoch: 0066 | loss: 0.0027 Ac: 100.00 P: 100.0 R: 100.0 F1: 100.0 | loss: 0.7429 Ac:  75.94 P:  79.0 R:  76.3 F1:  76.4 | time: 0.3160s
                                                                  | loss: 0.8829 Ac:  76.97 P:  80.5 R:  73.1 F1:  75.7 | time: 0.1174s
Epoch: 0067 | loss: 0.0026 Ac: 100.00 P: 100.0 R: 100.0 F1: 100.0 | loss: 0.7412 Ac:  76.25 P:  79.3 R:  76.6 F1:  76.8 | time: 0.3220s
                                                                  | loss: 0.8822 Ac:  77.02 P:  80.5 R:  73.1 F1:  75.7 | time: 0.1213s
Epoch: 0068 | loss: 0.0029 Ac: 100.00 P: 100.0 R: 100.0 F1: 100.0 | loss: 0.7399 Ac:  76.56 P:  79.7 R:  77.7 F1:  77.4 | time: 0.3222s
                                                                  | loss: 0.8816 Ac:  77.04 P:  80.4 R:  73.2 F1:  75.7 | time: 0.1193s
Epoch: 0069 | loss: 0.0037 Ac: 100.00 P: 100.0 R: 100.0 F1: 100.0 | loss: 0.7387 Ac:  76.88 P:  79.6 R:  78.0 F1:  77.6 | time: 0.3173s
                                                                  | loss: 0.8810 Ac:  77.06 P:  80.4 R:  73.2 F1:  75.7 | time: 0.1190s
Epoch: 0070 | loss: 0.0034 Ac: 100.00 P: 100.0 R: 100.0 F1: 100.0 | loss: 0.7382 Ac:  76.88 P:  79.6 R:  78.0 F1:  77.6 | time: 0.3165s
                                                                  | loss: 0.8811 Ac:  77.06 P:  80.4 R:  73.2 F1:  75.7 | time: 0.1214s
Epoch: 0071 | loss: 0.0027 Ac: 100.00 P: 100.0 R: 100.0 F1: 100.0 | loss: 0.7382 Ac:  76.88 P:  79.6 R:  78.0 F1:  77.6 | time: 0.3149s
                                                                  | loss: 0.8815 Ac:  77.08 P:  80.3 R:  73.2 F1:  75.8 | time: 0.1178s
Epoch: 0072 | loss: 0.0027 Ac: 100.00 P: 100.0 R: 100.0 F1: 100.0 | loss: 0.7381 Ac:  76.88 P:  79.8 R:  78.0 F1:  77.9 | time: 0.3157s
                                                                  | loss: 0.8818 Ac:  77.09 P:  80.3 R:  73.2 F1:  75.8 | time: 0.1187s
Epoch: 0073 | loss: 0.0027 Ac: 100.00 P: 100.0 R: 100.0 F1: 100.0 | loss: 0.7381 Ac:  76.88 P:  79.8 R:  78.0 F1:  77.9 | time: 0.3181s
                                                                  | loss: 0.8820 Ac:  77.12 P:  80.3 R:  73.3 F1:  75.8 | time: 0.1204s
Epoch: 0074 | loss: 0.0045 Ac: 100.00 P: 100.0 R: 100.0 F1: 100.0 | loss: 0.7398 Ac:  76.88 P:  79.8 R:  78.0 F1:  77.9 | time: 0.3191s
                                                                  | loss: 0.8838 Ac:  77.07 P:  80.2 R:  73.2 F1:  75.7 | time: 0.1175s
Epoch: 0075 | loss: 0.0026 Ac: 100.00 P: 100.0 R: 100.0 F1: 100.0 | loss: 0.7408 Ac:  76.88 P:  79.8 R:  78.0 F1:  77.9 | time: 0.3140s
                                                                  | loss: 0.8850 Ac:  77.08 P:  80.2 R:  73.3 F1:  75.7 | time: 0.1178s
Epoch: 0076 | loss: 0.0019 Ac: 100.00 P: 100.0 R: 100.0 F1: 100.0 | loss: 0.7418 Ac:  76.88 P:  79.8 R:  78.0 F1:  77.9 | time: 0.3134s
                                                                  | loss: 0.8861 Ac:  77.12 P:  80.3 R:  73.3 F1:  75.8 | time: 0.1176s
Epoch: 0077 | loss: 0.0023 Ac: 100.00 P: 100.0 R: 100.0 F1: 100.0 | loss: 0.7423 Ac:  76.88 P:  79.8 R:  78.0 F1:  77.9 | time: 0.3183s
                                                                  | loss: 0.8868 Ac:  77.10 P:  80.2 R:  73.3 F1:  75.8 | time: 0.1166s
Epoch: 0078 | loss: 0.0019 Ac: 100.00 P: 100.0 R: 100.0 F1: 100.0 | loss: 0.7427 Ac:  76.88 P:  79.8 R:  78.0 F1:  77.9 | time: 0.3166s
                                                                  | loss: 0.8874 Ac:  77.11 P:  80.2 R:  73.3 F1:  75.8 | time: 0.1178s
Epoch: 0079 | loss: 0.0018 Ac: 100.00 P: 100.0 R: 100.0 F1: 100.0 | loss: 0.7430 Ac:  76.88 P:  79.8 R:  78.0 F1:  77.9 | time: 0.3158s
                                                                  | loss: 0.8879 Ac:  77.08 P:  80.1 R:  73.3 F1:  75.7 | time: 0.1173s
Epoch: 0080 | loss: 0.0031 Ac: 100.00 P: 100.0 R: 100.0 F1: 100.0 | loss: 0.7432 Ac:  76.88 P:  79.8 R:  78.0 F1:  77.9 | time: 0.3172s
                                                                  | loss: 0.8883 Ac:  77.06 P:  80.1 R:  73.3 F1:  75.7 | time: 0.1194s
Epoch: 0081 | loss: 0.0021 Ac: 100.00 P: 100.0 R: 100.0 F1: 100.0 | loss: 0.7435 Ac:  76.88 P:  79.8 R:  78.0 F1:  77.9 | time: 0.3144s
                                                                  | loss: 0.8889 Ac:  77.10 P:  80.1 R:  73.3 F1:  75.8 | time: 0.1180s
Epoch: 0082 | loss: 0.0023 Ac: 100.00 P: 100.0 R: 100.0 F1: 100.0 | loss: 0.7432 Ac:  77.19 P:  80.2 R:  78.4 F1:  78.2 | time: 0.3141s
                                                                  | loss: 0.8890 Ac:  77.13 P:  80.1 R:  73.4 F1:  75.8 | time: 0.1176s
Epoch: 0083 | loss: 0.0020 Ac: 100.00 P: 100.0 R: 100.0 F1: 100.0 | loss: 0.7430 Ac:  77.19 P:  80.2 R:  78.4 F1:  78.2 | time: 0.3145s
                                                                  | loss: 0.8893 Ac:  77.15 P:  80.1 R:  73.4 F1:  75.8 | time: 0.1182s
Epoch: 0084 | loss: 0.0025 Ac: 100.00 P: 100.0 R: 100.0 F1: 100.0 | loss: 0.7425 Ac:  77.19 P:  80.2 R:  78.4 F1:  78.2 | time: 0.3181s
                                                                  | loss: 0.8892 Ac:  77.20 P:  80.1 R:  73.4 F1:  75.8 | time: 0.1173s
Epoch: 0085 | loss: 0.0017 Ac: 100.00 P: 100.0 R: 100.0 F1: 100.0 | loss: 0.7420 Ac:  77.19 P:  80.2 R:  78.4 F1:  78.2 | time: 0.3135s
                                                                  | loss: 0.8892 Ac:  77.24 P:  80.1 R:  73.5 F1:  75.9 | time: 0.1175s
Epoch: 0086 | loss: 0.0029 Ac: 100.00 P: 100.0 R: 100.0 F1: 100.0 | loss: 0.7411 Ac:  77.19 P:  80.2 R:  78.4 F1:  78.2 | time: 0.3159s
                                                                  | loss: 0.8889 Ac:  77.26 P:  80.2 R:  73.5 F1:  75.9 | time: 0.1199s
Epoch: 0087 | loss: 0.0012 Ac: 100.00 P: 100.0 R: 100.0 F1: 100.0 | loss: 0.7402 Ac:  77.19 P:  80.2 R:  78.4 F1:  78.2 | time: 0.3173s
                                                                  | loss: 0.8886 Ac:  77.27 P:  80.2 R:  73.5 F1:  75.9 | time: 0.1196s
Epoch: 0088 | loss: 0.0027 Ac: 100.00 P: 100.0 R: 100.0 F1: 100.0 | loss: 0.7403 Ac:  77.19 P:  80.2 R:  78.4 F1:  78.2 | time: 0.3115s
                                                                  | loss: 0.8893 Ac:  77.27 P:  80.2 R:  73.5 F1:  75.9 | time: 0.1174s
Epoch: 0089 | loss: 0.0022 Ac: 100.00 P: 100.0 R: 100.0 F1: 100.0 | loss: 0.7399 Ac:  77.19 P:  80.2 R:  78.4 F1:  78.2 | time: 0.3153s
                                                                  | loss: 0.8896 Ac:  77.29 P:  80.2 R:  73.5 F1:  75.9 | time: 0.1185s
Epoch: 0090 | loss: 0.0027 Ac: 100.00 P: 100.0 R: 100.0 F1: 100.0 | loss: 0.7390 Ac:  76.88 P:  80.0 R:  78.0 F1:  77.9 | time: 0.3165s
                                                                  | loss: 0.8897 Ac:  77.29 P:  80.2 R:  73.5 F1:  75.9 | time: 0.1171s
Epoch: 0091 | loss: 0.0016 Ac: 100.00 P: 100.0 R: 100.0 F1: 100.0 | loss: 0.7381 Ac:  76.88 P:  80.0 R:  78.0 F1:  77.9 | time: 0.3185s
                                                                  | loss: 0.8898 Ac:  77.31 P:  80.2 R:  73.5 F1:  75.9 | time: 0.1185s
Epoch: 0092 | loss: 0.0013 Ac: 100.00 P: 100.0 R: 100.0 F1: 100.0 | loss: 0.7372 Ac:  76.56 P:  80.2 R:  77.8 F1:  78.0 | time: 0.3160s
                                                                  | loss: 0.8898 Ac:  77.38 P:  80.3 R:  73.6 F1:  76.0 | time: 0.1176s
Epoch: 0093 | loss: 0.0022 Ac: 100.00 P: 100.0 R: 100.0 F1: 100.0 | loss: 0.7370 Ac:  76.88 P:  81.0 R:  78.1 F1:  78.7 | time: 0.3179s
                                                                  | loss: 0.8904 Ac:  77.38 P:  80.3 R:  73.6 F1:  76.0 | time: 0.1197s
Epoch: 0094 | loss: 0.0034 Ac: 100.00 P: 100.0 R: 100.0 F1: 100.0 | loss: 0.7377 Ac:  76.88 P:  81.0 R:  78.1 F1:  78.7 | time: 0.3165s
                                                                  | loss: 0.8921 Ac:  77.31 P:  80.3 R:  73.4 F1:  75.9 | time: 0.1175s
Epoch: 0095 | loss: 0.0013 Ac: 100.00 P: 100.0 R: 100.0 F1: 100.0 | loss: 0.7383 Ac:  77.19 P:  82.1 R:  77.4 F1:  78.9 | time: 0.3167s
                                                                  | loss: 0.8937 Ac:  77.32 P:  80.4 R:  73.4 F1:  75.9 | time: 0.1178s
Epoch: 0096 | loss: 0.0019 Ac: 100.00 P: 100.0 R: 100.0 F1: 100.0 | loss: 0.7385 Ac:  77.19 P:  82.1 R:  77.4 F1:  78.9 | time: 0.3159s
                                                                  | loss: 0.8946 Ac:  77.32 P:  80.4 R:  73.4 F1:  75.9 | time: 0.1199s
Epoch: 0097 | loss: 0.0025 Ac: 100.00 P: 100.0 R: 100.0 F1: 100.0 | loss: 0.7397 Ac:  77.19 P:  82.1 R:  77.4 F1:  78.9 | time: 0.3186s
                                                                  | loss: 0.8967 Ac:  77.29 P:  80.5 R:  73.4 F1:  75.9 | time: 0.1181s
Epoch: 0098 | loss: 0.0019 Ac: 100.00 P: 100.0 R: 100.0 F1: 100.0 | loss: 0.7406 Ac:  77.19 P:  82.1 R:  77.4 F1:  78.9 | time: 0.3161s
                                                                  | loss: 0.8984 Ac:  77.26 P:  80.6 R:  73.4 F1:  75.9 | time: 0.1183s
Epoch: 0099 | loss: 0.0015 Ac: 100.00 P: 100.0 R: 100.0 F1: 100.0 | loss: 0.7413 Ac:  77.19 P:  82.1 R:  77.4 F1:  78.9 | time: 0.3167s
                                                                  | loss: 0.8999 Ac:  77.21 P:  80.5 R:  73.3 F1:  75.8 | time: 0.1192s
Epoch: 0100 | loss: 0.0023 Ac: 100.00 P: 100.0 R: 100.0 F1: 100.0 | loss: 0.7416 Ac:  77.19 P:  82.1 R:  77.4 F1:  78.9 | time: 0.3190s
                                                                  | loss: 0.9008 Ac:  77.21 P:  80.5 R:  73.3 F1:  75.8 | time: 0.1172s
Epoch: 0101 | loss: 0.0016 Ac: 100.00 P: 100.0 R: 100.0 F1: 100.0 | loss: 0.7416 Ac:  77.19 P:  82.1 R:  77.4 F1:  78.9 | time: 0.3149s
                                                                  | loss: 0.9015 Ac:  77.17 P:  80.5 R:  73.2 F1:  75.7 | time: 0.1202s
Epoch: 0102 | loss: 0.0028 Ac: 100.00 P: 100.0 R: 100.0 F1: 100.0 | loss: 0.7420 Ac:  77.19 P:  82.1 R:  77.4 F1:  78.9 | time: 0.3213s
                                                                  | loss: 0.9022 Ac:  77.17 P:  80.6 R:  73.2 F1:  75.7 | time: 0.1204s
Epoch: 0103 | loss: 0.0030 Ac: 100.00 P: 100.0 R: 100.0 F1: 100.0 | loss: 0.7432 Ac:  77.19 P:  82.1 R:  77.4 F1:  78.9 | time: 0.3208s
                                                                  | loss: 0.9037 Ac:  77.15 P:  80.6 R:  73.2 F1:  75.7 | time: 0.1196s
Epoch: 0104 | loss: 0.0011 Ac: 100.00 P: 100.0 R: 100.0 F1: 100.0 | loss: 0.7443 Ac:  77.19 P:  82.1 R:  77.4 F1:  78.9 | time: 0.3195s
                                                                  | loss: 0.9051 Ac:  77.15 P:  80.6 R:  73.2 F1:  75.8 | time: 0.1187s
Epoch: 0105 | loss: 0.0023 Ac: 100.00 P: 100.0 R: 100.0 F1: 100.0 | loss: 0.7474 Ac:  77.50 P:  82.3 R:  77.7 F1:  79.2 | time: 0.3166s
                                                                  | loss: 0.9088 Ac:  77.10 P:  80.7 R:  73.1 F1:  75.7 | time: 0.1243s
Epoch: 0106 | loss: 0.0090 Ac:  99.69 P:  99.7 R:  99.8 F1:  99.7 | loss: 0.7545 Ac:  76.88 P:  82.0 R:  77.2 F1:  78.8 | time: 0.3131s
                                                                  | loss: 0.9163 Ac:  76.88 P:  80.7 R:  72.8 F1:  75.5 | time: 0.1186s
Epoch: 0107 | loss: 0.0019 Ac: 100.00 P: 100.0 R: 100.0 F1: 100.0 | loss: 0.7614 Ac:  77.50 P:  82.4 R:  77.9 F1:  79.3 | time: 0.3175s
                                                                  | loss: 0.9235 Ac:  76.77 P:  80.8 R:  72.7 F1:  75.4 | time: 0.1175s
Epoch: 0108 | loss: 0.0020 Ac: 100.00 P: 100.0 R: 100.0 F1: 100.0 | loss: 0.7690 Ac:  77.50 P:  82.5 R:  77.8 F1:  79.2 | time: 0.3184s
                                                                  | loss: 0.9309 Ac:  76.65 P:  80.9 R:  72.5 F1:  75.3 | time: 0.1170s
Epoch: 0109 | loss: 0.0016 Ac: 100.00 P: 100.0 R: 100.0 F1: 100.0 | loss: 0.7751 Ac:  77.19 P:  82.2 R:  77.5 F1:  78.9 | time: 0.3151s
                                                                  | loss: 0.9370 Ac:  76.56 P:  80.9 R:  72.4 F1:  75.2 | time: 0.1204s
Epoch: 0110 | loss: 0.0009 Ac: 100.00 P: 100.0 R: 100.0 F1: 100.0 | loss: 0.7805 Ac:  76.25 P:  82.5 R:  76.7 F1:  78.4 | time: 0.3100s
                                                                  | loss: 0.9423 Ac:  76.41 P:  80.9 R:  72.2 F1:  75.1 | time: 0.1160s
Epoch: 0111 | loss: 0.0009 Ac: 100.00 P: 100.0 R: 100.0 F1: 100.0 | loss: 0.7849 Ac:  75.94 P:  82.4 R:  76.5 F1:  78.3 | time: 0.3169s
                                                                  | loss: 0.9467 Ac:  76.38 P:  80.9 R:  72.2 F1:  75.1 | time: 0.1183s
Epoch: 0112 | loss: 0.0016 Ac: 100.00 P: 100.0 R: 100.0 F1: 100.0 | loss: 0.7883 Ac:  75.94 P:  82.4 R:  76.5 F1:  78.3 | time: 0.3130s
                                                                  | loss: 0.9501 Ac:  76.31 P:  80.9 R:  72.1 F1:  75.0 | time: 0.1160s
Epoch: 0113 | loss: 0.0020 Ac: 100.00 P: 100.0 R: 100.0 F1: 100.0 | loss: 0.7921 Ac:  75.94 P:  82.4 R:  76.5 F1:  78.3 | time: 0.3127s
                                                                  | loss: 0.9538 Ac:  76.20 P:  81.0 R:  71.9 F1:  74.9 | time: 0.1160s
Epoch: 0114 | loss: 0.0021 Ac: 100.00 P: 100.0 R: 100.0 F1: 100.0 | loss: 0.7944 Ac:  75.94 P:  82.4 R:  76.5 F1:  78.3 | time: 0.3144s
                                                                  | loss: 0.9561 Ac:  76.21 P:  81.1 R:  71.9 F1:  74.9 | time: 0.1162s
Epoch: 0115 | loss: 0.0019 Ac: 100.00 P: 100.0 R: 100.0 F1: 100.0 | loss: 0.7982 Ac:  75.94 P:  82.4 R:  76.5 F1:  78.3 | time: 0.3119s
                                                                  | loss: 0.9596 Ac:  76.14 P:  81.1 R:  71.8 F1:  74.9 | time: 0.1166s
Epoch: 0116 | loss: 0.0012 Ac: 100.00 P: 100.0 R: 100.0 F1: 100.0 | loss: 0.8012 Ac:  75.94 P:  82.8 R:  75.7 F1:  77.9 | time: 0.3122s
                                                                  | loss: 0.9624 Ac:  76.12 P:  81.2 R:  71.8 F1:  74.9 | time: 0.1163s
Epoch: 0117 | loss: 0.0018 Ac: 100.00 P: 100.0 R: 100.0 F1: 100.0 | loss: 0.8050 Ac:  75.62 P:  82.4 R:  75.4 F1:  77.6 | time: 0.3118s
                                                                  | loss: 0.9661 Ac:  76.13 P:  81.3 R:  71.8 F1:  74.9 | time: 0.1160s
Epoch: 0118 | loss: 0.0012 Ac: 100.00 P: 100.0 R: 100.0 F1: 100.0 | loss: 0.8074 Ac:  75.31 P:  82.3 R:  75.1 F1:  77.3 | time: 0.3117s
                                                                  | loss: 0.9684 Ac:  76.06 P:  81.3 R:  71.7 F1:  74.8 | time: 0.1159s
Epoch: 0119 | loss: 0.0025 Ac: 100.00 P: 100.0 R: 100.0 F1: 100.0 | loss: 0.8090 Ac:  75.31 P:  82.3 R:  75.1 F1:  77.3 | time: 0.3135s
                                                                  | loss: 0.9702 Ac:  76.04 P:  81.4 R:  71.7 F1:  74.8 | time: 0.1165s
Epoch: 0120 | loss: 0.0016 Ac: 100.00 P: 100.0 R: 100.0 F1: 100.0 | loss: 0.8101 Ac:  75.31 P:  82.3 R:  75.1 F1:  77.3 | time: 0.3152s
                                                                  | loss: 0.9715 Ac:  76.04 P:  81.4 R:  71.7 F1:  74.8 | time: 0.1181s
Epoch: 0121 | loss: 0.0019 Ac: 100.00 P: 100.0 R: 100.0 F1: 100.0 | loss: 0.8107 Ac:  75.31 P:  82.2 R:  75.1 F1:  77.3 | time: 0.3215s
                                                                  | loss: 0.9722 Ac:  76.01 P:  81.3 R:  71.7 F1:  74.8 | time: 0.1175s
Epoch: 0122 | loss: 0.0012 Ac: 100.00 P: 100.0 R: 100.0 F1: 100.0 | loss: 0.8111 Ac:  75.31 P:  82.2 R:  75.1 F1:  77.3 | time: 0.3167s
                                                                  | loss: 0.9727 Ac:  75.99 P:  81.3 R:  71.7 F1:  74.8 | time: 0.1178s
Epoch: 0123 | loss: 0.0012 Ac: 100.00 P: 100.0 R: 100.0 F1: 100.0 | loss: 0.8113 Ac:  75.31 P:  82.2 R:  75.1 F1:  77.3 | time: 0.3156s
                                                                  | loss: 0.9730 Ac:  76.02 P:  81.3 R:  71.7 F1:  74.8 | time: 0.1171s
Epoch: 0124 | loss: 0.0015 Ac: 100.00 P: 100.0 R: 100.0 F1: 100.0 | loss: 0.8108 Ac:  75.31 P:  82.2 R:  75.1 F1:  77.3 | time: 0.3111s
                                                                  | loss: 0.9726 Ac:  76.01 P:  81.2 R:  71.7 F1:  74.8 | time: 0.1159s
Epoch: 0125 | loss: 0.0015 Ac: 100.00 P: 100.0 R: 100.0 F1: 100.0 | loss: 0.8091 Ac:  75.62 P:  82.3 R:  75.3 F1:  77.4 | time: 0.3118s
                                                                  | loss: 0.9712 Ac:  76.08 P:  81.2 R:  71.7 F1:  74.8 | time: 0.1162s
Epoch: 0126 | loss: 0.0021 Ac: 100.00 P: 100.0 R: 100.0 F1: 100.0 | loss: 0.8086 Ac:  75.94 P:  82.4 R:  76.2 F1:  78.0 | time: 0.3097s
                                                                  | loss: 0.9708 Ac:  76.09 P:  81.1 R:  71.7 F1:  74.8 | time: 0.1192s
Epoch: 0127 | loss: 0.0014 Ac: 100.00 P: 100.0 R: 100.0 F1: 100.0 | loss: 0.8076 Ac:  75.94 P:  82.2 R:  76.2 F1:  77.9 | time: 0.3161s
                                                                  | loss: 0.9699 Ac:  76.14 P:  81.0 R:  71.8 F1:  74.8 | time: 0.1166s
Epoch: 0128 | loss: 0.0018 Ac: 100.00 P: 100.0 R: 100.0 F1: 100.0 | loss: 0.8066 Ac:  75.94 P:  82.2 R:  76.2 F1:  77.9 | time: 0.3131s
                                                                  | loss: 0.9690 Ac:  76.15 P:  81.0 R:  71.8 F1:  74.8 | time: 0.1161s
Epoch: 0129 | loss: 0.0013 Ac: 100.00 P: 100.0 R: 100.0 F1: 100.0 | loss: 0.8050 Ac:  75.94 P:  82.2 R:  76.2 F1:  77.9 | time: 0.3123s
                                                                  | loss: 0.9675 Ac:  76.21 P:  81.0 R:  71.9 F1:  74.9 | time: 0.1177s
Epoch: 0130 | loss: 0.0012 Ac: 100.00 P: 100.0 R: 100.0 F1: 100.0 | loss: 0.8028 Ac:  75.94 P:  82.2 R:  76.2 F1:  77.9 | time: 0.3108s
                                                                  | loss: 0.9654 Ac:  76.20 P:  80.9 R:  71.9 F1:  74.9 | time: 0.1168s
Epoch: 0131 | loss: 0.0010 Ac: 100.00 P: 100.0 R: 100.0 F1: 100.0 | loss: 0.8004 Ac:  76.25 P:  82.1 R:  76.5 F1:  78.1 | time: 0.3118s
                                                                  | loss: 0.9632 Ac:  76.32 P:  81.0 R:  72.0 F1:  75.0 | time: 0.1159s
Epoch: 0132 | loss: 0.0015 Ac: 100.00 P: 100.0 R: 100.0 F1: 100.0 | loss: 0.7981 Ac:  76.56 P:  82.2 R:  76.8 F1:  78.4 | time: 0.3140s
                                                                  | loss: 0.9612 Ac:  76.38 P:  80.9 R:  72.1 F1:  75.0 | time: 0.1160s
Epoch: 0133 | loss: 0.0010 Ac: 100.00 P: 100.0 R: 100.0 F1: 100.0 | loss: 0.7958 Ac:  76.88 P:  82.3 R:  77.0 F1:  78.5 | time: 0.3114s
                                                                  | loss: 0.9591 Ac:  76.44 P:  80.9 R:  72.1 F1:  75.1 | time: 0.1159s
Epoch: 0134 | loss: 0.0014 Ac: 100.00 P: 100.0 R: 100.0 F1: 100.0 | loss: 0.7932 Ac:  76.88 P:  82.3 R:  77.0 F1:  78.5 | time: 0.3114s
                                                                  | loss: 0.9570 Ac:  76.55 P:  80.9 R:  72.2 F1:  75.1 | time: 0.1191s
Epoch: 0135 | loss: 0.0017 Ac: 100.00 P: 100.0 R: 100.0 F1: 100.0 | loss: 0.7908 Ac:  76.88 P:  82.1 R:  77.0 F1:  78.5 | time: 0.3154s
                                                                  | loss: 0.9549 Ac:  76.58 P:  80.8 R:  72.3 F1:  75.1 | time: 0.1219s
Epoch: 0136 | loss: 0.0010 Ac: 100.00 P: 100.0 R: 100.0 F1: 100.0 | loss: 0.7884 Ac:  76.56 P:  81.7 R:  76.8 F1:  78.2 | time: 0.3200s
                                                                  | loss: 0.9528 Ac:  76.60 P:  80.9 R:  72.3 F1:  75.2 | time: 0.1230s
Epoch: 0137 | loss: 0.0008 Ac: 100.00 P: 100.0 R: 100.0 F1: 100.0 | loss: 0.7861 Ac:  76.25 P:  81.3 R:  76.5 F1:  78.0 | time: 0.3229s
                                                                  | loss: 0.9508 Ac:  76.61 P:  80.9 R:  72.3 F1:  75.2 | time: 0.1199s
Epoch: 0138 | loss: 0.0015 Ac: 100.00 P: 100.0 R: 100.0 F1: 100.0 | loss: 0.7836 Ac:  75.94 P:  80.9 R:  76.3 F1:  77.7 | time: 0.3189s
                                                                  | loss: 0.9488 Ac:  76.69 P:  80.9 R:  72.5 F1:  75.3 | time: 0.1193s
Epoch: 0139 | loss: 0.0010 Ac: 100.00 P: 100.0 R: 100.0 F1: 100.0 | loss: 0.7813 Ac:  75.94 P:  80.9 R:  76.3 F1:  77.7 | time: 0.3180s
                                                                  | loss: 0.9469 Ac:  76.81 P:  80.9 R:  72.6 F1:  75.4 | time: 0.1185s
Epoch: 0140 | loss: 0.0009 Ac: 100.00 P: 100.0 R: 100.0 F1: 100.0 | loss: 0.7793 Ac:  76.25 P:  81.1 R:  76.6 F1:  78.0 | time: 0.3176s
                                                                  | loss: 0.9454 Ac:  76.85 P:  81.0 R:  72.7 F1:  75.4 | time: 0.1191s
Epoch: 0141 | loss: 0.0009 Ac: 100.00 P: 100.0 R: 100.0 F1: 100.0 | loss: 0.7775 Ac:  76.25 P:  81.1 R:  76.6 F1:  78.0 | time: 0.3166s
                                                                  | loss: 0.9441 Ac:  76.88 P:  80.9 R:  72.7 F1:  75.5 | time: 0.1184s
Epoch: 0142 | loss: 0.0020 Ac: 100.00 P: 100.0 R: 100.0 F1: 100.0 | loss: 0.7753 Ac:  76.25 P:  81.1 R:  76.6 F1:  78.0 | time: 0.3256s
                                                                  | loss: 0.9425 Ac:  76.90 P:  80.9 R:  72.8 F1:  75.5 | time: 0.1200s
Epoch: 0143 | loss: 0.0023 Ac: 100.00 P: 100.0 R: 100.0 F1: 100.0 | loss: 0.7734 Ac:  76.25 P:  81.1 R:  76.6 F1:  78.0 | time: 0.3196s
                                                                  | loss: 0.9408 Ac:  76.90 P:  80.8 R:  72.8 F1:  75.5 | time: 0.1191s
Epoch: 0144 | loss: 0.0009 Ac: 100.00 P: 100.0 R: 100.0 F1: 100.0 | loss: 0.7720 Ac:  76.56 P:  81.3 R:  76.9 F1:  78.2 | time: 0.3165s
                                                                  | loss: 0.9396 Ac:  76.89 P:  80.7 R:  72.8 F1:  75.5 | time: 0.1223s
Epoch: 0145 | loss: 0.0007 Ac: 100.00 P: 100.0 R: 100.0 F1: 100.0 | loss: 0.7706 Ac:  76.88 P:  81.6 R:  77.2 F1:  78.6 | time: 0.3178s
                                                                  | loss: 0.9384 Ac:  76.90 P:  80.6 R:  72.8 F1:  75.4 | time: 0.1215s
Epoch: 0146 | loss: 0.0010 Ac: 100.00 P: 100.0 R: 100.0 F1: 100.0 | loss: 0.7695 Ac:  76.88 P:  81.6 R:  77.2 F1:  78.6 | time: 0.3180s
                                                                  | loss: 0.9374 Ac:  76.92 P:  80.6 R:  72.8 F1:  75.5 | time: 0.1190s
Epoch: 0147 | loss: 0.0010 Ac: 100.00 P: 100.0 R: 100.0 F1: 100.0 | loss: 0.7683 Ac:  76.88 P:  81.6 R:  77.2 F1:  78.6 | time: 0.3195s
                                                                  | loss: 0.9364 Ac:  76.97 P:  80.5 R:  72.9 F1:  75.5 | time: 0.1184s
Epoch: 0148 | loss: 0.0008 Ac: 100.00 P: 100.0 R: 100.0 F1: 100.0 | loss: 0.7672 Ac:  76.88 P:  81.6 R:  77.2 F1:  78.6 | time: 0.3177s
                                                                  | loss: 0.9354 Ac:  77.03 P:  80.5 R:  73.0 F1:  75.6 | time: 0.1204s
Epoch: 0149 | loss: 0.0009 Ac: 100.00 P: 100.0 R: 100.0 F1: 100.0 | loss: 0.7663 Ac:  76.88 P:  81.6 R:  77.2 F1:  78.6 | time: 0.3233s
                                                                  | loss: 0.9346 Ac:  77.05 P:  80.4 R:  73.0 F1:  75.6 | time: 0.1175s
Epoch: 0150 | loss: 0.0006 Ac: 100.00 P: 100.0 R: 100.0 F1: 100.0 | loss: 0.7655 Ac:  76.88 P:  81.6 R:  77.2 F1:  78.6 | time: 0.3174s
                                                                  | loss: 0.9339 Ac:  77.05 P:  80.4 R:  73.0 F1:  75.6 | time: 0.1181s
Epoch: 0151 | loss: 0.0011 Ac: 100.00 P: 100.0 R: 100.0 F1: 100.0 | loss: 0.7650 Ac:  76.88 P:  81.3 R:  77.2 F1:  78.5 | time: 0.3141s
                                                                  | loss: 0.9333 Ac:  77.11 P:  80.4 R:  73.1 F1:  75.7 | time: 0.1275s
Epoch: 0152 | loss: 0.0008 Ac: 100.00 P: 100.0 R: 100.0 F1: 100.0 | loss: 0.7643 Ac:  76.88 P:  81.3 R:  77.2 F1:  78.5 | time: 0.3111s
                                                                  | loss: 0.9327 Ac:  77.13 P:  80.4 R:  73.1 F1:  75.7 | time: 0.1166s
Epoch: 0153 | loss: 0.0012 Ac: 100.00 P: 100.0 R: 100.0 F1: 100.0 | loss: 0.7642 Ac:  76.88 P:  81.3 R:  77.2 F1:  78.5 | time: 0.3100s
                                                                  | loss: 0.9329 Ac:  77.14 P:  80.4 R:  73.1 F1:  75.7 | time: 0.1169s
Epoch: 0154 | loss: 0.0015 Ac: 100.00 P: 100.0 R: 100.0 F1: 100.0 | loss: 0.7641 Ac:  76.88 P:  81.3 R:  77.2 F1:  78.5 | time: 0.3150s
                                                                  | loss: 0.9331 Ac:  77.17 P:  80.4 R:  73.2 F1:  75.7 | time: 0.1179s
Epoch: 0155 | loss: 0.0026 Ac: 100.00 P: 100.0 R: 100.0 F1: 100.0 | loss: 0.7654 Ac:  76.88 P:  81.3 R:  77.2 F1:  78.5 | time: 0.3143s
                                                                  | loss: 0.9347 Ac:  77.17 P:  80.5 R:  73.2 F1:  75.7 | time: 0.1206s
Epoch: 0156 | loss: 0.0012 Ac: 100.00 P: 100.0 R: 100.0 F1: 100.0 | loss: 0.7675 Ac:  76.88 P:  81.6 R:  77.2 F1:  78.6 | time: 0.3196s
                                                                  | loss: 0.9371 Ac:  77.10 P:  80.5 R:  73.1 F1:  75.7 | time: 0.1192s
Epoch: 0157 | loss: 0.0006 Ac: 100.00 P: 100.0 R: 100.0 F1: 100.0 | loss: 0.7694 Ac:  76.88 P:  81.6 R:  77.2 F1:  78.6 | time: 0.3196s
                                                                  | loss: 0.9392 Ac:  77.09 P:  80.5 R:  73.1 F1:  75.7 | time: 0.1198s
Epoch: 0158 | loss: 0.0010 Ac: 100.00 P: 100.0 R: 100.0 F1: 100.0 | loss: 0.7709 Ac:  76.88 P:  81.6 R:  77.2 F1:  78.6 | time: 0.3217s
                                                                  | loss: 0.9409 Ac:  77.09 P:  80.6 R:  73.1 F1:  75.7 | time: 0.1232s
Epoch: 0159 | loss: 0.0011 Ac: 100.00 P: 100.0 R: 100.0 F1: 100.0 | loss: 0.7725 Ac:  76.88 P:  81.6 R:  77.2 F1:  78.6 | time: 0.3149s
                                                                  | loss: 0.9427 Ac:  77.02 P:  80.5 R:  73.0 F1:  75.6 | time: 0.1205s
Epoch: 0160 | loss: 0.0024 Ac: 100.00 P: 100.0 R: 100.0 F1: 100.0 | loss: 0.7734 Ac:  77.19 P:  81.9 R:  77.5 F1:  78.9 | time: 0.3130s
                                                                  | loss: 0.9438 Ac:  77.03 P:  80.5 R:  73.1 F1:  75.6 | time: 0.1177s
Epoch: 0161 | loss: 0.0010 Ac: 100.00 P: 100.0 R: 100.0 F1: 100.0 | loss: 0.7747 Ac:  77.19 P:  81.9 R:  77.5 F1:  78.9 | time: 0.3216s
                                                                  | loss: 0.9452 Ac:  76.99 P:  80.5 R:  73.0 F1:  75.6 | time: 0.1194s
Epoch: 0162 | loss: 0.0006 Ac: 100.00 P: 100.0 R: 100.0 F1: 100.0 | loss: 0.7760 Ac:  76.88 P:  80.9 R:  77.3 F1:  78.3 | time: 0.3267s
                                                                  | loss: 0.9466 Ac:  76.95 P:  80.5 R:  73.0 F1:  75.6 | time: 0.1187s
Epoch: 0163 | loss: 0.0012 Ac: 100.00 P: 100.0 R: 100.0 F1: 100.0 | loss: 0.7772 Ac:  76.88 P:  80.9 R:  77.3 F1:  78.3 | time: 0.3193s
                                                                  | loss: 0.9477 Ac:  76.97 P:  80.5 R:  73.0 F1:  75.6 | time: 0.1180s
Epoch: 0164 | loss: 0.0011 Ac: 100.00 P: 100.0 R: 100.0 F1: 100.0 | loss: 0.7783 Ac:  76.88 P:  80.9 R:  77.3 F1:  78.3 | time: 0.3269s
                                                                  | loss: 0.9487 Ac:  76.96 P:  80.4 R:  73.0 F1:  75.6 | time: 0.1232s
Epoch: 0165 | loss: 0.0008 Ac: 100.00 P: 100.0 R: 100.0 F1: 100.0 | loss: 0.7792 Ac:  76.88 P:  80.9 R:  77.3 F1:  78.3 | time: 0.3193s
                                                                  | loss: 0.9494 Ac:  76.95 P:  80.4 R:  73.0 F1:  75.6 | time: 0.1229s
Epoch: 0166 | loss: 0.0006 Ac: 100.00 P: 100.0 R: 100.0 F1: 100.0 | loss: 0.7798 Ac:  77.19 P:  80.4 R:  77.7 F1:  78.3 | time: 0.3193s
                                                                  | loss: 0.9500 Ac:  76.96 P:  80.4 R:  73.1 F1:  75.6 | time: 0.1200s
Epoch: 0167 | loss: 0.0005 Ac: 100.00 P: 100.0 R: 100.0 F1: 100.0 | loss: 0.7803 Ac:  76.56 P:  79.4 R:  77.1 F1:  77.4 | time: 0.3184s
                                                                  | loss: 0.9506 Ac:  76.97 P:  80.4 R:  73.1 F1:  75.6 | time: 0.1182s
Epoch: 0168 | loss: 0.0017 Ac: 100.00 P: 100.0 R: 100.0 F1: 100.0 | loss: 0.7822 Ac:  76.88 P:  79.6 R:  77.3 F1:  77.6 | time: 0.3160s
                                                                  | loss: 0.9527 Ac:  76.94 P:  80.4 R:  73.0 F1:  75.6 | time: 0.1182s
Epoch: 0169 | loss: 0.0016 Ac: 100.00 P: 100.0 R: 100.0 F1: 100.0 | loss: 0.7838 Ac:  76.56 P:  79.5 R:  77.1 F1:  77.4 | time: 0.3165s
                                                                  | loss: 0.9547 Ac:  76.88 P:  80.4 R:  73.0 F1:  75.5 | time: 0.1277s
Epoch: 0170 | loss: 0.0014 Ac: 100.00 P: 100.0 R: 100.0 F1: 100.0 | loss: 0.7846 Ac:  76.88 P:  80.2 R:  77.5 F1:  78.1 | time: 0.3147s
                                                                  | loss: 0.9558 Ac:  76.88 P:  80.4 R:  73.0 F1:  75.5 | time: 0.1242s
Epoch: 0171 | loss: 0.0008 Ac: 100.00 P: 100.0 R: 100.0 F1: 100.0 | loss: 0.7853 Ac:  76.88 P:  80.2 R:  77.5 F1:  78.1 | time: 0.3188s
                                                                  | loss: 0.9568 Ac:  76.85 P:  80.4 R:  73.0 F1:  75.5 | time: 0.1182s
Epoch: 0172 | loss: 0.0014 Ac: 100.00 P: 100.0 R: 100.0 F1: 100.0 | loss: 0.7854 Ac:  76.88 P:  80.2 R:  77.5 F1:  78.1 | time: 0.3199s
                                                                  | loss: 0.9574 Ac:  76.85 P:  80.4 R:  72.9 F1:  75.5 | time: 0.1194s
Epoch: 0173 | loss: 0.0012 Ac: 100.00 P: 100.0 R: 100.0 F1: 100.0 | loss: 0.7858 Ac:  76.88 P:  80.2 R:  77.5 F1:  78.1 | time: 0.3183s
                                                                  | loss: 0.9581 Ac:  76.85 P:  80.5 R:  72.9 F1:  75.5 | time: 0.1181s
Epoch: 0174 | loss: 0.0015 Ac: 100.00 P: 100.0 R: 100.0 F1: 100.0 | loss: 0.7875 Ac:  76.56 P:  80.1 R:  77.2 F1:  77.8 | time: 0.3171s
                                                                  | loss: 0.9594 Ac:  76.85 P:  80.5 R:  72.9 F1:  75.5 | time: 0.1178s
Epoch: 0175 | loss: 0.0011 Ac: 100.00 P: 100.0 R: 100.0 F1: 100.0 | loss: 0.7891 Ac:  76.56 P:  80.1 R:  77.2 F1:  77.8 | time: 0.3198s
                                                                  | loss: 0.9606 Ac:  76.83 P:  80.6 R:  72.9 F1:  75.5 | time: 0.1190s
Epoch: 0176 | loss: 0.0008 Ac: 100.00 P: 100.0 R: 100.0 F1: 100.0 | loss: 0.7908 Ac:  76.56 P:  80.1 R:  77.2 F1:  77.8 | time: 0.3184s
                                                                  | loss: 0.9620 Ac:  76.82 P:  80.6 R:  72.8 F1:  75.5 | time: 0.1180s
Epoch: 0177 | loss: 0.0023 Ac: 100.00 P: 100.0 R: 100.0 F1: 100.0 | loss: 0.7908 Ac:  76.56 P:  80.1 R:  77.2 F1:  77.8 | time: 0.3154s
                                                                  | loss: 0.9617 Ac:  76.83 P:  80.6 R:  72.8 F1:  75.5 | time: 0.1176s
Epoch: 0178 | loss: 0.0007 Ac: 100.00 P: 100.0 R: 100.0 F1: 100.0 | loss: 0.7907 Ac:  76.56 P:  80.1 R:  77.2 F1:  77.8 | time: 0.3215s
                                                                  | loss: 0.9615 Ac:  76.83 P:  80.6 R:  72.8 F1:  75.5 | time: 0.1204s
Epoch: 0179 | loss: 0.0011 Ac: 100.00 P: 100.0 R: 100.0 F1: 100.0 | loss: 0.7910 Ac:  76.56 P:  80.1 R:  77.2 F1:  77.8 | time: 0.3197s
                                                                  | loss: 0.9616 Ac:  76.85 P:  80.6 R:  72.9 F1:  75.5 | time: 0.1210s
Epoch: 0180 | loss: 0.0004 Ac: 100.00 P: 100.0 R: 100.0 F1: 100.0 | loss: 0.7911 Ac:  76.56 P:  80.1 R:  77.2 F1:  77.8 | time: 0.3160s
                                                                  | loss: 0.9616 Ac:  76.86 P:  80.6 R:  72.9 F1:  75.5 | time: 0.1186s
Epoch: 0181 | loss: 0.0013 Ac: 100.00 P: 100.0 R: 100.0 F1: 100.0 | loss: 0.7917 Ac:  76.56 P:  80.1 R:  77.2 F1:  77.8 | time: 0.3183s
                                                                  | loss: 0.9620 Ac:  76.87 P:  80.6 R:  72.9 F1:  75.5 | time: 0.1179s
Epoch: 0182 | loss: 0.0008 Ac: 100.00 P: 100.0 R: 100.0 F1: 100.0 | loss: 0.7920 Ac:  76.56 P:  80.1 R:  77.2 F1:  77.8 | time: 0.3186s
                                                                  | loss: 0.9623 Ac:  76.90 P:  80.6 R:  72.9 F1:  75.6 | time: 0.1186s
Epoch: 0183 | loss: 0.0005 Ac: 100.00 P: 100.0 R: 100.0 F1: 100.0 | loss: 0.7921 Ac:  76.56 P:  80.1 R:  77.2 F1:  77.8 | time: 0.3202s
                                                                  | loss: 0.9623 Ac:  76.90 P:  80.6 R:  72.9 F1:  75.5 | time: 0.1179s
Epoch: 0184 | loss: 0.0015 Ac: 100.00 P: 100.0 R: 100.0 F1: 100.0 | loss: 0.7902 Ac:  76.88 P:  80.2 R:  77.5 F1:  78.1 | time: 0.3174s
                                                                  | loss: 0.9605 Ac:  76.94 P:  80.5 R:  73.0 F1:  75.6 | time: 0.1191s
Epoch: 0185 | loss: 0.0011 Ac: 100.00 P: 100.0 R: 100.0 F1: 100.0 | loss: 0.7885 Ac:  77.19 P:  80.3 R:  77.7 F1:  78.3 | time: 0.3170s
                                                                  | loss: 0.9589 Ac:  76.95 P:  80.5 R:  73.0 F1:  75.6 | time: 0.1178s
Epoch: 0186 | loss: 0.0011 Ac: 100.00 P: 100.0 R: 100.0 F1: 100.0 | loss: 0.7871 Ac:  76.88 P:  80.1 R:  77.5 F1:  78.1 | time: 0.3141s
                                                                  | loss: 0.9575 Ac:  76.99 P:  80.4 R:  73.0 F1:  75.6 | time: 0.1166s
Epoch: 0187 | loss: 0.0005 Ac: 100.00 P: 100.0 R: 100.0 F1: 100.0 | loss: 0.7859 Ac:  76.88 P:  80.1 R:  77.5 F1:  78.1 | time: 0.3120s
                                                                  | loss: 0.9565 Ac:  77.09 P:  80.5 R:  73.2 F1:  75.7 | time: 0.1177s
Epoch: 0188 | loss: 0.0006 Ac: 100.00 P: 100.0 R: 100.0 F1: 100.0 | loss: 0.7849 Ac:  76.88 P:  80.1 R:  77.5 F1:  78.1 | time: 0.3167s
                                                                  | loss: 0.9556 Ac:  77.10 P:  80.5 R:  73.2 F1:  75.7 | time: 0.1189s
Epoch: 0189 | loss: 0.0016 Ac: 100.00 P: 100.0 R: 100.0 F1: 100.0 | loss: 0.7842 Ac:  76.88 P:  80.1 R:  77.5 F1:  78.1 | time: 0.3180s
                                                                  | loss: 0.9553 Ac:  77.09 P:  80.4 R:  73.2 F1:  75.7 | time: 0.1179s
Epoch: 0190 | loss: 0.0007 Ac: 100.00 P: 100.0 R: 100.0 F1: 100.0 | loss: 0.7836 Ac:  76.88 P:  80.1 R:  77.5 F1:  78.1 | time: 0.3190s
                                                                  | loss: 0.9551 Ac:  77.09 P:  80.3 R:  73.2 F1:  75.7 | time: 0.1171s
Epoch: 0191 | loss: 0.0013 Ac: 100.00 P: 100.0 R: 100.0 F1: 100.0 | loss: 0.7828 Ac:  76.56 P:  80.6 R:  77.1 F1:  78.1 | time: 0.3149s
                                                                  | loss: 0.9544 Ac:  77.11 P:  80.4 R:  73.2 F1:  75.7 | time: 0.1192s
Epoch: 0192 | loss: 0.0005 Ac: 100.00 P: 100.0 R: 100.0 F1: 100.0 | loss: 0.7820 Ac:  76.56 P:  80.6 R:  77.1 F1:  78.1 | time: 0.3130s
                                                                  | loss: 0.9538 Ac:  77.11 P:  80.3 R:  73.2 F1:  75.7 | time: 0.1171s
Epoch: 0193 | loss: 0.0006 Ac: 100.00 P: 100.0 R: 100.0 F1: 100.0 | loss: 0.7818 Ac:  76.56 P:  80.6 R:  77.1 F1:  78.1 | time: 0.3149s
                                                                  | loss: 0.9538 Ac:  77.16 P:  80.3 R:  73.2 F1:  75.7 | time: 0.1164s
Epoch: 0194 | loss: 0.0003 Ac: 100.00 P: 100.0 R: 100.0 F1: 100.0 | loss: 0.7817 Ac:  76.56 P:  80.6 R:  77.1 F1:  78.1 | time: 0.3129s
                                                                  | loss: 0.9539 Ac:  77.18 P:  80.4 R:  73.2 F1:  75.7 | time: 0.1166s
Epoch: 0195 | loss: 0.0006 Ac: 100.00 P: 100.0 R: 100.0 F1: 100.0 | loss: 0.7818 Ac:  76.56 P:  80.6 R:  77.1 F1:  78.1 | time: 0.3126s
                                                                  | loss: 0.9541 Ac:  77.18 P:  80.4 R:  73.2 F1:  75.7 | time: 0.1174s
Epoch: 0196 | loss: 0.0005 Ac: 100.00 P: 100.0 R: 100.0 F1: 100.0 | loss: 0.7821 Ac:  76.56 P:  80.6 R:  77.1 F1:  78.1 | time: 0.3186s
                                                                  | loss: 0.9545 Ac:  77.16 P:  80.4 R:  73.2 F1:  75.7 | time: 0.1167s
Epoch: 0197 | loss: 0.0009 Ac: 100.00 P: 100.0 R: 100.0 F1: 100.0 | loss: 0.7822 Ac:  76.56 P:  80.6 R:  77.1 F1:  78.1 | time: 0.3153s
                                                                  | loss: 0.9546 Ac:  77.18 P:  80.4 R:  73.2 F1:  75.7 | time: 0.1179s
Epoch: 0198 | loss: 0.0008 Ac: 100.00 P: 100.0 R: 100.0 F1: 100.0 | loss: 0.7827 Ac:  76.56 P:  80.6 R:  77.1 F1:  78.1 | time: 0.3195s
                                                                  | loss: 0.9552 Ac:  77.20 P:  80.4 R:  73.2 F1:  75.7 | time: 0.1198s
Epoch: 0199 | loss: 0.0005 Ac: 100.00 P: 100.0 R: 100.0 F1: 100.0 | loss: 0.7829 Ac:  76.56 P:  80.6 R:  77.1 F1:  78.1 | time: 0.3187s
                                                                  | loss: 0.9556 Ac:  77.20 P:  80.4 R:  73.2 F1:  75.7 | time: 0.1196s
Epoch: 0200 | loss: 0.0004 Ac: 100.00 P: 100.0 R: 100.0 F1: 100.0 | loss: 0.7832 Ac:  76.56 P:  80.6 R:  77.1 F1:  78.1 | time: 0.3163s
                                                                  | loss: 0.9560 Ac:  77.20 P:  80.4 R:  73.3 F1:  75.8 | time: 0.1195s
Epoch: 0201 | loss: 0.0007 Ac: 100.00 P: 100.0 R: 100.0 F1: 100.0 | loss: 0.7834 Ac:  76.56 P:  80.6 R:  77.1 F1:  78.1 | time: 0.3145s
                                                                  | loss: 0.9565 Ac:  77.20 P:  80.4 R:  73.3 F1:  75.8 | time: 0.1221s
Epoch: 0202 | loss: 0.0006 Ac: 100.00 P: 100.0 R: 100.0 F1: 100.0 | loss: 0.7837 Ac:  76.88 P:  81.6 R:  77.3 F1:  78.7 | time: 0.3173s
                                                                  | loss: 0.9570 Ac:  77.21 P:  80.4 R:  73.3 F1:  75.8 | time: 0.1196s
Epoch: 0203 | loss: 0.0007 Ac: 100.00 P: 100.0 R: 100.0 F1: 100.0 | loss: 0.7840 Ac:  76.88 P:  81.6 R:  77.3 F1:  78.7 | time: 0.3201s
                                                                  | loss: 0.9575 Ac:  77.22 P:  80.4 R:  73.3 F1:  75.8 | time: 0.1195s
Epoch: 0204 | loss: 0.0005 Ac: 100.00 P: 100.0 R: 100.0 F1: 100.0 | loss: 0.7845 Ac:  76.88 P:  81.6 R:  77.3 F1:  78.7 | time: 0.3224s
                                                                  | loss: 0.9582 Ac:  77.21 P:  80.4 R:  73.3 F1:  75.8 | time: 0.1207s
Epoch: 0205 | loss: 0.0007 Ac: 100.00 P: 100.0 R: 100.0 F1: 100.0 | loss: 0.7853 Ac:  76.88 P:  81.6 R:  77.3 F1:  78.7 | time: 0.3173s
                                                                  | loss: 0.9592 Ac:  77.23 P:  80.4 R:  73.3 F1:  75.8 | time: 0.1203s
Epoch: 0206 | loss: 0.0005 Ac: 100.00 P: 100.0 R: 100.0 F1: 100.0 | loss: 0.7861 Ac:  76.88 P:  81.6 R:  77.3 F1:  78.7 | time: 0.3178s
                                                                  | loss: 0.9601 Ac:  77.23 P:  80.4 R:  73.3 F1:  75.8 | time: 0.1186s
Epoch: 0207 | loss: 0.0008 Ac: 100.00 P: 100.0 R: 100.0 F1: 100.0 | loss: 0.7869 Ac:  77.19 P:  81.9 R:  77.5 F1:  78.9 | time: 0.3195s
                                                                  | loss: 0.9609 Ac:  77.21 P:  80.4 R:  73.2 F1:  75.8 | time: 0.1187s
Epoch: 0208 | loss: 0.0006 Ac: 100.00 P: 100.0 R: 100.0 F1: 100.0 | loss: 0.7878 Ac:  77.19 P:  81.9 R:  77.5 F1:  78.9 | time: 0.3152s
                                                                  | loss: 0.9617 Ac:  77.19 P:  80.4 R:  73.2 F1:  75.8 | time: 0.1163s
Epoch: 0209 | loss: 0.0009 Ac: 100.00 P: 100.0 R: 100.0 F1: 100.0 | loss: 0.7886 Ac:  77.19 P:  81.9 R:  77.5 F1:  78.9 | time: 0.3078s
                                                                  | loss: 0.9625 Ac:  77.19 P:  80.4 R:  73.2 F1:  75.8 | time: 0.1161s
Epoch: 0210 | loss: 0.0012 Ac: 100.00 P: 100.0 R: 100.0 F1: 100.0 | loss: 0.7895 Ac:  77.19 P:  81.9 R:  77.5 F1:  78.9 | time: 0.3114s
                                                                  | loss: 0.9632 Ac:  77.21 P:  80.4 R:  73.2 F1:  75.8 | time: 0.1159s
Epoch: 0211 | loss: 0.0009 Ac: 100.00 P: 100.0 R: 100.0 F1: 100.0 | loss: 0.7907 Ac:  77.19 P:  81.9 R:  77.5 F1:  78.9 | time: 0.3132s
                                                                  | loss: 0.9643 Ac:  77.19 P:  80.4 R:  73.2 F1:  75.7 | time: 0.1172s
Epoch: 0212 | loss: 0.0007 Ac: 100.00 P: 100.0 R: 100.0 F1: 100.0 | loss: 0.7916 Ac:  77.19 P:  81.9 R:  77.5 F1:  78.9 | time: 0.3157s
                                                                  | loss: 0.9652 Ac:  77.21 P:  80.5 R:  73.2 F1:  75.8 | time: 0.1171s
Epoch: 0213 | loss: 0.0006 Ac: 100.00 P: 100.0 R: 100.0 F1: 100.0 | loss: 0.7928 Ac:  77.19 P:  81.9 R:  77.5 F1:  78.9 | time: 0.3140s
                                                                  | loss: 0.9664 Ac:  77.24 P:  80.5 R:  73.2 F1:  75.8 | time: 0.1175s
Epoch: 0214 | loss: 0.0022 Ac: 100.00 P: 100.0 R: 100.0 F1: 100.0 | loss: 0.7934 Ac:  77.19 P:  81.9 R:  77.5 F1:  78.9 | time: 0.3141s
                                                                  | loss: 0.9667 Ac:  77.24 P:  80.5 R:  73.2 F1:  75.8 | time: 0.1173s
Epoch: 0215 | loss: 0.0008 Ac: 100.00 P: 100.0 R: 100.0 F1: 100.0 | loss: 0.7944 Ac:  77.19 P:  81.9 R:  77.5 F1:  78.9 | time: 0.3116s
                                                                  | loss: 0.9674 Ac:  77.13 P:  80.4 R:  73.1 F1:  75.7 | time: 0.1171s
Epoch: 0216 | loss: 0.0004 Ac: 100.00 P: 100.0 R: 100.0 F1: 100.0 | loss: 0.7954 Ac:  77.19 P:  81.9 R:  77.5 F1:  78.9 | time: 0.3138s
                                                                  | loss: 0.9681 Ac:  77.17 P:  80.4 R:  73.2 F1:  75.7 | time: 0.1262s
Epoch: 0217 | loss: 0.0011 Ac: 100.00 P: 100.0 R: 100.0 F1: 100.0 | loss: 0.7962 Ac:  76.88 P:  81.6 R:  77.2 F1:  78.6 | time: 0.3115s
                                                                  | loss: 0.9688 Ac:  77.11 P:  80.4 R:  73.1 F1:  75.7 | time: 0.1162s
Epoch: 0218 | loss: 0.0003 Ac: 100.00 P: 100.0 R: 100.0 F1: 100.0 | loss: 0.7968 Ac:  76.88 P:  81.6 R:  77.2 F1:  78.6 | time: 0.3130s
                                                                  | loss: 0.9693 Ac:  77.09 P:  80.3 R:  73.1 F1:  75.7 | time: 0.1161s
Epoch: 0219 | loss: 0.0032 Ac: 100.00 P: 100.0 R: 100.0 F1: 100.0 | loss: 0.8024 Ac:  76.56 P:  81.3 R:  76.9 F1:  78.3 | time: 0.3137s
                                                                  | loss: 0.9739 Ac:  77.03 P:  80.4 R:  73.1 F1:  75.6 | time: 0.1159s
Epoch: 0220 | loss: 0.0005 Ac: 100.00 P: 100.0 R: 100.0 F1: 100.0 | loss: 0.8077 Ac:  76.56 P:  81.3 R:  76.9 F1:  78.3 | time: 0.3103s
                                                                  | loss: 0.9782 Ac:  77.00 P:  80.4 R:  73.0 F1:  75.6 | time: 0.1158s
Epoch: 0221 | loss: 0.0007 Ac: 100.00 P: 100.0 R: 100.0 F1: 100.0 | loss: 0.8126 Ac:  76.56 P:  81.3 R:  76.9 F1:  78.3 | time: 0.3104s
                                                                  | loss: 0.9822 Ac:  77.02 P:  80.6 R:  73.0 F1:  75.6 | time: 0.1160s
Epoch: 0222 | loss: 0.0006 Ac: 100.00 P: 100.0 R: 100.0 F1: 100.0 | loss: 0.8176 Ac:  76.25 P:  81.3 R:  76.6 F1:  78.1 | time: 0.3110s
                                                                  | loss: 0.9854 Ac:  76.98 P:  80.6 R:  73.0 F1:  75.6 | time: 0.1168s
Epoch: 0223 | loss: 0.0006 Ac: 100.00 P: 100.0 R: 100.0 F1: 100.0 | loss: 0.8242 Ac:  75.31 P:  79.9 R:  75.5 F1:  76.5 | time: 0.3116s
                                                                  | loss: 0.9881 Ac:  76.91 P:  80.6 R:  72.9 F1:  75.5 | time: 0.1159s
Epoch: 0224 | loss: 0.0010 Ac: 100.00 P: 100.0 R: 100.0 F1: 100.0 | loss: 0.8316 Ac:  75.31 P:  79.9 R:  75.5 F1:  76.5 | time: 0.3157s
                                                                  | loss: 0.9909 Ac:  76.91 P:  80.7 R:  72.9 F1:  75.5 | time: 0.1192s
Epoch: 0225 | loss: 0.0011 Ac: 100.00 P: 100.0 R: 100.0 F1: 100.0 | loss: 0.8379 Ac:  75.62 P:  80.3 R:  75.8 F1:  76.9 | time: 0.3139s
                                                                  | loss: 0.9933 Ac:  76.86 P:  80.7 R:  72.9 F1:  75.5 | time: 0.1166s
Epoch: 0226 | loss: 0.0009 Ac: 100.00 P: 100.0 R: 100.0 F1: 100.0 | loss: 0.8427 Ac:  75.31 P:  79.9 R:  74.7 F1:  76.1 | time: 0.3114s
                                                                  | loss: 0.9954 Ac:  76.81 P:  80.7 R:  72.8 F1:  75.5 | time: 0.1166s
Epoch: 0227 | loss: 0.0003 Ac: 100.00 P: 100.0 R: 100.0 F1: 100.0 | loss: 0.8465 Ac:  75.62 P:  80.1 R:  74.9 F1:  76.3 | time: 0.3114s
                                                                  | loss: 0.9973 Ac:  76.85 P:  80.7 R:  72.8 F1:  75.5 | time: 0.1160s
Epoch: 0228 | loss: 0.0005 Ac: 100.00 P: 100.0 R: 100.0 F1: 100.0 | loss: 0.8493 Ac:  75.94 P:  80.5 R:  75.1 F1:  76.5 | time: 0.3117s
                                                                  | loss: 0.9987 Ac:  76.83 P:  80.7 R:  72.8 F1:  75.5 | time: 0.1160s
Epoch: 0229 | loss: 0.0004 Ac: 100.00 P: 100.0 R: 100.0 F1: 100.0 | loss: 0.8516 Ac:  75.94 P:  80.5 R:  75.1 F1:  76.5 | time: 0.3099s
                                                                  | loss: 1.0001 Ac:  76.81 P:  80.8 R:  72.9 F1:  75.6 | time: 0.1159s
Epoch: 0230 | loss: 0.0007 Ac: 100.00 P: 100.0 R: 100.0 F1: 100.0 | loss: 0.8537 Ac:  75.62 P:  80.4 R:  74.9 F1:  76.3 | time: 0.3102s
                                                                  | loss: 1.0014 Ac:  76.82 P:  80.8 R:  72.9 F1:  75.6 | time: 0.1163s
Epoch: 0231 | loss: 0.0005 Ac: 100.00 P: 100.0 R: 100.0 F1: 100.0 | loss: 0.8554 Ac:  75.62 P:  80.4 R:  74.9 F1:  76.3 | time: 0.3105s
                                                                  | loss: 1.0025 Ac:  76.79 P:  80.8 R:  72.8 F1:  75.5 | time: 0.1159s
Epoch: 0232 | loss: 0.0009 Ac: 100.00 P: 100.0 R: 100.0 F1: 100.0 | loss: 0.8574 Ac:  75.62 P:  80.4 R:  74.9 F1:  76.3 | time: 0.3096s
                                                                  | loss: 1.0041 Ac:  76.76 P:  80.8 R:  72.8 F1:  75.5 | time: 0.1158s
Epoch: 0233 | loss: 0.0006 Ac: 100.00 P: 100.0 R: 100.0 F1: 100.0 | loss: 0.8589 Ac:  75.62 P:  80.4 R:  74.9 F1:  76.3 | time: 0.3109s
                                                                  | loss: 1.0053 Ac:  76.73 P:  80.8 R:  72.7 F1:  75.5 | time: 0.1166s
Epoch: 0234 | loss: 0.0005 Ac: 100.00 P: 100.0 R: 100.0 F1: 100.0 | loss: 0.8600 Ac:  75.62 P:  80.4 R:  74.9 F1:  76.3 | time: 0.3110s
                                                                  | loss: 1.0064 Ac:  76.70 P:  80.8 R:  72.7 F1:  75.4 | time: 0.1161s
Epoch: 0235 | loss: 0.0008 Ac: 100.00 P: 100.0 R: 100.0 F1: 100.0 | loss: 0.8600 Ac:  75.62 P:  80.4 R:  74.9 F1:  76.3 | time: 0.3108s
                                                                  | loss: 1.0063 Ac:  76.70 P:  80.8 R:  72.7 F1:  75.4 | time: 0.1166s
Epoch: 0236 | loss: 0.0005 Ac: 100.00 P: 100.0 R: 100.0 F1: 100.0 | loss: 0.8598 Ac:  75.62 P:  80.4 R:  74.9 F1:  76.3 | time: 0.3087s
                                                                  | loss: 1.0061 Ac:  76.68 P:  80.7 R:  72.7 F1:  75.4 | time: 0.1208s
Epoch: 0237 | loss: 0.0016 Ac: 100.00 P: 100.0 R: 100.0 F1: 100.0 | loss: 0.8604 Ac:  75.62 P:  80.4 R:  74.9 F1:  76.3 | time: 0.3096s
                                                                  | loss: 1.0065 Ac:  76.68 P:  80.7 R:  72.7 F1:  75.4 | time: 0.1159s
Epoch: 0238 | loss: 0.0005 Ac: 100.00 P: 100.0 R: 100.0 F1: 100.0 | loss: 0.8611 Ac:  75.62 P:  80.4 R:  74.9 F1:  76.3 | time: 0.3125s
                                                                  | loss: 1.0070 Ac:  76.69 P:  80.7 R:  72.7 F1:  75.4 | time: 0.1168s
Epoch: 0239 | loss: 0.0006 Ac: 100.00 P: 100.0 R: 100.0 F1: 100.0 | loss: 0.8613 Ac:  75.62 P:  80.4 R:  74.9 F1:  76.3 | time: 0.3101s
                                                                  | loss: 1.0072 Ac:  76.69 P:  80.7 R:  72.7 F1:  75.4 | time: 0.1162s
Epoch: 0240 | loss: 0.0008 Ac: 100.00 P: 100.0 R: 100.0 F1: 100.0 | loss: 0.8610 Ac:  75.94 P:  80.7 R:  75.2 F1:  76.6 | time: 0.3103s
                                                                  | loss: 1.0069 Ac:  76.74 P:  80.7 R:  72.8 F1:  75.5 | time: 0.1172s
Epoch: 0241 | loss: 0.0009 Ac: 100.00 P: 100.0 R: 100.0 F1: 100.0 | loss: 0.8611 Ac:  75.94 P:  80.9 R:  76.1 F1:  77.2 | time: 0.3104s
                                                                  | loss: 1.0072 Ac:  76.74 P:  80.7 R:  72.8 F1:  75.5 | time: 0.1160s
Epoch: 0242 | loss: 0.0008 Ac: 100.00 P: 100.0 R: 100.0 F1: 100.0 | loss: 0.8617 Ac:  75.94 P:  80.9 R:  76.1 F1:  77.2 | time: 0.3102s
                                                                  | loss: 1.0081 Ac:  76.75 P:  80.7 R:  72.8 F1:  75.5 | time: 0.1160s
Epoch: 0243 | loss: 0.0007 Ac: 100.00 P: 100.0 R: 100.0 F1: 100.0 | loss: 0.8623 Ac:  75.94 P:  80.9 R:  76.1 F1:  77.2 | time: 0.3109s
                                                                  | loss: 1.0089 Ac:  76.74 P:  80.7 R:  72.8 F1:  75.5 | time: 0.1162s
Epoch: 0244 | loss: 0.0007 Ac: 100.00 P: 100.0 R: 100.0 F1: 100.0 | loss: 0.8632 Ac:  76.56 P:  81.2 R:  76.6 F1:  77.7 | time: 0.3104s
                                                                  | loss: 1.0101 Ac:  76.73 P:  80.7 R:  72.7 F1:  75.4 | time: 0.1163s
Epoch: 0245 | loss: 0.0009 Ac: 100.00 P: 100.0 R: 100.0 F1: 100.0 | loss: 0.8641 Ac:  76.56 P:  81.2 R:  76.6 F1:  77.7 | time: 0.3084s
                                                                  | loss: 1.0114 Ac:  76.72 P:  80.7 R:  72.7 F1:  75.4 | time: 0.1195s
Epoch: 0246 | loss: 0.0005 Ac: 100.00 P: 100.0 R: 100.0 F1: 100.0 | loss: 0.8652 Ac:  75.62 P:  80.1 R:  75.7 F1:  76.7 | time: 0.3123s
                                                                  | loss: 1.0128 Ac:  76.69 P:  80.7 R:  72.7 F1:  75.4 | time: 0.1163s
Epoch: 0247 | loss: 0.0003 Ac: 100.00 P: 100.0 R: 100.0 F1: 100.0 | loss: 0.8662 Ac:  75.62 P:  80.1 R:  75.7 F1:  76.7 | time: 0.3093s
                                                                  | loss: 1.0141 Ac:  76.65 P:  80.7 R:  72.7 F1:  75.4 | time: 0.1158s
Epoch: 0248 | loss: 0.0004 Ac: 100.00 P: 100.0 R: 100.0 F1: 100.0 | loss: 0.8667 Ac:  75.62 P:  80.1 R:  75.7 F1:  76.7 | time: 0.3123s
                                                                  | loss: 1.0150 Ac:  76.61 P:  80.7 R:  72.6 F1:  75.4 | time: 0.1167s
Epoch: 0249 | loss: 0.0005 Ac: 100.00 P: 100.0 R: 100.0 F1: 100.0 | loss: 0.8670 Ac:  75.94 P:  80.4 R:  76.0 F1:  77.0 | time: 0.3120s
                                                                  | loss: 1.0156 Ac:  76.59 P:  80.6 R:  72.6 F1:  75.3 | time: 0.1162s
Epoch: 0250 | loss: 0.0006 Ac: 100.00 P: 100.0 R: 100.0 F1: 100.0 | loss: 0.8671 Ac:  75.94 P:  80.4 R:  76.0 F1:  77.0 | time: 0.3127s
                                                                  | loss: 1.0161 Ac:  76.61 P:  80.6 R:  72.6 F1:  75.3 | time: 0.1181s
Epoch: 0251 | loss: 0.0005 Ac: 100.00 P: 100.0 R: 100.0 F1: 100.0 | loss: 0.8670 Ac:  75.94 P:  80.4 R:  76.0 F1:  77.0 | time: 0.3122s
                                                                  | loss: 1.0164 Ac:  76.61 P:  80.6 R:  72.6 F1:  75.3 | time: 0.1163s
Epoch: 0252 | loss: 0.0007 Ac: 100.00 P: 100.0 R: 100.0 F1: 100.0 | loss: 0.8667 Ac:  75.94 P:  80.4 R:  76.0 F1:  77.0 | time: 0.3104s
                                                                  | loss: 1.0165 Ac:  76.56 P:  80.5 R:  72.5 F1:  75.2 | time: 0.1161s
Epoch: 0253 | loss: 0.0004 Ac: 100.00 P: 100.0 R: 100.0 F1: 100.0 | loss: 0.8658 Ac:  75.31 P:  79.9 R:  75.6 F1:  76.6 | time: 0.3136s
                                                                  | loss: 1.0161 Ac:  76.57 P:  80.5 R:  72.5 F1:  75.2 | time: 0.1170s
Epoch: 0254 | loss: 0.0012 Ac: 100.00 P: 100.0 R: 100.0 F1: 100.0 | loss: 0.8650 Ac:  75.31 P:  79.9 R:  75.6 F1:  76.6 | time: 0.3138s
                                                                  | loss: 1.0158 Ac:  76.59 P:  80.5 R:  72.5 F1:  75.3 | time: 0.1173s
Epoch: 0255 | loss: 0.0008 Ac: 100.00 P: 100.0 R: 100.0 F1: 100.0 | loss: 0.8639 Ac:  75.31 P:  79.9 R:  75.6 F1:  76.6 | time: 0.3120s
                                                                  | loss: 1.0152 Ac:  76.61 P:  80.5 R:  72.5 F1:  75.2 | time: 0.1186s
Epoch: 0256 | loss: 0.0004 Ac: 100.00 P: 100.0 R: 100.0 F1: 100.0 | loss: 0.8624 Ac:  75.62 P:  80.0 R:  75.9 F1:  76.9 | time: 0.3136s
                                                                  | loss: 1.0142 Ac:  76.62 P:  80.5 R:  72.5 F1:  75.2 | time: 0.1167s
Epoch: 0257 | loss: 0.0004 Ac: 100.00 P: 100.0 R: 100.0 F1: 100.0 | loss: 0.8612 Ac:  75.62 P:  80.0 R:  75.9 F1:  76.9 | time: 0.3116s
                                                                  | loss: 1.0136 Ac:  76.62 P:  80.5 R:  72.5 F1:  75.2 | time: 0.1159s
Epoch: 0258 | loss: 0.0006 Ac: 100.00 P: 100.0 R: 100.0 F1: 100.0 | loss: 0.8598 Ac:  75.62 P:  80.0 R:  75.9 F1:  76.9 | time: 0.3096s
                                                                  | loss: 1.0128 Ac:  76.60 P:  80.4 R:  72.5 F1:  75.2 | time: 0.1164s
Epoch: 0259 | loss: 0.0006 Ac: 100.00 P: 100.0 R: 100.0 F1: 100.0 | loss: 0.8584 Ac:  75.62 P:  79.9 R:  75.9 F1:  76.8 | time: 0.3088s
                                                                  | loss: 1.0120 Ac:  76.56 P:  80.4 R:  72.5 F1:  75.2 | time: 0.1163s
Epoch: 0260 | loss: 0.0005 Ac: 100.00 P: 100.0 R: 100.0 F1: 100.0 | loss: 0.8570 Ac:  75.31 P:  79.3 R:  75.6 F1:  76.4 | time: 0.3100s
                                                                  | loss: 1.0113 Ac:  76.56 P:  80.4 R:  72.5 F1:  75.1 | time: 0.1161s
Epoch: 0261 | loss: 0.0014 Ac: 100.00 P: 100.0 R: 100.0 F1: 100.0 | loss: 0.8563 Ac:  75.31 P:  79.3 R:  75.6 F1:  76.4 | time: 0.3100s
                                                                  | loss: 1.0111 Ac:  76.60 P:  80.4 R:  72.5 F1:  75.2 | time: 0.1166s
Epoch: 0262 | loss: 0.0005 Ac: 100.00 P: 100.0 R: 100.0 F1: 100.0 | loss: 0.8556 Ac:  75.31 P:  79.3 R:  75.6 F1:  76.4 | time: 0.3116s
                                                                  | loss: 1.0107 Ac:  76.65 P:  80.4 R:  72.6 F1:  75.2 | time: 0.1163s
Epoch: 0263 | loss: 0.0004 Ac: 100.00 P: 100.0 R: 100.0 F1: 100.0 | loss: 0.8549 Ac:  75.31 P:  79.3 R:  75.6 F1:  76.4 | time: 0.3123s
                                                                  | loss: 1.0104 Ac:  76.66 P:  80.4 R:  72.6 F1:  75.2 | time: 0.1163s
Epoch: 0264 | loss: 0.0005 Ac: 100.00 P: 100.0 R: 100.0 F1: 100.0 | loss: 0.8547 Ac:  75.00 P:  79.1 R:  75.3 F1:  76.1 | time: 0.3098s
                                                                  | loss: 1.0106 Ac:  76.68 P:  80.4 R:  72.6 F1:  75.3 | time: 0.1163s
Epoch: 0265 | loss: 0.0003 Ac: 100.00 P: 100.0 R: 100.0 F1: 100.0 | loss: 0.8546 Ac:  75.00 P:  79.1 R:  75.3 F1:  76.1 | time: 0.3096s
                                                                  | loss: 1.0108 Ac:  76.68 P:  80.4 R:  72.6 F1:  75.3 | time: 0.1191s
Epoch: 0266 | loss: 0.0004 Ac: 100.00 P: 100.0 R: 100.0 F1: 100.0 | loss: 0.8544 Ac:  75.00 P:  79.1 R:  75.3 F1:  76.1 | time: 0.3106s
                                                                  | loss: 1.0109 Ac:  76.67 P:  80.4 R:  72.6 F1:  75.3 | time: 0.1158s
Epoch: 0267 | loss: 0.0005 Ac: 100.00 P: 100.0 R: 100.0 F1: 100.0 | loss: 0.8540 Ac:  75.00 P:  79.1 R:  75.3 F1:  76.1 | time: 0.3114s
                                                                  | loss: 1.0108 Ac:  76.72 P:  80.4 R:  72.7 F1:  75.3 | time: 0.1157s
Epoch: 0268 | loss: 0.0006 Ac: 100.00 P: 100.0 R: 100.0 F1: 100.0 | loss: 0.8535 Ac:  75.00 P:  79.1 R:  75.3 F1:  76.1 | time: 0.3081s
                                                                  | loss: 1.0105 Ac:  76.73 P:  80.4 R:  72.7 F1:  75.3 | time: 0.1162s
Epoch: 0269 | loss: 0.0004 Ac: 100.00 P: 100.0 R: 100.0 F1: 100.0 | loss: 0.8532 Ac:  75.00 P:  79.1 R:  75.3 F1:  76.1 | time: 0.3125s
                                                                  | loss: 1.0103 Ac:  76.75 P:  80.4 R:  72.7 F1:  75.3 | time: 0.1160s
Epoch: 0270 | loss: 0.0003 Ac: 100.00 P: 100.0 R: 100.0 F1: 100.0 | loss: 0.8528 Ac:  75.00 P:  79.1 R:  75.3 F1:  76.1 | time: 0.3096s
                                                                  | loss: 1.0101 Ac:  76.75 P:  80.4 R:  72.7 F1:  75.3 | time: 0.1193s
Epoch: 0271 | loss: 0.0028 Ac:  99.69 P:  99.8 R:  98.2 F1:  99.0 | loss: 0.8516 Ac:  74.69 P:  78.2 R:  75.1 F1:  75.5 | time: 0.3110s
                                                                  | loss: 1.0085 Ac:  76.80 P:  80.4 R:  72.8 F1:  75.4 | time: 0.1158s
Epoch: 0272 | loss: 0.0005 Ac: 100.00 P: 100.0 R: 100.0 F1: 100.0 | loss: 0.8506 Ac:  74.69 P:  78.2 R:  75.1 F1:  75.5 | time: 0.3097s
                                                                  | loss: 1.0070 Ac:  76.77 P:  80.2 R:  72.8 F1:  75.3 | time: 0.1160s
Epoch: 0273 | loss: 0.0008 Ac: 100.00 P: 100.0 R: 100.0 F1: 100.0 | loss: 0.8496 Ac:  74.69 P:  77.7 R:  75.1 F1:  75.2 | time: 0.3100s
                                                                  | loss: 1.0055 Ac:  76.78 P:  80.1 R:  72.8 F1:  75.3 | time: 0.1158s
Epoch: 0274 | loss: 0.0015 Ac: 100.00 P: 100.0 R: 100.0 F1: 100.0 | loss: 0.8469 Ac:  74.69 P:  77.7 R:  75.1 F1:  75.2 | time: 0.3111s
                                                                  | loss: 1.0020 Ac:  76.83 P:  80.1 R:  73.0 F1:  75.5 | time: 0.1160s
Epoch: 0275 | loss: 0.0005 Ac: 100.00 P: 100.0 R: 100.0 F1: 100.0 | loss: 0.8444 Ac:  74.69 P:  77.7 R:  75.1 F1:  75.2 | time: 0.3101s
                                                                  | loss: 0.9987 Ac:  76.85 P:  79.7 R:  73.1 F1:  75.5 | time: 0.1157s
Epoch: 0276 | loss: 0.0010 Ac: 100.00 P: 100.0 R: 100.0 F1: 100.0 | loss: 0.8444 Ac:  74.69 P:  77.7 R:  75.1 F1:  75.2 | time: 0.3114s
                                                                  | loss: 0.9976 Ac:  76.90 P:  79.7 R:  73.3 F1:  75.6 | time: 0.1156s
Epoch: 0277 | loss: 0.0005 Ac: 100.00 P: 100.0 R: 100.0 F1: 100.0 | loss: 0.8446 Ac:  74.69 P:  77.7 R:  75.1 F1:  75.2 | time: 0.3155s
                                                                  | loss: 0.9968 Ac:  76.97 P:  79.7 R:  73.4 F1:  75.7 | time: 0.1161s
Epoch: 0278 | loss: 0.0003 Ac: 100.00 P: 100.0 R: 100.0 F1: 100.0 | loss: 0.8448 Ac:  74.69 P:  77.5 R:  75.1 F1:  75.1 | time: 0.3103s
                                                                  | loss: 0.9960 Ac:  76.95 P:  79.6 R:  73.4 F1:  75.7 | time: 0.1158s
Epoch: 0279 | loss: 0.0005 Ac: 100.00 P: 100.0 R: 100.0 F1: 100.0 | loss: 0.8450 Ac:  75.00 P:  77.7 R:  75.4 F1:  75.5 | time: 0.3067s
                                                                  | loss: 0.9954 Ac:  76.97 P:  79.6 R:  73.5 F1:  75.7 | time: 0.1156s
Epoch: 0280 | loss: 0.0010 Ac: 100.00 P: 100.0 R: 100.0 F1: 100.0 | loss: 0.8451 Ac:  75.31 P:  78.0 R:  75.7 F1:  75.8 | time: 0.3099s
                                                                  | loss: 0.9947 Ac:  76.98 P:  79.5 R:  73.5 F1:  75.7 | time: 0.1160s
Epoch: 0281 | loss: 0.0005 Ac: 100.00 P: 100.0 R: 100.0 F1: 100.0 | loss: 0.8450 Ac:  75.62 P:  78.4 R:  76.9 F1:  76.5 | time: 0.3107s
                                                                  | loss: 0.9940 Ac:  76.93 P:  79.2 R:  73.5 F1:  75.6 | time: 0.1159s
Epoch: 0282 | loss: 0.0004 Ac: 100.00 P: 100.0 R: 100.0 F1: 100.0 | loss: 0.8449 Ac:  75.62 P:  78.4 R:  76.9 F1:  76.5 | time: 0.3113s
                                                                  | loss: 0.9933 Ac:  76.98 P:  79.2 R:  73.6 F1:  75.7 | time: 0.1160s
Epoch: 0283 | loss: 0.0006 Ac: 100.00 P: 100.0 R: 100.0 F1: 100.0 | loss: 0.8452 Ac:  75.31 P:  77.7 R:  76.6 F1:  75.9 | time: 0.3068s
                                                                  | loss: 0.9931 Ac:  77.01 P:  79.2 R:  73.6 F1:  75.7 | time: 0.1157s
Epoch: 0284 | loss: 0.0004 Ac: 100.00 P: 100.0 R: 100.0 F1: 100.0 | loss: 0.8455 Ac:  75.62 P:  77.9 R:  76.9 F1:  76.2 | time: 0.3112s
                                                                  | loss: 0.9930 Ac:  77.02 P:  79.2 R:  73.7 F1:  75.7 | time: 0.1163s
Epoch: 0285 | loss: 0.0004 Ac: 100.00 P: 100.0 R: 100.0 F1: 100.0 | loss: 0.8458 Ac:  75.62 P:  77.6 R:  76.9 F1:  75.9 | time: 0.3085s
                                                                  | loss: 0.9929 Ac:  77.07 P:  79.2 R:  73.7 F1:  75.8 | time: 0.1159s
Epoch: 0286 | loss: 0.0020 Ac: 100.00 P: 100.0 R: 100.0 F1: 100.0 | loss: 0.8495 Ac:  75.00 P:  77.2 R:  76.3 F1:  75.3 | time: 0.3133s
                                                                  | loss: 0.9963 Ac:  76.97 P:  79.1 R:  73.6 F1:  75.6 | time: 0.1165s
Epoch: 0287 | loss: 0.0005 Ac: 100.00 P: 100.0 R: 100.0 F1: 100.0 | loss: 0.8529 Ac:  75.31 P:  77.4 R:  76.7 F1:  75.7 | time: 0.3122s
                                                                  | loss: 0.9995 Ac:  76.93 P:  79.1 R:  73.6 F1:  75.6 | time: 0.1167s
Epoch: 0288 | loss: 0.0014 Ac: 100.00 P: 100.0 R: 100.0 F1: 100.0 | loss: 0.8558 Ac:  75.00 P:  77.2 R:  76.4 F1:  75.4 | time: 0.3097s
                                                                  | loss: 1.0025 Ac:  76.91 P:  79.1 R:  73.5 F1:  75.6 | time: 0.1159s
Epoch: 0289 | loss: 0.0003 Ac: 100.00 P: 100.0 R: 100.0 F1: 100.0 | loss: 0.8585 Ac:  74.69 P:  76.8 R:  75.3 F1:  74.8 | time: 0.3105s
                                                                  | loss: 1.0053 Ac:  76.80 P:  79.2 R:  73.4 F1:  75.5 | time: 0.1160s
Epoch: 0290 | loss: 0.0008 Ac: 100.00 P: 100.0 R: 100.0 F1: 100.0 | loss: 0.8626 Ac:  75.00 P:  77.1 R:  75.6 F1:  75.2 | time: 0.3113s
                                                                  | loss: 1.0093 Ac:  76.74 P:  79.3 R:  73.3 F1:  75.5 | time: 0.1162s
Epoch: 0291 | loss: 0.0004 Ac: 100.00 P: 100.0 R: 100.0 F1: 100.0 | loss: 0.8664 Ac:  75.00 P:  77.1 R:  75.6 F1:  75.2 | time: 0.3088s
                                                                  | loss: 1.0130 Ac:  76.68 P:  79.3 R:  73.2 F1:  75.4 | time: 0.1185s
Epoch: 0292 | loss: 0.0007 Ac: 100.00 P: 100.0 R: 100.0 F1: 100.0 | loss: 0.8703 Ac:  75.31 P:  77.7 R:  75.9 F1:  75.7 | time: 0.3117s
                                                                  | loss: 1.0169 Ac:  76.68 P:  79.4 R:  73.2 F1:  75.4 | time: 0.1166s
Epoch: 0293 | loss: 0.0011 Ac: 100.00 P: 100.0 R: 100.0 F1: 100.0 | loss: 0.8743 Ac:  75.31 P:  77.7 R:  75.9 F1:  75.7 | time: 0.3101s
                                                                  | loss: 1.0210 Ac:  76.63 P:  79.5 R:  73.2 F1:  75.4 | time: 0.1169s
Epoch: 0294 | loss: 0.0007 Ac: 100.00 P: 100.0 R: 100.0 F1: 100.0 | loss: 0.8781 Ac:  74.69 P:  77.4 R:  75.4 F1:  75.2 | time: 0.3154s
                                                                  | loss: 1.0248 Ac:  76.57 P:  79.5 R:  73.1 F1:  75.4 | time: 0.1177s
Epoch: 0295 | loss: 0.0005 Ac: 100.00 P: 100.0 R: 100.0 F1: 100.0 | loss: 0.8822 Ac:  74.69 P:  77.9 R:  75.4 F1:  75.3 | time: 0.3116s
                                                                  | loss: 1.0290 Ac:  76.56 P:  79.6 R:  73.1 F1:  75.4 | time: 0.1164s
Epoch: 0296 | loss: 0.0005 Ac: 100.00 P: 100.0 R: 100.0 F1: 100.0 | loss: 0.8858 Ac:  74.69 P:  78.0 R:  75.4 F1:  75.4 | time: 0.3125s
                                                                  | loss: 1.0327 Ac:  76.53 P:  79.7 R:  73.0 F1:  75.4 | time: 0.1159s
Epoch: 0297 | loss: 0.0005 Ac: 100.00 P: 100.0 R: 100.0 F1: 100.0 | loss: 0.8891 Ac:  74.38 P:  77.7 R:  75.0 F1:  75.1 | time: 0.3118s
                                                                  | loss: 1.0361 Ac:  76.50 P:  79.8 R:  73.0 F1:  75.3 | time: 0.1161s
Epoch: 0298 | loss: 0.0005 Ac: 100.00 P: 100.0 R: 100.0 F1: 100.0 | loss: 0.8918 Ac:  74.38 P:  77.7 R:  75.0 F1:  75.1 | time: 0.3111s
                                                                  | loss: 1.0388 Ac:  76.46 P:  79.8 R:  72.9 F1:  75.3 | time: 0.1161s
Epoch: 0299 | loss: 0.0006 Ac: 100.00 P: 100.0 R: 100.0 F1: 100.0 | loss: 0.8939 Ac:  74.06 P:  77.6 R:  74.8 F1:  74.8 | time: 0.3121s
                                                                  | loss: 1.0410 Ac:  76.41 P:  79.8 R:  72.8 F1:  75.2 | time: 0.1161s
Epoch: 0300 | loss: 0.0004 Ac: 100.00 P: 100.0 R: 100.0 F1: 100.0 | loss: 0.8957 Ac:  74.06 P:  77.6 R:  74.8 F1:  74.8 | time: 0.3093s
                                                                  | loss: 1.0430 Ac:  76.40 P:  79.8 R:  72.7 F1:  75.2 | time: 0.1162s
Optimization Finished!
Total time elapsed: 201.8866s
The best result is: ACC: 78.9060 F1: 0.7724, where epoch is 30




0:	vali:  80.00000	test:  ACC: 78.9060 F1: 0.7724, epoch=30
