Loading twitter dataset...
Loading text content...
../data/twitter/
twitter
text
label matrix shape: torch.Size([10000, 2])
done.
Loading topic content...
../data/twitter/
twitter
topic
done.
Loading entity content...
../data/twitter/
twitter
entity
done.
Building graph...
Num of edges: 446837
train, vali, test:  40 1000 8960
Transfer to be transductive.


No. 1 test.

30
30
[torch.Size([512, 4]), torch.Size([4]), torch.Size([512]), torch.Size([1515, 512]), torch.Size([1543, 512]), torch.Size([2787, 512]), torch.Size([512, 1]), torch.Size([512, 1]), torch.Size([512, 1]), torch.Size([512, 1]), torch.Size([512, 1]), torch.Size([512, 1]), torch.Size([100, 1]), torch.Size([50, 512]), torch.Size([50]), torch.Size([100, 1]), torch.Size([50, 512]), torch.Size([50]), torch.Size([100, 1]), torch.Size([50, 512]), torch.Size([50]), torch.Size([100, 1]), torch.Size([50, 4]), torch.Size([50]), torch.Size([100, 1]), torch.Size([50, 4]), torch.Size([50]), torch.Size([100, 1]), torch.Size([50, 4]), torch.Size([50])]
Epoch: 0001 | loss: 1.4311 Ac:  42.50 P:  42.3 R:  42.5 F1:  42.2 | loss: 1.0359 Ac:  50.00 P:  25.0 R:  50.0 F1:  33.3 | time: 1.2012s
                                                                  | loss: 1.0344 Ac:  50.01 P:  75.0 R:  50.0 F1:  33.4 | time: 0.0493s
Epoch: 0002 | loss: 1.1003 Ac:  45.00 P:  43.3 R:  45.0 F1:  41.3 | loss: 0.8947 Ac:  50.70 P:  54.9 R:  50.7 F1:  37.2 | time: 0.1438s
                                                                  | loss: 0.8932 Ac:  50.60 P:  54.0 R:  50.6 F1:  37.3 | time: 0.0557s
Epoch: 0003 | loss: 0.9576 Ac:  47.50 P:  47.5 R:  47.5 F1:  47.5 | loss: 0.8113 Ac:  54.70 P:  55.4 R:  54.7 F1:  53.2 | time: 0.1501s
                                                                  | loss: 0.8101 Ac:  56.90 P:  58.3 R:  56.9 F1:  55.0 | time: 0.0491s
Epoch: 0004 | loss: 0.7992 Ac:  50.00 P:  50.0 R:  50.0 F1:  50.0 | loss: 0.7602 Ac:  59.40 P:  59.5 R:  59.4 F1:  59.3 | time: 0.1358s
                                                                  | loss: 0.7592 Ac:  59.42 P:  59.6 R:  59.4 F1:  59.2 | time: 0.0472s
Epoch: 0005 | loss: 0.8989 Ac:  40.00 P:  39.6 R:  40.0 F1:  39.4 | loss: 0.7014 Ac:  61.60 P:  61.7 R:  61.6 F1:  61.6 | time: 0.1462s
                                                                  | loss: 0.7014 Ac:  61.35 P:  61.4 R:  61.4 F1:  61.3 | time: 0.0478s
Epoch: 0006 | loss: 0.6780 Ac:  60.00 P:  60.1 R:  60.0 F1:  59.9 | loss: 0.6798 Ac:  61.00 P:  61.4 R:  61.0 F1:  60.7 | time: 0.1454s
                                                                  | loss: 0.6798 Ac:  61.83 P:  62.0 R:  61.8 F1:  61.7 | time: 0.0473s
Epoch: 0007 | loss: 0.5691 Ac:  77.50 P:  77.6 R:  77.5 F1:  77.5 | loss: 0.6691 Ac:  61.50 P:  62.1 R:  61.5 F1:  61.1 | time: 0.1344s
                                                                  | loss: 0.6694 Ac:  61.93 P:  62.2 R:  61.9 F1:  61.7 | time: 0.0473s
Epoch: 0008 | loss: 0.5611 Ac:  72.50 P:  73.0 R:  72.5 F1:  72.3 | loss: 0.6607 Ac:  60.20 P:  61.1 R:  60.2 F1:  59.4 | time: 0.1342s
                                                                  | loss: 0.6615 Ac:  61.34 P:  62.0 R:  61.3 F1:  60.8 | time: 0.0473s
Epoch: 0009 | loss: 0.5186 Ac:  72.50 P:  73.0 R:  72.5 F1:  72.3 | loss: 0.6530 Ac:  60.40 P:  61.3 R:  60.4 F1:  59.6 | time: 0.1350s
                                                                  | loss: 0.6548 Ac:  61.56 P:  62.3 R:  61.6 F1:  61.0 | time: 0.0480s
Epoch: 0010 | loss: 0.4824 Ac:  80.00 P:  80.3 R:  80.0 F1:  79.9 | loss: 0.6463 Ac:  61.20 P:  62.0 R:  61.2 F1:  60.5 | time: 0.1354s
                                                                  | loss: 0.6492 Ac:  61.53 P:  62.1 R:  61.5 F1:  61.1 | time: 0.0468s
Epoch: 0011 | loss: 0.4578 Ac:  77.50 P:  78.1 R:  77.5 F1:  77.4 | loss: 0.6389 Ac:  62.60 P:  62.9 R:  62.6 F1:  62.3 | time: 0.1355s
                                                                  | loss: 0.6431 Ac:  62.03 P:  62.2 R:  62.0 F1:  61.9 | time: 0.0470s
Epoch: 0012 | loss: 0.3536 Ac:  82.50 P:  82.6 R:  82.5 F1:  82.5 | loss: 0.6338 Ac:  63.30 P:  63.4 R:  63.3 F1:  63.2 | time: 0.1373s
                                                                  | loss: 0.6394 Ac:  62.57 P:  62.6 R:  62.6 F1:  62.6 | time: 0.0474s
Epoch: 0013 | loss: 0.3631 Ac:  87.50 P:  90.0 R:  87.5 F1:  87.3 | loss: 0.6328 Ac:  62.70 P:  63.0 R:  62.7 F1:  62.5 | time: 0.1352s
                                                                  | loss: 0.6388 Ac:  62.17 P:  62.4 R:  62.2 F1:  62.0 | time: 0.0464s
Epoch: 0014 | loss: 0.3327 Ac:  90.00 P:  90.0 R:  90.0 F1:  90.0 | loss: 0.6372 Ac:  63.20 P:  65.8 R:  63.2 F1:  61.6 | time: 0.1291s
                                                                  | loss: 0.6435 Ac:  62.63 P:  64.7 R:  62.6 F1:  61.3 | time: 0.0462s
Epoch: 0015 | loss: 0.3466 Ac:  85.00 P:  85.0 R:  85.0 F1:  85.0 | loss: 0.6423 Ac:  62.70 P:  65.9 R:  62.7 F1:  60.7 | time: 0.1321s
                                                                  | loss: 0.6491 Ac:  62.34 P:  64.8 R:  62.3 F1:  60.7 | time: 0.0464s
Epoch: 0016 | loss: 0.3666 Ac:  87.50 P:  87.6 R:  87.5 F1:  87.5 | loss: 0.6447 Ac:  62.60 P:  65.6 R:  62.6 F1:  60.7 | time: 0.1306s
                                                                  | loss: 0.6523 Ac:  62.37 P:  64.8 R:  62.4 F1:  60.8 | time: 0.0462s
Epoch: 0017 | loss: 0.2820 Ac:  90.00 P:  90.4 R:  90.0 F1:  90.0 | loss: 0.6460 Ac:  62.90 P:  65.8 R:  62.9 F1:  61.1 | time: 0.1317s
                                                                  | loss: 0.6548 Ac:  62.43 P:  64.6 R:  62.4 F1:  61.0 | time: 0.0466s
Epoch: 0018 | loss: 0.2393 Ac:  92.50 P:  92.6 R:  92.5 F1:  92.5 | loss: 0.6483 Ac:  63.10 P:  65.8 R:  63.1 F1:  61.4 | time: 0.1354s
                                                                  | loss: 0.6584 Ac:  62.49 P:  64.5 R:  62.5 F1:  61.1 | time: 0.0477s
Epoch: 0019 | loss: 0.2416 Ac:  92.50 P:  92.6 R:  92.5 F1:  92.5 | loss: 0.6538 Ac:  63.10 P:  65.9 R:  63.1 F1:  61.4 | time: 0.1355s
                                                                  | loss: 0.6650 Ac:  62.35 P:  64.4 R:  62.4 F1:  61.0 | time: 0.0480s
Epoch: 0020 | loss: 0.2105 Ac:  97.50 P:  97.6 R:  97.5 F1:  97.5 | loss: 0.6615 Ac:  63.30 P:  66.3 R:  63.3 F1:  61.5 | time: 0.1333s
                                                                  | loss: 0.6735 Ac:  62.38 P:  64.5 R:  62.4 F1:  61.0 | time: 0.0467s
Epoch: 0021 | loss: 0.1794 Ac:  95.00 P:  95.5 R:  95.0 F1:  95.0 | loss: 0.6642 Ac:  63.20 P:  65.8 R:  63.2 F1:  61.6 | time: 0.1298s
                                                                  | loss: 0.6775 Ac:  62.33 P:  64.2 R:  62.3 F1:  61.1 | time: 0.0463s
Epoch: 0022 | loss: 0.2148 Ac:  90.00 P:  90.0 R:  90.0 F1:  90.0 | loss: 0.6625 Ac:  62.70 P:  64.6 R:  62.7 F1:  61.5 | time: 0.1316s
                                                                  | loss: 0.6777 Ac:  62.57 P:  64.0 R:  62.6 F1:  61.6 | time: 0.0463s
Epoch: 0023 | loss: 0.2060 Ac:  95.00 P:  95.5 R:  95.0 F1:  95.0 | loss: 0.6664 Ac:  63.10 P:  64.8 R:  63.1 F1:  62.0 | time: 0.1301s
                                                                  | loss: 0.6830 Ac:  62.60 P:  63.9 R:  62.6 F1:  61.7 | time: 0.0466s
Epoch: 0024 | loss: 0.1795 Ac:  90.00 P:  90.0 R:  90.0 F1:  90.0 | loss: 0.6709 Ac:  63.10 P:  64.7 R:  63.1 F1:  62.1 | time: 0.1302s
                                                                  | loss: 0.6889 Ac:  62.65 P:  63.8 R:  62.6 F1:  61.8 | time: 0.0465s
Epoch: 0025 | loss: 0.1695 Ac:  92.50 P:  92.6 R:  92.5 F1:  92.5 | loss: 0.6767 Ac:  62.90 P:  64.4 R:  62.9 F1:  61.9 | time: 0.1307s
                                                                  | loss: 0.6958 Ac:  62.78 P:  63.9 R:  62.8 F1:  62.0 | time: 0.0462s
Epoch: 0026 | loss: 0.1368 Ac:  95.00 P:  95.0 R:  95.0 F1:  95.0 | loss: 0.6803 Ac:  63.40 P:  64.6 R:  63.4 F1:  62.6 | time: 0.1291s
                                                                  | loss: 0.7009 Ac:  62.87 P:  63.8 R:  62.9 F1:  62.3 | time: 0.0464s
Epoch: 0027 | loss: 0.1580 Ac:  95.00 P:  95.5 R:  95.0 F1:  95.0 | loss: 0.6798 Ac:  63.20 P:  64.1 R:  63.2 F1:  62.6 | time: 0.1356s
                                                                  | loss: 0.7027 Ac:  62.83 P:  63.4 R:  62.8 F1:  62.5 | time: 0.0468s
Epoch: 0028 | loss: 0.1562 Ac:  95.00 P:  95.5 R:  95.0 F1:  95.0 | loss: 0.6832 Ac:  64.20 P:  64.7 R:  64.2 F1:  63.9 | time: 0.1281s
                                                                  | loss: 0.7080 Ac:  63.11 P:  63.4 R:  63.1 F1:  62.9 | time: 0.0469s
Epoch: 0029 | loss: 0.1490 Ac:  92.50 P:  92.6 R:  92.5 F1:  92.5 | loss: 0.6875 Ac:  64.10 P:  64.4 R:  64.1 F1:  63.9 | time: 0.1364s
                                                                  | loss: 0.7146 Ac:  63.27 P:  63.4 R:  63.3 F1:  63.2 | time: 0.0536s
Epoch: 0030 | loss: 0.1142 Ac:  97.50 P:  97.6 R:  97.5 F1:  97.5 | loss: 0.6940 Ac:  64.30 P:  64.5 R:  64.3 F1:  64.2 | time: 0.1394s
                                                                  | loss: 0.7222 Ac:  63.33 P:  63.4 R:  63.3 F1:  63.2 | time: 0.0555s
Epoch: 0031 | loss: 0.1461 Ac:  95.00 P:  95.5 R:  95.0 F1:  95.0 | loss: 0.7011 Ac:  64.30 P:  64.6 R:  64.3 F1:  64.1 | time: 0.1401s
                                                                  | loss: 0.7298 Ac:  63.11 P:  63.3 R:  63.1 F1:  63.0 | time: 0.0505s
Epoch: 0032 | loss: 0.1145 Ac: 100.00 P: 100.0 R: 100.0 F1: 100.0 | loss: 0.7100 Ac:  63.60 P:  64.1 R:  63.6 F1:  63.2 | time: 0.1410s
                                                                  | loss: 0.7397 Ac:  62.66 P:  63.0 R:  62.7 F1:  62.4 | time: 0.0476s
Epoch: 0033 | loss: 0.1569 Ac:  92.50 P:  92.6 R:  92.5 F1:  92.5 | loss: 0.7190 Ac:  63.50 P:  64.2 R:  63.5 F1:  63.0 | time: 0.1339s
                                                                  | loss: 0.7508 Ac:  62.57 P:  62.9 R:  62.6 F1:  62.3 | time: 0.0531s
Epoch: 0034 | loss: 0.1311 Ac:  95.00 P:  95.0 R:  95.0 F1:  95.0 | loss: 0.7315 Ac:  63.40 P:  64.1 R:  63.4 F1:  62.9 | time: 0.1463s
                                                                  | loss: 0.7642 Ac:  62.44 P:  62.8 R:  62.4 F1:  62.2 | time: 0.0476s
Epoch: 0035 | loss: 0.0888 Ac: 100.00 P: 100.0 R: 100.0 F1: 100.0 | loss: 0.7500 Ac:  63.40 P:  64.1 R:  63.4 F1:  63.0 | time: 0.1402s
                                                                  | loss: 0.7817 Ac:  62.46 P:  62.8 R:  62.5 F1:  62.2 | time: 0.0472s
Epoch: 0036 | loss: 0.1065 Ac:  92.50 P:  92.6 R:  92.5 F1:  92.5 | loss: 0.7690 Ac:  63.30 P:  63.9 R:  63.3 F1:  62.9 | time: 0.1364s
                                                                  | loss: 0.8037 Ac:  62.41 P:  62.7 R:  62.4 F1:  62.2 | time: 0.0475s
Epoch: 0037 | loss: 0.0901 Ac:  95.00 P:  95.5 R:  95.0 F1:  95.0 | loss: 0.7978 Ac:  63.70 P:  64.1 R:  63.7 F1:  63.4 | time: 0.1325s
                                                                  | loss: 0.8429 Ac:  62.59 P:  62.8 R:  62.6 F1:  62.4 | time: 0.0462s
Epoch: 0038 | loss: 0.0788 Ac:  97.50 P:  97.6 R:  97.5 F1:  97.5 | loss: 0.8544 Ac:  64.50 P:  64.9 R:  64.5 F1:  64.3 | time: 0.1353s
                                                                  | loss: 0.9066 Ac:  62.71 P:  62.9 R:  62.7 F1:  62.6 | time: 0.0464s
Epoch: 0039 | loss: 0.1328 Ac:  90.00 P:  90.0 R:  90.0 F1:  90.0 | loss: 0.8914 Ac:  64.90 P:  65.2 R:  64.9 F1:  64.7 | time: 0.1440s
                                                                  | loss: 0.9456 Ac:  62.99 P:  63.1 R:  63.0 F1:  62.9 | time: 0.0483s
Epoch: 0040 | loss: 0.1112 Ac:  92.50 P:  92.6 R:  92.5 F1:  92.5 | loss: 0.9246 Ac:  65.40 P:  65.7 R:  65.4 F1:  65.2 | time: 0.1345s
                                                                  | loss: 0.9792 Ac:  62.94 P:  63.0 R:  62.9 F1:  62.9 | time: 0.0470s
Epoch: 0041 | loss: 0.1730 Ac:  87.50 P:  87.6 R:  87.5 F1:  87.5 | loss: 0.9060 Ac:  65.70 P:  65.8 R:  65.7 F1:  65.7 | time: 0.1377s
                                                                  | loss: 0.9634 Ac:  63.01 P:  63.0 R:  63.0 F1:  63.0 | time: 0.0470s
Epoch: 0042 | loss: 0.1081 Ac:  92.50 P:  92.6 R:  92.5 F1:  92.5 | loss: 0.8887 Ac:  64.40 P:  64.6 R:  64.4 F1:  64.3 | time: 0.1404s
                                                                  | loss: 0.9475 Ac:  61.62 P:  61.9 R:  61.6 F1:  61.4 | time: 0.0471s
Epoch: 0043 | loss: 0.1008 Ac:  97.50 P:  97.6 R:  97.5 F1:  97.5 | loss: 0.8798 Ac:  63.30 P:  63.6 R:  63.3 F1:  63.1 | time: 0.1401s
                                                                  | loss: 0.9395 Ac:  61.66 P:  62.1 R:  61.7 F1:  61.3 | time: 0.0471s
Epoch: 0044 | loss: 0.0889 Ac:  95.00 P:  95.0 R:  95.0 F1:  95.0 | loss: 0.8775 Ac:  63.30 P:  63.7 R:  63.3 F1:  63.0 | time: 0.1356s
                                                                  | loss: 0.9378 Ac:  61.50 P:  62.0 R:  61.5 F1:  61.1 | time: 0.0465s
Epoch: 0045 | loss: 0.0604 Ac: 100.00 P: 100.0 R: 100.0 F1: 100.0 | loss: 0.8841 Ac:  63.30 P:  63.7 R:  63.3 F1:  63.0 | time: 0.1341s
                                                                  | loss: 0.9446 Ac:  61.46 P:  62.0 R:  61.5 F1:  61.0 | time: 0.0468s
Epoch: 0046 | loss: 0.0902 Ac:  95.00 P:  95.5 R:  95.0 F1:  95.0 | loss: 0.8921 Ac:  63.50 P:  63.8 R:  63.5 F1:  63.3 | time: 0.1339s
                                                                  | loss: 0.9524 Ac:  61.51 P:  62.0 R:  61.5 F1:  61.1 | time: 0.0497s
Epoch: 0047 | loss: 0.1340 Ac:  95.00 P:  95.5 R:  95.0 F1:  95.0 | loss: 0.9054 Ac:  64.60 P:  64.6 R:  64.6 F1:  64.6 | time: 0.1407s
                                                                  | loss: 0.9648 Ac:  62.43 P:  62.5 R:  62.4 F1:  62.4 | time: 0.0464s
Epoch: 0048 | loss: 0.1429 Ac:  90.00 P:  90.0 R:  90.0 F1:  90.0 | loss: 0.9323 Ac:  65.10 P:  65.1 R:  65.1 F1:  65.1 | time: 0.1306s
                                                                  | loss: 0.9889 Ac:  62.69 P:  62.7 R:  62.7 F1:  62.7 | time: 0.0467s
Epoch: 0049 | loss: 0.0538 Ac:  97.50 P:  97.6 R:  97.5 F1:  97.5 | loss: 0.9647 Ac:  65.40 P:  65.5 R:  65.4 F1:  65.4 | time: 0.1306s
                                                                  | loss: 1.0188 Ac:  62.92 P:  62.9 R:  62.9 F1:  62.9 | time: 0.0464s
Epoch: 0050 | loss: 0.0895 Ac:  97.50 P:  97.6 R:  97.5 F1:  97.5 | loss: 0.9944 Ac:  65.00 P:  65.2 R:  65.0 F1:  64.9 | time: 0.1350s
                                                                  | loss: 1.0467 Ac:  62.41 P:  62.5 R:  62.4 F1:  62.3 | time: 0.0509s
Epoch: 0051 | loss: 0.1190 Ac:  95.00 P:  95.5 R:  95.0 F1:  95.0 | loss: 0.9700 Ac:  65.30 P:  65.4 R:  65.3 F1:  65.3 | time: 0.1324s
                                                                  | loss: 1.0236 Ac:  62.57 P:  62.6 R:  62.6 F1:  62.5 | time: 0.0471s
Epoch: 0052 | loss: 0.1090 Ac:  95.00 P:  95.5 R:  95.0 F1:  95.0 | loss: 0.9296 Ac:  64.00 P:  64.0 R:  64.0 F1:  64.0 | time: 0.1309s
                                                                  | loss: 0.9886 Ac:  62.40 P:  62.4 R:  62.4 F1:  62.4 | time: 0.0464s
Epoch: 0053 | loss: 0.1255 Ac:  95.00 P:  95.0 R:  95.0 F1:  95.0 | loss: 0.9055 Ac:  64.40 P:  64.4 R:  64.4 F1:  64.4 | time: 0.1320s
                                                                  | loss: 0.9655 Ac:  62.06 P:  62.2 R:  62.1 F1:  62.0 | time: 0.0465s
Epoch: 0054 | loss: 0.1322 Ac:  87.50 P:  87.6 R:  87.5 F1:  87.5 | loss: 0.9030 Ac:  62.20 P:  62.9 R:  62.2 F1:  61.7 | time: 0.1341s
                                                                  | loss: 0.9586 Ac:  60.95 P:  61.9 R:  60.9 F1:  60.2 | time: 0.0473s
Epoch: 0055 | loss: 0.1190 Ac:  95.00 P:  95.5 R:  95.0 F1:  95.0 | loss: 0.9050 Ac:  62.40 P:  63.2 R:  62.4 F1:  61.8 | time: 0.1307s
                                                                  | loss: 0.9565 Ac:  61.05 P:  62.1 R:  61.0 F1:  60.1 | time: 0.0475s
Epoch: 0056 | loss: 0.0937 Ac:  97.50 P:  97.6 R:  97.5 F1:  97.5 | loss: 0.9066 Ac:  62.30 P:  63.1 R:  62.3 F1:  61.7 | time: 0.1284s
                                                                  | loss: 0.9551 Ac:  60.90 P:  62.0 R:  60.9 F1:  60.0 | time: 0.0464s
Epoch: 0057 | loss: 0.1055 Ac:  92.50 P:  92.6 R:  92.5 F1:  92.5 | loss: 0.9071 Ac:  62.20 P:  63.0 R:  62.2 F1:  61.6 | time: 0.1338s
                                                                  | loss: 0.9543 Ac:  60.95 P:  62.0 R:  60.9 F1:  60.0 | time: 0.0461s
Epoch: 0058 | loss: 0.0553 Ac: 100.00 P: 100.0 R: 100.0 F1: 100.0 | loss: 0.9072 Ac:  62.30 P:  63.1 R:  62.3 F1:  61.7 | time: 0.1319s
                                                                  | loss: 0.9535 Ac:  61.02 P:  62.1 R:  61.0 F1:  60.2 | time: 0.0466s
Epoch: 0059 | loss: 0.1631 Ac:  87.50 P:  87.6 R:  87.5 F1:  87.5 | loss: 0.9032 Ac:  63.10 P:  63.6 R:  63.1 F1:  62.8 | time: 0.1291s
                                                                  | loss: 0.9488 Ac:  61.02 P:  61.8 R:  61.0 F1:  60.4 | time: 0.0465s
Epoch: 0060 | loss: 0.0970 Ac:  95.00 P:  95.5 R:  95.0 F1:  95.0 | loss: 0.9029 Ac:  63.20 P:  63.5 R:  63.2 F1:  63.0 | time: 0.1306s
                                                                  | loss: 0.9485 Ac:  61.19 P:  61.8 R:  61.2 F1:  60.7 | time: 0.0466s
Epoch: 0061 | loss: 0.1208 Ac:  92.50 P:  92.6 R:  92.5 F1:  92.5 | loss: 0.9058 Ac:  64.00 P:  64.0 R:  64.0 F1:  64.0 | time: 0.1339s
                                                                  | loss: 0.9546 Ac:  62.39 P:  62.5 R:  62.4 F1:  62.3 | time: 0.0465s
Epoch: 0062 | loss: 0.1485 Ac:  90.00 P:  90.0 R:  90.0 F1:  90.0 | loss: 0.9123 Ac:  63.80 P:  63.8 R:  63.8 F1:  63.8 | time: 0.1302s
                                                                  | loss: 0.9648 Ac:  62.30 P:  62.3 R:  62.3 F1:  62.3 | time: 0.0463s
Epoch: 0063 | loss: 0.0738 Ac:  97.50 P:  97.6 R:  97.5 F1:  97.5 | loss: 0.9288 Ac:  63.90 P:  64.0 R:  63.9 F1:  63.8 | time: 0.1320s
                                                                  | loss: 0.9836 Ac:  61.74 P:  61.8 R:  61.7 F1:  61.7 | time: 0.0465s
Epoch: 0064 | loss: 0.0627 Ac: 100.00 P: 100.0 R: 100.0 F1: 100.0 | loss: 0.9571 Ac:  63.40 P:  63.7 R:  63.4 F1:  63.2 | time: 0.1311s
                                                                  | loss: 1.0122 Ac:  61.72 P:  61.8 R:  61.7 F1:  61.6 | time: 0.0464s
Epoch: 0065 | loss: 0.0743 Ac:  97.50 P:  97.6 R:  97.5 F1:  97.5 | loss: 0.9970 Ac:  63.00 P:  63.4 R:  63.0 F1:  62.7 | time: 0.1341s
                                                                  | loss: 1.0484 Ac:  61.82 P:  62.1 R:  61.8 F1:  61.6 | time: 0.0470s
Epoch: 0066 | loss: 0.0936 Ac:  95.00 P:  95.5 R:  95.0 F1:  95.0 | loss: 1.0459 Ac:  62.10 P:  62.8 R:  62.1 F1:  61.6 | time: 0.1312s
                                                                  | loss: 1.0911 Ac:  61.86 P:  62.3 R:  61.9 F1:  61.5 | time: 0.0462s
Epoch: 0067 | loss: 0.1043 Ac:  90.00 P:  90.0 R:  90.0 F1:  90.0 | loss: 1.0902 Ac:  61.80 P:  62.7 R:  61.8 F1:  61.1 | time: 0.1312s
                                                                  | loss: 1.1317 Ac:  61.66 P:  62.4 R:  61.7 F1:  61.1 | time: 0.0462s
Epoch: 0068 | loss: 0.1175 Ac:  95.00 P:  95.5 R:  95.0 F1:  95.0 | loss: 1.1078 Ac:  61.90 P:  62.8 R:  61.9 F1:  61.2 | time: 0.1327s
                                                                  | loss: 1.1495 Ac:  61.63 P:  62.3 R:  61.6 F1:  61.1 | time: 0.0462s
Epoch: 0069 | loss: 0.1378 Ac:  97.50 P:  97.6 R:  97.5 F1:  97.5 | loss: 1.0843 Ac:  62.30 P:  63.1 R:  62.3 F1:  61.7 | time: 0.1289s
                                                                  | loss: 1.1270 Ac:  61.58 P:  62.1 R:  61.6 F1:  61.2 | time: 0.0464s
Epoch: 0070 | loss: 0.1243 Ac:  92.50 P:  92.6 R:  92.5 F1:  92.5 | loss: 1.0596 Ac:  62.30 P:  62.8 R:  62.3 F1:  61.9 | time: 0.1281s
                                                                  | loss: 1.1057 Ac:  61.76 P:  62.1 R:  61.8 F1:  61.5 | time: 0.0462s
Epoch: 0071 | loss: 0.1255 Ac:  92.50 P:  93.5 R:  92.5 F1:  92.5 | loss: 1.0461 Ac:  62.60 P:  63.1 R:  62.6 F1:  62.3 | time: 0.1325s
                                                                  | loss: 1.0948 Ac:  61.74 P:  62.1 R:  61.7 F1:  61.5 | time: 0.0464s
Epoch: 0072 | loss: 0.1114 Ac:  95.00 P:  95.0 R:  95.0 F1:  95.0 | loss: 1.0335 Ac:  62.60 P:  63.0 R:  62.6 F1:  62.3 | time: 0.1309s
                                                                  | loss: 1.0851 Ac:  61.80 P:  62.0 R:  61.8 F1:  61.6 | time: 0.0465s
Epoch: 0073 | loss: 0.1001 Ac:  95.00 P:  95.0 R:  95.0 F1:  95.0 | loss: 1.0244 Ac:  63.00 P:  63.4 R:  63.0 F1:  62.7 | time: 0.1306s
                                                                  | loss: 1.0779 Ac:  61.66 P:  61.9 R:  61.7 F1:  61.5 | time: 0.0464s
Epoch: 0074 | loss: 0.0994 Ac:  95.00 P:  95.5 R:  95.0 F1:  95.0 | loss: 0.9859 Ac:  63.50 P:  63.8 R:  63.5 F1:  63.3 | time: 0.1307s
                                                                  | loss: 1.0400 Ac:  61.63 P:  61.7 R:  61.6 F1:  61.5 | time: 0.0464s
Epoch: 0075 | loss: 0.1337 Ac:  92.50 P:  92.6 R:  92.5 F1:  92.5 | loss: 0.9663 Ac:  63.60 P:  63.8 R:  63.6 F1:  63.5 | time: 0.1319s
                                                                  | loss: 1.0161 Ac:  61.52 P:  61.6 R:  61.5 F1:  61.5 | time: 0.0470s
Epoch: 0076 | loss: 0.1261 Ac:  92.50 P:  92.6 R:  92.5 F1:  92.5 | loss: 0.9577 Ac:  63.70 P:  63.8 R:  63.7 F1:  63.6 | time: 0.1322s
                                                                  | loss: 1.0034 Ac:  61.65 P:  61.7 R:  61.7 F1:  61.6 | time: 0.0472s
Epoch: 0077 | loss: 0.1224 Ac:  92.50 P:  92.6 R:  92.5 F1:  92.5 | loss: 0.9559 Ac:  63.00 P:  63.0 R:  63.0 F1:  63.0 | time: 0.1318s
                                                                  | loss: 0.9992 Ac:  61.57 P:  61.6 R:  61.6 F1:  61.6 | time: 0.0471s
Epoch: 0078 | loss: 0.0963 Ac:  95.00 P:  95.5 R:  95.0 F1:  95.0 | loss: 0.9603 Ac:  63.60 P:  63.6 R:  63.6 F1:  63.6 | time: 0.1332s
                                                                  | loss: 1.0038 Ac:  61.70 P:  61.8 R:  61.7 F1:  61.7 | time: 0.0469s
Epoch: 0079 | loss: 0.1013 Ac:  95.00 P:  95.5 R:  95.0 F1:  95.0 | loss: 0.9721 Ac:  62.20 P:  62.3 R:  62.2 F1:  62.1 | time: 0.1325s
                                                                  | loss: 1.0159 Ac:  61.58 P:  61.8 R:  61.6 F1:  61.4 | time: 0.0468s
Epoch: 0080 | loss: 0.0827 Ac:  95.00 P:  95.5 R:  95.0 F1:  95.0 | loss: 0.9864 Ac:  62.30 P:  62.5 R:  62.3 F1:  62.1 | time: 0.1326s
                                                                  | loss: 1.0310 Ac:  61.41 P:  61.8 R:  61.4 F1:  61.1 | time: 0.0470s
Epoch: 0081 | loss: 0.1182 Ac:  90.00 P:  90.0 R:  90.0 F1:  90.0 | loss: 0.9966 Ac:  62.00 P:  63.0 R:  62.0 F1:  61.2 | time: 0.1319s
                                                                  | loss: 1.0418 Ac:  60.54 P:  61.8 R:  60.5 F1:  59.4 | time: 0.0469s
Epoch: 0082 | loss: 0.1097 Ac:  92.50 P:  92.6 R:  92.5 F1:  92.5 | loss: 1.0016 Ac:  62.10 P:  63.1 R:  62.1 F1:  61.4 | time: 0.1360s
                                                                  | loss: 1.0484 Ac:  60.51 P:  61.8 R:  60.5 F1:  59.4 | time: 0.0477s
Epoch: 0083 | loss: 0.1166 Ac:  92.50 P:  93.5 R:  92.5 F1:  92.5 | loss: 0.9959 Ac:  62.00 P:  62.2 R:  62.0 F1:  61.9 | time: 0.1324s
                                                                  | loss: 1.0437 Ac:  61.34 P:  61.7 R:  61.3 F1:  61.0 | time: 0.0475s
Epoch: 0084 | loss: 0.1220 Ac:  92.50 P:  93.5 R:  92.5 F1:  92.5 | loss: 0.9880 Ac:  62.80 P:  62.8 R:  62.8 F1:  62.8 | time: 0.1333s
                                                                  | loss: 1.0367 Ac:  61.46 P:  61.6 R:  61.5 F1:  61.4 | time: 0.0472s
Epoch: 0085 | loss: 0.0545 Ac: 100.00 P: 100.0 R: 100.0 F1: 100.0 | loss: 0.9912 Ac:  63.10 P:  63.1 R:  63.1 F1:  63.1 | time: 0.1323s
                                                                  | loss: 1.0430 Ac:  61.45 P:  61.5 R:  61.5 F1:  61.4 | time: 0.0469s
Epoch: 0086 | loss: 0.1253 Ac:  90.00 P:  90.0 R:  90.0 F1:  90.0 | loss: 1.0109 Ac:  63.10 P:  63.2 R:  63.1 F1:  63.0 | time: 0.1324s
                                                                  | loss: 1.0644 Ac:  61.44 P:  61.5 R:  61.4 F1:  61.4 | time: 0.0469s
Epoch: 0087 | loss: 0.0757 Ac:  95.00 P:  95.5 R:  95.0 F1:  95.0 | loss: 1.0469 Ac:  63.20 P:  63.5 R:  63.2 F1:  63.0 | time: 0.1323s
                                                                  | loss: 1.0991 Ac:  61.64 P:  61.8 R:  61.6 F1:  61.5 | time: 0.0471s
Epoch: 0088 | loss: 0.1137 Ac:  95.00 P:  95.5 R:  95.0 F1:  95.0 | loss: 1.0760 Ac:  62.90 P:  63.2 R:  62.9 F1:  62.7 | time: 0.1367s
                                                                  | loss: 1.1260 Ac:  61.47 P:  61.6 R:  61.5 F1:  61.3 | time: 0.0472s
Epoch: 0089 | loss: 0.0643 Ac:  97.50 P:  97.6 R:  97.5 F1:  97.5 | loss: 1.0982 Ac:  62.80 P:  63.2 R:  62.8 F1:  62.5 | time: 0.1342s
                                                                  | loss: 1.1453 Ac:  61.47 P:  61.7 R:  61.5 F1:  61.3 | time: 0.0477s
Epoch: 0090 | loss: 0.0719 Ac:  95.00 P:  95.0 R:  95.0 F1:  95.0 | loss: 1.1141 Ac:  62.80 P:  63.1 R:  62.8 F1:  62.6 | time: 0.1343s
                                                                  | loss: 1.1589 Ac:  61.47 P:  61.7 R:  61.5 F1:  61.3 | time: 0.0474s
Epoch: 0091 | loss: 0.1400 Ac:  95.00 P:  95.5 R:  95.0 F1:  95.0 | loss: 1.0931 Ac:  63.20 P:  63.4 R:  63.2 F1:  63.1 | time: 0.1353s
                                                                  | loss: 1.1425 Ac:  61.47 P:  61.5 R:  61.5 F1:  61.4 | time: 0.0472s
Epoch: 0092 | loss: 0.1046 Ac:  95.00 P:  95.5 R:  95.0 F1:  95.0 | loss: 1.0749 Ac:  62.90 P:  62.9 R:  62.9 F1:  62.9 | time: 0.1351s
                                                                  | loss: 1.1294 Ac:  61.37 P:  61.4 R:  61.4 F1:  61.4 | time: 0.0466s
Epoch: 0093 | loss: 0.0697 Ac:  97.50 P:  97.6 R:  97.5 F1:  97.5 | loss: 1.0665 Ac:  62.90 P:  62.9 R:  62.9 F1:  62.9 | time: 0.1349s
                                                                  | loss: 1.1253 Ac:  61.31 P:  61.4 R:  61.3 F1:  61.3 | time: 0.0471s
Epoch: 0094 | loss: 0.1218 Ac:  92.50 P:  92.6 R:  92.5 F1:  92.5 | loss: 1.0664 Ac:  62.00 P:  62.1 R:  62.0 F1:  61.9 | time: 0.1313s
                                                                  | loss: 1.1276 Ac:  61.07 P:  61.3 R:  61.1 F1:  60.9 | time: 0.0472s
Epoch: 0095 | loss: 0.1253 Ac:  90.00 P:  90.4 R:  90.0 F1:  90.0 | loss: 1.0691 Ac:  61.90 P:  62.1 R:  61.9 F1:  61.8 | time: 0.1332s
                                                                  | loss: 1.1313 Ac:  61.13 P:  61.4 R:  61.1 F1:  60.9 | time: 0.0461s
Epoch: 0096 | loss: 0.1157 Ac:  95.00 P:  95.5 R:  95.0 F1:  95.0 | loss: 1.0697 Ac:  61.90 P:  62.1 R:  61.9 F1:  61.8 | time: 0.1323s
                                                                  | loss: 1.1317 Ac:  61.13 P:  61.4 R:  61.1 F1:  60.9 | time: 0.0462s
Epoch: 0097 | loss: 0.0765 Ac:  97.50 P:  97.6 R:  97.5 F1:  97.5 | loss: 1.0711 Ac:  62.10 P:  62.3 R:  62.1 F1:  61.9 | time: 0.1308s
                                                                  | loss: 1.1333 Ac:  61.16 P:  61.5 R:  61.2 F1:  60.9 | time: 0.0474s
Epoch: 0098 | loss: 0.0616 Ac:  97.50 P:  97.6 R:  97.5 F1:  97.5 | loss: 1.0730 Ac:  62.10 P:  62.3 R:  62.1 F1:  61.9 | time: 0.1315s
                                                                  | loss: 1.1356 Ac:  61.14 P:  61.5 R:  61.1 F1:  60.8 | time: 0.0464s
Epoch: 0099 | loss: 0.0833 Ac:  95.00 P:  95.0 R:  95.0 F1:  95.0 | loss: 1.0739 Ac:  61.90 P:  62.2 R:  61.9 F1:  61.7 | time: 0.1342s
                                                                  | loss: 1.1364 Ac:  61.09 P:  61.5 R:  61.1 F1:  60.7 | time: 0.0464s
Epoch: 0100 | loss: 0.0852 Ac:  92.50 P:  92.6 R:  92.5 F1:  92.5 | loss: 1.0723 Ac:  62.00 P:  62.2 R:  62.0 F1:  61.8 | time: 0.1308s
                                                                  | loss: 1.1341 Ac:  61.12 P:  61.5 R:  61.1 F1:  60.8 | time: 0.0466s
Epoch: 0101 | loss: 0.0882 Ac:  95.00 P:  95.0 R:  95.0 F1:  95.0 | loss: 1.0716 Ac:  61.90 P:  62.1 R:  61.9 F1:  61.7 | time: 0.1309s
                                                                  | loss: 1.1330 Ac:  61.12 P:  61.5 R:  61.1 F1:  60.8 | time: 0.0466s
Epoch: 0102 | loss: 0.1040 Ac:  92.50 P:  92.6 R:  92.5 F1:  92.5 | loss: 1.0716 Ac:  62.00 P:  62.2 R:  62.0 F1:  61.8 | time: 0.1319s
                                                                  | loss: 1.1323 Ac:  61.09 P:  61.4 R:  61.1 F1:  60.8 | time: 0.0464s
Epoch: 0103 | loss: 0.0853 Ac:  95.00 P:  95.0 R:  95.0 F1:  95.0 | loss: 1.0737 Ac:  62.10 P:  62.3 R:  62.1 F1:  62.0 | time: 0.1299s
                                                                  | loss: 1.1335 Ac:  60.95 P:  61.2 R:  60.9 F1:  60.7 | time: 0.0466s
Epoch: 0104 | loss: 0.0785 Ac:  97.50 P:  97.6 R:  97.5 F1:  97.5 | loss: 1.0780 Ac:  62.30 P:  62.4 R:  62.3 F1:  62.2 | time: 0.1319s
                                                                  | loss: 1.1365 Ac:  60.96 P:  61.1 R:  61.0 F1:  60.8 | time: 0.0464s
Epoch: 0105 | loss: 0.1239 Ac:  92.50 P:  92.6 R:  92.5 F1:  92.5 | loss: 1.0833 Ac:  62.60 P:  62.7 R:  62.6 F1:  62.6 | time: 0.1327s
                                                                  | loss: 1.1406 Ac:  61.03 P:  61.1 R:  61.0 F1:  60.9 | time: 0.0467s
Epoch: 0106 | loss: 0.1231 Ac:  92.50 P:  92.6 R:  92.5 F1:  92.5 | loss: 1.0893 Ac:  62.40 P:  62.4 R:  62.4 F1:  62.4 | time: 0.1330s
                                                                  | loss: 1.1455 Ac:  61.14 P:  61.2 R:  61.1 F1:  61.1 | time: 0.0462s
Epoch: 0107 | loss: 0.1021 Ac:  92.50 P:  92.6 R:  92.5 F1:  92.5 | loss: 1.0947 Ac:  62.30 P:  62.3 R:  62.3 F1:  62.3 | time: 0.1300s
                                                                  | loss: 1.1502 Ac:  61.10 P:  61.2 R:  61.1 F1:  61.0 | time: 0.0461s
Epoch: 0108 | loss: 0.0572 Ac:  97.50 P:  97.6 R:  97.5 F1:  97.5 | loss: 1.1014 Ac:  62.80 P:  62.8 R:  62.8 F1:  62.8 | time: 0.1322s
                                                                  | loss: 1.1558 Ac:  61.19 P:  61.2 R:  61.2 F1:  61.2 | time: 0.0465s
Epoch: 0109 | loss: 0.1126 Ac:  95.00 P:  95.0 R:  95.0 F1:  95.0 | loss: 1.0872 Ac:  62.90 P:  62.9 R:  62.9 F1:  62.9 | time: 0.1309s
                                                                  | loss: 1.1415 Ac:  61.19 P:  61.2 R:  61.2 F1:  61.2 | time: 0.0464s
Epoch: 0110 | loss: 0.1022 Ac:  95.00 P:  95.5 R:  95.0 F1:  95.0 | loss: 1.0771 Ac:  63.10 P:  63.1 R:  63.1 F1:  63.1 | time: 0.1433s
                                                                  | loss: 1.1302 Ac:  61.27 P:  61.3 R:  61.3 F1:  61.3 | time: 0.0476s
Epoch: 0111 | loss: 0.1338 Ac:  90.00 P:  90.4 R:  90.0 F1:  90.0 | loss: 1.0701 Ac:  63.40 P:  63.4 R:  63.4 F1:  63.4 | time: 0.1351s
                                                                  | loss: 1.1216 Ac:  61.21 P:  61.2 R:  61.2 F1:  61.2 | time: 0.0489s
Epoch: 0112 | loss: 0.0787 Ac:  97.50 P:  97.6 R:  97.5 F1:  97.5 | loss: 1.0643 Ac:  63.30 P:  63.3 R:  63.3 F1:  63.3 | time: 0.1345s
                                                                  | loss: 1.1145 Ac:  61.17 P:  61.2 R:  61.2 F1:  61.2 | time: 0.0474s
Epoch: 0113 | loss: 0.1141 Ac:  95.00 P:  95.5 R:  95.0 F1:  95.0 | loss: 1.0559 Ac:  63.30 P:  63.3 R:  63.3 F1:  63.3 | time: 0.1318s
                                                                  | loss: 1.1055 Ac:  61.17 P:  61.2 R:  61.2 F1:  61.2 | time: 0.0463s
Epoch: 0114 | loss: 0.0825 Ac:  95.00 P:  95.0 R:  95.0 F1:  95.0 | loss: 1.0497 Ac:  63.40 P:  63.4 R:  63.4 F1:  63.4 | time: 0.1329s
                                                                  | loss: 1.0981 Ac:  61.22 P:  61.2 R:  61.2 F1:  61.2 | time: 0.0464s
Epoch: 0115 | loss: 0.1429 Ac:  95.00 P:  95.5 R:  95.0 F1:  95.0 | loss: 1.0437 Ac:  63.20 P:  63.2 R:  63.2 F1:  63.2 | time: 0.1326s
                                                                  | loss: 1.0924 Ac:  61.22 P:  61.2 R:  61.2 F1:  61.2 | time: 0.0467s
Epoch: 0116 | loss: 0.1504 Ac:  95.00 P:  95.5 R:  95.0 F1:  95.0 | loss: 1.0441 Ac:  61.70 P:  61.7 R:  61.7 F1:  61.7 | time: 0.1324s
                                                                  | loss: 1.0932 Ac:  60.97 P:  61.1 R:  61.0 F1:  60.9 | time: 0.0465s
Epoch: 0117 | loss: 0.0907 Ac:  95.00 P:  95.0 R:  95.0 F1:  95.0 | loss: 1.0526 Ac:  62.10 P:  62.3 R:  62.1 F1:  61.9 | time: 0.1345s
                                                                  | loss: 1.1032 Ac:  60.93 P:  61.3 R:  60.9 F1:  60.6 | time: 0.0462s
Epoch: 0118 | loss: 0.1043 Ac:  92.50 P:  92.6 R:  92.5 F1:  92.5 | loss: 1.0636 Ac:  61.60 P:  62.0 R:  61.6 F1:  61.3 | time: 0.1329s
                                                                  | loss: 1.1148 Ac:  60.58 P:  61.1 R:  60.6 F1:  60.1 | time: 0.0466s
Epoch: 0119 | loss: 0.0925 Ac:  92.50 P:  92.6 R:  92.5 F1:  92.5 | loss: 1.0751 Ac:  62.30 P:  62.9 R:  62.3 F1:  61.9 | time: 0.1320s
                                                                  | loss: 1.1257 Ac:  60.69 P:  61.4 R:  60.7 F1:  60.0 | time: 0.0462s
Epoch: 0120 | loss: 0.1245 Ac:  92.50 P:  92.6 R:  92.5 F1:  92.5 | loss: 1.0794 Ac:  61.30 P:  62.0 R:  61.3 F1:  60.7 | time: 0.1339s
                                                                  | loss: 1.1291 Ac:  60.52 P:  61.3 R:  60.5 F1:  59.8 | time: 0.0463s
Epoch: 0121 | loss: 0.0942 Ac:  95.00 P:  95.5 R:  95.0 F1:  95.0 | loss: 1.0796 Ac:  61.60 P:  62.0 R:  61.6 F1:  61.3 | time: 0.1322s
                                                                  | loss: 1.1348 Ac:  60.50 P:  61.0 R:  60.5 F1:  60.1 | time: 0.0485s
Epoch: 0122 | loss: 0.0975 Ac:  95.00 P:  95.0 R:  95.0 F1:  95.0 | loss: 1.1004 Ac:  62.20 P:  62.4 R:  62.2 F1:  62.0 | time: 0.1322s
                                                                  | loss: 1.1572 Ac:  60.69 P:  61.0 R:  60.7 F1:  60.4 | time: 0.0463s
Epoch: 0123 | loss: 0.0868 Ac:  95.00 P:  95.5 R:  95.0 F1:  95.0 | loss: 1.1352 Ac:  62.30 P:  62.4 R:  62.3 F1:  62.2 | time: 0.1347s
                                                                  | loss: 1.1913 Ac:  60.71 P:  60.9 R:  60.7 F1:  60.5 | time: 0.0462s
Epoch: 0124 | loss: 0.0782 Ac:  95.00 P:  95.0 R:  95.0 F1:  95.0 | loss: 1.1628 Ac:  62.50 P:  62.6 R:  62.5 F1:  62.5 | time: 0.1318s
                                                                  | loss: 1.2148 Ac:  60.81 P:  61.0 R:  60.8 F1:  60.7 | time: 0.0487s
Epoch: 0125 | loss: 0.0878 Ac:  95.00 P:  95.0 R:  95.0 F1:  95.0 | loss: 1.1798 Ac:  63.00 P:  63.0 R:  63.0 F1:  63.0 | time: 0.1325s
                                                                  | loss: 1.2297 Ac:  61.08 P:  61.2 R:  61.1 F1:  61.0 | time: 0.0462s
Epoch: 0126 | loss: 0.1499 Ac:  92.50 P:  92.6 R:  92.5 F1:  92.5 | loss: 1.1929 Ac:  63.00 P:  63.0 R:  63.0 F1:  63.0 | time: 0.1345s
                                                                  | loss: 1.2423 Ac:  61.09 P:  61.1 R:  61.1 F1:  61.1 | time: 0.0463s
Epoch: 0127 | loss: 0.0589 Ac: 100.00 P: 100.0 R: 100.0 F1: 100.0 | loss: 1.2038 Ac:  62.60 P:  62.6 R:  62.6 F1:  62.6 | time: 0.1324s
                                                                  | loss: 1.2536 Ac:  61.24 P:  61.2 R:  61.2 F1:  61.2 | time: 0.0464s
Epoch: 0128 | loss: 0.1181 Ac:  90.00 P:  90.4 R:  90.0 F1:  90.0 | loss: 1.1944 Ac:  63.00 P:  63.0 R:  63.0 F1:  63.0 | time: 0.1390s
                                                                  | loss: 1.2443 Ac:  61.06 P:  61.1 R:  61.1 F1:  61.0 | time: 0.0475s
Epoch: 0129 | loss: 0.0741 Ac:  95.00 P:  95.5 R:  95.0 F1:  95.0 | loss: 1.1867 Ac:  63.20 P:  63.2 R:  63.2 F1:  63.2 | time: 0.1308s
                                                                  | loss: 1.2376 Ac:  61.05 P:  61.2 R:  61.0 F1:  61.0 | time: 0.0462s
Epoch: 0130 | loss: 0.0830 Ac:  95.00 P:  95.5 R:  95.0 F1:  95.0 | loss: 1.1837 Ac:  63.00 P:  63.1 R:  63.0 F1:  62.9 | time: 0.1324s
                                                                  | loss: 1.2351 Ac:  61.00 P:  61.2 R:  61.0 F1:  60.8 | time: 0.0508s
Epoch: 0131 | loss: 0.1439 Ac:  92.50 P:  93.5 R:  92.5 F1:  92.5 | loss: 1.1763 Ac:  61.80 P:  62.2 R:  61.8 F1:  61.5 | time: 0.1345s
                                                                  | loss: 1.2315 Ac:  60.87 P:  61.4 R:  60.9 F1:  60.4 | time: 0.0468s
Epoch: 0132 | loss: 0.0694 Ac:  97.50 P:  97.6 R:  97.5 F1:  97.5 | loss: 1.1685 Ac:  60.70 P:  61.3 R:  60.7 F1:  60.1 | time: 0.1350s
                                                                  | loss: 1.2287 Ac:  60.26 P:  61.0 R:  60.3 F1:  59.5 | time: 0.0462s
Epoch: 0133 | loss: 0.1027 Ac:  97.50 P:  97.6 R:  97.5 F1:  97.5 | loss: 1.1654 Ac:  60.20 P:  62.1 R:  60.2 F1:  58.6 | time: 0.1365s
                                                                  | loss: 1.2271 Ac:  58.81 P:  61.0 R:  58.8 F1:  56.7 | time: 0.0478s
Epoch: 0134 | loss: 0.0834 Ac:  95.00 P:  95.5 R:  95.0 F1:  95.0 | loss: 1.1639 Ac:  59.80 P:  62.3 R:  59.8 F1:  57.7 | time: 0.1348s
                                                                  | loss: 1.2255 Ac:  58.28 P:  60.9 R:  58.3 F1:  55.7 | time: 0.0469s
Epoch: 0135 | loss: 0.0821 Ac:  92.50 P:  92.6 R:  92.5 F1:  92.5 | loss: 1.1726 Ac:  59.70 P:  62.4 R:  59.7 F1:  57.4 | time: 0.1328s
                                                                  | loss: 1.2332 Ac:  57.86 P:  60.6 R:  57.9 F1:  54.9 | time: 0.0465s
Epoch: 0136 | loss: 0.0805 Ac:  97.50 P:  97.6 R:  97.5 F1:  97.5 | loss: 1.1744 Ac:  59.50 P:  62.2 R:  59.5 F1:  57.1 | time: 0.1337s
                                                                  | loss: 1.2340 Ac:  57.71 P:  60.6 R:  57.7 F1:  54.7 | time: 0.0511s
Epoch: 0137 | loss: 0.1121 Ac:  92.50 P:  92.6 R:  92.5 F1:  92.5 | loss: 1.1669 Ac:  59.90 P:  62.6 R:  59.9 F1:  57.6 | time: 0.1331s
                                                                  | loss: 1.2249 Ac:  57.96 P:  60.7 R:  58.0 F1:  55.0 | time: 0.0466s
Epoch: 0138 | loss: 0.0893 Ac:  95.00 P:  95.0 R:  95.0 F1:  95.0 | loss: 1.1525 Ac:  59.80 P:  62.0 R:  59.8 F1:  57.8 | time: 0.1352s
                                                                  | loss: 1.2085 Ac:  58.55 P:  61.1 R:  58.5 F1:  56.0 | time: 0.0519s
Epoch: 0139 | loss: 0.1010 Ac:  95.00 P:  95.5 R:  95.0 F1:  95.0 | loss: 1.1308 Ac:  61.10 P:  62.0 R:  61.1 F1:  60.4 | time: 0.1347s
                                                                  | loss: 1.1845 Ac:  59.91 P:  60.9 R:  59.9 F1:  59.0 | time: 0.0473s
Epoch: 0140 | loss: 0.1425 Ac:  90.00 P:  90.4 R:  90.0 F1:  90.0 | loss: 1.1063 Ac:  61.00 P:  61.5 R:  61.0 F1:  60.6 | time: 0.1374s
                                                                  | loss: 1.1572 Ac:  60.47 P:  61.1 R:  60.5 F1:  59.9 | time: 0.0465s
Epoch: 0141 | loss: 0.0976 Ac:  95.00 P:  95.0 R:  95.0 F1:  95.0 | loss: 1.0901 Ac:  61.80 P:  61.9 R:  61.8 F1:  61.7 | time: 0.1291s
                                                                  | loss: 1.1382 Ac:  60.49 P:  60.8 R:  60.5 F1:  60.2 | time: 0.0473s
Epoch: 0142 | loss: 0.1076 Ac:  92.50 P:  92.6 R:  92.5 F1:  92.5 | loss: 1.0811 Ac:  62.30 P:  62.3 R:  62.3 F1:  62.3 | time: 0.1312s
                                                                  | loss: 1.1266 Ac:  60.74 P:  60.8 R:  60.7 F1:  60.6 | time: 0.0471s
Epoch: 0143 | loss: 0.1227 Ac:  97.50 P:  97.6 R:  97.5 F1:  97.5 | loss: 1.0670 Ac:  62.40 P:  62.4 R:  62.4 F1:  62.4 | time: 0.1288s
                                                                  | loss: 1.1084 Ac:  60.78 P:  60.8 R:  60.8 F1:  60.7 | time: 0.0464s
Epoch: 0144 | loss: 0.1317 Ac:  95.00 P:  95.5 R:  95.0 F1:  95.0 | loss: 1.0563 Ac:  62.40 P:  62.4 R:  62.4 F1:  62.4 | time: 0.1295s
                                                                  | loss: 1.0944 Ac:  60.95 P:  61.0 R:  60.9 F1:  60.9 | time: 0.0471s
Epoch: 0145 | loss: 0.1080 Ac:  90.00 P:  90.0 R:  90.0 F1:  90.0 | loss: 1.0499 Ac:  62.40 P:  62.4 R:  62.4 F1:  62.4 | time: 0.1332s
                                                                  | loss: 1.0862 Ac:  61.02 P:  61.1 R:  61.0 F1:  61.0 | time: 0.0518s
Epoch: 0146 | loss: 0.1713 Ac:  90.00 P:  90.0 R:  90.0 F1:  90.0 | loss: 1.0415 Ac:  62.90 P:  62.9 R:  62.9 F1:  62.9 | time: 0.1365s
                                                                  | loss: 1.0759 Ac:  61.18 P:  61.2 R:  61.2 F1:  61.2 | time: 0.0575s
Epoch: 0147 | loss: 0.0919 Ac:  95.00 P:  95.0 R:  95.0 F1:  95.0 | loss: 1.0353 Ac:  62.50 P:  62.5 R:  62.5 F1:  62.5 | time: 0.1380s
                                                                  | loss: 1.0682 Ac:  61.21 P:  61.2 R:  61.2 F1:  61.2 | time: 0.0463s
Epoch: 0148 | loss: 0.0801 Ac:  97.50 P:  97.6 R:  97.5 F1:  97.5 | loss: 1.0297 Ac:  62.30 P:  62.3 R:  62.3 F1:  62.3 | time: 0.1359s
                                                                  | loss: 1.0616 Ac:  61.37 P:  61.4 R:  61.4 F1:  61.4 | time: 0.0470s
Epoch: 0149 | loss: 0.1337 Ac:  95.00 P:  95.5 R:  95.0 F1:  95.0 | loss: 1.0238 Ac:  62.50 P:  62.5 R:  62.5 F1:  62.5 | time: 0.1357s
                                                                  | loss: 1.0562 Ac:  61.34 P:  61.3 R:  61.3 F1:  61.3 | time: 0.0512s
Epoch: 0150 | loss: 0.1227 Ac:  95.00 P:  95.5 R:  95.0 F1:  95.0 | loss: 1.0188 Ac:  62.00 P:  62.0 R:  62.0 F1:  62.0 | time: 0.1326s
                                                                  | loss: 1.0536 Ac:  61.02 P:  61.0 R:  61.0 F1:  61.0 | time: 0.0463s
Epoch: 0151 | loss: 0.1142 Ac:  97.50 P:  97.6 R:  97.5 F1:  97.5 | loss: 1.0179 Ac:  62.30 P:  62.3 R:  62.3 F1:  62.3 | time: 0.1317s
                                                                  | loss: 1.0543 Ac:  60.99 P:  61.1 R:  61.0 F1:  60.9 | time: 0.0509s
Epoch: 0152 | loss: 0.0807 Ac:  95.00 P:  95.0 R:  95.0 F1:  95.0 | loss: 1.0187 Ac:  62.20 P:  62.3 R:  62.2 F1:  62.2 | time: 0.1322s
                                                                  | loss: 1.0556 Ac:  60.83 P:  61.0 R:  60.8 F1:  60.7 | time: 0.0462s
Epoch: 0153 | loss: 0.0898 Ac:  97.50 P:  97.6 R:  97.5 F1:  97.5 | loss: 1.0194 Ac:  62.40 P:  62.5 R:  62.4 F1:  62.3 | time: 0.1325s
                                                                  | loss: 1.0561 Ac:  60.79 P:  61.0 R:  60.8 F1:  60.6 | time: 0.0477s
Epoch: 0154 | loss: 0.0916 Ac:  95.00 P:  95.5 R:  95.0 F1:  95.0 | loss: 1.0216 Ac:  62.60 P:  62.7 R:  62.6 F1:  62.5 | time: 0.1321s
                                                                  | loss: 1.0583 Ac:  60.81 P:  61.1 R:  60.8 F1:  60.6 | time: 0.0466s
Epoch: 0155 | loss: 0.0818 Ac:  97.50 P:  97.6 R:  97.5 F1:  97.5 | loss: 1.0221 Ac:  62.00 P:  62.1 R:  62.0 F1:  61.9 | time: 0.1342s
                                                                  | loss: 1.0586 Ac:  60.75 P:  61.0 R:  60.7 F1:  60.5 | time: 0.0494s
Epoch: 0156 | loss: 0.0815 Ac:  92.50 P:  92.6 R:  92.5 F1:  92.5 | loss: 1.0232 Ac:  61.50 P:  61.7 R:  61.5 F1:  61.4 | time: 0.1291s
                                                                  | loss: 1.0595 Ac:  60.65 P:  60.9 R:  60.6 F1:  60.4 | time: 0.0469s
Epoch: 0157 | loss: 0.1513 Ac:  95.00 P:  95.5 R:  95.0 F1:  95.0 | loss: 1.0287 Ac:  61.50 P:  61.7 R:  61.5 F1:  61.3 | time: 0.1292s
                                                                  | loss: 1.0654 Ac:  60.83 P:  61.2 R:  60.8 F1:  60.5 | time: 0.0464s
Epoch: 0158 | loss: 0.0993 Ac:  97.50 P:  97.6 R:  97.5 F1:  97.5 | loss: 1.0365 Ac:  61.50 P:  61.9 R:  61.5 F1:  61.2 | time: 0.1284s
                                                                  | loss: 1.0734 Ac:  60.66 P:  61.2 R:  60.7 F1:  60.2 | time: 0.0464s
Epoch: 0159 | loss: 0.1280 Ac:  92.50 P:  92.6 R:  92.5 F1:  92.5 | loss: 1.0406 Ac:  61.50 P:  61.9 R:  61.5 F1:  61.2 | time: 0.1325s
                                                                  | loss: 1.0776 Ac:  60.52 P:  61.1 R:  60.5 F1:  60.0 | time: 0.0462s
Epoch: 0160 | loss: 0.1090 Ac:  90.00 P:  90.0 R:  90.0 F1:  90.0 | loss: 1.0424 Ac:  61.50 P:  61.9 R:  61.5 F1:  61.2 | time: 0.1326s
                                                                  | loss: 1.0792 Ac:  60.77 P:  61.4 R:  60.8 F1:  60.2 | time: 0.0481s
Epoch: 0161 | loss: 0.1406 Ac:  90.00 P:  90.4 R:  90.0 F1:  90.0 | loss: 1.0384 Ac:  61.40 P:  61.8 R:  61.4 F1:  61.1 | time: 0.1443s
                                                                  | loss: 1.0747 Ac:  60.58 P:  61.1 R:  60.6 F1:  60.1 | time: 0.0471s
Epoch: 0162 | loss: 0.0496 Ac: 100.00 P: 100.0 R: 100.0 F1: 100.0 | loss: 1.0353 Ac:  61.00 P:  61.3 R:  61.0 F1:  60.8 | time: 0.1307s
                                                                  | loss: 1.0710 Ac:  60.44 P:  60.8 R:  60.4 F1:  60.1 | time: 0.0461s
Epoch: 0163 | loss: 0.1273 Ac:  90.00 P:  90.0 R:  90.0 F1:  90.0 | loss: 1.0324 Ac:  61.70 P:  61.9 R:  61.7 F1:  61.6 | time: 0.1319s
                                                                  | loss: 1.0672 Ac:  60.70 P:  61.0 R:  60.7 F1:  60.4 | time: 0.0471s
Epoch: 0164 | loss: 0.0613 Ac:  95.00 P:  95.0 R:  95.0 F1:  95.0 | loss: 1.0303 Ac:  62.30 P:  62.4 R:  62.3 F1:  62.2 | time: 0.1336s
                                                                  | loss: 1.0644 Ac:  61.02 P:  61.3 R:  61.0 F1:  60.8 | time: 0.0464s
Epoch: 0165 | loss: 0.0815 Ac:  92.50 P:  92.6 R:  92.5 F1:  92.5 | loss: 1.0289 Ac:  62.10 P:  62.2 R:  62.1 F1:  62.0 | time: 0.1281s
                                                                  | loss: 1.0620 Ac:  61.08 P:  61.3 R:  61.1 F1:  60.9 | time: 0.0461s
Epoch: 0166 | loss: 0.0852 Ac:  97.50 P:  97.6 R:  97.5 F1:  97.5 | loss: 1.0284 Ac:  62.60 P:  62.6 R:  62.6 F1:  62.6 | time: 0.1308s
                                                                  | loss: 1.0594 Ac:  61.02 P:  61.1 R:  61.0 F1:  60.9 | time: 0.0464s
Epoch: 0167 | loss: 0.1183 Ac:  95.00 P:  95.0 R:  95.0 F1:  95.0 | loss: 1.0293 Ac:  62.30 P:  62.3 R:  62.3 F1:  62.3 | time: 0.1328s
                                                                  | loss: 1.0572 Ac:  61.02 P:  61.0 R:  61.0 F1:  61.0 | time: 0.0471s
Epoch: 0168 | loss: 0.1451 Ac:  95.00 P:  95.5 R:  95.0 F1:  95.0 | loss: 1.0325 Ac:  62.30 P:  62.3 R:  62.3 F1:  62.3 | time: 0.1429s
                                                                  | loss: 1.0600 Ac:  61.00 P:  61.0 R:  61.0 F1:  61.0 | time: 0.0490s
Epoch: 0169 | loss: 0.0787 Ac:  95.00 P:  95.0 R:  95.0 F1:  95.0 | loss: 1.0353 Ac:  62.30 P:  62.3 R:  62.3 F1:  62.3 | time: 0.1300s
                                                                  | loss: 1.0620 Ac:  61.12 P:  61.1 R:  61.1 F1:  61.1 | time: 0.0465s
Epoch: 0170 | loss: 0.0663 Ac:  95.00 P:  95.5 R:  95.0 F1:  95.0 | loss: 1.0390 Ac:  62.20 P:  62.2 R:  62.2 F1:  62.2 | time: 0.1298s
                                                                  | loss: 1.0652 Ac:  61.12 P:  61.1 R:  61.1 F1:  61.1 | time: 0.0467s
Epoch: 0171 | loss: 0.0453 Ac: 100.00 P: 100.0 R: 100.0 F1: 100.0 | loss: 1.0449 Ac:  62.40 P:  62.4 R:  62.4 F1:  62.4 | time: 0.1282s
                                                                  | loss: 1.0705 Ac:  61.08 P:  61.1 R:  61.1 F1:  61.1 | time: 0.0488s
Epoch: 0172 | loss: 0.0753 Ac:  95.00 P:  95.5 R:  95.0 F1:  95.0 | loss: 1.0517 Ac:  62.70 P:  62.7 R:  62.7 F1:  62.7 | time: 0.1326s
                                                                  | loss: 1.0779 Ac:  60.95 P:  61.0 R:  60.9 F1:  60.9 | time: 0.0472s
Epoch: 0173 | loss: 0.0938 Ac:  95.00 P:  95.0 R:  95.0 F1:  95.0 | loss: 1.0602 Ac:  62.50 P:  62.5 R:  62.5 F1:  62.5 | time: 0.1285s
                                                                  | loss: 1.0865 Ac:  60.99 P:  61.1 R:  61.0 F1:  60.9 | time: 0.0465s
Epoch: 0174 | loss: 0.0846 Ac:  95.00 P:  95.5 R:  95.0 F1:  95.0 | loss: 1.0658 Ac:  62.50 P:  62.5 R:  62.5 F1:  62.5 | time: 0.1310s
                                                                  | loss: 1.0916 Ac:  61.03 P:  61.1 R:  61.0 F1:  60.9 | time: 0.0471s
Epoch: 0175 | loss: 0.0955 Ac:  95.00 P:  95.5 R:  95.0 F1:  95.0 | loss: 1.0731 Ac:  62.40 P:  62.5 R:  62.4 F1:  62.4 | time: 0.1339s
                                                                  | loss: 1.0995 Ac:  61.23 P:  61.4 R:  61.2 F1:  61.1 | time: 0.0472s
Epoch: 0176 | loss: 0.0862 Ac:  95.00 P:  95.0 R:  95.0 F1:  95.0 | loss: 1.0798 Ac:  62.50 P:  62.6 R:  62.5 F1:  62.4 | time: 0.1303s
                                                                  | loss: 1.1067 Ac:  61.27 P:  61.4 R:  61.3 F1:  61.1 | time: 0.0489s
Epoch: 0177 | loss: 0.1007 Ac:  92.50 P:  92.6 R:  92.5 F1:  92.5 | loss: 1.0850 Ac:  62.50 P:  62.5 R:  62.5 F1:  62.5 | time: 0.1304s
                                                                  | loss: 1.1121 Ac:  61.08 P:  61.2 R:  61.1 F1:  61.0 | time: 0.0462s
Epoch: 0178 | loss: 0.1264 Ac:  95.00 P:  95.5 R:  95.0 F1:  95.0 | loss: 1.0886 Ac:  62.40 P:  62.4 R:  62.4 F1:  62.4 | time: 0.1312s
                                                                  | loss: 1.1158 Ac:  60.95 P:  61.1 R:  60.9 F1:  60.8 | time: 0.0466s
Epoch: 0179 | loss: 0.0872 Ac:  92.50 P:  92.6 R:  92.5 F1:  92.5 | loss: 1.0902 Ac:  62.80 P:  62.9 R:  62.8 F1:  62.8 | time: 0.1325s
                                                                  | loss: 1.1172 Ac:  61.08 P:  61.2 R:  61.1 F1:  61.0 | time: 0.0465s
Epoch: 0180 | loss: 0.1008 Ac:  95.00 P:  95.5 R:  95.0 F1:  95.0 | loss: 1.0936 Ac:  62.00 P:  62.1 R:  62.0 F1:  61.9 | time: 0.1316s
                                                                  | loss: 1.1207 Ac:  60.89 P:  61.1 R:  60.9 F1:  60.7 | time: 0.0470s
Epoch: 0181 | loss: 0.1070 Ac:  92.50 P:  92.6 R:  92.5 F1:  92.5 | loss: 1.0943 Ac:  62.10 P:  62.2 R:  62.1 F1:  62.0 | time: 0.1293s
                                                                  | loss: 1.1217 Ac:  60.95 P:  61.2 R:  60.9 F1:  60.8 | time: 0.0482s
Epoch: 0182 | loss: 0.0800 Ac:  92.50 P:  92.6 R:  92.5 F1:  92.5 | loss: 1.0976 Ac:  62.00 P:  62.2 R:  62.0 F1:  61.9 | time: 0.1289s
                                                                  | loss: 1.1255 Ac:  60.87 P:  61.1 R:  60.9 F1:  60.6 | time: 0.0463s
Epoch: 0183 | loss: 0.0906 Ac:  95.00 P:  95.5 R:  95.0 F1:  95.0 | loss: 1.1015 Ac:  61.70 P:  61.9 R:  61.7 F1:  61.5 | time: 0.1331s
                                                                  | loss: 1.1302 Ac:  60.69 P:  61.0 R:  60.7 F1:  60.4 | time: 0.0464s
Epoch: 0184 | loss: 0.0788 Ac:  95.00 P:  95.5 R:  95.0 F1:  95.0 | loss: 1.1075 Ac:  61.70 P:  62.0 R:  61.7 F1:  61.4 | time: 0.1326s
                                                                  | loss: 1.1371 Ac:  60.47 P:  60.9 R:  60.5 F1:  60.1 | time: 0.0466s
Epoch: 0185 | loss: 0.0638 Ac:  97.50 P:  97.6 R:  97.5 F1:  97.5 | loss: 1.1177 Ac:  61.60 P:  62.1 R:  61.6 F1:  61.2 | time: 0.1282s
                                                                  | loss: 1.1488 Ac:  60.41 P:  61.0 R:  60.4 F1:  59.9 | time: 0.0488s
Epoch: 0186 | loss: 0.1302 Ac:  92.50 P:  92.6 R:  92.5 F1:  92.5 | loss: 1.1264 Ac:  61.10 P:  61.7 R:  61.1 F1:  60.6 | time: 0.1322s
                                                                  | loss: 1.1586 Ac:  60.31 P:  61.0 R:  60.3 F1:  59.7 | time: 0.0467s
Epoch: 0187 | loss: 0.1201 Ac:  95.00 P:  95.5 R:  95.0 F1:  95.0 | loss: 1.1390 Ac:  60.10 P:  61.7 R:  60.1 F1:  58.7 | time: 0.1346s
                                                                  | loss: 1.1727 Ac:  59.24 P:  61.2 R:  59.2 F1:  57.4 | time: 0.0464s
Epoch: 0188 | loss: 0.1362 Ac:  92.50 P:  92.6 R:  92.5 F1:  92.5 | loss: 1.1400 Ac:  59.90 P:  61.5 R:  59.9 F1:  58.5 | time: 0.1322s
                                                                  | loss: 1.1740 Ac:  59.19 P:  61.1 R:  59.2 F1:  57.3 | time: 0.0464s
Epoch: 0189 | loss: 0.1514 Ac:  90.00 P:  90.4 R:  90.0 F1:  90.0 | loss: 1.1340 Ac:  60.30 P:  61.8 R:  60.3 F1:  59.0 | time: 0.1314s
                                                                  | loss: 1.1674 Ac:  59.25 P:  61.0 R:  59.3 F1:  57.5 | time: 0.0465s
Epoch: 0190 | loss: 0.0774 Ac:  95.00 P:  95.5 R:  95.0 F1:  95.0 | loss: 1.1252 Ac:  61.10 P:  61.6 R:  61.1 F1:  60.6 | time: 0.1286s
                                                                  | loss: 1.1579 Ac:  60.41 P:  61.1 R:  60.4 F1:  59.8 | time: 0.0484s
Epoch: 0191 | loss: 0.1678 Ac:  95.00 P:  95.0 R:  95.0 F1:  95.0 | loss: 1.1159 Ac:  61.30 P:  61.7 R:  61.3 F1:  61.0 | time: 0.1287s
                                                                  | loss: 1.1475 Ac:  60.79 P:  61.3 R:  60.8 F1:  60.3 | time: 0.0462s
Epoch: 0192 | loss: 0.1118 Ac:  95.00 P:  95.5 R:  95.0 F1:  95.0 | loss: 1.1054 Ac:  62.10 P:  62.2 R:  62.1 F1:  62.0 | time: 0.1330s
                                                                  | loss: 1.1356 Ac:  61.00 P:  61.2 R:  61.0 F1:  60.8 | time: 0.0464s
Epoch: 0193 | loss: 0.0604 Ac:  95.00 P:  95.0 R:  95.0 F1:  95.0 | loss: 1.1004 Ac:  62.40 P:  62.4 R:  62.4 F1:  62.4 | time: 0.1352s
                                                                  | loss: 1.1294 Ac:  60.94 P:  61.0 R:  60.9 F1:  60.9 | time: 0.0467s
Epoch: 0194 | loss: 0.1131 Ac:  92.50 P:  92.6 R:  92.5 F1:  92.5 | loss: 1.1000 Ac:  62.30 P:  62.3 R:  62.3 F1:  62.3 | time: 0.1318s
                                                                  | loss: 1.1278 Ac:  61.05 P:  61.1 R:  61.0 F1:  61.0 | time: 0.0469s
Epoch: 0195 | loss: 0.1355 Ac:  87.50 P:  87.6 R:  87.5 F1:  87.5 | loss: 1.1023 Ac:  61.90 P:  61.9 R:  61.9 F1:  61.9 | time: 0.1308s
                                                                  | loss: 1.1290 Ac:  61.13 P:  61.1 R:  61.1 F1:  61.1 | time: 0.0464s
Epoch: 0196 | loss: 0.0529 Ac:  97.50 P:  97.6 R:  97.5 F1:  97.5 | loss: 1.1081 Ac:  62.20 P:  62.3 R:  62.2 F1:  62.1 | time: 0.1303s
                                                                  | loss: 1.1344 Ac:  61.37 P:  61.4 R:  61.4 F1:  61.3 | time: 0.0462s
Epoch: 0197 | loss: 0.1385 Ac:  90.00 P:  90.0 R:  90.0 F1:  90.0 | loss: 1.1203 Ac:  62.20 P:  62.5 R:  62.2 F1:  62.0 | time: 0.1302s
                                                                  | loss: 1.1451 Ac:  61.13 P:  61.3 R:  61.1 F1:  61.0 | time: 0.0463s
Epoch: 0198 | loss: 0.0948 Ac:  92.50 P:  92.6 R:  92.5 F1:  92.5 | loss: 1.1325 Ac:  61.80 P:  62.2 R:  61.8 F1:  61.5 | time: 0.1322s
                                                                  | loss: 1.1562 Ac:  61.12 P:  61.3 R:  61.1 F1:  60.9 | time: 0.0474s
Epoch: 0199 | loss: 0.1037 Ac:  95.00 P:  95.5 R:  95.0 F1:  95.0 | loss: 1.1346 Ac:  61.80 P:  62.2 R:  61.8 F1:  61.5 | time: 0.1302s
                                                                  | loss: 1.1579 Ac:  61.06 P:  61.3 R:  61.1 F1:  60.8 | time: 0.0470s
Epoch: 0200 | loss: 0.1054 Ac:  92.50 P:  92.6 R:  92.5 F1:  92.5 | loss: 1.1346 Ac:  61.90 P:  62.3 R:  61.9 F1:  61.6 | time: 0.1307s
                                                                  | loss: 1.1578 Ac:  61.16 P:  61.4 R:  61.2 F1:  61.0 | time: 0.0467s
Epoch: 0201 | loss: 0.0831 Ac:  95.00 P:  95.5 R:  95.0 F1:  95.0 | loss: 1.1306 Ac:  62.10 P:  62.4 R:  62.1 F1:  61.8 | time: 0.1314s
                                                                  | loss: 1.1540 Ac:  61.15 P:  61.3 R:  61.1 F1:  61.0 | time: 0.0463s
Epoch: 0202 | loss: 0.1044 Ac:  95.00 P:  95.5 R:  95.0 F1:  95.0 | loss: 1.1242 Ac:  62.60 P:  62.8 R:  62.6 F1:  62.4 | time: 0.1294s
                                                                  | loss: 1.1481 Ac:  61.15 P:  61.3 R:  61.1 F1:  61.1 | time: 0.0464s
Epoch: 0203 | loss: 0.1120 Ac:  95.00 P:  95.5 R:  95.0 F1:  95.0 | loss: 1.1161 Ac:  62.30 P:  62.4 R:  62.3 F1:  62.3 | time: 0.1294s
                                                                  | loss: 1.1412 Ac:  61.29 P:  61.3 R:  61.3 F1:  61.3 | time: 0.0469s
Epoch: 0204 | loss: 0.1127 Ac:  90.00 P:  90.0 R:  90.0 F1:  90.0 | loss: 1.1135 Ac:  62.10 P:  62.1 R:  62.1 F1:  62.1 | time: 0.1282s
                                                                  | loss: 1.1395 Ac:  60.87 P:  60.9 R:  60.9 F1:  60.9 | time: 0.0463s
Epoch: 0205 | loss: 0.1335 Ac:  90.00 P:  90.0 R:  90.0 F1:  90.0 | loss: 1.1165 Ac:  62.50 P:  62.5 R:  62.5 F1:  62.5 | time: 0.1280s
                                                                  | loss: 1.1429 Ac:  61.09 P:  61.2 R:  61.1 F1:  61.0 | time: 0.0464s
Epoch: 0206 | loss: 0.0968 Ac:  92.50 P:  92.6 R:  92.5 F1:  92.5 | loss: 1.1227 Ac:  62.10 P:  62.3 R:  62.1 F1:  62.0 | time: 0.1328s
                                                                  | loss: 1.1499 Ac:  60.98 P:  61.2 R:  61.0 F1:  60.8 | time: 0.0467s
Epoch: 0207 | loss: 0.0945 Ac:  95.00 P:  95.0 R:  95.0 F1:  95.0 | loss: 1.1293 Ac:  61.70 P:  62.0 R:  61.7 F1:  61.5 | time: 0.1282s
                                                                  | loss: 1.1570 Ac:  60.79 P:  61.1 R:  60.8 F1:  60.5 | time: 0.0463s
Epoch: 0208 | loss: 0.0844 Ac:  95.00 P:  95.0 R:  95.0 F1:  95.0 | loss: 1.1358 Ac:  61.50 P:  61.8 R:  61.5 F1:  61.2 | time: 0.1279s
                                                                  | loss: 1.1638 Ac:  60.76 P:  61.3 R:  60.8 F1:  60.3 | time: 0.0461s
Epoch: 0209 | loss: 0.1152 Ac:  92.50 P:  92.6 R:  92.5 F1:  92.5 | loss: 1.1418 Ac:  61.70 P:  62.1 R:  61.7 F1:  61.4 | time: 0.1275s
                                                                  | loss: 1.1698 Ac:  60.62 P:  61.1 R:  60.6 F1:  60.2 | time: 0.0464s
Epoch: 0210 | loss: 0.1012 Ac:  92.50 P:  92.6 R:  92.5 F1:  92.5 | loss: 1.1474 Ac:  61.50 P:  61.9 R:  61.5 F1:  61.1 | time: 0.1280s
                                                                  | loss: 1.1755 Ac:  60.49 P:  61.0 R:  60.5 F1:  60.0 | time: 0.0463s
Epoch: 0211 | loss: 0.1109 Ac:  92.50 P:  93.5 R:  92.5 F1:  92.5 | loss: 1.1449 Ac:  61.80 P:  62.1 R:  61.8 F1:  61.6 | time: 0.1291s
                                                                  | loss: 1.1726 Ac:  60.59 P:  61.0 R:  60.6 F1:  60.2 | time: 0.0461s
Epoch: 0212 | loss: 0.0729 Ac:  95.00 P:  95.0 R:  95.0 F1:  95.0 | loss: 1.1428 Ac:  62.00 P:  62.2 R:  62.0 F1:  61.8 | time: 0.1300s
                                                                  | loss: 1.1705 Ac:  60.87 P:  61.2 R:  60.9 F1:  60.6 | time: 0.0478s
Epoch: 0213 | loss: 0.0839 Ac:  92.50 P:  92.6 R:  92.5 F1:  92.5 | loss: 1.1411 Ac:  62.10 P:  62.2 R:  62.1 F1:  62.0 | time: 0.1307s
                                                                  | loss: 1.1683 Ac:  60.98 P:  61.2 R:  61.0 F1:  60.8 | time: 0.0463s
Epoch: 0214 | loss: 0.0766 Ac:  95.00 P:  95.0 R:  95.0 F1:  95.0 | loss: 1.1418 Ac:  61.60 P:  61.6 R:  61.6 F1:  61.6 | time: 0.1271s
                                                                  | loss: 1.1684 Ac:  61.18 P:  61.3 R:  61.2 F1:  61.1 | time: 0.0462s
Epoch: 0215 | loss: 0.1103 Ac:  92.50 P:  92.6 R:  92.5 F1:  92.5 | loss: 1.1442 Ac:  62.00 P:  62.0 R:  62.0 F1:  62.0 | time: 0.1301s
                                                                  | loss: 1.1700 Ac:  60.90 P:  60.9 R:  60.9 F1:  60.9 | time: 0.0470s
Epoch: 0216 | loss: 0.1302 Ac:  90.00 P:  90.4 R:  90.0 F1:  90.0 | loss: 1.1508 Ac:  62.00 P:  62.0 R:  62.0 F1:  62.0 | time: 0.1301s
                                                                  | loss: 1.1751 Ac:  61.12 P:  61.1 R:  61.1 F1:  61.1 | time: 0.0474s
Epoch: 0217 | loss: 0.0934 Ac:  95.00 P:  95.5 R:  95.0 F1:  95.0 | loss: 1.1584 Ac:  61.80 P:  61.9 R:  61.8 F1:  61.7 | time: 0.1282s
                                                                  | loss: 1.1813 Ac:  61.24 P:  61.3 R:  61.2 F1:  61.2 | time: 0.0463s
Epoch: 0218 | loss: 0.0673 Ac:  97.50 P:  97.6 R:  97.5 F1:  97.5 | loss: 1.1605 Ac:  61.70 P:  61.8 R:  61.7 F1:  61.6 | time: 0.1273s
                                                                  | loss: 1.1831 Ac:  61.28 P:  61.3 R:  61.3 F1:  61.3 | time: 0.0463s
Epoch: 0219 | loss: 0.1161 Ac:  92.50 P:  92.6 R:  92.5 F1:  92.5 | loss: 1.1602 Ac:  61.80 P:  61.9 R:  61.8 F1:  61.8 | time: 0.1274s
                                                                  | loss: 1.1828 Ac:  61.13 P:  61.2 R:  61.1 F1:  61.1 | time: 0.0467s
Epoch: 0220 | loss: 0.1124 Ac:  95.00 P:  95.5 R:  95.0 F1:  95.0 | loss: 1.1508 Ac:  62.20 P:  62.2 R:  62.2 F1:  62.2 | time: 0.1272s
                                                                  | loss: 1.1743 Ac:  60.97 P:  61.0 R:  61.0 F1:  61.0 | time: 0.0463s
Epoch: 0221 | loss: 0.1543 Ac:  92.50 P:  93.5 R:  92.5 F1:  92.5 | loss: 1.1310 Ac:  61.80 P:  61.9 R:  61.8 F1:  61.7 | time: 0.1274s
                                                                  | loss: 1.1530 Ac:  60.97 P:  61.1 R:  61.0 F1:  60.8 | time: 0.0463s
Epoch: 0222 | loss: 0.0897 Ac:  95.00 P:  95.5 R:  95.0 F1:  95.0 | loss: 1.1295 Ac:  61.20 P:  61.7 R:  61.2 F1:  60.8 | time: 0.1271s
                                                                  | loss: 1.1505 Ac:  60.12 P:  60.7 R:  60.1 F1:  59.6 | time: 0.0460s
Epoch: 0223 | loss: 0.0908 Ac:  95.00 P:  95.0 R:  95.0 F1:  95.0 | loss: 1.1416 Ac:  59.90 P:  60.8 R:  59.9 F1:  59.1 | time: 0.1270s
                                                                  | loss: 1.1654 Ac:  59.93 P:  61.2 R:  59.9 F1:  58.8 | time: 0.0461s
Epoch: 0224 | loss: 0.0728 Ac:  97.50 P:  97.6 R:  97.5 F1:  97.5 | loss: 1.1629 Ac:  59.10 P:  62.0 R:  59.1 F1:  56.5 | time: 0.1316s
                                                                  | loss: 1.1889 Ac:  57.94 P:  61.1 R:  57.9 F1:  54.7 | time: 0.0555s
Epoch: 0225 | loss: 0.1315 Ac:  92.50 P:  92.6 R:  92.5 F1:  92.5 | loss: 1.1776 Ac:  58.70 P:  62.3 R:  58.7 F1:  55.4 | time: 0.1317s
                                                                  | loss: 1.2034 Ac:  57.33 P:  61.0 R:  57.3 F1:  53.5 | time: 0.0461s
Epoch: 0226 | loss: 0.1696 Ac:  92.50 P:  93.5 R:  92.5 F1:  92.5 | loss: 1.1654 Ac:  58.50 P:  61.8 R:  58.5 F1:  55.4 | time: 0.1294s
                                                                  | loss: 1.1898 Ac:  57.50 P:  61.0 R:  57.5 F1:  53.8 | time: 0.0461s
Epoch: 0227 | loss: 0.1137 Ac:  92.50 P:  93.5 R:  92.5 F1:  92.5 | loss: 1.1334 Ac:  59.90 P:  61.2 R:  59.9 F1:  58.7 | time: 0.1267s
                                                                  | loss: 1.1556 Ac:  59.16 P:  60.7 R:  59.2 F1:  57.6 | time: 0.0460s
Epoch: 0228 | loss: 0.0799 Ac:  95.00 P:  95.0 R:  95.0 F1:  95.0 | loss: 1.1093 Ac:  60.10 P:  61.1 R:  60.1 F1:  59.2 | time: 0.1273s
                                                                  | loss: 1.1297 Ac:  59.90 P:  61.2 R:  59.9 F1:  58.7 | time: 0.0461s
Epoch: 0229 | loss: 0.0869 Ac:  95.00 P:  95.0 R:  95.0 F1:  95.0 | loss: 1.0882 Ac:  60.70 P:  61.3 R:  60.7 F1:  60.1 | time: 0.1267s
                                                                  | loss: 1.1067 Ac:  60.09 P:  60.9 R:  60.1 F1:  59.3 | time: 0.0462s
Epoch: 0230 | loss: 0.0860 Ac:  92.50 P:  92.6 R:  92.5 F1:  92.5 | loss: 1.0720 Ac:  61.20 P:  61.5 R:  61.2 F1:  60.9 | time: 0.1272s
                                                                  | loss: 1.0881 Ac:  60.51 P:  61.0 R:  60.5 F1:  60.1 | time: 0.0462s
Epoch: 0231 | loss: 0.1040 Ac:  92.50 P:  92.6 R:  92.5 F1:  92.5 | loss: 1.0577 Ac:  61.80 P:  61.9 R:  61.8 F1:  61.7 | time: 0.1274s
                                                                  | loss: 1.0718 Ac:  61.18 P:  61.3 R:  61.2 F1:  61.1 | time: 0.0462s
Epoch: 0232 | loss: 0.1009 Ac:  95.00 P:  95.5 R:  95.0 F1:  95.0 | loss: 1.0545 Ac:  61.60 P:  61.6 R:  61.6 F1:  61.6 | time: 0.1269s
                                                                  | loss: 1.0672 Ac:  60.89 P:  60.9 R:  60.9 F1:  60.9 | time: 0.0464s
Epoch: 0233 | loss: 0.1164 Ac:  97.50 P:  97.6 R:  97.5 F1:  97.5 | loss: 1.0567 Ac:  61.70 P:  61.7 R:  61.7 F1:  61.7 | time: 0.1267s
                                                                  | loss: 1.0693 Ac:  61.17 P:  61.2 R:  61.2 F1:  61.2 | time: 0.0462s
Epoch: 0234 | loss: 0.0905 Ac:  95.00 P:  95.5 R:  95.0 F1:  95.0 | loss: 1.0585 Ac:  61.70 P:  61.7 R:  61.7 F1:  61.7 | time: 0.1272s
                                                                  | loss: 1.0721 Ac:  61.08 P:  61.1 R:  61.1 F1:  61.1 | time: 0.0461s
Epoch: 0235 | loss: 0.0770 Ac:  95.00 P:  95.0 R:  95.0 F1:  95.0 | loss: 1.0613 Ac:  62.10 P:  62.1 R:  62.1 F1:  62.1 | time: 0.1269s
                                                                  | loss: 1.0763 Ac:  61.18 P:  61.2 R:  61.2 F1:  61.2 | time: 0.0463s
Epoch: 0236 | loss: 0.0606 Ac:  97.50 P:  97.6 R:  97.5 F1:  97.5 | loss: 1.0635 Ac:  62.20 P:  62.2 R:  62.2 F1:  62.2 | time: 0.1271s
                                                                  | loss: 1.0804 Ac:  61.24 P:  61.2 R:  61.2 F1:  61.2 | time: 0.0491s
Epoch: 0237 | loss: 0.0869 Ac:  95.00 P:  95.5 R:  95.0 F1:  95.0 | loss: 1.0633 Ac:  61.90 P:  61.9 R:  61.9 F1:  61.9 | time: 0.1278s
                                                                  | loss: 1.0818 Ac:  61.19 P:  61.2 R:  61.2 F1:  61.2 | time: 0.0462s
Epoch: 0238 | loss: 0.1478 Ac:  95.00 P:  95.5 R:  95.0 F1:  95.0 | loss: 1.0623 Ac:  61.60 P:  61.6 R:  61.6 F1:  61.6 | time: 0.1270s
                                                                  | loss: 1.0820 Ac:  61.36 P:  61.4 R:  61.4 F1:  61.3 | time: 0.0460s
Epoch: 0239 | loss: 0.0763 Ac:  97.50 P:  97.6 R:  97.5 F1:  97.5 | loss: 1.0700 Ac:  61.90 P:  62.0 R:  61.9 F1:  61.9 | time: 0.1299s
                                                                  | loss: 1.0923 Ac:  61.27 P:  61.4 R:  61.3 F1:  61.2 | time: 0.0461s
Epoch: 0240 | loss: 0.0701 Ac:  97.50 P:  97.6 R:  97.5 F1:  97.5 | loss: 1.0793 Ac:  62.30 P:  62.5 R:  62.3 F1:  62.2 | time: 0.1270s
                                                                  | loss: 1.1038 Ac:  61.07 P:  61.3 R:  61.1 F1:  60.9 | time: 0.0463s
Epoch: 0241 | loss: 0.0749 Ac:  97.50 P:  97.6 R:  97.5 F1:  97.5 | loss: 1.0905 Ac:  62.00 P:  62.4 R:  62.0 F1:  61.7 | time: 0.1268s
                                                                  | loss: 1.1170 Ac:  60.99 P:  61.5 R:  61.0 F1:  60.6 | time: 0.0462s
Epoch: 0242 | loss: 0.1000 Ac:  95.00 P:  95.5 R:  95.0 F1:  95.0 | loss: 1.1049 Ac:  61.30 P:  61.9 R:  61.3 F1:  60.8 | time: 0.1270s
                                                                  | loss: 1.1332 Ac:  60.40 P:  61.1 R:  60.4 F1:  59.7 | time: 0.0460s
Epoch: 0243 | loss: 0.1048 Ac:  90.00 P:  90.0 R:  90.0 F1:  90.0 | loss: 1.1203 Ac:  60.80 P:  61.6 R:  60.8 F1:  60.1 | time: 0.1275s
                                                                  | loss: 1.1501 Ac:  60.22 P:  61.3 R:  60.2 F1:  59.3 | time: 0.0461s
Epoch: 0244 | loss: 0.1574 Ac:  92.50 P:  92.6 R:  92.5 F1:  92.5 | loss: 1.1374 Ac:  59.20 P:  61.7 R:  59.2 F1:  56.9 | time: 0.1303s
                                                                  | loss: 1.1672 Ac:  58.28 P:  61.0 R:  58.3 F1:  55.5 | time: 0.0460s
Epoch: 0245 | loss: 0.0687 Ac:  97.50 P:  97.6 R:  97.5 F1:  97.5 | loss: 1.1570 Ac:  59.00 P:  62.5 R:  59.0 F1:  55.9 | time: 0.1291s
                                                                  | loss: 1.1865 Ac:  57.46 P:  60.8 R:  57.5 F1:  53.9 | time: 0.0461s
Epoch: 0246 | loss: 0.1107 Ac:  92.50 P:  93.5 R:  92.5 F1:  92.5 | loss: 1.1603 Ac:  59.00 P:  62.8 R:  59.0 F1:  55.7 | time: 0.1270s
                                                                  | loss: 1.1889 Ac:  57.32 P:  60.8 R:  57.3 F1:  53.6 | time: 0.0461s
Epoch: 0247 | loss: 0.0997 Ac:  90.00 P:  90.4 R:  90.0 F1:  90.0 | loss: 1.1571 Ac:  59.10 P:  63.0 R:  59.1 F1:  55.8 | time: 0.1271s
                                                                  | loss: 1.1848 Ac:  57.28 P:  60.8 R:  57.3 F1:  53.5 | time: 0.0459s
Epoch: 0248 | loss: 0.0917 Ac:  95.00 P:  95.5 R:  95.0 F1:  95.0 | loss: 1.1462 Ac:  58.80 P:  62.3 R:  58.8 F1:  55.6 | time: 0.1277s
                                                                  | loss: 1.1730 Ac:  57.40 P:  60.7 R:  57.4 F1:  53.8 | time: 0.0460s
Epoch: 0249 | loss: 0.1130 Ac:  90.00 P:  90.4 R:  90.0 F1:  90.0 | loss: 1.1288 Ac:  59.10 P:  62.1 R:  59.1 F1:  56.4 | time: 0.1272s
                                                                  | loss: 1.1550 Ac:  57.96 P:  61.0 R:  58.0 F1:  54.9 | time: 0.0459s
Epoch: 0250 | loss: 0.0880 Ac:  90.00 P:  90.0 R:  90.0 F1:  90.0 | loss: 1.1121 Ac:  59.50 P:  61.8 R:  59.5 F1:  57.4 | time: 0.1269s
                                                                  | loss: 1.1379 Ac:  58.47 P:  61.0 R:  58.5 F1:  55.9 | time: 0.0459s
Epoch: 0251 | loss: 0.0854 Ac:  95.00 P:  95.5 R:  95.0 F1:  95.0 | loss: 1.0944 Ac:  61.00 P:  61.8 R:  61.0 F1:  60.4 | time: 0.1275s
                                                                  | loss: 1.1194 Ac:  60.13 P:  61.1 R:  60.1 F1:  59.2 | time: 0.0462s
Epoch: 0252 | loss: 0.0920 Ac:  97.50 P:  97.6 R:  97.5 F1:  97.5 | loss: 1.0809 Ac:  61.80 P:  62.3 R:  61.8 F1:  61.4 | time: 0.1290s
                                                                  | loss: 1.1052 Ac:  60.68 P:  61.3 R:  60.7 F1:  60.1 | time: 0.0463s
Epoch: 0253 | loss: 0.1237 Ac:  92.50 P:  92.6 R:  92.5 F1:  92.5 | loss: 1.0705 Ac:  62.40 P:  62.7 R:  62.4 F1:  62.2 | time: 0.1271s
                                                                  | loss: 1.0944 Ac:  60.86 P:  61.2 R:  60.9 F1:  60.5 | time: 0.0466s
Epoch: 0254 | loss: 0.1027 Ac:  95.00 P:  95.5 R:  95.0 F1:  95.0 | loss: 1.0653 Ac:  62.80 P:  63.0 R:  62.8 F1:  62.7 | time: 0.1268s
                                                                  | loss: 1.0888 Ac:  61.23 P:  61.5 R:  61.2 F1:  61.0 | time: 0.0460s
Epoch: 0255 | loss: 0.1010 Ac:  92.50 P:  92.6 R:  92.5 F1:  92.5 | loss: 1.0618 Ac:  61.80 P:  61.9 R:  61.8 F1:  61.8 | time: 0.1270s
                                                                  | loss: 1.0850 Ac:  61.32 P:  61.5 R:  61.3 F1:  61.2 | time: 0.0462s
Epoch: 0256 | loss: 0.0792 Ac:  95.00 P:  95.0 R:  95.0 F1:  95.0 | loss: 1.0603 Ac:  61.60 P:  61.6 R:  61.6 F1:  61.6 | time: 0.1269s
                                                                  | loss: 1.0834 Ac:  61.33 P:  61.4 R:  61.3 F1:  61.3 | time: 0.0462s
Epoch: 0257 | loss: 0.1160 Ac:  92.50 P:  92.6 R:  92.5 F1:  92.5 | loss: 1.0606 Ac:  61.80 P:  61.8 R:  61.8 F1:  61.8 | time: 0.1270s
                                                                  | loss: 1.0834 Ac:  61.43 P:  61.5 R:  61.4 F1:  61.4 | time: 0.0462s
Epoch: 0258 | loss: 0.0979 Ac:  92.50 P:  92.6 R:  92.5 F1:  92.5 | loss: 1.0610 Ac:  61.60 P:  61.6 R:  61.6 F1:  61.6 | time: 0.1269s
                                                                  | loss: 1.0836 Ac:  61.33 P:  61.3 R:  61.3 F1:  61.3 | time: 0.0464s
Epoch: 0259 | loss: 0.0925 Ac:  95.00 P:  95.5 R:  95.0 F1:  95.0 | loss: 1.0621 Ac:  61.80 P:  61.8 R:  61.8 F1:  61.8 | time: 0.1269s
                                                                  | loss: 1.0847 Ac:  61.34 P:  61.4 R:  61.3 F1:  61.3 | time: 0.0462s
Epoch: 0260 | loss: 0.0802 Ac:  97.50 P:  97.6 R:  97.5 F1:  97.5 | loss: 1.0632 Ac:  61.70 P:  61.7 R:  61.7 F1:  61.7 | time: 0.1267s
                                                                  | loss: 1.0856 Ac:  61.31 P:  61.4 R:  61.3 F1:  61.3 | time: 0.0465s
Epoch: 0261 | loss: 0.1253 Ac:  95.00 P:  95.5 R:  95.0 F1:  95.0 | loss: 1.0654 Ac:  61.70 P:  61.7 R:  61.7 F1:  61.7 | time: 0.1309s
                                                                  | loss: 1.0878 Ac:  61.25 P:  61.4 R:  61.3 F1:  61.1 | time: 0.0461s
Epoch: 0262 | loss: 0.1170 Ac:  90.00 P:  90.0 R:  90.0 F1:  90.0 | loss: 1.0685 Ac:  62.40 P:  62.5 R:  62.4 F1:  62.3 | time: 0.1302s
                                                                  | loss: 1.0908 Ac:  61.26 P:  61.5 R:  61.3 F1:  61.1 | time: 0.0464s
Epoch: 0263 | loss: 0.0891 Ac:  97.50 P:  97.6 R:  97.5 F1:  97.5 | loss: 1.0761 Ac:  62.10 P:  62.4 R:  62.1 F1:  61.9 | time: 0.1272s
                                                                  | loss: 1.0987 Ac:  60.81 P:  61.2 R:  60.8 F1:  60.5 | time: 0.0462s
Epoch: 0264 | loss: 0.1065 Ac:  92.50 P:  92.6 R:  92.5 F1:  92.5 | loss: 1.0853 Ac:  62.00 P:  62.5 R:  62.0 F1:  61.6 | time: 0.1297s
                                                                  | loss: 1.1078 Ac:  60.62 P:  61.2 R:  60.6 F1:  60.1 | time: 0.0463s
Epoch: 0265 | loss: 0.0944 Ac:  92.50 P:  92.6 R:  92.5 F1:  92.5 | loss: 1.0938 Ac:  61.00 P:  61.7 R:  61.0 F1:  60.4 | time: 0.1270s
                                                                  | loss: 1.1163 Ac:  60.30 P:  61.1 R:  60.3 F1:  59.5 | time: 0.0461s
Epoch: 0266 | loss: 0.1120 Ac:  90.00 P:  90.0 R:  90.0 F1:  90.0 | loss: 1.0991 Ac:  61.00 P:  61.7 R:  61.0 F1:  60.4 | time: 0.1266s
                                                                  | loss: 1.1215 Ac:  60.11 P:  61.1 R:  60.1 F1:  59.2 | time: 0.0461s
Epoch: 0267 | loss: 0.1105 Ac:  92.50 P:  93.5 R:  92.5 F1:  92.5 | loss: 1.0971 Ac:  60.90 P:  61.6 R:  60.9 F1:  60.3 | time: 0.1270s
                                                                  | loss: 1.1189 Ac:  60.25 P:  61.1 R:  60.2 F1:  59.5 | time: 0.0461s
Epoch: 0268 | loss: 0.1080 Ac:  90.00 P:  90.0 R:  90.0 F1:  90.0 | loss: 1.0938 Ac:  61.50 P:  62.1 R:  61.5 F1:  61.0 | time: 0.1272s
                                                                  | loss: 1.1152 Ac:  60.39 P:  61.1 R:  60.4 F1:  59.7 | time: 0.0460s
Epoch: 0269 | loss: 0.0925 Ac:  92.50 P:  92.6 R:  92.5 F1:  92.5 | loss: 1.0875 Ac:  61.80 P:  62.2 R:  61.8 F1:  61.5 | time: 0.1267s
                                                                  | loss: 1.1083 Ac:  60.47 P:  60.9 R:  60.5 F1:  60.1 | time: 0.0460s
Epoch: 0270 | loss: 0.1051 Ac:  92.50 P:  92.6 R:  92.5 F1:  92.5 | loss: 1.0814 Ac:  61.80 P:  62.0 R:  61.8 F1:  61.7 | time: 0.1298s
                                                                  | loss: 1.1015 Ac:  61.17 P:  61.4 R:  61.2 F1:  61.0 | time: 0.0462s
Epoch: 0271 | loss: 0.0955 Ac:  90.00 P:  90.4 R:  90.0 F1:  90.0 | loss: 1.0770 Ac:  61.50 P:  61.5 R:  61.5 F1:  61.5 | time: 0.1279s
                                                                  | loss: 1.0963 Ac:  61.13 P:  61.2 R:  61.1 F1:  61.1 | time: 0.0464s
Epoch: 0272 | loss: 0.0543 Ac:  97.50 P:  97.6 R:  97.5 F1:  97.5 | loss: 1.0775 Ac:  61.10 P:  61.1 R:  61.1 F1:  61.1 | time: 0.1272s
                                                                  | loss: 1.0966 Ac:  61.25 P:  61.3 R:  61.3 F1:  61.2 | time: 0.0462s
Epoch: 0273 | loss: 0.1323 Ac:  90.00 P:  90.0 R:  90.0 F1:  90.0 | loss: 1.0814 Ac:  61.10 P:  61.1 R:  61.1 F1:  61.1 | time: 0.1319s
                                                                  | loss: 1.0999 Ac:  61.28 P:  61.3 R:  61.3 F1:  61.3 | time: 0.0463s
Epoch: 0274 | loss: 0.1056 Ac:  95.00 P:  95.5 R:  95.0 F1:  95.0 | loss: 1.0856 Ac:  61.20 P:  61.3 R:  61.2 F1:  61.1 | time: 0.1271s
                                                                  | loss: 1.1039 Ac:  61.34 P:  61.4 R:  61.3 F1:  61.3 | time: 0.0462s
Epoch: 0275 | loss: 0.0676 Ac:  97.50 P:  97.6 R:  97.5 F1:  97.5 | loss: 1.0900 Ac:  61.20 P:  61.3 R:  61.2 F1:  61.1 | time: 0.1268s
                                                                  | loss: 1.1079 Ac:  61.28 P:  61.3 R:  61.3 F1:  61.3 | time: 0.0461s
Epoch: 0276 | loss: 0.1126 Ac:  95.00 P:  95.5 R:  95.0 F1:  95.0 | loss: 1.0928 Ac:  61.40 P:  61.5 R:  61.4 F1:  61.4 | time: 0.1276s
                                                                  | loss: 1.1109 Ac:  61.26 P:  61.3 R:  61.3 F1:  61.2 | time: 0.0461s
Epoch: 0277 | loss: 0.1308 Ac:  95.00 P:  95.5 R:  95.0 F1:  95.0 | loss: 1.0978 Ac:  60.90 P:  61.0 R:  60.9 F1:  60.8 | time: 0.1271s
                                                                  | loss: 1.1153 Ac:  61.31 P:  61.3 R:  61.3 F1:  61.3 | time: 0.0461s
Epoch: 0278 | loss: 0.0852 Ac:  95.00 P:  95.5 R:  95.0 F1:  95.0 | loss: 1.0990 Ac:  61.20 P:  61.2 R:  61.2 F1:  61.2 | time: 0.1270s
                                                                  | loss: 1.1169 Ac:  61.21 P:  61.2 R:  61.2 F1:  61.2 | time: 0.0465s
Epoch: 0279 | loss: 0.0810 Ac:  95.00 P:  95.0 R:  95.0 F1:  95.0 | loss: 1.1009 Ac:  61.50 P:  61.5 R:  61.5 F1:  61.5 | time: 0.1272s
                                                                  | loss: 1.1188 Ac:  61.31 P:  61.3 R:  61.3 F1:  61.3 | time: 0.0462s
Epoch: 0280 | loss: 0.0917 Ac:  95.00 P:  95.0 R:  95.0 F1:  95.0 | loss: 1.1029 Ac:  61.40 P:  61.4 R:  61.4 F1:  61.4 | time: 0.1270s
                                                                  | loss: 1.1209 Ac:  61.38 P:  61.4 R:  61.4 F1:  61.4 | time: 0.0459s
Epoch: 0281 | loss: 0.1064 Ac:  92.50 P:  92.6 R:  92.5 F1:  92.5 | loss: 1.1053 Ac:  61.30 P:  61.3 R:  61.3 F1:  61.3 | time: 0.1274s
                                                                  | loss: 1.1235 Ac:  61.27 P:  61.3 R:  61.3 F1:  61.3 | time: 0.0462s
Epoch: 0282 | loss: 0.0823 Ac:  95.00 P:  95.5 R:  95.0 F1:  95.0 | loss: 1.1061 Ac:  61.00 P:  61.0 R:  61.0 F1:  61.0 | time: 0.1267s
                                                                  | loss: 1.1250 Ac:  61.22 P:  61.2 R:  61.2 F1:  61.2 | time: 0.0461s
Epoch: 0283 | loss: 0.1506 Ac:  95.00 P:  95.5 R:  95.0 F1:  95.0 | loss: 1.0994 Ac:  61.80 P:  61.9 R:  61.8 F1:  61.7 | time: 0.1268s
                                                                  | loss: 1.1204 Ac:  60.88 P:  61.0 R:  60.9 F1:  60.8 | time: 0.0463s
Epoch: 0284 | loss: 0.0826 Ac:  95.00 P:  95.5 R:  95.0 F1:  95.0 | loss: 1.1022 Ac:  61.30 P:  61.7 R:  61.3 F1:  61.0 | time: 0.1269s
                                                                  | loss: 1.1227 Ac:  60.54 P:  61.0 R:  60.5 F1:  60.2 | time: 0.0460s
Epoch: 0285 | loss: 0.0931 Ac:  95.00 P:  95.5 R:  95.0 F1:  95.0 | loss: 1.1100 Ac:  60.90 P:  61.7 R:  60.9 F1:  60.3 | time: 0.1286s
                                                                  | loss: 1.1296 Ac:  59.85 P:  60.7 R:  59.9 F1:  59.0 | time: 0.0468s
Epoch: 0286 | loss: 0.0449 Ac: 100.00 P: 100.0 R: 100.0 F1: 100.0 | loss: 1.1188 Ac:  60.20 P:  61.4 R:  60.2 F1:  59.1 | time: 0.1271s
                                                                  | loss: 1.1374 Ac:  59.41 P:  60.7 R:  59.4 F1:  58.1 | time: 0.0460s
Epoch: 0287 | loss: 0.0967 Ac:  92.50 P:  92.6 R:  92.5 F1:  92.5 | loss: 1.1243 Ac:  59.90 P:  61.5 R:  59.9 F1:  58.4 | time: 0.1289s
                                                                  | loss: 1.1418 Ac:  58.91 P:  60.5 R:  58.9 F1:  57.3 | time: 0.0460s
Epoch: 0288 | loss: 0.0755 Ac:  95.00 P:  95.5 R:  95.0 F1:  95.0 | loss: 1.1333 Ac:  59.10 P:  60.9 R:  59.1 F1:  57.4 | time: 0.1289s
                                                                  | loss: 1.1502 Ac:  58.09 P:  60.0 R:  58.1 F1:  56.0 | time: 0.0459s
Epoch: 0289 | loss: 0.0731 Ac:  97.50 P:  97.6 R:  97.5 F1:  97.5 | loss: 1.1421 Ac:  59.10 P:  61.1 R:  59.1 F1:  57.2 | time: 0.1307s
                                                                  | loss: 1.1594 Ac:  57.79 P:  60.0 R:  57.8 F1:  55.4 | time: 0.0460s
Epoch: 0290 | loss: 0.0801 Ac:  92.50 P:  92.6 R:  92.5 F1:  92.5 | loss: 1.1535 Ac:  58.70 P:  61.0 R:  58.7 F1:  56.5 | time: 0.1301s
                                                                  | loss: 1.1711 Ac:  57.57 P:  60.1 R:  57.6 F1:  54.7 | time: 0.0460s
Epoch: 0291 | loss: 0.0663 Ac:  97.50 P:  97.6 R:  97.5 F1:  97.5 | loss: 1.1734 Ac:  58.50 P:  63.9 R:  58.5 F1:  54.1 | time: 0.1293s
                                                                  | loss: 1.1919 Ac:  55.87 P:  60.6 R:  55.9 F1:  50.3 | time: 0.0459s
Epoch: 0292 | loss: 0.0876 Ac:  92.50 P:  92.6 R:  92.5 F1:  92.5 | loss: 1.1883 Ac:  57.90 P:  63.6 R:  57.9 F1:  53.0 | time: 0.1272s
                                                                  | loss: 1.2074 Ac:  55.65 P:  60.8 R:  55.6 F1:  49.6 | time: 0.0461s
Epoch: 0293 | loss: 0.0593 Ac:  97.50 P:  97.6 R:  97.5 F1:  97.5 | loss: 1.1802 Ac:  58.20 P:  63.9 R:  58.2 F1:  53.4 | time: 0.1270s
                                                                  | loss: 1.1989 Ac:  55.85 P:  61.0 R:  55.8 F1:  50.0 | time: 0.0459s
Epoch: 0294 | loss: 0.1353 Ac:  90.00 P:  90.0 R:  90.0 F1:  90.0 | loss: 1.1698 Ac:  58.40 P:  64.0 R:  58.4 F1:  53.8 | time: 0.1270s
                                                                  | loss: 1.1883 Ac:  55.85 P:  60.8 R:  55.8 F1:  50.1 | time: 0.0458s
Epoch: 0295 | loss: 0.1022 Ac:  95.00 P:  95.5 R:  95.0 F1:  95.0 | loss: 1.1456 Ac:  58.00 P:  62.1 R:  58.0 F1:  54.1 | time: 0.1282s
                                                                  | loss: 1.1628 Ac:  56.45 P:  60.9 R:  56.5 F1:  51.5 | time: 0.0458s
Epoch: 0296 | loss: 0.0850 Ac:  95.00 P:  95.5 R:  95.0 F1:  95.0 | loss: 1.1189 Ac:  59.10 P:  61.0 R:  59.1 F1:  57.3 | time: 0.1268s
                                                                  | loss: 1.1349 Ac:  58.13 P:  60.4 R:  58.1 F1:  55.7 | time: 0.0460s
Epoch: 0297 | loss: 0.0701 Ac:  97.50 P:  97.6 R:  97.5 F1:  97.5 | loss: 1.0986 Ac:  59.50 P:  61.2 R:  59.5 F1:  57.9 | time: 0.1280s
                                                                  | loss: 1.1132 Ac:  58.66 P:  60.5 R:  58.7 F1:  56.7 | time: 0.0462s
Epoch: 0298 | loss: 0.1009 Ac:  97.50 P:  97.6 R:  97.5 F1:  97.5 | loss: 1.0842 Ac:  59.90 P:  61.3 R:  59.9 F1:  58.6 | time: 0.1272s
                                                                  | loss: 1.0978 Ac:  59.13 P:  60.6 R:  59.1 F1:  57.6 | time: 0.0461s
Epoch: 0299 | loss: 0.1064 Ac:  92.50 P:  92.6 R:  92.5 F1:  92.5 | loss: 1.0770 Ac:  60.50 P:  61.9 R:  60.5 F1:  59.3 | time: 0.1324s
                                                                  | loss: 1.0903 Ac:  59.46 P:  60.9 R:  59.5 F1:  58.1 | time: 0.0474s
Epoch: 0300 | loss: 0.0968 Ac:  92.50 P:  92.6 R:  92.5 F1:  92.5 | loss: 1.0720 Ac:  60.60 P:  61.8 R:  60.6 F1:  59.5 | time: 0.1315s
                                                                  | loss: 1.0850 Ac:  59.55 P:  60.8 R:  59.6 F1:  58.3 | time: 0.0466s
Optimization Finished!
Total time elapsed: 98.8838s
The best result is: ACC: 63.0134 F1: 0.6301, where epoch is 41




0:	vali:  65.70000	test:  ACC: 63.0134 F1: 0.6301, epoch=41
